#
# There is insufficient memory for the Java Runtime Environment to continue.
# Native memory allocation (mmap) failed to map 87031808 bytes for committing reserved memory.
# Possible reasons:
#   The system is out of physical RAM or swap space
#   In 32 bit mode, the process size limit was hit
# Possible solutions:
#   Reduce memory load on the system
#   Increase physical memory or swap space
#   Check if swap backing store is full
#   Use 64 bit Java on a 64 bit OS
#   Decrease Java heap size (-Xmx/-Xms)
#   Decrease number of Java threads
#   Decrease Java thread stack sizes (-Xss)
#   Set larger code cache with -XX:ReservedCodeCacheSize=
# This output file may be truncated or incomplete.
#
#  Out of Memory Error (os_linux.cpp:2627), pid=7541, tid=0x00007fef1b8f8700
#
# JRE version: Java(TM) SE Runtime Environment (8.0_92-b14) (build 1.8.0_92-b14)
# Java VM: Java HotSpot(TM) 64-Bit Server VM (25.92-b14 mixed mode linux-amd64 compressed oops)
# Failed to write core dump. Core dumps have been disabled. To enable core dumping, try "ulimit -c unlimited" before starting Java again
#

---------------  T H R E A D  ---------------

Current thread (0x00007fef34078000):  VMThread [stack: 0x00007fef1b7f8000,0x00007fef1b8f9000] [id=7550]

Stack: [0x00007fef1b7f8000,0x00007fef1b8f9000],  sp=0x00007fef1b8f72a0,  free space=1020k
Native frames: (J=compiled Java code, j=interpreted, Vv=VM code, C=native code)
V  [libjvm.so+0xabd65a]  VMError::report_and_die()+0x2ba
V  [libjvm.so+0x4fb4db]  report_vm_out_of_memory(char const*, int, unsigned long, VMErrorType, char const*)+0x8b
V  [libjvm.so+0x91d713]  os::Linux::commit_memory_impl(char*, unsigned long, bool)+0x103
V  [libjvm.so+0x91dc69]  os::pd_commit_memory(char*, unsigned long, unsigned long, bool)+0x29
V  [libjvm.so+0x917f6a]  os::commit_memory(char*, unsigned long, unsigned long, bool)+0x2a
V  [libjvm.so+0x98c343]  PSVirtualSpace::expand_by(unsigned long)+0x53
V  [libjvm.so+0x98d748]  PSYoungGen::resize_generation(unsigned long, unsigned long)+0xf8
V  [libjvm.so+0x98c8a2]  PSYoungGen::resize(unsigned long, unsigned long)+0x22
V  [libjvm.so+0x989b7b]  PSScavenge::invoke_no_policy()+0xf3b
V  [libjvm.so+0x98a301]  PSScavenge::invoke()+0x41
V  [libjvm.so+0x941410]  ParallelScavengeHeap::failed_mem_allocate(unsigned long)+0x70
V  [libjvm.so+0xabf077]  VM_ParallelGCFailedAllocation::doit()+0x97
V  [libjvm.so+0xac6aa5]  VM_Operation::evaluate()+0x55
V  [libjvm.so+0xac4e7a]  VMThread::evaluate_operation(VM_Operation*)+0xba
V  [libjvm.so+0xac51fe]  VMThread::loop()+0x1ce
V  [libjvm.so+0xac5670]  VMThread::run()+0x70
V  [libjvm.so+0x91fad8]  java_start(Thread*)+0x108

VM_Operation (0x00007fef1ac62ed0): ParallelGCFailedAllocation, mode: safepoint, requested by thread 0x00007fef34145800


---------------  P R O C E S S  ---------------

Java Threads: ( => current thread )
  0x00007fef34148000 JavaThread "pool-1-thread-4" [_thread_blocked, id=7563, stack(0x00007fef1a962000,0x00007fef1aa63000)]
  0x00007fef34146800 JavaThread "pool-1-thread-3" [_thread_blocked, id=7562, stack(0x00007fef1aa63000,0x00007fef1ab64000)]
  0x00007fef34145800 JavaThread "pool-1-thread-2" [_thread_blocked, id=7561, stack(0x00007fef1ab64000,0x00007fef1ac65000)]
  0x00007fef34138800 JavaThread "pool-2-thread-1" [_thread_blocked, id=7560, stack(0x00007fef1ac65000,0x00007fef1ad66000)]
  0x00007fef34136800 JavaThread "pool-1-thread-1" [_thread_blocked, id=7559, stack(0x00007fef1ad66000,0x00007fef1ae67000)]
  0x00007fef340c0800 JavaThread "Service Thread" daemon [_thread_blocked, id=7557, stack(0x00007fef1af68000,0x00007fef1b069000)]
  0x00007fef340bd000 JavaThread "C1 CompilerThread2" daemon [_thread_blocked, id=7556, stack(0x00007fef1b069000,0x00007fef1b16a000)]
  0x00007fef340bb800 JavaThread "C2 CompilerThread1" daemon [_thread_blocked, id=7555, stack(0x00007fef1b16a000,0x00007fef1b26b000)]
  0x00007fef340b8800 JavaThread "C2 CompilerThread0" daemon [_thread_blocked, id=7554, stack(0x00007fef1b26b000,0x00007fef1b36c000)]
  0x00007fef340b7000 JavaThread "Signal Dispatcher" daemon [_thread_blocked, id=7553, stack(0x00007fef1b36c000,0x00007fef1b46d000)]
  0x00007fef34084800 JavaThread "Finalizer" daemon [_thread_blocked, id=7552, stack(0x00007fef1b5f6000,0x00007fef1b6f7000)]
  0x00007fef3407f800 JavaThread "Reference Handler" daemon [_thread_blocked, id=7551, stack(0x00007fef1b6f7000,0x00007fef1b7f8000)]
  0x00007fef3400a000 JavaThread "main" [_thread_blocked, id=7543, stack(0x00007fef39ec4000,0x00007fef39fc5000)]

Other Threads:
=>0x00007fef34078000 VMThread [stack: 0x00007fef1b7f8000,0x00007fef1b8f9000] [id=7550]
  0x00007fef340c3000 WatcherThread [stack: 0x00007fef1ae67000,0x00007fef1af68000] [id=7558]

VM state:at safepoint (normal execution)

VM Mutex/Monitor currently owned by a thread:  ([mutex/lock_event])
[0x00007fef340066b0] Threads_lock - owner thread: 0x00007fef34078000
[0x00007fef34006bb0] Heap_lock - owner thread: 0x00007fef34145800

Heap:
 PSYoungGen      total 140288K, used 19966K [0x00000000eab00000, 0x00000000f4c00000, 0x0000000100000000)
  eden space 120320K, 0% used [0x00000000eab00000,0x00000000eab00000,0x00000000f2080000)
  from space 19968K, 99% used [0x00000000f2080000,0x00000000f33ff870,0x00000000f3400000)
  to   space 15360K, 0% used [0x00000000f3400000,0x00000000f3400000,0x00000000f4300000)
 ParOldGen       total 42496K, used 36013K [0x00000000c0000000, 0x00000000c2980000, 0x00000000eab00000)
  object space 42496K, 84% used [0x00000000c0000000,0x00000000c232b760,0x00000000c2980000)
 Metaspace       used 6438K, capacity 7256K, committed 7424K, reserved 1056768K
  class space    used 614K, capacity 656K, committed 768K, reserved 1048576K

Card table byte_map: [0x00007fef239aa000,0x00007fef23bab000] byte_map_base: 0x00007fef233aa000

Marking Bits: (ParMarkBitMap*) 0x00007fef393c14c0
 Begin Bits: [0x00007fef21551000, 0x00007fef22551000)
 End Bits:   [0x00007fef22551000, 0x00007fef23551000)

Polling page: 0x00007fef39fed000

CodeCache: size=245760Kb used=7688Kb max_used=7698Kb free=238071Kb
 bounds [0x00007fef23f6b000, 0x00007fef246fb000, 0x00007fef32f6b000]
 total_blobs=2305 nmethods=2036 adapters=182
 compilation: enabled

Compilation events (10 events):
Event: 9.024 Thread 0x00007fef340bd000 2314       2       java.util.Date::normalize (110 bytes)
Event: 9.025 Thread 0x00007fef340bd000 nmethod 2314 0x00007fef246f1390 code [0x00007fef246f1580, 0x00007fef246f1bf8]
Event: 9.031 Thread 0x00007fef340bb800 nmethod 1174 0x00007fef246efa90 code [0x00007fef246efbe0, 0x00007fef246efd38]
Event: 9.031 Thread 0x00007fef340bb800 1621       4       com.android.dx.rop.code.ThrowingCstInsn::<init> (51 bytes)
Event: 9.043 Thread 0x00007fef340bb800 nmethod 1621 0x00007fef246f3c50 code [0x00007fef246f3da0, 0x00007fef246f3f78]
Event: 9.044 Thread 0x00007fef340bb800 1655       4       com.android.dx.ssa.back.FirstFitLocalCombiningAllocator$1::processInsn (169 bytes)
Event: 9.044 Thread 0x00007fef340bd000 2318       2       com.android.dx.dex.code.RopTranslator::access$000 (5 bytes)
Event: 9.045 Thread 0x00007fef340bd000 nmethod 2318 0x00007fef246ef650 code [0x00007fef246ef7c0, 0x00007fef246ef908]
Event: 9.045 Thread 0x00007fef340bd000 2319       2       com.android.dx.dex.code.RopTranslator::getRegs (9 bytes)
Event: 9.045 Thread 0x00007fef340bd000 nmethod 2319 0x00007fef246f38d0 code [0x00007fef246f3a40, 0x00007fef246f3b88]

GC Heap History (10 events):
Event: 3.885 GC heap after
Heap after GC invocations=4 (full 0):
 PSYoungGen      total 34304K, used 2546K [0x00000000eab00000, 0x00000000ecf00000, 0x0000000100000000)
  eden space 31744K, 0% used [0x00000000eab00000,0x00000000eab00000,0x00000000eca00000)
  from space 2560K, 99% used [0x00000000ecc80000,0x00000000ecefc8f0,0x00000000ecf00000)
  to   space 2560K, 0% used [0x00000000eca00000,0x00000000eca00000,0x00000000ecc80000)
 ParOldGen       total 42496K, used 7612K [0x00000000c0000000, 0x00000000c2980000, 0x00000000eab00000)
  object space 42496K, 17% used [0x00000000c0000000,0x00000000c076f058,0x00000000c2980000)
 Metaspace       used 5835K, capacity 6832K, committed 7040K, reserved 1056768K
  class space    used 594K, capacity 616K, committed 640K, reserved 1048576K
}
Event: 4.910 GC heap before
{Heap before GC invocations=5 (full 0):
 PSYoungGen      total 34304K, used 34290K [0x00000000eab00000, 0x00000000ecf00000, 0x0000000100000000)
  eden space 31744K, 100% used [0x00000000eab00000,0x00000000eca00000,0x00000000eca00000)
  from space 2560K, 99% used [0x00000000ecc80000,0x00000000ecefc8f0,0x00000000ecf00000)
  to   space 2560K, 0% used [0x00000000eca00000,0x00000000eca00000,0x00000000ecc80000)
 ParOldGen       total 42496K, used 7612K [0x00000000c0000000, 0x00000000c2980000, 0x00000000eab00000)
  object space 42496K, 17% used [0x00000000c0000000,0x00000000c076f058,0x00000000c2980000)
 Metaspace       used 5993K, capacity 6960K, committed 7040K, reserved 1056768K
  class space    used 594K, capacity 616K, committed 640K, reserved 1048576K
Event: 4.978 GC heap after
Heap after GC invocations=5 (full 0):
 PSYoungGen      total 34304K, used 2546K [0x00000000eab00000, 0x00000000efa00000, 0x0000000100000000)
  eden space 31744K, 0% used [0x00000000eab00000,0x00000000eab00000,0x00000000eca00000)
  from space 2560K, 99% used [0x00000000eca00000,0x00000000ecc7c8f0,0x00000000ecc80000)
  to   space 8704K, 0% used [0x00000000ef180000,0x00000000ef180000,0x00000000efa00000)
 ParOldGen       total 42496K, used 11286K [0x00000000c0000000, 0x00000000c2980000, 0x00000000eab00000)
  object space 42496K, 26% used [0x00000000c0000000,0x00000000c0b058e0,0x00000000c2980000)
 Metaspace       used 5993K, capacity 6960K, committed 7040K, reserved 1056768K
  class space    used 594K, capacity 616K, committed 640K, reserved 1048576K
}
Event: 5.840 GC heap before
{Heap before GC invocations=6 (full 0):
 PSYoungGen      total 34304K, used 34290K [0x00000000eab00000, 0x00000000efa00000, 0x0000000100000000)
  eden space 31744K, 100% used [0x00000000eab00000,0x00000000eca00000,0x00000000eca00000)
  from space 2560K, 99% used [0x00000000eca00000,0x00000000ecc7c8f0,0x00000000ecc80000)
  to   space 8704K, 0% used [0x00000000ef180000,0x00000000ef180000,0x00000000efa00000)
 ParOldGen       total 42496K, used 11286K [0x00000000c0000000, 0x00000000c2980000, 0x00000000eab00000)
  object space 42496K, 26% used [0x00000000c0000000,0x00000000c0b058e0,0x00000000c2980000)
 Metaspace       used 6065K, capacity 7024K, committed 7296K, reserved 1056768K
  class space    used 594K, capacity 616K, committed 640K, reserved 1048576K
Event: 5.895 GC heap after
Heap after GC invocations=6 (full 0):
 PSYoungGen      total 71168K, used 7496K [0x00000000eab00000, 0x00000000efc00000, 0x0000000100000000)
  eden space 62464K, 0% used [0x00000000eab00000,0x00000000eab00000,0x00000000ee800000)
  from space 8704K, 86% used [0x00000000ef180000,0x00000000ef8d22c0,0x00000000efa00000)
  to   space 9728K, 0% used [0x00000000ee800000,0x00000000ee800000,0x00000000ef180000)
 ParOldGen       total 42496K, used 11286K [0x00000000c0000000, 0x00000000c2980000, 0x00000000eab00000)
  object space 42496K, 26% used [0x00000000c0000000,0x00000000c0b058e0,0x00000000c2980000)
 Metaspace       used 6065K, capacity 7024K, committed 7296K, reserved 1056768K
  class space    used 594K, capacity 616K, committed 640K, reserved 1048576K
}
Event: 6.445 GC heap before
{Heap before GC invocations=7 (full 0):
 PSYoungGen      total 71168K, used 69960K [0x00000000eab00000, 0x00000000efc00000, 0x0000000100000000)
  eden space 62464K, 100% used [0x00000000eab00000,0x00000000ee800000,0x00000000ee800000)
  from space 8704K, 86% used [0x00000000ef180000,0x00000000ef8d22c0,0x00000000efa00000)
  to   space 9728K, 0% used [0x00000000ee800000,0x00000000ee800000,0x00000000ef180000)
 ParOldGen       total 42496K, used 11286K [0x00000000c0000000, 0x00000000c2980000, 0x00000000eab00000)
  object space 42496K, 26% used [0x00000000c0000000,0x00000000c0b058e0,0x00000000c2980000)
 Metaspace       used 6065K, capacity 7024K, committed 7296K, reserved 1056768K
  class space    used 594K, capacity 616K, committed 640K, reserved 1048576K
Event: 6.500 GC heap after
Heap after GC invocations=7 (full 0):
 PSYoungGen      total 72192K, used 9717K [0x00000000eab00000, 0x00000000f4300000, 0x0000000100000000)
  eden space 62464K, 0% used [0x00000000eab00000,0x00000000eab00000,0x00000000ee800000)
  from space 9728K, 99% used [0x00000000ee800000,0x00000000ef17d4e8,0x00000000ef180000)
  to   space 15360K, 0% used [0x00000000f3400000,0x00000000f3400000,0x00000000f4300000)
 ParOldGen       total 42496K, used 18836K [0x00000000c0000000, 0x00000000c2980000, 0x00000000eab00000)
  object space 42496K, 44% used [0x00000000c0000000,0x00000000c1265280,0x00000000c2980000)
 Metaspace       used 6065K, capacity 7024K, committed 7296K, reserved 1056768K
  class space    used 594K, capacity 616K, committed 640K, reserved 1048576K
}
Event: 7.360 GC heap before
{Heap before GC invocations=8 (full 0):
 PSYoungGen      total 72192K, used 72181K [0x00000000eab00000, 0x00000000f4300000, 0x0000000100000000)
  eden space 62464K, 100% used [0x00000000eab00000,0x00000000ee800000,0x00000000ee800000)
  from space 9728K, 99% used [0x00000000ee800000,0x00000000ef17d4e8,0x00000000ef180000)
  to   space 15360K, 0% used [0x00000000f3400000,0x00000000f3400000,0x00000000f4300000)
 ParOldGen       total 42496K, used 18836K [0x00000000c0000000, 0x00000000c2980000, 0x00000000eab00000)
  object space 42496K, 44% used [0x00000000c0000000,0x00000000c1265280,0x00000000c2980000)
 Metaspace       used 6228K, capacity 7152K, committed 7296K, reserved 1056768K
  class space    used 594K, capacity 616K, committed 640K, reserved 1048576K
Event: 7.496 GC heap after
Heap after GC invocations=8 (full 0):
 PSYoungGen      total 135680K, used 15344K [0x00000000eab00000, 0x00000000f4c00000, 0x0000000100000000)
  eden space 120320K, 0% used [0x00000000eab00000,0x00000000eab00000,0x00000000f2080000)
  from space 15360K, 99% used [0x00000000f3400000,0x00000000f42fc030,0x00000000f4300000)
  to   space 19968K, 0% used [0x00000000f2080000,0x00000000f2080000,0x00000000f3400000)
 ParOldGen       total 42496K, used 23288K [0x00000000c0000000, 0x00000000c2980000, 0x00000000eab00000)
  object space 42496K, 54% used [0x00000000c0000000,0x00000000c16be198,0x00000000c2980000)
 Metaspace       used 6228K, capacity 7152K, committed 7296K, reserved 1056768K
  class space    used 594K, capacity 616K, committed 640K, reserved 1048576K
}
Event: 9.061 GC heap before
{Heap before GC invocations=9 (full 0):
 PSYoungGen      total 135680K, used 135664K [0x00000000eab00000, 0x00000000f4c00000, 0x0000000100000000)
  eden space 120320K, 100% used [0x00000000eab00000,0x00000000f2080000,0x00000000f2080000)
  from space 15360K, 99% used [0x00000000f3400000,0x00000000f42fc030,0x00000000f4300000)
  to   space 19968K, 0% used [0x00000000f2080000,0x00000000f2080000,0x00000000f3400000)
 ParOldGen       total 42496K, used 23288K [0x00000000c0000000, 0x00000000c2980000, 0x00000000eab00000)
  object space 42496K, 54% used [0x00000000c0000000,0x00000000c16be198,0x00000000c2980000)
 Metaspace       used 6438K, capacity 7256K, committed 7424K, reserved 1056768K
  class space    used 614K, capacity 656K, committed 768K, reserved 1048576K

Deoptimization events (10 events):
Event: 6.554 Thread 0x00007fef34145800 Uncommon trap: reason=unstable_if action=reinterpret pc=0x00007fef2444d70c method=com.android.dx.ssa.SCCP.simulateStmt(Lcom/android/dx/ssa/SsaInsn;)V @ 53
Event: 6.561 Thread 0x00007fef34145800 Uncommon trap: reason=class_check action=maybe_recompile pc=0x00007fef2437076c method=java.util.HashMap.putVal(ILjava/lang/Object;Ljava/lang/Object;ZZ)Ljava/lang/Object; @ 203
Event: 7.748 Thread 0x00007fef34145800 Uncommon trap: reason=unstable_if action=reinterpret pc=0x00007fef24210ce4 method=java.util.HashMap.putVal(ILjava/lang/Object;Ljava/lang/Object;ZZ)Ljava/lang/Object; @ 162
Event: 7.830 Thread 0x00007fef34145800 Uncommon trap: reason=unstable_if action=reinterpret pc=0x00007fef24446c2c method=java.util.HashMap.getNode(ILjava/lang/Object;)Ljava/util/HashMap$Node; @ 84
Event: 7.832 Thread 0x00007fef34145800 Uncommon trap: reason=unstable_if action=reinterpret pc=0x00007fef24580774 method=java.util.HashMap.getNode(ILjava/lang/Object;)Ljava/util/HashMap$Node; @ 84
Event: 8.265 Thread 0x00007fef34146800 Uncommon trap: reason=unstable_if action=reinterpret pc=0x00007fef245a7cd8 method=java.util.HashMap.putVal(ILjava/lang/Object;Ljava/lang/Object;ZZ)Ljava/lang/Object; @ 109
Event: 8.777 Thread 0x00007fef34146800 Uncommon trap: reason=bimorphic action=maybe_recompile pc=0x00007fef24656e18 method=com.android.dx.rop.code.RegisterSpec.withSimpleType()Lcom/android/dx/rop/code/RegisterSpec; @ 21
Event: 8.806 Thread 0x00007fef34146800 Uncommon trap: reason=bimorphic action=maybe_recompile pc=0x00007fef24656e18 method=com.android.dx.rop.code.RegisterSpec.withSimpleType()Lcom/android/dx/rop/code/RegisterSpec; @ 21
Event: 9.044 Thread 0x00007fef34145800 Uncommon trap: reason=bimorphic action=maybe_recompile pc=0x00007fef246b06b4 method=com.android.dx.cf.code.BytecodeArray.parseInstruction(ILcom/android/dx/cf/code/BytecodeArray$Visitor;)I @ 971
Event: 9.044 Thread 0x00007fef34145800 Uncommon trap: reason=bimorphic action=maybe_recompile pc=0x00007fef246b06b4 method=com.android.dx.cf.code.BytecodeArray.parseInstruction(ILcom/android/dx/cf/code/BytecodeArray$Visitor;)I @ 971

Internal exceptions (6 events):
Event: 0.175 Thread 0x00007fef3400a000 Exception <a 'java/lang/NoSuchMethodError': Method sun.misc.Unsafe.defineClass(Ljava/lang/String;[BII)Ljava/lang/Class; name or signature does not match> (0x00000000eab07cc0) thrown at [/HUDSON/workspace/8-2-build-linux-amd64/jdk8u92/6642/hotspot/src/shar
Event: 0.175 Thread 0x00007fef3400a000 Exception <a 'java/lang/NoSuchMethodError': Method sun.misc.Unsafe.prefetchRead(Ljava/lang/Object;J)V name or signature does not match> (0x00000000eab07fa8) thrown at [/HUDSON/workspace/8-2-build-linux-amd64/jdk8u92/6642/hotspot/src/share/vm/prims/jni.cpp
Event: 4.106 Thread 0x00007fef34146800 Implicit null exception at 0x00007fef2423bbf1 to 0x00007fef2423e265
Event: 7.811 Thread 0x00007fef34145800 Exception <a 'java/lang/ArrayIndexOutOfBoundsException': 18> (0x00000000ec5bd650) thrown at [/HUDSON/workspace/8-2-build-linux-amd64/jdk8u92/6642/hotspot/src/share/vm/interpreter/interpreterRuntime.cpp, line 366]
Event: 7.812 Thread 0x00007fef34145800 Exception <a 'java/lang/ArrayIndexOutOfBoundsException': 145> (0x00000000ec5bf1d0) thrown at [/HUDSON/workspace/8-2-build-linux-amd64/jdk8u92/6642/hotspot/src/share/vm/interpreter/interpreterRuntime.cpp, line 366]
Event: 7.813 Thread 0x00007fef34145800 Exception <a 'java/lang/ArrayIndexOutOfBoundsException'> (0x00000000ec5c04b8) thrown at [/HUDSON/workspace/8-2-build-linux-amd64/jdk8u92/6642/hotspot/src/share/vm/runtime/sharedRuntime.cpp, line 605]

Events (10 events):
Event: 8.806 Thread 0x00007fef34146800 DEOPT UNPACKING pc=0x00007fef23f70229 sp=0x00007fef1ab61c88 mode 2
Event: 9.005 Thread 0x00007fef34148000 DEOPT PACKING pc=0x00007fef242f68ac sp=0x00007fef1aa60f10
Event: 9.005 Thread 0x00007fef34148000 DEOPT UNPACKING pc=0x00007fef23fb2633 sp=0x00007fef1aa60c10 mode 0
Event: 9.044 Thread 0x00007fef34145800 Uncommon trap: trap_request=0xffffffc6 fr.pc=0x00007fef246b06b4
Event: 9.044 Thread 0x00007fef34145800 DEOPT PACKING pc=0x00007fef246b06b4 sp=0x00007fef1ac62df0
Event: 9.044 Thread 0x00007fef34145800 DEOPT UNPACKING pc=0x00007fef23f70229 sp=0x00007fef1ac62db8 mode 2
Event: 9.044 Thread 0x00007fef34145800 Uncommon trap: trap_request=0xffffffc6 fr.pc=0x00007fef246b06b4
Event: 9.044 Thread 0x00007fef34145800 DEOPT PACKING pc=0x00007fef246b06b4 sp=0x00007fef1ac62c50
Event: 9.044 Thread 0x00007fef34145800 DEOPT UNPACKING pc=0x00007fef23f70229 sp=0x00007fef1ac62c18 mode 2
Event: 9.046 Executing VM operation: ParallelGCFailedAllocation


Dynamic libraries:
00400000-00401000 r-xp 00000000 08:0a 3675388                            /home/kamalnrf/Software/jdk1.8.0_92/bin/java
00600000-00601000 rw-p 00000000 08:0a 3675388                            /home/kamalnrf/Software/jdk1.8.0_92/bin/java
006bf000-006e0000 rw-p 00000000 00:00 0                                  [heap]
c0000000-c2980000 rw-p 00000000 00:00 0 
c2980000-eab00000 ---p 00000000 00:00 0 
eab00000-f4c00000 rw-p 00000000 00:00 0 
f9f00000-100000000 ---p 00000000 00:00 0 
100000000-1000c0000 rw-p 00000000 00:00 0 
1000c0000-140000000 ---p 00000000 00:00 0 
7feecc000000-7feecc02d000 rw-p 00000000 00:00 0 
7feecc02d000-7feed0000000 ---p 00000000 00:00 0 
7feed4000000-7feed403b000 rw-p 00000000 00:00 0 
7feed403b000-7feed8000000 ---p 00000000 00:00 0 
7feed8000000-7feed8021000 rw-p 00000000 00:00 0 
7feed8021000-7feedc000000 ---p 00000000 00:00 0 
7feedc000000-7feedc022000 rw-p 00000000 00:00 0 
7feedc022000-7feee0000000 ---p 00000000 00:00 0 
7feee0000000-7feee0021000 rw-p 00000000 00:00 0 
7feee0021000-7feee4000000 ---p 00000000 00:00 0 
7feee4000000-7feee4021000 rw-p 00000000 00:00 0 
7feee4021000-7feee8000000 ---p 00000000 00:00 0 
7feee8000000-7feee8021000 rw-p 00000000 00:00 0 
7feee8021000-7feeec000000 ---p 00000000 00:00 0 
7feeec000000-7feeecc41000 rw-p 00000000 00:00 0 
7feeecc41000-7feef0000000 ---p 00000000 00:00 0 
7feef0000000-7feef09e7000 rw-p 00000000 00:00 0 
7feef09e7000-7feef4000000 ---p 00000000 00:00 0 
7feef4000000-7feef4021000 rw-p 00000000 00:00 0 
7feef4021000-7feef8000000 ---p 00000000 00:00 0 
7feef8000000-7feef8845000 rw-p 00000000 00:00 0 
7feef8845000-7feefc000000 ---p 00000000 00:00 0 
7feefc000000-7feefc021000 rw-p 00000000 00:00 0 
7feefc021000-7fef00000000 ---p 00000000 00:00 0 
7fef00000000-7fef00021000 rw-p 00000000 00:00 0 
7fef00021000-7fef04000000 ---p 00000000 00:00 0 
7fef04000000-7fef04021000 rw-p 00000000 00:00 0 
7fef04021000-7fef08000000 ---p 00000000 00:00 0 
7fef08000000-7fef0828c000 rw-p 00000000 00:00 0 
7fef0828c000-7fef0c000000 ---p 00000000 00:00 0 
7fef0c000000-7fef0c021000 rw-p 00000000 00:00 0 
7fef0c021000-7fef10000000 ---p 00000000 00:00 0 
7fef14000000-7fef14021000 rw-p 00000000 00:00 0 
7fef14021000-7fef18000000 ---p 00000000 00:00 0 
7fef1a962000-7fef1a965000 ---p 00000000 00:00 0 
7fef1a965000-7fef1aa63000 rw-p 00000000 00:00 0                          [stack:7563]
7fef1aa63000-7fef1aa66000 ---p 00000000 00:00 0 
7fef1aa66000-7fef1ab64000 rw-p 00000000 00:00 0                          [stack:7562]
7fef1ab64000-7fef1ab67000 ---p 00000000 00:00 0 
7fef1ab67000-7fef1ac65000 rw-p 00000000 00:00 0                          [stack:7561]
7fef1ac65000-7fef1ac68000 ---p 00000000 00:00 0 
7fef1ac68000-7fef1ad66000 rw-p 00000000 00:00 0                          [stack:7560]
7fef1ad66000-7fef1ad69000 ---p 00000000 00:00 0 
7fef1ad69000-7fef1ae67000 rw-p 00000000 00:00 0                          [stack:7559]
7fef1ae67000-7fef1ae68000 ---p 00000000 00:00 0 
7fef1ae68000-7fef1af68000 rw-p 00000000 00:00 0                          [stack:7558]
7fef1af68000-7fef1af6b000 ---p 00000000 00:00 0 
7fef1af6b000-7fef1b069000 rw-p 00000000 00:00 0                          [stack:7557]
7fef1b069000-7fef1b06c000 ---p 00000000 00:00 0 
7fef1b06c000-7fef1b16a000 rw-p 00000000 00:00 0                          [stack:7556]
7fef1b16a000-7fef1b16d000 ---p 00000000 00:00 0 
7fef1b16d000-7fef1b26b000 rw-p 00000000 00:00 0                          [stack:7555]
7fef1b26b000-7fef1b26e000 ---p 00000000 00:00 0 
7fef1b26e000-7fef1b36c000 rw-p 00000000 00:00 0                          [stack:7554]
7fef1b36c000-7fef1b36f000 ---p 00000000 00:00 0 
7fef1b36f000-7fef1b46d000 rw-p 00000000 00:00 0                          [stack:7553]
7fef1b46d000-7fef1b5f6000 r--p 00000000 08:0a 4198184                    /usr/lib/locale/locale-archive
7fef1b5f6000-7fef1b5f9000 ---p 00000000 00:00 0 
7fef1b5f9000-7fef1b6f7000 rw-p 00000000 00:00 0                          [stack:7552]
7fef1b6f7000-7fef1b6fa000 ---p 00000000 00:00 0 
7fef1b6fa000-7fef1b7f8000 rw-p 00000000 00:00 0                          [stack:7551]
7fef1b7f8000-7fef1b7f9000 ---p 00000000 00:00 0 
7fef1b7f9000-7fef1c000000 rw-p 00000000 00:00 0                          [stack:7550]
7fef1c000000-7fef1c021000 rw-p 00000000 00:00 0 
7fef1c021000-7fef20000000 ---p 00000000 00:00 0 
7fef20030000-7fef20047000 r--s 00101000 08:0a 3015714                    /home/kamalnrf/Projects/AndroidApplications/Broacast/app/build/intermediates/exploded-aar/com.android.support/support-v4/24.0.0/jars/classes.jar
7fef20047000-7fef20055000 r--s 000e0000 08:0a 1059118                    /home/kamalnrf/Software/DevlopmentKit/android-sdk-linux/build-tools/24.0.0/lib/dx.jar
7fef20055000-7fef20902000 rw-p 00000000 00:00 0 
7fef20902000-7fef20adb000 r--s 03d24000 08:0a 3938259                    /home/kamalnrf/Software/jdk1.8.0_92/jre/lib/rt.jar
7fef20adb000-7fef211d1000 rw-p 00000000 00:00 0 
7fef211d1000-7fef21351000 ---p 00000000 00:00 0 
7fef21351000-7fef23551000 rw-p 00000000 00:00 0 
7fef23551000-7fef23552000 ---p 00000000 00:00 0 
7fef23552000-7fef23652000 rw-p 00000000 00:00 0                          [stack:7549]
7fef23652000-7fef23653000 ---p 00000000 00:00 0 
7fef23653000-7fef23753000 rw-p 00000000 00:00 0                          [stack:7548]
7fef23753000-7fef23754000 ---p 00000000 00:00 0 
7fef23754000-7fef23869000 rw-p 00000000 00:00 0                          [stack:7547]
7fef23869000-7fef239aa000 ---p 00000000 00:00 0 
7fef239aa000-7fef239bf000 rw-p 00000000 00:00 0 
7fef239bf000-7fef23aff000 ---p 00000000 00:00 0 
7fef23aff000-7fef23b50000 rw-p 00000000 00:00 0 
7fef23b50000-7fef23baa000 ---p 00000000 00:00 0 
7fef23baa000-7fef23bca000 rw-p 00000000 00:00 0 
7fef23bca000-7fef23f6b000 ---p 00000000 00:00 0 
7fef23f6b000-7fef246fb000 rwxp 00000000 00:00 0 
7fef246fb000-7fef32f6b000 ---p 00000000 00:00 0 
7fef32f6b000-7fef32f85000 r-xp 00000000 08:0a 3938310                    /home/kamalnrf/Software/jdk1.8.0_92/jre/lib/amd64/libzip.so
7fef32f85000-7fef33185000 ---p 0001a000 08:0a 3938310                    /home/kamalnrf/Software/jdk1.8.0_92/jre/lib/amd64/libzip.so
7fef33185000-7fef33186000 rw-p 0001a000 08:0a 3938310                    /home/kamalnrf/Software/jdk1.8.0_92/jre/lib/amd64/libzip.so
7fef33186000-7fef33191000 r-xp 00000000 08:0a 4849681                    /lib/x86_64-linux-gnu/libnss_files-2.19.so
7fef33191000-7fef33390000 ---p 0000b000 08:0a 4849681                    /lib/x86_64-linux-gnu/libnss_files-2.19.so
7fef33390000-7fef33391000 r--p 0000a000 08:0a 4849681                    /lib/x86_64-linux-gnu/libnss_files-2.19.so
7fef33391000-7fef33392000 rw-p 0000b000 08:0a 4849681                    /lib/x86_64-linux-gnu/libnss_files-2.19.so
7fef33392000-7fef3339c000 r-xp 00000000 08:0a 4849683                    /lib/x86_64-linux-gnu/libnss_nis-2.19.so
7fef3339c000-7fef3359b000 ---p 0000a000 08:0a 4849683                    /lib/x86_64-linux-gnu/libnss_nis-2.19.so
7fef3359b000-7fef3359c000 r--p 00009000 08:0a 4849683                    /lib/x86_64-linux-gnu/libnss_nis-2.19.so
7fef3359c000-7fef3359d000 rw-p 0000a000 08:0a 4849683                    /lib/x86_64-linux-gnu/libnss_nis-2.19.so
7fef3359d000-7fef335b2000 r-xp 00000000 08:0a 4849678                    /lib/x86_64-linux-gnu/libnsl-2.19.so
7fef335b2000-7fef337b1000 ---p 00015000 08:0a 4849678                    /lib/x86_64-linux-gnu/libnsl-2.19.so
7fef337b1000-7fef337b2000 r--p 00014000 08:0a 4849678                    /lib/x86_64-linux-gnu/libnsl-2.19.so
7fef337b2000-7fef337b3000 rw-p 00015000 08:0a 4849678                    /lib/x86_64-linux-gnu/libnsl-2.19.so
7fef337b3000-7fef337b5000 rw-p 00000000 00:00 0 
7fef337b5000-7fef337bc000 r-xp 00000000 08:0a 4849679                    /lib/x86_64-linux-gnu/libnss_compat-2.19.so
7fef337bc000-7fef339bb000 ---p 00007000 08:0a 4849679                    /lib/x86_64-linux-gnu/libnss_compat-2.19.so
7fef339bb000-7fef339bc000 r--p 00006000 08:0a 4849679                    /lib/x86_64-linux-gnu/libnss_compat-2.19.so
7fef339bc000-7fef339bd000 rw-p 00007000 08:0a 4849679                    /lib/x86_64-linux-gnu/libnss_compat-2.19.so
7fef339bd000-7fef339e7000 r-xp 00000000 08:0a 3938305                    /home/kamalnrf/Software/jdk1.8.0_92/jre/lib/amd64/libjava.so
7fef339e7000-7fef33be7000 ---p 0002a000 08:0a 3938305                    /home/kamalnrf/Software/jdk1.8.0_92/jre/lib/amd64/libjava.so
7fef33be7000-7fef33be9000 rw-p 0002a000 08:0a 3938305                    /home/kamalnrf/Software/jdk1.8.0_92/jre/lib/amd64/libjava.so
7fef33be9000-7fef33bf6000 r-xp 00000000 08:0a 3938309                    /home/kamalnrf/Software/jdk1.8.0_92/jre/lib/amd64/libverify.so
7fef33bf6000-7fef33df6000 ---p 0000d000 08:0a 3938309                    /home/kamalnrf/Software/jdk1.8.0_92/jre/lib/amd64/libverify.so
7fef33df6000-7fef33df8000 rw-p 0000d000 08:0a 3938309                    /home/kamalnrf/Software/jdk1.8.0_92/jre/lib/amd64/libverify.so
7fef33df8000-7fef33dff000 r-xp 00000000 08:0a 4849687                    /lib/x86_64-linux-gnu/librt-2.19.so
7fef33dff000-7fef33ffe000 ---p 00007000 08:0a 4849687                    /lib/x86_64-linux-gnu/librt-2.19.so
7fef33ffe000-7fef33fff000 r--p 00006000 08:0a 4849687                    /lib/x86_64-linux-gnu/librt-2.19.so
7fef33fff000-7fef34000000 rw-p 00007000 08:0a 4849687                    /lib/x86_64-linux-gnu/librt-2.19.so
7fef34000000-7fef3438c000 rw-p 00000000 00:00 0 
7fef3438c000-7fef38000000 ---p 00000000 00:00 0 
7fef38006000-7fef38007000 ---p 00000000 00:00 0 
7fef38007000-7fef38107000 rw-p 00000000 00:00 0                          [stack:7546]
7fef38107000-7fef38207000 r-xp 00000000 08:0a 4849676                    /lib/x86_64-linux-gnu/libm-2.19.so
7fef38207000-7fef38406000 ---p 00100000 08:0a 4849676                    /lib/x86_64-linux-gnu/libm-2.19.so
7fef38406000-7fef38407000 r--p 000ff000 08:0a 4849676                    /lib/x86_64-linux-gnu/libm-2.19.so
7fef38407000-7fef38408000 rw-p 00100000 08:0a 4849676                    /lib/x86_64-linux-gnu/libm-2.19.so
7fef38408000-7fef390cb000 r-xp 00000000 08:0a 4232394                    /home/kamalnrf/Software/jdk1.8.0_92/jre/lib/amd64/server/libjvm.so
7fef390cb000-7fef392ca000 ---p 00cc3000 08:0a 4232394                    /home/kamalnrf/Software/jdk1.8.0_92/jre/lib/amd64/server/libjvm.so
7fef392ca000-7fef393a3000 rw-p 00cc2000 08:0a 4232394                    /home/kamalnrf/Software/jdk1.8.0_92/jre/lib/amd64/server/libjvm.so
7fef393a3000-7fef393ee000 rw-p 00000000 00:00 0 
7fef393ee000-7fef39590000 r-xp 00000000 08:0a 4849672                    /lib/x86_64-linux-gnu/libc-2.19.so
7fef39590000-7fef3978f000 ---p 001a2000 08:0a 4849672                    /lib/x86_64-linux-gnu/libc-2.19.so
7fef3978f000-7fef39793000 r--p 001a1000 08:0a 4849672                    /lib/x86_64-linux-gnu/libc-2.19.so
7fef39793000-7fef39795000 rw-p 001a5000 08:0a 4849672                    /lib/x86_64-linux-gnu/libc-2.19.so
7fef39795000-7fef39799000 rw-p 00000000 00:00 0 
7fef39799000-7fef3979c000 r-xp 00000000 08:0a 4849675                    /lib/x86_64-linux-gnu/libdl-2.19.so
7fef3979c000-7fef3999b000 ---p 00003000 08:0a 4849675                    /lib/x86_64-linux-gnu/libdl-2.19.so
7fef3999b000-7fef3999c000 r--p 00002000 08:0a 4849675                    /lib/x86_64-linux-gnu/libdl-2.19.so
7fef3999c000-7fef3999d000 rw-p 00003000 08:0a 4849675                    /lib/x86_64-linux-gnu/libdl-2.19.so
7fef3999d000-7fef399b2000 r-xp 00000000 08:0a 4341209                    /home/kamalnrf/Software/jdk1.8.0_92/lib/amd64/jli/libjli.so
7fef399b2000-7fef39bb2000 ---p 00015000 08:0a 4341209                    /home/kamalnrf/Software/jdk1.8.0_92/lib/amd64/jli/libjli.so
7fef39bb2000-7fef39bb3000 rw-p 00015000 08:0a 4341209                    /home/kamalnrf/Software/jdk1.8.0_92/lib/amd64/jli/libjli.so
7fef39bb3000-7fef39bcb000 r-xp 00000000 08:0a 4849667                    /lib/x86_64-linux-gnu/libpthread-2.19.so
7fef39bcb000-7fef39dca000 ---p 00018000 08:0a 4849667                    /lib/x86_64-linux-gnu/libpthread-2.19.so
7fef39dca000-7fef39dcb000 r--p 00017000 08:0a 4849667                    /lib/x86_64-linux-gnu/libpthread-2.19.so
7fef39dcb000-7fef39dcc000 rw-p 00018000 08:0a 4849667                    /lib/x86_64-linux-gnu/libpthread-2.19.so
7fef39dcc000-7fef39dd0000 rw-p 00000000 00:00 0 
7fef39dd0000-7fef39df0000 r-xp 00000000 08:0a 4849669                    /lib/x86_64-linux-gnu/ld-2.19.so
7fef39df2000-7fef39ec4000 rw-p 00000000 00:00 0 
7fef39ec4000-7fef39ec7000 ---p 00000000 00:00 0 
7fef39ec7000-7fef39fc9000 rw-p 00000000 00:00 0                          [stack:7543]
7fef39fcf000-7fef39fe4000 rw-p 00000000 00:00 0 
7fef39fe4000-7fef39fec000 rw-s 00000000 08:0a 4462451                    /tmp/hsperfdata_kamalnrf/7541
7fef39fec000-7fef39fed000 rw-p 00000000 00:00 0 
7fef39fed000-7fef39fee000 ---p 00000000 00:00 0 
7fef39fee000-7fef39ff0000 rw-p 00000000 00:00 0 
7fef39ff0000-7fef39ff1000 r--p 00020000 08:0a 4849669                    /lib/x86_64-linux-gnu/ld-2.19.so
7fef39ff1000-7fef39ff2000 rw-p 00021000 08:0a 4849669                    /lib/x86_64-linux-gnu/ld-2.19.so
7fef39ff2000-7fef39ff3000 rw-p 00000000 00:00 0 
7ffdbb7a9000-7ffdbb7ca000 rw-p 00000000 00:00 0                          [stack]
7ffdbb7e0000-7ffdbb7e2000 r-xp 00000000 00:00 0                          [vdso]
7ffdbb7e2000-7ffdbb7e4000 r--p 00000000 00:00 0                          [vvar]
ffffffffff600000-ffffffffff601000 r-xp 00000000 00:00 0                  [vsyscall]

VM Arguments:
jvm_args: -Djava.awt.headless=true -Xmx1024M -Dfile.encoding=UTF-8 -Duser.country=IN -Duser.language=en -Duser.variant 
java_command: com.android.dx.command.Main --dex --num-threads=4 --output /home/kamalnrf/Projects/AndroidApplications/Broacast/app/build/intermediates/pre-dexed/release/com.android.support-support-v4-24.0.0_c86590c301f21c856665e0067536fefdda85bcdd.jar /home/kamalnrf/Projects/AndroidApplications/Broacast/app/build/intermediates/exploded-aar/com.android.support/support-v4/24.0.0/jars/classes.jar
java_class_path (initial): /home/kamalnrf/Software/DevlopmentKit/android-sdk-linux/build-tools/24.0.0/lib/dx.jar
Launcher Type: SUN_STANDARD

Environment Variables:
JAVA_HOME=/home/kamalnrf/Software/DevlopmentKit/usr/java/jdk1.8.0_91
PATH=/usr/local/bin:/usr/bin:/bin:/usr/local/games:/usr/games:/home/kamalnrf/bin:/usr/local/java/jdk1.8.0_92/bin
LD_LIBRARY_PATH=./Software/IDE/android-studio/bin:
SHELL=/bin/bash
DISPLAY=:0

Signal Handlers:
SIGSEGV: [libjvm.so+0xabdee0], sa_mask[0]=11111111011111111101111111111110, sa_flags=SA_RESTART|SA_SIGINFO
SIGBUS: [libjvm.so+0xabdee0], sa_mask[0]=11111111011111111101111111111110, sa_flags=SA_RESTART|SA_SIGINFO
SIGFPE: [libjvm.so+0x91a580], sa_mask[0]=11111111011111111101111111111110, sa_flags=SA_RESTART|SA_SIGINFO
SIGPIPE: [libjvm.so+0x91a580], sa_mask[0]=11111111011111111101111111111110, sa_flags=SA_RESTART|SA_SIGINFO
SIGXFSZ: [libjvm.so+0x91a580], sa_mask[0]=11111111011111111101111111111110, sa_flags=SA_RESTART|SA_SIGINFO
SIGILL: [libjvm.so+0x91a580], sa_mask[0]=11111111011111111101111111111110, sa_flags=SA_RESTART|SA_SIGINFO
SIGUSR1: SIG_DFL, sa_mask[0]=00000000000000000000000000000000, sa_flags=none
SIGUSR2: [libjvm.so+0x91bbb0], sa_mask[0]=00100000000000000000000000000000, sa_flags=SA_RESTART|SA_SIGINFO
SIGHUP: [libjvm.so+0x91cfb0], sa_mask[0]=11111111011111111101111111111110, sa_flags=SA_RESTART|SA_SIGINFO
SIGINT: [libjvm.so+0x91cfb0], sa_mask[0]=11111111011111111101111111111110, sa_flags=SA_RESTART|SA_SIGINFO
SIGTERM: [libjvm.so+0x91cfb0], sa_mask[0]=11111111011111111101111111111110, sa_flags=SA_RESTART|SA_SIGINFO
SIGQUIT: [libjvm.so+0x91cfb0], sa_mask[0]=11111111011111111101111111111110, sa_flags=SA_RESTART|SA_SIGINFO


---------------  S Y S T E M  ---------------

OS:PRETTY_NAME="Debian GNU/Linux 8 (jessie)"
NAME="Debian GNU/Linux"
VERSION_ID="8"
VERSION="8 (jessie)"
ID=debian
HOME_URL="http://www.debian.org/"
SUPPORT_URL="http://www.debian.org/support"
BUG_REPORT_URL="https://bugs.debian.org/"

uname:Linux 3.16.0-4-amd64 #1 SMP Debian 3.16.7-ckt25-2 (2016-04-08) x86_64
libc:glibc 2.19 NPTL 2.19 
rlimit: STACK 8192k, CORE 0k, NPROC 15083, NOFILE 65536, AS infinity
load average:9.02 3.35 2.51

/proc/meminfo:
MemTotal:        3948420 kB
MemFree:          109056 kB
MemAvailable:      66700 kB
Buffers:            2056 kB
Cached:           219528 kB
SwapCached:            0 kB
Active:          3507496 kB
Inactive:         182972 kB
Active(anon):    3470972 kB
Inactive(anon):   167644 kB
Active(file):      36524 kB
Inactive(file):    15328 kB
Unevictable:          32 kB
Mlocked:              32 kB
SwapTotal:             0 kB
SwapFree:              0 kB
Dirty:              1252 kB
Writeback:             4 kB
AnonPages:       3469196 kB
Mapped:            66124 kB
Shmem:            169376 kB
Slab:              72848 kB
SReclaimable:      32356 kB
SUnreclaim:        40492 kB
KernelStack:       10464 kB
PageTables:        34736 kB
NFS_Unstable:          0 kB
Bounce:                0 kB
WritebackTmp:          0 kB
CommitLimit:     1974208 kB
Committed_AS:    7454208 kB
VmallocTotal:   34359738367 kB
VmallocUsed:      543496 kB
VmallocChunk:   34359185884 kB
HardwareCorrupted:     0 kB
AnonHugePages:         0 kB
HugePages_Total:       0
HugePages_Free:        0
HugePages_Rsvd:        0
HugePages_Surp:        0
Hugepagesize:       2048 kB
DirectMap4k:       58112 kB
DirectMap2M:     1929216 kB
DirectMap1G:     2097152 kB


CPU:total 4 (2 cores per cpu, 2 threads per core) family 6 model 69 stepping 1, cmov, cx8, fxsr, mmx, sse, sse2, sse3, ssse3, sse4.1, sse4.2, popcnt, avx, avx2, aes, clmul, erms, lzcnt, ht, tsc, tscinvbit, bmi1, bmi2

/proc/cpuinfo:
processor	: 0
vendor_id	: GenuineIntel
cpu family	: 6
model		: 69
model name	: Intel(R) Core(TM) i5-4210U CPU @ 1.70GHz
stepping	: 1
microcode	: 0x17
cpu MHz		: 2400.000
cache size	: 3072 KB
physical id	: 0
siblings	: 4
core id		: 0
cpu cores	: 2
apicid		: 0
initial apicid	: 0
fpu		: yes
fpu_exception	: yes
cpuid level	: 13
wp		: yes
flags		: fpu vme de pse tsc msr pae mce cx8 apic sep mtrr pge mca cmov pat pse36 clflush dts acpi mmx fxsr sse sse2 ss ht tm pbe syscall nx pdpe1gb rdtscp lm constant_tsc arch_perfmon pebs bts rep_good nopl xtopology nonstop_tsc aperfmperf eagerfpu pni pclmulqdq dtes64 monitor ds_cpl vmx est tm2 ssse3 fma cx16 xtpr pdcm pcid sse4_1 sse4_2 movbe popcnt tsc_deadline_timer aes xsave avx f16c rdrand lahf_lm abm ida arat epb xsaveopt pln pts dtherm tpr_shadow vnmi flexpriority ept vpid fsgsbase tsc_adjust bmi1 avx2 smep bmi2 erms invpcid
bogomips	: 4788.62
clflush size	: 64
cache_alignment	: 64
address sizes	: 39 bits physical, 48 bits virtual
power management:

processor	: 1
vendor_id	: GenuineIntel
cpu family	: 6
model		: 69
model name	: Intel(R) Core(TM) i5-4210U CPU @ 1.70GHz
stepping	: 1
microcode	: 0x17
cpu MHz		: 2400.000
cache size	: 3072 KB
physical id	: 0
siblings	: 4
core id		: 0
cpu cores	: 2
apicid		: 1
initial apicid	: 1
fpu		: yes
fpu_exception	: yes
cpuid level	: 13
wp		: yes
flags		: fpu vme de pse tsc msr pae mce cx8 apic sep mtrr pge mca cmov pat pse36 clflush dts acpi mmx fxsr sse sse2 ss ht tm pbe syscall nx pdpe1gb rdtscp lm constant_tsc arch_perfmon pebs bts rep_good nopl xtopology nonstop_tsc aperfmperf eagerfpu pni pclmulqdq dtes64 monitor ds_cpl vmx est tm2 ssse3 fma cx16 xtpr pdcm pcid sse4_1 sse4_2 movbe popcnt tsc_deadline_timer aes xsave avx f16c rdrand lahf_lm abm ida arat epb xsaveopt pln pts dtherm tpr_shadow vnmi flexpriority ept vpid fsgsbase tsc_adjust bmi1 avx2 smep bmi2 erms invpcid
bogomips	: 4788.62
clflush size	: 64
cache_alignment	: 64
address sizes	: 39 bits physical, 48 bits virtual
power management:

processor	: 2
vendor_id	: GenuineIntel
cpu family	: 6
model		: 69
model name	: Intel(R) Core(TM) i5-4210U CPU @ 1.70GHz
stepping	: 1
microcode	: 0x17
cpu MHz		: 2400.000
cache size	: 3072 KB
physical id	: 0
siblings	: 4
core id		: 1
cpu cores	: 2
apicid		: 2
initial apicid	: 2
fpu		: yes
fpu_exception	: yes
cpuid level	: 13
wp		: yes
flags		: fpu vme de pse tsc msr pae mce cx8 apic sep mtrr pge mca cmov pat pse36 clflush dts acpi mmx fxsr sse sse2 ss ht tm pbe syscall nx pdpe1gb rdtscp lm constant_tsc arch_perfmon pebs bts rep_good nopl xtopology nonstop_tsc aperfmperf eagerfpu pni pclmulqdq dtes64 monitor ds_cpl vmx est tm2 ssse3 fma cx16 xtpr pdcm pcid sse4_1 sse4_2 movbe popcnt tsc_deadline_timer aes xsave avx f16c rdrand lahf_lm abm ida arat epb xsaveopt pln pts dtherm tpr_shadow vnmi flexpriority ept vpid fsgsbase tsc_adjust bmi1 avx2 smep bmi2 erms invpcid
bogomips	: 4788.62
clflush size	: 64
cache_alignment	: 64
address sizes	: 39 bits physical, 48 bits virtual
power management:

processor	: 3
vendor_id	: GenuineIntel
cpu family	: 6
model		: 69
model name	: Intel(R) Core(TM) i5-4210U CPU @ 1.70GHz
stepping	: 1
microcode	: 0x17
cpu MHz		: 2400.000
cache size	: 3072 KB
physical id	: 0
siblings	: 4
core id		: 1
cpu cores	: 2
apicid		: 3
initial apicid	: 3
fpu		: yes
fpu_exception	: yes
cpuid level	: 13
wp		: yes
flags		: fpu vme de pse tsc msr pae mce cx8 apic sep mtrr pge mca cmov pat pse36 clflush dts acpi mmx fxsr sse sse2 ss ht tm pbe syscall nx pdpe1gb rdtscp lm constant_tsc arch_perfmon pebs bts rep_good nopl xtopology nonstop_tsc aperfmperf eagerfpu pni pclmulqdq dtes64 monitor ds_cpl vmx est tm2 ssse3 fma cx16 xtpr pdcm pcid sse4_1 sse4_2 movbe popcnt tsc_deadline_timer aes xsave avx f16c rdrand lahf_lm abm ida arat epb xsaveopt pln pts dtherm tpr_shadow vnmi flexpriority ept vpid fsgsbase tsc_adjust bmi1 avx2 smep bmi2 erms invpcid
bogomips	: 4788.62
clflush size	: 64
cache_alignment	: 64
address sizes	: 39 bits physical, 48 bits virtual
power management:



Memory: 4k page, physical 3948420k(108932k free), swap 0k(0k free)

vm_info: Java HotSpot(TM) 64-Bit Server VM (25.92-b14) for linux-amd64 JRE (1.8.0_92-b14), built on Mar 31 2016 21:08:29 by "java_re" with gcc 4.3.0 20080428 (Red Hat 4.3.0-8)

time: Thu Jul  7 03:42:57 2016
elapsed time: 9 seconds (0d 0h 0m 9s)

