#
# There is insufficient memory for the Java Runtime Environment to continue.
# Native memory allocation (mmap) failed to map 144703488 bytes for committing reserved memory.
# Possible reasons:
#   The system is out of physical RAM or swap space
#   In 32 bit mode, the process size limit was hit
# Possible solutions:
#   Reduce memory load on the system
#   Increase physical memory or swap space
#   Check if swap backing store is full
#   Use 64 bit Java on a 64 bit OS
#   Decrease Java heap size (-Xmx/-Xms)
#   Decrease number of Java threads
#   Decrease Java thread stack sizes (-Xss)
#   Set larger code cache with -XX:ReservedCodeCacheSize=
# This output file may be truncated or incomplete.
#
#  Out of Memory Error (os_linux.cpp:2627), pid=5273, tid=0x00007f6a0ffff700
#
# JRE version: Java(TM) SE Runtime Environment (8.0_92-b14) (build 1.8.0_92-b14)
# Java VM: Java HotSpot(TM) 64-Bit Server VM (25.92-b14 mixed mode linux-amd64 compressed oops)
# Failed to write core dump. Core dumps have been disabled. To enable core dumping, try "ulimit -c unlimited" before starting Java again
#

---------------  T H R E A D  ---------------

Current thread (0x00007f6a30078000):  VMThread [stack: 0x00007f6a0feff000,0x00007f6a10000000] [id=5283]

Stack: [0x00007f6a0feff000,0x00007f6a10000000],  sp=0x00007f6a0fffe0a0,  free space=1020k
Native frames: (J=compiled Java code, j=interpreted, Vv=VM code, C=native code)
V  [libjvm.so+0xabd65a]  VMError::report_and_die()+0x2ba
V  [libjvm.so+0x4fb4db]  report_vm_out_of_memory(char const*, int, unsigned long, VMErrorType, char const*)+0x8b
V  [libjvm.so+0x91d713]  os::Linux::commit_memory_impl(char*, unsigned long, bool)+0x103
V  [libjvm.so+0x91dc69]  os::pd_commit_memory(char*, unsigned long, unsigned long, bool)+0x29
V  [libjvm.so+0x917f6a]  os::commit_memory(char*, unsigned long, unsigned long, bool)+0x2a
V  [libjvm.so+0x98c343]  PSVirtualSpace::expand_by(unsigned long)+0x53
V  [libjvm.so+0x98d748]  PSYoungGen::resize_generation(unsigned long, unsigned long)+0xf8
V  [libjvm.so+0x98c8a2]  PSYoungGen::resize(unsigned long, unsigned long)+0x22
V  [libjvm.so+0x989b7b]  PSScavenge::invoke_no_policy()+0xf3b
V  [libjvm.so+0x98a301]  PSScavenge::invoke()+0x41
V  [libjvm.so+0x941410]  ParallelScavengeHeap::failed_mem_allocate(unsigned long)+0x70
V  [libjvm.so+0xabf077]  VM_ParallelGCFailedAllocation::doit()+0x97
V  [libjvm.so+0xac6aa5]  VM_Operation::evaluate()+0x55
V  [libjvm.so+0xac4e7a]  VMThread::evaluate_operation(VM_Operation*)+0xba
V  [libjvm.so+0xac51fe]  VMThread::loop()+0x1ce
V  [libjvm.so+0xac5670]  VMThread::run()+0x70
V  [libjvm.so+0x91fad8]  java_start(Thread*)+0x108

VM_Operation (0x00007f6a0f56bb50): ParallelGCFailedAllocation, mode: safepoint, requested by thread 0x00007f6a30151000


---------------  P R O C E S S  ---------------

Java Threads: ( => current thread )
  0x00007f6a30161800 JavaThread "pool-2-thread-4" [_thread_blocked, id=5312, stack(0x00007f6a0f069000,0x00007f6a0f16a000)]
  0x00007f6a30160000 JavaThread "pool-2-thread-3" [_thread_blocked, id=5310, stack(0x00007f6a0f16a000,0x00007f6a0f26b000)]
  0x00007f6a30153800 JavaThread "pool-3-thread-1" [_thread_blocked, id=5308, stack(0x00007f6a0f36c000,0x00007f6a0f46d000)]
  0x00007f6a30151000 JavaThread "pool-2-thread-1" [_thread_blocked, id=5307, stack(0x00007f6a0f46d000,0x00007f6a0f56e000)]
  0x00007f6a300c0000 JavaThread "Service Thread" daemon [_thread_blocked, id=5290, stack(0x00007f6a0f66f000,0x00007f6a0f770000)]
  0x00007f6a300bd800 JavaThread "C1 CompilerThread2" daemon [_thread_blocked, id=5289, stack(0x00007f6a0f770000,0x00007f6a0f871000)]
  0x00007f6a300bb800 JavaThread "C2 CompilerThread1" daemon [_thread_blocked, id=5288, stack(0x00007f6a0f871000,0x00007f6a0f972000)]
  0x00007f6a300b8800 JavaThread "C2 CompilerThread0" daemon [_thread_blocked, id=5287, stack(0x00007f6a0f972000,0x00007f6a0fa73000)]
  0x00007f6a300b7000 JavaThread "Signal Dispatcher" daemon [_thread_blocked, id=5286, stack(0x00007f6a0fa73000,0x00007f6a0fb74000)]
  0x00007f6a30084800 JavaThread "Finalizer" daemon [_thread_blocked, id=5285, stack(0x00007f6a0fcfd000,0x00007f6a0fdfe000)]
  0x00007f6a3007f800 JavaThread "Reference Handler" daemon [_thread_blocked, id=5284, stack(0x00007f6a0fdfe000,0x00007f6a0feff000)]
  0x00007f6a3000a000 JavaThread "main" [_thread_blocked, id=5275, stack(0x00007f6a365fb000,0x00007f6a366fc000)]

Other Threads:
=>0x00007f6a30078000 VMThread [stack: 0x00007f6a0feff000,0x00007f6a10000000] [id=5283]
  0x00007f6a300c3000 WatcherThread [stack: 0x00007f6a0f56e000,0x00007f6a0f66f000] [id=5291]

VM state:at safepoint (normal execution)

VM Mutex/Monitor currently owned by a thread:  ([mutex/lock_event])
[0x00007f6a30006710] Threads_lock - owner thread: 0x00007f6a30078000
[0x00007f6a30006c10] Heap_lock - owner thread: 0x00007f6a30151000

Heap:
 PSYoungGen      total 140288K, used 14824K [0x00000000eab00000, 0x00000000f4400000, 0x0000000100000000)
  eden space 125440K, 0% used [0x00000000eab00000,0x00000000eab00000,0x00000000f2580000)
  from space 14848K, 99% used [0x00000000f2580000,0x00000000f33fa0d0,0x00000000f3400000)
  to   space 13312K, 0% used [0x00000000f3400000,0x00000000f3400000,0x00000000f4100000)
 ParOldGen       total 42496K, used 34836K [0x00000000c0000000, 0x00000000c2980000, 0x00000000eab00000)
  object space 42496K, 81% used [0x00000000c0000000,0x00000000c2205050,0x00000000c2980000)
 Metaspace       used 6327K, capacity 7192K, committed 7424K, reserved 1056768K
  class space    used 615K, capacity 656K, committed 768K, reserved 1048576K

Card table byte_map: [0x00007f6a1ffed000,0x00007f6a201ee000] byte_map_base: 0x00007f6a1f9ed000

Marking Bits: (ParMarkBitMap*) 0x00007f6a35af84c0
 Begin Bits: [0x00007f6a1dbe9000, 0x00007f6a1ebe9000)
 End Bits:   [0x00007f6a1ebe9000, 0x00007f6a1fbe9000)

Polling page: 0x00007f6a36724000

CodeCache: size=245760Kb used=6640Kb max_used=6640Kb free=239119Kb
 bounds [0x00007f6a205ae000, 0x00007f6a20c2e000, 0x00007f6a2f5ae000]
 total_blobs=2023 nmethods=1755 adapters=182
 compilation: enabled

Compilation events (10 events):
Event: 7.552 Thread 0x00007f6a300bd800 2056   !   2       com.android.dx.cf.code.ExecutionStack::change (116 bytes)
Event: 7.553 Thread 0x00007f6a300bd800 nmethod 2056 0x00007f6a20c27d50 code [0x00007f6a20c27fe0, 0x00007f6a20c28a58]
Event: 7.555 Thread 0x00007f6a300bd800 2063       3       com.android.dx.rop.code.LocalVariableExtractor::doit (49 bytes)
Event: 7.555 Thread 0x00007f6a300bd800 nmethod 2063 0x00007f6a20c29390 code [0x00007f6a20c29540, 0x00007f6a20c299f8]
Event: 7.559 Thread 0x00007f6a300bd800 2064       3       com.android.dx.dex.code.BlockAddresses::setupArrays (113 bytes)
Event: 7.561 Thread 0x00007f6a300bd800 nmethod 2064 0x00007f6a20c29c50 code [0x00007f6a20c29f20, 0x00007f6a20c2b938]
Event: 7.561 Thread 0x00007f6a300bd800 2065       3       com.android.dx.dex.code.RopTranslator::outputInstructions (69 bytes)
Event: 7.561 Thread 0x00007f6a300bd800 nmethod 2065 0x00007f6a20c2c750 code [0x00007f6a20c2c8e0, 0x00007f6a20c2cd38]
Event: 7.573 Thread 0x00007f6a300bd800 2066       2       com.android.dx.dex.file.ValueEncoder::addContents (75 bytes)
Event: 7.575 Thread 0x00007f6a300bd800 nmethod 2066 0x00007f6a20c2cf10 code [0x00007f6a20c2d100, 0x00007f6a20c2d798]

GC Heap History (10 events):
Event: 2.743 GC heap after
Heap after GC invocations=2 (full 0):
 PSYoungGen      total 34304K, used 2552K [0x00000000eab00000, 0x00000000ecf00000, 0x0000000100000000)
  eden space 31744K, 0% used [0x00000000eab00000,0x00000000eab00000,0x00000000eca00000)
  from space 2560K, 99% used [0x00000000ecc80000,0x00000000ecefe3c8,0x00000000ecf00000)
  to   space 2560K, 0% used [0x00000000eca00000,0x00000000eca00000,0x00000000ecc80000)
 ParOldGen       total 42496K, used 2659K [0x00000000c0000000, 0x00000000c2980000, 0x00000000eab00000)
  object space 42496K, 6% used [0x00000000c0000000,0x00000000c0298c58,0x00000000c2980000)
 Metaspace       used 5812K, capacity 6768K, committed 7040K, reserved 1056768K
  class space    used 592K, capacity 616K, committed 640K, reserved 1048576K
}
Event: 3.696 GC heap before
{Heap before GC invocations=3 (full 0):
 PSYoungGen      total 34304K, used 34296K [0x00000000eab00000, 0x00000000ecf00000, 0x0000000100000000)
  eden space 31744K, 100% used [0x00000000eab00000,0x00000000eca00000,0x00000000eca00000)
  from space 2560K, 99% used [0x00000000ecc80000,0x00000000ecefe3c8,0x00000000ecf00000)
  to   space 2560K, 0% used [0x00000000eca00000,0x00000000eca00000,0x00000000ecc80000)
 ParOldGen       total 42496K, used 2659K [0x00000000c0000000, 0x00000000c2980000, 0x00000000eab00000)
  object space 42496K, 6% used [0x00000000c0000000,0x00000000c0298c58,0x00000000c2980000)
 Metaspace       used 5894K, capacity 6832K, committed 7040K, reserved 1056768K
  class space    used 593K, capacity 616K, committed 640K, reserved 1048576K
Event: 3.761 GC heap after
Heap after GC invocations=3 (full 0):
 PSYoungGen      total 34304K, used 2537K [0x00000000eab00000, 0x00000000eee00000, 0x0000000100000000)
  eden space 31744K, 0% used [0x00000000eab00000,0x00000000eab00000,0x00000000eca00000)
  from space 2560K, 99% used [0x00000000eca00000,0x00000000ecc7a678,0x00000000ecc80000)
  to   space 2560K, 0% used [0x00000000eeb80000,0x00000000eeb80000,0x00000000eee00000)
 ParOldGen       total 42496K, used 8002K [0x00000000c0000000, 0x00000000c2980000, 0x00000000eab00000)
  object space 42496K, 18% used [0x00000000c0000000,0x00000000c07d0880,0x00000000c2980000)
 Metaspace       used 5894K, capacity 6832K, committed 7040K, reserved 1056768K
  class space    used 593K, capacity 616K, committed 640K, reserved 1048576K
}
Event: 4.280 GC heap before
{Heap before GC invocations=4 (full 0):
 PSYoungGen      total 34304K, used 34281K [0x00000000eab00000, 0x00000000eee00000, 0x0000000100000000)
  eden space 31744K, 100% used [0x00000000eab00000,0x00000000eca00000,0x00000000eca00000)
  from space 2560K, 99% used [0x00000000eca00000,0x00000000ecc7a678,0x00000000ecc80000)
  to   space 2560K, 0% used [0x00000000eeb80000,0x00000000eeb80000,0x00000000eee00000)
 ParOldGen       total 42496K, used 8002K [0x00000000c0000000, 0x00000000c2980000, 0x00000000eab00000)
  object space 42496K, 18% used [0x00000000c0000000,0x00000000c07d0880,0x00000000c2980000)
 Metaspace       used 5905K, capacity 6896K, committed 7040K, reserved 1056768K
  class space    used 593K, capacity 616K, committed 640K, reserved 1048576K
Event: 4.343 GC heap after
Heap after GC invocations=4 (full 0):
 PSYoungGen      total 66048K, used 2537K [0x00000000eab00000, 0x00000000eee00000, 0x0000000100000000)
  eden space 63488K, 0% used [0x00000000eab00000,0x00000000eab00000,0x00000000ee900000)
  from space 2560K, 99% used [0x00000000eeb80000,0x00000000eedfa678,0x00000000eee00000)
  to   space 2560K, 0% used [0x00000000ee900000,0x00000000ee900000,0x00000000eeb80000)
 ParOldGen       total 42496K, used 12778K [0x00000000c0000000, 0x00000000c2980000, 0x00000000eab00000)
  object space 42496K, 30% used [0x00000000c0000000,0x00000000c0c7aa40,0x00000000c2980000)
 Metaspace       used 5905K, capacity 6896K, committed 7040K, reserved 1056768K
  class space    used 593K, capacity 616K, committed 640K, reserved 1048576K
}
Event: 5.336 GC heap before
{Heap before GC invocations=5 (full 0):
 PSYoungGen      total 66048K, used 66025K [0x00000000eab00000, 0x00000000eee00000, 0x0000000100000000)
  eden space 63488K, 100% used [0x00000000eab00000,0x00000000ee900000,0x00000000ee900000)
  from space 2560K, 99% used [0x00000000eeb80000,0x00000000eedfa678,0x00000000eee00000)
  to   space 2560K, 0% used [0x00000000ee900000,0x00000000ee900000,0x00000000eeb80000)
 ParOldGen       total 42496K, used 12778K [0x00000000c0000000, 0x00000000c2980000, 0x00000000eab00000)
  object space 42496K, 30% used [0x00000000c0000000,0x00000000c0c7aa40,0x00000000c2980000)
 Metaspace       used 5982K, capacity 6960K, committed 7040K, reserved 1056768K
  class space    used 593K, capacity 616K, committed 640K, reserved 1048576K
Event: 5.429 GC heap after
Heap after GC invocations=5 (full 0):
 PSYoungGen      total 66048K, used 2532K [0x00000000eab00000, 0x00000000f4100000, 0x0000000100000000)
  eden space 63488K, 0% used [0x00000000eab00000,0x00000000eab00000,0x00000000ee900000)
  from space 2560K, 98% used [0x00000000ee900000,0x00000000eeb79050,0x00000000eeb80000)
  to   space 13312K, 0% used [0x00000000f3400000,0x00000000f3400000,0x00000000f4100000)
 ParOldGen       total 42496K, used 22391K [0x00000000c0000000, 0x00000000c2980000, 0x00000000eab00000)
  object space 42496K, 52% used [0x00000000c0000000,0x00000000c15ddd58,0x00000000c2980000)
 Metaspace       used 5982K, capacity 6960K, committed 7040K, reserved 1056768K
  class space    used 593K, capacity 616K, committed 640K, reserved 1048576K
}
Event: 6.261 GC heap before
{Heap before GC invocations=6 (full 0):
 PSYoungGen      total 66048K, used 66020K [0x00000000eab00000, 0x00000000f4100000, 0x0000000100000000)
  eden space 63488K, 100% used [0x00000000eab00000,0x00000000ee900000,0x00000000ee900000)
  from space 2560K, 98% used [0x00000000ee900000,0x00000000eeb79050,0x00000000eeb80000)
  to   space 13312K, 0% used [0x00000000f3400000,0x00000000f3400000,0x00000000f4100000)
 ParOldGen       total 42496K, used 22391K [0x00000000c0000000, 0x00000000c2980000, 0x00000000eab00000)
  object space 42496K, 52% used [0x00000000c0000000,0x00000000c15ddd58,0x00000000c2980000)
 Metaspace       used 6140K, capacity 7064K, committed 7424K, reserved 1056768K
  class space    used 613K, capacity 656K, committed 768K, reserved 1048576K
Event: 6.389 GC heap after
Heap after GC invocations=6 (full 0):
 PSYoungGen      total 138752K, used 11281K [0x00000000eab00000, 0x00000000f4400000, 0x0000000100000000)
  eden space 125440K, 0% used [0x00000000eab00000,0x00000000eab00000,0x00000000f2580000)
  from space 13312K, 84% used [0x00000000f3400000,0x00000000f3f046e8,0x00000000f4100000)
  to   space 14848K, 0% used [0x00000000f2580000,0x00000000f2580000,0x00000000f3400000)
 ParOldGen       total 42496K, used 22391K [0x00000000c0000000, 0x00000000c2980000, 0x00000000eab00000)
  object space 42496K, 52% used [0x00000000c0000000,0x00000000c15ddd58,0x00000000c2980000)
 Metaspace       used 6140K, capacity 7064K, committed 7424K, reserved 1056768K
  class space    used 613K, capacity 656K, committed 768K, reserved 1048576K
}
Event: 7.577 GC heap before
{Heap before GC invocations=7 (full 0):
 PSYoungGen      total 138752K, used 136721K [0x00000000eab00000, 0x00000000f4400000, 0x0000000100000000)
  eden space 125440K, 100% used [0x00000000eab00000,0x00000000f2580000,0x00000000f2580000)
  from space 13312K, 84% used [0x00000000f3400000,0x00000000f3f046e8,0x00000000f4100000)
  to   space 14848K, 0% used [0x00000000f2580000,0x00000000f2580000,0x00000000f3400000)
 ParOldGen       total 42496K, used 22391K [0x00000000c0000000, 0x00000000c2980000, 0x00000000eab00000)
  object space 42496K, 52% used [0x00000000c0000000,0x00000000c15ddd58,0x00000000c2980000)
 Metaspace       used 6327K, capacity 7192K, committed 7424K, reserved 1056768K
  class space    used 615K, capacity 656K, committed 768K, reserved 1048576K

Deoptimization events (10 events):
Event: 3.146 Thread 0x00007f6a3000a000 Uncommon trap: reason=unstable_if action=reinterpret pc=0x00007f6a2076b308 method=java.lang.String.<init>([CII)V @ 18
Event: 3.511 Thread 0x00007f6a3000a000 Uncommon trap: reason=unstable_if action=reinterpret pc=0x00007f6a207bfa9c method=com.android.dx.rop.cst.Constant.compareTo(Lcom/android/dx/rop/cst/Constant;)I @ 12
Event: 3.785 Thread 0x00007f6a3000a000 Uncommon trap: reason=unstable_if action=reinterpret pc=0x00007f6a2079ec54 method=java.lang.String.<init>([CII)V @ 18
Event: 3.835 Thread 0x00007f6a3000a000 Uncommon trap: reason=unstable_if action=reinterpret pc=0x00007f6a2095ad94 method=com.android.dx.ssa.SsaRenamer$BlockRenamer.visitMoveInsn(Lcom/android/dx/ssa/NormalSsaInsn;)V @ 104
Event: 4.456 Thread 0x00007f6a3000a000 Uncommon trap: reason=unstable_if action=reinterpret pc=0x00007f6a20930ebc method=com.android.dx.ssa.SsaMethod.updateOneDefinition(Lcom/android/dx/ssa/SsaInsn;Lcom/android/dx/rop/code/RegisterSpec;)V @ 4
Event: 4.468 Thread 0x00007f6a30151000 Uncommon trap: reason=unstable_if action=reinterpret pc=0x00007f6a20950fc4 method=com.android.dx.util.IntList.binarysearch(I)I @ 105
Event: 5.791 Thread 0x00007f6a30161800 Uncommon trap: reason=unstable_if action=reinterpret pc=0x00007f6a208589fc method=java.util.HashMap.putVal(ILjava/lang/Object;Ljava/lang/Object;ZZ)Ljava/lang/Object; @ 162
Event: 5.881 Thread 0x00007f6a30161800 Uncommon trap: reason=unstable_if action=reinterpret pc=0x00007f6a207f27f8 method=java.util.HashMap.getNode(ILjava/lang/Object;)Ljava/util/HashMap$Node; @ 84
Event: 5.945 Thread 0x00007f6a3015f000 Uncommon trap: reason=unstable_if action=reinterpret pc=0x00007f6a20a167b4 method=java.util.HashMap.putVal(ILjava/lang/Object;Ljava/lang/Object;ZZ)Ljava/lang/Object; @ 162
Event: 6.810 Thread 0x00007f6a3015f000 Uncommon trap: reason=unstable_if action=reinterpret pc=0x00007f6a20928988 method=com.android.dx.dex.code.OutputFinisher.hasLocalInfo(Lcom/android/dx/dex/code/DalvInsn;)Z @ 24

Internal exceptions (6 events):
Event: 0.253 Thread 0x00007f6a3000a000 Exception <a 'java/lang/NoSuchMethodError': Method sun.misc.Unsafe.defineClass(Ljava/lang/String;[BII)Ljava/lang/Class; name or signature does not match> (0x00000000eab07cc0) thrown at [/HUDSON/workspace/8-2-build-linux-amd64/jdk8u92/6642/hotspot/src/shar
Event: 0.253 Thread 0x00007f6a3000a000 Exception <a 'java/lang/NoSuchMethodError': Method sun.misc.Unsafe.prefetchRead(Ljava/lang/Object;J)V name or signature does not match> (0x00000000eab07fa8) thrown at [/HUDSON/workspace/8-2-build-linux-amd64/jdk8u92/6642/hotspot/src/share/vm/prims/jni.cpp
Event: 3.113 Thread 0x00007f6a30160000 Implicit null exception at 0x00007f6a2087bfa9 to 0x00007f6a2087efd1
Event: 5.803 Thread 0x00007f6a30161800 Exception <a 'java/lang/ArrayIndexOutOfBoundsException': 18> (0x00000000ecb7a010) thrown at [/HUDSON/workspace/8-2-build-linux-amd64/jdk8u92/6642/hotspot/src/share/vm/interpreter/interpreterRuntime.cpp, line 366]
Event: 5.803 Thread 0x00007f6a30161800 Exception <a 'java/lang/ArrayIndexOutOfBoundsException': 145> (0x00000000ecb7bb90) thrown at [/HUDSON/workspace/8-2-build-linux-amd64/jdk8u92/6642/hotspot/src/share/vm/interpreter/interpreterRuntime.cpp, line 366]
Event: 5.844 Thread 0x00007f6a30161800 Exception <a 'java/lang/ArrayIndexOutOfBoundsException': 40> (0x00000000ecb7ce78) thrown at [/HUDSON/workspace/8-2-build-linux-amd64/jdk8u92/6642/hotspot/src/share/vm/interpreter/interpreterRuntime.cpp, line 366]

Events (10 events):
Event: 7.559 Thread 0x00007f6a30160000 DEOPT PACKING pc=0x00007f6a20a7002c sp=0x00007f6a0f269000
Event: 7.559 Thread 0x00007f6a30160000 DEOPT UNPACKING pc=0x00007f6a205f5633 sp=0x00007f6a0f268de8 mode 0
Event: 7.560 Thread 0x00007f6a30160000 DEOPT PACKING pc=0x00007f6a20a5062d sp=0x00007f6a0f269170
Event: 7.560 Thread 0x00007f6a30160000 DEOPT UNPACKING pc=0x00007f6a205f5633 sp=0x00007f6a0f268ec8 mode 0
Event: 7.567 loading class java/util/HashMap$KeySet
Event: 7.567 loading class java/util/HashMap$KeySet done
Event: 7.567 loading class java/util/HashMap$KeyIterator
Event: 7.568 loading class java/util/HashMap$KeyIterator done
Event: 7.568 Thread 0x00007f6a3015f000 Thread exited: 0x00007f6a3015f000
Event: 7.577 Executing VM operation: ParallelGCFailedAllocation


Dynamic libraries:
00400000-00401000 r-xp 00000000 08:0a 3675388                            /home/kamalnrf/Software/jdk1.8.0_92/bin/java
00600000-00601000 rw-p 00000000 08:0a 3675388                            /home/kamalnrf/Software/jdk1.8.0_92/bin/java
02098000-020b9000 rw-p 00000000 00:00 0                                  [heap]
c0000000-c2980000 rw-p 00000000 00:00 0 
c2980000-eab00000 ---p 00000000 00:00 0 
eab00000-f4400000 rw-p 00000000 00:00 0 
fce00000-100000000 ---p 00000000 00:00 0 
100000000-1000c0000 rw-p 00000000 00:00 0 
1000c0000-140000000 ---p 00000000 00:00 0 
7f69cc000000-7f69cc021000 rw-p 00000000 00:00 0 
7f69cc021000-7f69d0000000 ---p 00000000 00:00 0 
7f69d4000000-7f69d4024000 rw-p 00000000 00:00 0 
7f69d4024000-7f69d8000000 ---p 00000000 00:00 0 
7f69d8000000-7f69d8025000 rw-p 00000000 00:00 0 
7f69d8025000-7f69dc000000 ---p 00000000 00:00 0 
7f69dc000000-7f69dc027000 rw-p 00000000 00:00 0 
7f69dc027000-7f69e0000000 ---p 00000000 00:00 0 
7f69e0000000-7f69e0021000 rw-p 00000000 00:00 0 
7f69e0021000-7f69e4000000 ---p 00000000 00:00 0 
7f69e4000000-7f69e4021000 rw-p 00000000 00:00 0 
7f69e4021000-7f69e8000000 ---p 00000000 00:00 0 
7f69e8000000-7f69e8021000 rw-p 00000000 00:00 0 
7f69e8021000-7f69ec000000 ---p 00000000 00:00 0 
7f69ec000000-7f69ec756000 rw-p 00000000 00:00 0 
7f69ec756000-7f69f0000000 ---p 00000000 00:00 0 
7f69f0000000-7f69f0a3c000 rw-p 00000000 00:00 0 
7f69f0a3c000-7f69f4000000 ---p 00000000 00:00 0 
7f69f4000000-7f69f4021000 rw-p 00000000 00:00 0 
7f69f4021000-7f69f8000000 ---p 00000000 00:00 0 
7f69f8000000-7f69f8cc6000 rw-p 00000000 00:00 0 
7f69f8cc6000-7f69fc000000 ---p 00000000 00:00 0 
7f69fc000000-7f69fc021000 rw-p 00000000 00:00 0 
7f69fc021000-7f6a00000000 ---p 00000000 00:00 0 
7f6a00000000-7f6a00021000 rw-p 00000000 00:00 0 
7f6a00021000-7f6a04000000 ---p 00000000 00:00 0 
7f6a04000000-7f6a04294000 rw-p 00000000 00:00 0 
7f6a04294000-7f6a08000000 ---p 00000000 00:00 0 
7f6a08000000-7f6a08021000 rw-p 00000000 00:00 0 
7f6a08021000-7f6a0c000000 ---p 00000000 00:00 0 
7f6a0f069000-7f6a0f06c000 ---p 00000000 00:00 0 
7f6a0f06c000-7f6a0f16a000 rw-p 00000000 00:00 0                          [stack:5312]
7f6a0f16a000-7f6a0f16d000 ---p 00000000 00:00 0 
7f6a0f16d000-7f6a0f26b000 rw-p 00000000 00:00 0                          [stack:5310]
7f6a0f26b000-7f6a0f26e000 ---p 00000000 00:00 0 
7f6a0f26e000-7f6a0f36c000 rw-p 00000000 00:00 0 
7f6a0f36c000-7f6a0f36f000 ---p 00000000 00:00 0 
7f6a0f36f000-7f6a0f46d000 rw-p 00000000 00:00 0                          [stack:5308]
7f6a0f46d000-7f6a0f470000 ---p 00000000 00:00 0 
7f6a0f470000-7f6a0f56e000 rw-p 00000000 00:00 0                          [stack:5307]
7f6a0f56e000-7f6a0f56f000 ---p 00000000 00:00 0 
7f6a0f56f000-7f6a0f66f000 rw-p 00000000 00:00 0                          [stack:5291]
7f6a0f66f000-7f6a0f672000 ---p 00000000 00:00 0 
7f6a0f672000-7f6a0f770000 rw-p 00000000 00:00 0                          [stack:5290]
7f6a0f770000-7f6a0f773000 ---p 00000000 00:00 0 
7f6a0f773000-7f6a0f871000 rw-p 00000000 00:00 0                          [stack:5289]
7f6a0f871000-7f6a0f874000 ---p 00000000 00:00 0 
7f6a0f874000-7f6a0f972000 rw-p 00000000 00:00 0                          [stack:5288]
7f6a0f972000-7f6a0f975000 ---p 00000000 00:00 0 
7f6a0f975000-7f6a0fa73000 rw-p 00000000 00:00 0                          [stack:5287]
7f6a0fa73000-7f6a0fa76000 ---p 00000000 00:00 0 
7f6a0fa76000-7f6a0fb74000 rw-p 00000000 00:00 0                          [stack:5286]
7f6a0fb74000-7f6a0fcfd000 r--p 00000000 08:0a 4198184                    /usr/lib/locale/locale-archive
7f6a0fcfd000-7f6a0fd00000 ---p 00000000 00:00 0 
7f6a0fd00000-7f6a0fdfe000 rw-p 00000000 00:00 0                          [stack:5285]
7f6a0fdfe000-7f6a0fe01000 ---p 00000000 00:00 0 
7f6a0fe01000-7f6a0feff000 rw-p 00000000 00:00 0                          [stack:5284]
7f6a0feff000-7f6a0ff00000 ---p 00000000 00:00 0 
7f6a0ff00000-7f6a10000000 rw-p 00000000 00:00 0                          [stack:5283]
7f6a10000000-7f6a10021000 rw-p 00000000 00:00 0 
7f6a10021000-7f6a14000000 ---p 00000000 00:00 0 
7f6a14000000-7f6a14021000 rw-p 00000000 00:00 0 
7f6a14021000-7f6a18000000 ---p 00000000 00:00 0 
7f6a18000000-7f6a18021000 rw-p 00000000 00:00 0 
7f6a18021000-7f6a1c000000 ---p 00000000 00:00 0 
7f6a1c07d000-7f6a1d010000 rw-p 00000000 00:00 0 
7f6a1d010000-7f6a1d1e9000 r--s 03d24000 08:0a 3938259                    /home/kamalnrf/Software/jdk1.8.0_92/jre/lib/rt.jar
7f6a1d1e9000-7f6a1d869000 rw-p 00000000 00:00 0 
7f6a1d869000-7f6a1d9e9000 ---p 00000000 00:00 0 
7f6a1d9e9000-7f6a1fbe9000 rw-p 00000000 00:00 0 
7f6a1fbe9000-7f6a1fbea000 ---p 00000000 00:00 0 
7f6a1fbea000-7f6a1fcea000 rw-p 00000000 00:00 0                          [stack:5282]
7f6a1fcea000-7f6a1fceb000 ---p 00000000 00:00 0 
7f6a1fceb000-7f6a1fdeb000 rw-p 00000000 00:00 0                          [stack:5281]
7f6a1fdeb000-7f6a1fdec000 ---p 00000000 00:00 0 
7f6a1fdec000-7f6a1feec000 rw-p 00000000 00:00 0                          [stack:5280]
7f6a1feec000-7f6a1feed000 ---p 00000000 00:00 0 
7f6a1feed000-7f6a20002000 rw-p 00000000 00:00 0                          [stack:5279]
7f6a20002000-7f6a20142000 ---p 00000000 00:00 0 
7f6a20142000-7f6a2018f000 rw-p 00000000 00:00 0 
7f6a2018f000-7f6a201ed000 ---p 00000000 00:00 0 
7f6a201ed000-7f6a20208000 rw-p 00000000 00:00 0 
7f6a20208000-7f6a205ae000 ---p 00000000 00:00 0 
7f6a205ae000-7f6a20c2e000 rwxp 00000000 00:00 0 
7f6a20c2e000-7f6a2f5ae000 ---p 00000000 00:00 0 
7f6a2f5ae000-7f6a2f5c8000 r-xp 00000000 08:0a 3938310                    /home/kamalnrf/Software/jdk1.8.0_92/jre/lib/amd64/libzip.so
7f6a2f5c8000-7f6a2f7c8000 ---p 0001a000 08:0a 3938310                    /home/kamalnrf/Software/jdk1.8.0_92/jre/lib/amd64/libzip.so
7f6a2f7c8000-7f6a2f7c9000 rw-p 0001a000 08:0a 3938310                    /home/kamalnrf/Software/jdk1.8.0_92/jre/lib/amd64/libzip.so
7f6a2f7c9000-7f6a2f7d4000 r-xp 00000000 08:0a 4849681                    /lib/x86_64-linux-gnu/libnss_files-2.19.so
7f6a2f7d4000-7f6a2f9d3000 ---p 0000b000 08:0a 4849681                    /lib/x86_64-linux-gnu/libnss_files-2.19.so
7f6a2f9d3000-7f6a2f9d4000 r--p 0000a000 08:0a 4849681                    /lib/x86_64-linux-gnu/libnss_files-2.19.so
7f6a2f9d4000-7f6a2f9d5000 rw-p 0000b000 08:0a 4849681                    /lib/x86_64-linux-gnu/libnss_files-2.19.so
7f6a2f9d5000-7f6a2f9df000 r-xp 00000000 08:0a 4849683                    /lib/x86_64-linux-gnu/libnss_nis-2.19.so
7f6a2f9df000-7f6a2fbde000 ---p 0000a000 08:0a 4849683                    /lib/x86_64-linux-gnu/libnss_nis-2.19.so
7f6a2fbde000-7f6a2fbdf000 r--p 00009000 08:0a 4849683                    /lib/x86_64-linux-gnu/libnss_nis-2.19.so
7f6a2fbdf000-7f6a2fbe0000 rw-p 0000a000 08:0a 4849683                    /lib/x86_64-linux-gnu/libnss_nis-2.19.so
7f6a2fbe0000-7f6a2fbf5000 r-xp 00000000 08:0a 4849678                    /lib/x86_64-linux-gnu/libnsl-2.19.so
7f6a2fbf5000-7f6a2fdf4000 ---p 00015000 08:0a 4849678                    /lib/x86_64-linux-gnu/libnsl-2.19.so
7f6a2fdf4000-7f6a2fdf5000 r--p 00014000 08:0a 4849678                    /lib/x86_64-linux-gnu/libnsl-2.19.so
7f6a2fdf5000-7f6a2fdf6000 rw-p 00015000 08:0a 4849678                    /lib/x86_64-linux-gnu/libnsl-2.19.so
7f6a2fdf6000-7f6a2fdf8000 rw-p 00000000 00:00 0 
7f6a2fdf8000-7f6a2fdff000 r-xp 00000000 08:0a 4849679                    /lib/x86_64-linux-gnu/libnss_compat-2.19.so
7f6a2fdff000-7f6a2fffe000 ---p 00007000 08:0a 4849679                    /lib/x86_64-linux-gnu/libnss_compat-2.19.so
7f6a2fffe000-7f6a2ffff000 r--p 00006000 08:0a 4849679                    /lib/x86_64-linux-gnu/libnss_compat-2.19.so
7f6a2ffff000-7f6a30000000 rw-p 00007000 08:0a 4849679                    /lib/x86_64-linux-gnu/libnss_compat-2.19.so
7f6a30000000-7f6a303a8000 rw-p 00000000 00:00 0 
7f6a303a8000-7f6a34000000 ---p 00000000 00:00 0 
7f6a34000000-7f6a3400e000 r--s 000e0000 08:0a 1059118                    /home/kamalnrf/Software/DevlopmentKit/android-sdk-linux/build-tools/24.0.0/lib/dx.jar
7f6a3400e000-7f6a340ba000 rw-p 00000000 00:00 0 
7f6a340ba000-7f6a341fb000 ---p 00000000 00:00 0 
7f6a341fb000-7f6a34225000 r-xp 00000000 08:0a 3938305                    /home/kamalnrf/Software/jdk1.8.0_92/jre/lib/amd64/libjava.so
7f6a34225000-7f6a34425000 ---p 0002a000 08:0a 3938305                    /home/kamalnrf/Software/jdk1.8.0_92/jre/lib/amd64/libjava.so
7f6a34425000-7f6a34427000 rw-p 0002a000 08:0a 3938305                    /home/kamalnrf/Software/jdk1.8.0_92/jre/lib/amd64/libjava.so
7f6a34427000-7f6a34434000 r-xp 00000000 08:0a 3938309                    /home/kamalnrf/Software/jdk1.8.0_92/jre/lib/amd64/libverify.so
7f6a34434000-7f6a34634000 ---p 0000d000 08:0a 3938309                    /home/kamalnrf/Software/jdk1.8.0_92/jre/lib/amd64/libverify.so
7f6a34634000-7f6a34636000 rw-p 0000d000 08:0a 3938309                    /home/kamalnrf/Software/jdk1.8.0_92/jre/lib/amd64/libverify.so
7f6a34636000-7f6a3463d000 r-xp 00000000 08:0a 4849687                    /lib/x86_64-linux-gnu/librt-2.19.so
7f6a3463d000-7f6a3483c000 ---p 00007000 08:0a 4849687                    /lib/x86_64-linux-gnu/librt-2.19.so
7f6a3483c000-7f6a3483d000 r--p 00006000 08:0a 4849687                    /lib/x86_64-linux-gnu/librt-2.19.so
7f6a3483d000-7f6a3483e000 rw-p 00007000 08:0a 4849687                    /lib/x86_64-linux-gnu/librt-2.19.so
7f6a3483e000-7f6a3493e000 r-xp 00000000 08:0a 4849676                    /lib/x86_64-linux-gnu/libm-2.19.so
7f6a3493e000-7f6a34b3d000 ---p 00100000 08:0a 4849676                    /lib/x86_64-linux-gnu/libm-2.19.so
7f6a34b3d000-7f6a34b3e000 r--p 000ff000 08:0a 4849676                    /lib/x86_64-linux-gnu/libm-2.19.so
7f6a34b3e000-7f6a34b3f000 rw-p 00100000 08:0a 4849676                    /lib/x86_64-linux-gnu/libm-2.19.so
7f6a34b3f000-7f6a35802000 r-xp 00000000 08:0a 4232394                    /home/kamalnrf/Software/jdk1.8.0_92/jre/lib/amd64/server/libjvm.so
7f6a35802000-7f6a35a01000 ---p 00cc3000 08:0a 4232394                    /home/kamalnrf/Software/jdk1.8.0_92/jre/lib/amd64/server/libjvm.so
7f6a35a01000-7f6a35ada000 rw-p 00cc2000 08:0a 4232394                    /home/kamalnrf/Software/jdk1.8.0_92/jre/lib/amd64/server/libjvm.so
7f6a35ada000-7f6a35b25000 rw-p 00000000 00:00 0 
7f6a35b25000-7f6a35cc7000 r-xp 00000000 08:0a 4849672                    /lib/x86_64-linux-gnu/libc-2.19.so
7f6a35cc7000-7f6a35ec6000 ---p 001a2000 08:0a 4849672                    /lib/x86_64-linux-gnu/libc-2.19.so
7f6a35ec6000-7f6a35eca000 r--p 001a1000 08:0a 4849672                    /lib/x86_64-linux-gnu/libc-2.19.so
7f6a35eca000-7f6a35ecc000 rw-p 001a5000 08:0a 4849672                    /lib/x86_64-linux-gnu/libc-2.19.so
7f6a35ecc000-7f6a35ed0000 rw-p 00000000 00:00 0 
7f6a35ed0000-7f6a35ed3000 r-xp 00000000 08:0a 4849675                    /lib/x86_64-linux-gnu/libdl-2.19.so
7f6a35ed3000-7f6a360d2000 ---p 00003000 08:0a 4849675                    /lib/x86_64-linux-gnu/libdl-2.19.so
7f6a360d2000-7f6a360d3000 r--p 00002000 08:0a 4849675                    /lib/x86_64-linux-gnu/libdl-2.19.so
7f6a360d3000-7f6a360d4000 rw-p 00003000 08:0a 4849675                    /lib/x86_64-linux-gnu/libdl-2.19.so
7f6a360d4000-7f6a360e9000 r-xp 00000000 08:0a 4341209                    /home/kamalnrf/Software/jdk1.8.0_92/lib/amd64/jli/libjli.so
7f6a360e9000-7f6a362e9000 ---p 00015000 08:0a 4341209                    /home/kamalnrf/Software/jdk1.8.0_92/lib/amd64/jli/libjli.so
7f6a362e9000-7f6a362ea000 rw-p 00015000 08:0a 4341209                    /home/kamalnrf/Software/jdk1.8.0_92/lib/amd64/jli/libjli.so
7f6a362ea000-7f6a36302000 r-xp 00000000 08:0a 4849667                    /lib/x86_64-linux-gnu/libpthread-2.19.so
7f6a36302000-7f6a36501000 ---p 00018000 08:0a 4849667                    /lib/x86_64-linux-gnu/libpthread-2.19.so
7f6a36501000-7f6a36502000 r--p 00017000 08:0a 4849667                    /lib/x86_64-linux-gnu/libpthread-2.19.so
7f6a36502000-7f6a36503000 rw-p 00018000 08:0a 4849667                    /lib/x86_64-linux-gnu/libpthread-2.19.so
7f6a36503000-7f6a36507000 rw-p 00000000 00:00 0 
7f6a36507000-7f6a36527000 r-xp 00000000 08:0a 4849669                    /lib/x86_64-linux-gnu/ld-2.19.so
7f6a36529000-7f6a365fb000 rw-p 00000000 00:00 0 
7f6a365fb000-7f6a365fe000 ---p 00000000 00:00 0 
7f6a365fe000-7f6a36700000 rw-p 00000000 00:00 0                          [stack:5275]
7f6a36706000-7f6a3671b000 rw-p 00000000 00:00 0 
7f6a3671b000-7f6a36723000 rw-s 00000000 08:0a 4462487                    /tmp/hsperfdata_kamalnrf/5273
7f6a36723000-7f6a36724000 rw-p 00000000 00:00 0 
7f6a36724000-7f6a36725000 ---p 00000000 00:00 0 
7f6a36725000-7f6a36727000 rw-p 00000000 00:00 0 
7f6a36727000-7f6a36728000 r--p 00020000 08:0a 4849669                    /lib/x86_64-linux-gnu/ld-2.19.so
7f6a36728000-7f6a36729000 rw-p 00021000 08:0a 4849669                    /lib/x86_64-linux-gnu/ld-2.19.so
7f6a36729000-7f6a3672a000 rw-p 00000000 00:00 0 
7fff665cf000-7fff665f0000 rw-p 00000000 00:00 0                          [stack]
7fff665fa000-7fff665fc000 r-xp 00000000 00:00 0                          [vdso]
7fff665fc000-7fff665fe000 r--p 00000000 00:00 0                          [vvar]
ffffffffff600000-ffffffffff601000 r-xp 00000000 00:00 0                  [vsyscall]

VM Arguments:
jvm_args: -Djava.awt.headless=true -Xmx1024M -Dfile.encoding=UTF-8 -Duser.country=IN -Duser.language=en -Duser.variant 
java_command: com.android.dx.command.Main --dex --force-jumbo --num-threads=4 --multi-dex --output /home/kamalnrf/Projects/AndroidApplications/Broacast/app/build/intermediates/transforms/dex/debug/folders/1000/10/com.android.support-appcompat-v7-24.0.0-beta1_c9bb47491da241c55a1a5a16ae32cf10191ffa8a /home/kamalnrf/Projects/AndroidApplications/Broacast/app/build/intermediates/exploded-aar/com.android.support/appcompat-v7/24.0.0-beta1/jars/classes.jar
java_class_path (initial): /home/kamalnrf/Software/DevlopmentKit/android-sdk-linux/build-tools/24.0.0/lib/dx.jar
Launcher Type: SUN_STANDARD

Environment Variables:
JAVA_HOME=/home/kamalnrf/Software/DevlopmentKit/usr/java/jdk1.8.0_91
PATH=/usr/local/bin:/usr/bin:/bin:/usr/local/games:/usr/games:/home/kamalnrf/bin:/usr/local/java/jdk1.8.0_92/bin
LD_LIBRARY_PATH=./Software/IDE/android-studio/bin:
SHELL=/bin/bash
DISPLAY=:0

Signal Handlers:
SIGSEGV: [libjvm.so+0xabdee0], sa_mask[0]=11111111011111111101111111111110, sa_flags=SA_RESTART|SA_SIGINFO
SIGBUS: [libjvm.so+0xabdee0], sa_mask[0]=11111111011111111101111111111110, sa_flags=SA_RESTART|SA_SIGINFO
SIGFPE: [libjvm.so+0x91a580], sa_mask[0]=11111111011111111101111111111110, sa_flags=SA_RESTART|SA_SIGINFO
SIGPIPE: [libjvm.so+0x91a580], sa_mask[0]=11111111011111111101111111111110, sa_flags=SA_RESTART|SA_SIGINFO
SIGXFSZ: [libjvm.so+0x91a580], sa_mask[0]=11111111011111111101111111111110, sa_flags=SA_RESTART|SA_SIGINFO
SIGILL: [libjvm.so+0x91a580], sa_mask[0]=11111111011111111101111111111110, sa_flags=SA_RESTART|SA_SIGINFO
SIGUSR1: SIG_DFL, sa_mask[0]=00000000000000000000000000000000, sa_flags=none
SIGUSR2: [libjvm.so+0x91bbb0], sa_mask[0]=00100000000000000000000000000000, sa_flags=SA_RESTART|SA_SIGINFO
SIGHUP: [libjvm.so+0x91cfb0], sa_mask[0]=11111111011111111101111111111110, sa_flags=SA_RESTART|SA_SIGINFO
SIGINT: [libjvm.so+0x91cfb0], sa_mask[0]=11111111011111111101111111111110, sa_flags=SA_RESTART|SA_SIGINFO
SIGTERM: [libjvm.so+0x91cfb0], sa_mask[0]=11111111011111111101111111111110, sa_flags=SA_RESTART|SA_SIGINFO
SIGQUIT: [libjvm.so+0x91cfb0], sa_mask[0]=11111111011111111101111111111110, sa_flags=SA_RESTART|SA_SIGINFO


---------------  S Y S T E M  ---------------

OS:PRETTY_NAME="Debian GNU/Linux 8 (jessie)"
NAME="Debian GNU/Linux"
VERSION_ID="8"
VERSION="8 (jessie)"
ID=debian
HOME_URL="http://www.debian.org/"
SUPPORT_URL="http://www.debian.org/support"
BUG_REPORT_URL="https://bugs.debian.org/"

uname:Linux 3.16.0-4-amd64 #1 SMP Debian 3.16.7-ckt25-2 (2016-04-08) x86_64
libc:glibc 2.19 NPTL 2.19 
rlimit: STACK 8192k, CORE 0k, NPROC 15083, NOFILE 65536, AS infinity
load average:15.25 6.64 3.39

/proc/meminfo:
MemTotal:        3948420 kB
MemFree:          664616 kB
MemAvailable:     621436 kB
Buffers:            1368 kB
Cached:           181300 kB
SwapCached:            0 kB
Active:          2977664 kB
Inactive:         171068 kB
Active(anon):    2968532 kB
Inactive(anon):   125228 kB
Active(file):       9132 kB
Inactive(file):    45840 kB
Unevictable:          16 kB
Mlocked:              16 kB
SwapTotal:             0 kB
SwapFree:              0 kB
Dirty:                44 kB
Writeback:           196 kB
AnonPages:       2966712 kB
Mapped:            43344 kB
Shmem:            127260 kB
Slab:              66760 kB
SReclaimable:      27592 kB
SUnreclaim:        39168 kB
KernelStack:        8768 kB
PageTables:        27860 kB
NFS_Unstable:          0 kB
Bounce:                0 kB
WritebackTmp:          0 kB
CommitLimit:     1974208 kB
Committed_AS:    5706772 kB
VmallocTotal:   34359738367 kB
VmallocUsed:      543496 kB
VmallocChunk:   34359184348 kB
HardwareCorrupted:     0 kB
AnonHugePages:         0 kB
HugePages_Total:       0
HugePages_Free:        0
HugePages_Rsvd:        0
HugePages_Surp:        0
Hugepagesize:       2048 kB
DirectMap4k:       58112 kB
DirectMap2M:     1929216 kB
DirectMap1G:     2097152 kB


CPU:total 4 (2 cores per cpu, 2 threads per core) family 6 model 69 stepping 1, cmov, cx8, fxsr, mmx, sse, sse2, sse3, ssse3, sse4.1, sse4.2, popcnt, avx, avx2, aes, clmul, erms, lzcnt, ht, tsc, tscinvbit, bmi1, bmi2

/proc/cpuinfo:
processor	: 0
vendor_id	: GenuineIntel
cpu family	: 6
model		: 69
model name	: Intel(R) Core(TM) i5-4210U CPU @ 1.70GHz
stepping	: 1
microcode	: 0x17
cpu MHz		: 1933.031
cache size	: 3072 KB
physical id	: 0
siblings	: 4
core id		: 0
cpu cores	: 2
apicid		: 0
initial apicid	: 0
fpu		: yes
fpu_exception	: yes
cpuid level	: 13
wp		: yes
flags		: fpu vme de pse tsc msr pae mce cx8 apic sep mtrr pge mca cmov pat pse36 clflush dts acpi mmx fxsr sse sse2 ss ht tm pbe syscall nx pdpe1gb rdtscp lm constant_tsc arch_perfmon pebs bts rep_good nopl xtopology nonstop_tsc aperfmperf eagerfpu pni pclmulqdq dtes64 monitor ds_cpl vmx est tm2 ssse3 fma cx16 xtpr pdcm pcid sse4_1 sse4_2 movbe popcnt tsc_deadline_timer aes xsave avx f16c rdrand lahf_lm abm ida arat epb xsaveopt pln pts dtherm tpr_shadow vnmi flexpriority ept vpid fsgsbase tsc_adjust bmi1 avx2 smep bmi2 erms invpcid
bogomips	: 4788.85
clflush size	: 64
cache_alignment	: 64
address sizes	: 39 bits physical, 48 bits virtual
power management:

processor	: 1
vendor_id	: GenuineIntel
cpu family	: 6
model		: 69
model name	: Intel(R) Core(TM) i5-4210U CPU @ 1.70GHz
stepping	: 1
microcode	: 0x17
cpu MHz		: 2315.906
cache size	: 3072 KB
physical id	: 0
siblings	: 4
core id		: 0
cpu cores	: 2
apicid		: 1
initial apicid	: 1
fpu		: yes
fpu_exception	: yes
cpuid level	: 13
wp		: yes
flags		: fpu vme de pse tsc msr pae mce cx8 apic sep mtrr pge mca cmov pat pse36 clflush dts acpi mmx fxsr sse sse2 ss ht tm pbe syscall nx pdpe1gb rdtscp lm constant_tsc arch_perfmon pebs bts rep_good nopl xtopology nonstop_tsc aperfmperf eagerfpu pni pclmulqdq dtes64 monitor ds_cpl vmx est tm2 ssse3 fma cx16 xtpr pdcm pcid sse4_1 sse4_2 movbe popcnt tsc_deadline_timer aes xsave avx f16c rdrand lahf_lm abm ida arat epb xsaveopt pln pts dtherm tpr_shadow vnmi flexpriority ept vpid fsgsbase tsc_adjust bmi1 avx2 smep bmi2 erms invpcid
bogomips	: 4788.85
clflush size	: 64
cache_alignment	: 64
address sizes	: 39 bits physical, 48 bits virtual
power management:

processor	: 2
vendor_id	: GenuineIntel
cpu family	: 6
model		: 69
model name	: Intel(R) Core(TM) i5-4210U CPU @ 1.70GHz
stepping	: 1
microcode	: 0x17
cpu MHz		: 2054.625
cache size	: 3072 KB
physical id	: 0
siblings	: 4
core id		: 1
cpu cores	: 2
apicid		: 2
initial apicid	: 2
fpu		: yes
fpu_exception	: yes
cpuid level	: 13
wp		: yes
flags		: fpu vme de pse tsc msr pae mce cx8 apic sep mtrr pge mca cmov pat pse36 clflush dts acpi mmx fxsr sse sse2 ss ht tm pbe syscall nx pdpe1gb rdtscp lm constant_tsc arch_perfmon pebs bts rep_good nopl xtopology nonstop_tsc aperfmperf eagerfpu pni pclmulqdq dtes64 monitor ds_cpl vmx est tm2 ssse3 fma cx16 xtpr pdcm pcid sse4_1 sse4_2 movbe popcnt tsc_deadline_timer aes xsave avx f16c rdrand lahf_lm abm ida arat epb xsaveopt pln pts dtherm tpr_shadow vnmi flexpriority ept vpid fsgsbase tsc_adjust bmi1 avx2 smep bmi2 erms invpcid
bogomips	: 4788.85
clflush size	: 64
cache_alignment	: 64
address sizes	: 39 bits physical, 48 bits virtual
power management:

processor	: 3
vendor_id	: GenuineIntel
cpu family	: 6
model		: 69
model name	: Intel(R) Core(TM) i5-4210U CPU @ 1.70GHz
stepping	: 1
microcode	: 0x17
cpu MHz		: 1737.000
cache size	: 3072 KB
physical id	: 0
siblings	: 4
core id		: 1
cpu cores	: 2
apicid		: 3
initial apicid	: 3
fpu		: yes
fpu_exception	: yes
cpuid level	: 13
wp		: yes
flags		: fpu vme de pse tsc msr pae mce cx8 apic sep mtrr pge mca cmov pat pse36 clflush dts acpi mmx fxsr sse sse2 ss ht tm pbe syscall nx pdpe1gb rdtscp lm constant_tsc arch_perfmon pebs bts rep_good nopl xtopology nonstop_tsc aperfmperf eagerfpu pni pclmulqdq dtes64 monitor ds_cpl vmx est tm2 ssse3 fma cx16 xtpr pdcm pcid sse4_1 sse4_2 movbe popcnt tsc_deadline_timer aes xsave avx f16c rdrand lahf_lm abm ida arat epb xsaveopt pln pts dtherm tpr_shadow vnmi flexpriority ept vpid fsgsbase tsc_adjust bmi1 avx2 smep bmi2 erms invpcid
bogomips	: 4788.85
clflush size	: 64
cache_alignment	: 64
address sizes	: 39 bits physical, 48 bits virtual
power management:



Memory: 4k page, physical 3948420k(664616k free), swap 0k(0k free)

vm_info: Java HotSpot(TM) 64-Bit Server VM (25.92-b14) for linux-amd64 JRE (1.8.0_92-b14), built on Mar 31 2016 21:08:29 by "java_re" with gcc 4.3.0 20080428 (Red Hat 4.3.0-8)

time: Fri Jul  8 01:48:40 2016
elapsed time: 25 seconds (0d 0h 0m 25s)

