#
# There is insufficient memory for the Java Runtime Environment to continue.
# Native memory allocation (mmap) failed to map 72351744 bytes for committing reserved memory.
# Possible reasons:
#   The system is out of physical RAM or swap space
#   In 32 bit mode, the process size limit was hit
# Possible solutions:
#   Reduce memory load on the system
#   Increase physical memory or swap space
#   Check if swap backing store is full
#   Use 64 bit Java on a 64 bit OS
#   Decrease Java heap size (-Xmx/-Xms)
#   Decrease number of Java threads
#   Decrease Java thread stack sizes (-Xss)
#   Set larger code cache with -XX:ReservedCodeCacheSize=
# This output file may be truncated or incomplete.
#
#  Out of Memory Error (os_linux.cpp:2627), pid=17132, tid=0x00007f60f010d700
#
# JRE version: Java(TM) SE Runtime Environment (8.0_92-b14) (build 1.8.0_92-b14)
# Java VM: Java HotSpot(TM) 64-Bit Server VM (25.92-b14 mixed mode linux-amd64 compressed oops)
# Failed to write core dump. Core dumps have been disabled. To enable core dumping, try "ulimit -c unlimited" before starting Java again
#

---------------  T H R E A D  ---------------

Current thread (0x00007f6104078000):  VMThread [stack: 0x00007f60f000d000,0x00007f60f010e000] [id=17151]

Stack: [0x00007f60f000d000,0x00007f60f010e000],  sp=0x00007f60f010c320,  free space=1020k
Native frames: (J=compiled Java code, j=interpreted, Vv=VM code, C=native code)
V  [libjvm.so+0xabd65a]  VMError::report_and_die()+0x2ba
V  [libjvm.so+0x4fb4db]  report_vm_out_of_memory(char const*, int, unsigned long, VMErrorType, char const*)+0x8b
V  [libjvm.so+0x91d713]  os::Linux::commit_memory_impl(char*, unsigned long, bool)+0x103
V  [libjvm.so+0x91dc69]  os::pd_commit_memory(char*, unsigned long, unsigned long, bool)+0x29
V  [libjvm.so+0x917f6a]  os::commit_memory(char*, unsigned long, unsigned long, bool)+0x2a
V  [libjvm.so+0x98c343]  PSVirtualSpace::expand_by(unsigned long)+0x53
V  [libjvm.so+0x98d748]  PSYoungGen::resize_generation(unsigned long, unsigned long)+0xf8
V  [libjvm.so+0x98c8a2]  PSYoungGen::resize(unsigned long, unsigned long)+0x22
V  [libjvm.so+0x989b7b]  PSScavenge::invoke_no_policy()+0xf3b
V  [libjvm.so+0x98a301]  PSScavenge::invoke()+0x41
V  [libjvm.so+0x941410]  ParallelScavengeHeap::failed_mem_allocate(unsigned long)+0x70
V  [libjvm.so+0xabf077]  VM_ParallelGCFailedAllocation::doit()+0x97
V  [libjvm.so+0xac6aa5]  VM_Operation::evaluate()+0x55
V  [libjvm.so+0xac4e7a]  VMThread::evaluate_operation(VM_Operation*)+0xba
V  [libjvm.so+0xac51fe]  VMThread::loop()+0x1ce
V  [libjvm.so+0xac5670]  VMThread::run()+0x70
V  [libjvm.so+0x91fad8]  java_start(Thread*)+0x108

VM_Operation (0x00007f60eb344ce0): ParallelGCFailedAllocation, mode: safepoint, requested by thread 0x00007f6104147000


---------------  P R O C E S S  ---------------

Java Threads: ( => current thread )
  0x00007f6104149000 JavaThread "pool-2-thread-4" [_thread_blocked, id=17193, stack(0x00007f60eb145000,0x00007f60eb246000)]
  0x00007f6104147000 JavaThread "pool-2-thread-3" [_thread_blocked, id=17192, stack(0x00007f60eb246000,0x00007f60eb347000)]
  0x00007f6104146000 JavaThread "pool-2-thread-2" [_thread_blocked, id=17191, stack(0x00007f60eb347000,0x00007f60eb448000)]
  0x00007f6104139800 JavaThread "pool-3-thread-1" [_thread_blocked, id=17190, stack(0x00007f60eb448000,0x00007f60eb549000)]
  0x00007f6104137800 JavaThread "pool-2-thread-1" [_thread_blocked, id=17188, stack(0x00007f60eb549000,0x00007f60eb64a000)]
  0x00007f61040c0800 JavaThread "Service Thread" daemon [_thread_blocked, id=17168, stack(0x00007f60eb770000,0x00007f60eb871000)]
  0x00007f61040bd000 JavaThread "C1 CompilerThread2" daemon [_thread_blocked, id=17166, stack(0x00007f60eb871000,0x00007f60eb972000)]
  0x00007f61040bb800 JavaThread "C2 CompilerThread1" daemon [_thread_blocked, id=17162, stack(0x00007f60eb972000,0x00007f60eba73000)]
  0x00007f61040b8800 JavaThread "C2 CompilerThread0" daemon [_thread_blocked, id=17160, stack(0x00007f60eba73000,0x00007f60ebb74000)]
  0x00007f61040b7000 JavaThread "Signal Dispatcher" daemon [_thread_blocked, id=17158, stack(0x00007f60ebb74000,0x00007f60ebc75000)]
  0x00007f6104084800 JavaThread "Finalizer" daemon [_thread_blocked, id=17154, stack(0x00007f60ebdfe000,0x00007f60ebeff000)]
  0x00007f610407f800 JavaThread "Reference Handler" daemon [_thread_blocked, id=17153, stack(0x00007f60ebeff000,0x00007f60ec000000)]
  0x00007f610400a000 JavaThread "main" [_thread_blocked, id=17138, stack(0x00007f610a68b000,0x00007f610a78c000)]

Other Threads:
=>0x00007f6104078000 VMThread [stack: 0x00007f60f000d000,0x00007f60f010e000] [id=17151]
  0x00007f61040c3800 WatcherThread [stack: 0x00007f60eb66f000,0x00007f60eb770000] [id=17170]

VM state:at safepoint (normal execution)

VM Mutex/Monitor currently owned by a thread:  ([mutex/lock_event])
[0x00007f61040066f0] Threads_lock - owner thread: 0x00007f6104078000
[0x00007f6104006bf0] Heap_lock - owner thread: 0x00007f6104147000

Heap:
 PSYoungGen      total 73216K, used 10726K [0x00000000eab00000, 0x00000000efe00000, 0x0000000100000000)
  eden space 62464K, 0% used [0x00000000eab00000,0x00000000eab00000,0x00000000ee800000)
  from space 10752K, 99% used [0x00000000ee800000,0x00000000ef279878,0x00000000ef280000)
  to   space 9728K, 0% used [0x00000000ef280000,0x00000000ef280000,0x00000000efc00000)
 ParOldGen       total 42496K, used 18048K [0x00000000c0000000, 0x00000000c2980000, 0x00000000eab00000)
  object space 42496K, 42% used [0x00000000c0000000,0x00000000c11a0008,0x00000000c2980000)
 Metaspace       used 6063K, capacity 7024K, committed 7296K, reserved 1056768K
  class space    used 593K, capacity 616K, committed 640K, reserved 1048576K

Card table byte_map: [0x00007f60f41f5000,0x00007f60f43f6000] byte_map_base: 0x00007f60f3bf5000

Marking Bits: (ParMarkBitMap*) 0x00007f6109b884c0
 Begin Bits: [0x00007f60f1c9b000, 0x00007f60f2c9b000)
 End Bits:   [0x00007f60f2c9b000, 0x00007f60f3c9b000)

Polling page: 0x00007f610a7b4000

CodeCache: size=245760Kb used=5218Kb max_used=5218Kb free=240542Kb
 bounds [0x00007f60f47b6000, 0x00007f60f4cd6000, 0x00007f61037b6000]
 total_blobs=1668 nmethods=1400 adapters=182
 compilation: enabled

Compilation events (10 events):
Event: 5.030 Thread 0x00007f61040bd000 nmethod 1616% 0x00007f60f4cca710 code [0x00007f60f4cca8c0, 0x00007f60f4ccafb8]
Event: 5.030 Thread 0x00007f61040bd000 1593       2       com.android.dx.rop.cst.CstString::stringToUtf8Bytes (175 bytes)
Event: 5.031 Thread 0x00007f61040bd000 nmethod 1593 0x00007f60f4ccb290 code [0x00007f60f4ccb440, 0x00007f60f4ccb978]
Event: 5.031 Thread 0x00007f61040bd000 1623   !   2       com.android.dx.cf.direct.StdAttributeFactory::parseLocalVariables (274 bytes)
Event: 5.035 Thread 0x00007f61040bd000 nmethod 1623 0x00007f60f4ccbd10 code [0x00007f60f4ccc200, 0x00007f60f4ccdf28]
Event: 5.035 Thread 0x00007f61040bd000 1605       2       java.util.HashMap$HashIterator::<init> (79 bytes)
Event: 5.035 Thread 0x00007f61040bd000 nmethod 1605 0x00007f60f4cd1e10 code [0x00007f60f4cd1f80, 0x00007f60f4cd21f0]
Event: 5.035 Thread 0x00007f61040bd000 1598       2       com.android.dx.cf.code.ExecutionStack::clear (40 bytes)
Event: 5.035 Thread 0x00007f61040bd000 nmethod 1598 0x00007f60f4cd2310 code [0x00007f60f4cd24a0, 0x00007f60f4cd2788]
Event: 5.035 Thread 0x00007f61040bd000 1626       2       com.android.dx.ssa.SsaBasicBlock::insertNewPredecessor (134 bytes)

GC Heap History (10 events):
Event: 2.053 GC heap after
Heap after GC invocations=2 (full 0):
 PSYoungGen      total 18432K, used 2558K [0x00000000eab00000, 0x00000000ebf80000, 0x0000000100000000)
  eden space 15872K, 0% used [0x00000000eab00000,0x00000000eab00000,0x00000000eba80000)
  from space 2560K, 99% used [0x00000000ebd00000,0x00000000ebf7f890,0x00000000ebf80000)
  to   space 2560K, 0% used [0x00000000eba80000,0x00000000eba80000,0x00000000ebd00000)
 ParOldGen       total 42496K, used 2055K [0x00000000c0000000, 0x00000000c2980000, 0x00000000eab00000)
  object space 42496K, 4% used [0x00000000c0000000,0x00000000c0201e68,0x00000000c2980000)
 Metaspace       used 5726K, capacity 6704K, committed 6784K, reserved 1056768K
  class space    used 591K, capacity 616K, committed 640K, reserved 1048576K
}
Event: 2.645 GC heap before
{Heap before GC invocations=3 (full 0):
 PSYoungGen      total 18432K, used 18430K [0x00000000eab00000, 0x00000000ebf80000, 0x0000000100000000)
  eden space 15872K, 100% used [0x00000000eab00000,0x00000000eba80000,0x00000000eba80000)
  from space 2560K, 99% used [0x00000000ebd00000,0x00000000ebf7f890,0x00000000ebf80000)
  to   space 2560K, 0% used [0x00000000eba80000,0x00000000eba80000,0x00000000ebd00000)
 ParOldGen       total 42496K, used 2055K [0x00000000c0000000, 0x00000000c2980000, 0x00000000eab00000)
  object space 42496K, 4% used [0x00000000c0000000,0x00000000c0201e68,0x00000000c2980000)
 Metaspace       used 5829K, capacity 6768K, committed 7040K, reserved 1056768K
  class space    used 593K, capacity 616K, committed 640K, reserved 1048576K
Event: 2.666 GC heap after
Heap after GC invocations=3 (full 0):
 PSYoungGen      total 18432K, used 2553K [0x00000000eab00000, 0x00000000ecf00000, 0x0000000100000000)
  eden space 15872K, 0% used [0x00000000eab00000,0x00000000eab00000,0x00000000eba80000)
  from space 2560K, 99% used [0x00000000eba80000,0x00000000ebcfe658,0x00000000ebd00000)
  to   space 2560K, 0% used [0x00000000ecc80000,0x00000000ecc80000,0x00000000ecf00000)
 ParOldGen       total 42496K, used 4952K [0x00000000c0000000, 0x00000000c2980000, 0x00000000eab00000)
  object space 42496K, 11% used [0x00000000c0000000,0x00000000c04d63d8,0x00000000c2980000)
 Metaspace       used 5829K, capacity 6768K, committed 7040K, reserved 1056768K
  class space    used 593K, capacity 616K, committed 640K, reserved 1048576K
}
Event: 3.141 GC heap before
{Heap before GC invocations=4 (full 0):
 PSYoungGen      total 18432K, used 18425K [0x00000000eab00000, 0x00000000ecf00000, 0x0000000100000000)
  eden space 15872K, 100% used [0x00000000eab00000,0x00000000eba80000,0x00000000eba80000)
  from space 2560K, 99% used [0x00000000eba80000,0x00000000ebcfe658,0x00000000ebd00000)
  to   space 2560K, 0% used [0x00000000ecc80000,0x00000000ecc80000,0x00000000ecf00000)
 ParOldGen       total 42496K, used 4952K [0x00000000c0000000, 0x00000000c2980000, 0x00000000eab00000)
  object space 42496K, 11% used [0x00000000c0000000,0x00000000c04d63d8,0x00000000c2980000)
 Metaspace       used 5861K, capacity 6832K, committed 7040K, reserved 1056768K
  class space    used 593K, capacity 616K, committed 640K, reserved 1048576K
Event: 3.193 GC heap after
Heap after GC invocations=4 (full 0):
 PSYoungGen      total 34304K, used 2531K [0x00000000eab00000, 0x00000000ecf00000, 0x0000000100000000)
  eden space 31744K, 0% used [0x00000000eab00000,0x00000000eab00000,0x00000000eca00000)
  from space 2560K, 98% used [0x00000000ecc80000,0x00000000ecef8c88,0x00000000ecf00000)
  to   space 2560K, 0% used [0x00000000eca00000,0x00000000eca00000,0x00000000ecc80000)
 ParOldGen       total 42496K, used 7392K [0x00000000c0000000, 0x00000000c2980000, 0x00000000eab00000)
  object space 42496K, 17% used [0x00000000c0000000,0x00000000c07383d8,0x00000000c2980000)
 Metaspace       used 5861K, capacity 6832K, committed 7040K, reserved 1056768K
  class space    used 593K, capacity 616K, committed 640K, reserved 1048576K
}
Event: 3.688 GC heap before
{Heap before GC invocations=5 (full 0):
 PSYoungGen      total 34304K, used 34275K [0x00000000eab00000, 0x00000000ecf00000, 0x0000000100000000)
  eden space 31744K, 100% used [0x00000000eab00000,0x00000000eca00000,0x00000000eca00000)
  from space 2560K, 98% used [0x00000000ecc80000,0x00000000ecef8c88,0x00000000ecf00000)
  to   space 2560K, 0% used [0x00000000eca00000,0x00000000eca00000,0x00000000ecc80000)
 ParOldGen       total 42496K, used 7392K [0x00000000c0000000, 0x00000000c2980000, 0x00000000eab00000)
  object space 42496K, 17% used [0x00000000c0000000,0x00000000c07383d8,0x00000000c2980000)
 Metaspace       used 5897K, capacity 6832K, committed 7040K, reserved 1056768K
  class space    used 593K, capacity 616K, committed 640K, reserved 1048576K
Event: 3.798 GC heap after
Heap after GC invocations=5 (full 0):
 PSYoungGen      total 34304K, used 2547K [0x00000000eab00000, 0x00000000efc00000, 0x0000000100000000)
  eden space 31744K, 0% used [0x00000000eab00000,0x00000000eab00000,0x00000000eca00000)
  from space 2560K, 99% used [0x00000000eca00000,0x00000000ecc7cdf0,0x00000000ecc80000)
  to   space 9728K, 0% used [0x00000000ef280000,0x00000000ef280000,0x00000000efc00000)
 ParOldGen       total 42496K, used 12774K [0x00000000c0000000, 0x00000000c2980000, 0x00000000eab00000)
  object space 42496K, 30% used [0x00000000c0000000,0x00000000c0c79a58,0x00000000c2980000)
 Metaspace       used 5897K, capacity 6832K, committed 7040K, reserved 1056768K
  class space    used 593K, capacity 616K, committed 640K, reserved 1048576K
}
Event: 4.188 GC heap before
{Heap before GC invocations=6 (full 0):
 PSYoungGen      total 34304K, used 34291K [0x00000000eab00000, 0x00000000efc00000, 0x0000000100000000)
  eden space 31744K, 100% used [0x00000000eab00000,0x00000000eca00000,0x00000000eca00000)
  from space 2560K, 99% used [0x00000000eca00000,0x00000000ecc7cdf0,0x00000000ecc80000)
  to   space 9728K, 0% used [0x00000000ef280000,0x00000000ef280000,0x00000000efc00000)
 ParOldGen       total 42496K, used 12774K [0x00000000c0000000, 0x00000000c2980000, 0x00000000eab00000)
  object space 42496K, 30% used [0x00000000c0000000,0x00000000c0c79a58,0x00000000c2980000)
 Metaspace       used 5918K, capacity 6896K, committed 7040K, reserved 1056768K
  class space    used 593K, capacity 616K, committed 640K, reserved 1048576K
Event: 4.242 GC heap after
Heap after GC invocations=6 (full 0):
 PSYoungGen      total 72192K, used 7769K [0x00000000eab00000, 0x00000000efe00000, 0x0000000100000000)
  eden space 62464K, 0% used [0x00000000eab00000,0x00000000eab00000,0x00000000ee800000)
  from space 9728K, 79% used [0x00000000ef280000,0x00000000efa16658,0x00000000efc00000)
  to   space 10752K, 0% used [0x00000000ee800000,0x00000000ee800000,0x00000000ef280000)
 ParOldGen       total 42496K, used 12774K [0x00000000c0000000, 0x00000000c2980000, 0x00000000eab00000)
  object space 42496K, 30% used [0x00000000c0000000,0x00000000c0c79a58,0x00000000c2980000)
 Metaspace       used 5918K, capacity 6896K, committed 7040K, reserved 1056768K
  class space    used 593K, capacity 616K, committed 640K, reserved 1048576K
}
Event: 5.055 GC heap before
{Heap before GC invocations=7 (full 0):
 PSYoungGen      total 72192K, used 70233K [0x00000000eab00000, 0x00000000efe00000, 0x0000000100000000)
  eden space 62464K, 100% used [0x00000000eab00000,0x00000000ee800000,0x00000000ee800000)
  from space 9728K, 79% used [0x00000000ef280000,0x00000000efa16658,0x00000000efc00000)
  to   space 10752K, 0% used [0x00000000ee800000,0x00000000ee800000,0x00000000ef280000)
 ParOldGen       total 42496K, used 12774K [0x00000000c0000000, 0x00000000c2980000, 0x00000000eab00000)
  object space 42496K, 30% used [0x00000000c0000000,0x00000000c0c79a58,0x00000000c2980000)
 Metaspace       used 6063K, capacity 7024K, committed 7296K, reserved 1056768K
  class space    used 593K, capacity 616K, committed 640K, reserved 1048576K

Deoptimization events (10 events):
Event: 3.068 Thread 0x00007f610400a000 Uncommon trap: reason=unstable_if action=reinterpret pc=0x00007f60f4a9f984 method=com.android.dx.rop.code.RegisterSpecSet.put(Lcom/android/dx/rop/code/RegisterSpec;)V @ 77
Event: 3.239 Thread 0x00007f6104149000 Uncommon trap: reason=unstable_if action=reinterpret pc=0x00007f60f4a3b71c method=com.android.dx.rop.cst.Constant.compareTo(Lcom/android/dx/rop/cst/Constant;)I @ 12
Event: 3.465 Thread 0x00007f610400a000 Uncommon trap: reason=unstable_if action=reinterpret pc=0x00007f60f4ae4bbc method=com.android.dx.ssa.SsaMethod.updateOneDefinition(Lcom/android/dx/ssa/SsaInsn;Lcom/android/dx/rop/code/RegisterSpec;)V @ 4
Event: 3.581 Thread 0x00007f6104146000 Uncommon trap: reason=unstable_if action=reinterpret pc=0x00007f60f4a693a0 method=com.android.dx.rop.code.RegisterSpec.equals(ILcom/android/dx/rop/type/TypeBearer;Lcom/android/dx/rop/code/LocalItem;)Z @ 42
Event: 3.650 Thread 0x00007f6104147000 Uncommon trap: reason=bimorphic action=maybe_recompile pc=0x00007f60f49fcb14 method=java.util.HashMap.getNode(ILjava/lang/Object;)Ljava/util/HashMap$Node; @ 126
Event: 3.650 Thread 0x00007f6104147000 Uncommon trap: reason=bimorphic action=maybe_recompile pc=0x00007f60f49fcb14 method=java.util.HashMap.getNode(ILjava/lang/Object;)Ljava/util/HashMap$Node; @ 126
Event: 3.650 Thread 0x00007f6104147000 Uncommon trap: reason=bimorphic action=maybe_recompile pc=0x00007f60f49fcb14 method=java.util.HashMap.getNode(ILjava/lang/Object;)Ljava/util/HashMap$Node; @ 126
Event: 3.650 Thread 0x00007f6104147000 Uncommon trap: reason=bimorphic action=maybe_recompile pc=0x00007f60f49fcb14 method=java.util.HashMap.getNode(ILjava/lang/Object;)Ljava/util/HashMap$Node; @ 126
Event: 3.650 Thread 0x00007f6104147000 Uncommon trap: reason=bimorphic action=maybe_recompile pc=0x00007f60f4a08a94 method=java.util.HashMap.getNode(ILjava/lang/Object;)Ljava/util/HashMap$Node; @ 126
Event: 4.285 Thread 0x00007f6104149000 Uncommon trap: reason=unstable_if action=reinterpret pc=0x00007f60f4b0a884 method=com.android.dx.util.IntList.binarysearch(I)I @ 105

Internal exceptions (2 events):
Event: 0.140 Thread 0x00007f610400a000 Exception <a 'java/lang/NoSuchMethodError': Method sun.misc.Unsafe.defineClass(Ljava/lang/String;[BII)Ljava/lang/Class; name or signature does not match> (0x00000000eab07cc0) thrown at [/HUDSON/workspace/8-2-build-linux-amd64/jdk8u92/6642/hotspot/src/shar
Event: 0.140 Thread 0x00007f610400a000 Exception <a 'java/lang/NoSuchMethodError': Method sun.misc.Unsafe.prefetchRead(Ljava/lang/Object;J)V name or signature does not match> (0x00000000eab07fa8) thrown at [/HUDSON/workspace/8-2-build-linux-amd64/jdk8u92/6642/hotspot/src/share/vm/prims/jni.cpp

Events (10 events):
Event: 4.399 Executing VM operation: EnableBiasedLocking done
Event: 4.523 Thread 0x00007f6104147000 DEOPT PACKING pc=0x00007f60f4b5182c sp=0x00007f60eb345060
Event: 4.523 Thread 0x00007f6104147000 DEOPT UNPACKING pc=0x00007f60f47fd633 sp=0x00007f60eb344d70 mode 0
Event: 4.657 Thread 0x00007f6104149000 DEOPT PACKING pc=0x00007f60f4b28626 sp=0x00007f60eb243b10
Event: 4.657 Thread 0x00007f6104149000 DEOPT UNPACKING pc=0x00007f60f47fd633 sp=0x00007f60eb243850 mode 0
Event: 4.807 Thread 0x00007f6104147000 DEOPT PACKING pc=0x00007f60f4b5182c sp=0x00007f60eb345060
Event: 4.807 Thread 0x00007f6104147000 DEOPT UNPACKING pc=0x00007f60f47fd633 sp=0x00007f60eb344d70 mode 0
Event: 4.890 Thread 0x00007f610400a000 DEOPT PACKING pc=0x00007f60f4ac5559 sp=0x00007f610a7898c0
Event: 4.890 Thread 0x00007f610400a000 DEOPT UNPACKING pc=0x00007f60f47fd633 sp=0x00007f610a7895f8 mode 0
Event: 5.055 Executing VM operation: ParallelGCFailedAllocation


Dynamic libraries:
00400000-00401000 r-xp 00000000 08:0a 3675388                            /home/kamalnrf/Software/jdk1.8.0_92/bin/java
00600000-00601000 rw-p 00000000 08:0a 3675388                            /home/kamalnrf/Software/jdk1.8.0_92/bin/java
00986000-009a7000 rw-p 00000000 00:00 0                                  [heap]
c0000000-c2980000 rw-p 00000000 00:00 0 
c2980000-eab00000 ---p 00000000 00:00 0 
eab00000-efe00000 rw-p 00000000 00:00 0 
f4300000-100000000 ---p 00000000 00:00 0 
100000000-1000a0000 rw-p 00000000 00:00 0 
1000a0000-140000000 ---p 00000000 00:00 0 
7f60a4000000-7f60a4021000 rw-p 00000000 00:00 0 
7f60a4021000-7f60a8000000 ---p 00000000 00:00 0 
7f60a8000000-7f60a8021000 rw-p 00000000 00:00 0 
7f60a8021000-7f60ac000000 ---p 00000000 00:00 0 
7f60ac000000-7f60ac021000 rw-p 00000000 00:00 0 
7f60ac021000-7f60b0000000 ---p 00000000 00:00 0 
7f60b0000000-7f60b0021000 rw-p 00000000 00:00 0 
7f60b0021000-7f60b4000000 ---p 00000000 00:00 0 
7f60b4000000-7f60b4021000 rw-p 00000000 00:00 0 
7f60b4021000-7f60b8000000 ---p 00000000 00:00 0 
7f60b8000000-7f60b802d000 rw-p 00000000 00:00 0 
7f60b802d000-7f60bc000000 ---p 00000000 00:00 0 
7f60bc000000-7f60bc957000 rw-p 00000000 00:00 0 
7f60bc957000-7f60c0000000 ---p 00000000 00:00 0 
7f60c0000000-7f60c0021000 rw-p 00000000 00:00 0 
7f60c0021000-7f60c4000000 ---p 00000000 00:00 0 
7f60c4000000-7f60c45af000 rw-p 00000000 00:00 0 
7f60c45af000-7f60c8000000 ---p 00000000 00:00 0 
7f60c8000000-7f60c8753000 rw-p 00000000 00:00 0 
7f60c8753000-7f60cc000000 ---p 00000000 00:00 0 
7f60cc000000-7f60cc021000 rw-p 00000000 00:00 0 
7f60cc021000-7f60d0000000 ---p 00000000 00:00 0 
7f60d0000000-7f60d0021000 rw-p 00000000 00:00 0 
7f60d0021000-7f60d4000000 ---p 00000000 00:00 0 
7f60d4000000-7f60d428c000 rw-p 00000000 00:00 0 
7f60d428c000-7f60d8000000 ---p 00000000 00:00 0 
7f60d8000000-7f60d8021000 rw-p 00000000 00:00 0 
7f60d8021000-7f60dc000000 ---p 00000000 00:00 0 
7f60dc000000-7f60dc021000 rw-p 00000000 00:00 0 
7f60dc021000-7f60e0000000 ---p 00000000 00:00 0 
7f60e0000000-7f60e0021000 rw-p 00000000 00:00 0 
7f60e0021000-7f60e4000000 ---p 00000000 00:00 0 
7f60e4000000-7f60e4021000 rw-p 00000000 00:00 0 
7f60e4021000-7f60e8000000 ---p 00000000 00:00 0 
7f60eb145000-7f60eb148000 ---p 00000000 00:00 0 
7f60eb148000-7f60eb246000 rw-p 00000000 00:00 0                          [stack:17193]
7f60eb246000-7f60eb249000 ---p 00000000 00:00 0 
7f60eb249000-7f60eb347000 rw-p 00000000 00:00 0                          [stack:17192]
7f60eb347000-7f60eb34a000 ---p 00000000 00:00 0 
7f60eb34a000-7f60eb448000 rw-p 00000000 00:00 0                          [stack:17191]
7f60eb448000-7f60eb44b000 ---p 00000000 00:00 0 
7f60eb44b000-7f60eb549000 rw-p 00000000 00:00 0                          [stack:17190]
7f60eb549000-7f60eb54c000 ---p 00000000 00:00 0 
7f60eb54c000-7f60eb64a000 rw-p 00000000 00:00 0                          [stack:17188]
7f60eb64a000-7f60eb661000 r--s 00101000 08:0a 3015375                    /home/kamalnrf/Projects/AndroidApplications/Broacast/app/build/intermediates/exploded-aar/com.android.support/support-v4/24.0.0/jars/classes.jar
7f60eb661000-7f60eb66f000 r--s 000e0000 08:0a 1059118                    /home/kamalnrf/Software/DevlopmentKit/android-sdk-linux/build-tools/24.0.0/lib/dx.jar
7f60eb66f000-7f60eb670000 ---p 00000000 00:00 0 
7f60eb670000-7f60eb770000 rw-p 00000000 00:00 0                          [stack:17170]
7f60eb770000-7f60eb773000 ---p 00000000 00:00 0 
7f60eb773000-7f60eb871000 rw-p 00000000 00:00 0                          [stack:17168]
7f60eb871000-7f60eb874000 ---p 00000000 00:00 0 
7f60eb874000-7f60eb972000 rw-p 00000000 00:00 0                          [stack:17166]
7f60eb972000-7f60eb975000 ---p 00000000 00:00 0 
7f60eb975000-7f60eba73000 rw-p 00000000 00:00 0                          [stack:17162]
7f60eba73000-7f60eba76000 ---p 00000000 00:00 0 
7f60eba76000-7f60ebb74000 rw-p 00000000 00:00 0                          [stack:17160]
7f60ebb74000-7f60ebb77000 ---p 00000000 00:00 0 
7f60ebb77000-7f60ebc75000 rw-p 00000000 00:00 0                          [stack:17158]
7f60ebc75000-7f60ebdfe000 r--p 00000000 08:0a 4198184                    /usr/lib/locale/locale-archive
7f60ebdfe000-7f60ebe01000 ---p 00000000 00:00 0 
7f60ebe01000-7f60ebeff000 rw-p 00000000 00:00 0                          [stack:17154]
7f60ebeff000-7f60ebf02000 ---p 00000000 00:00 0 
7f60ebf02000-7f60ec000000 rw-p 00000000 00:00 0                          [stack:17153]
7f60ec000000-7f60ec021000 rw-p 00000000 00:00 0 
7f60ec021000-7f60f0000000 ---p 00000000 00:00 0 
7f60f000d000-7f60f000e000 ---p 00000000 00:00 0 
7f60f000e000-7f60f10c2000 rw-p 00000000 00:00 0                          [stack:17151]
7f60f10c2000-7f60f129b000 r--s 03d24000 08:0a 3938259                    /home/kamalnrf/Software/jdk1.8.0_92/jre/lib/rt.jar
7f60f129b000-7f60f191b000 rw-p 00000000 00:00 0 
7f60f191b000-7f60f1a9b000 ---p 00000000 00:00 0 
7f60f1a9b000-7f60f3c9b000 rw-p 00000000 00:00 0 
7f60f3c9b000-7f60f3c9c000 ---p 00000000 00:00 0 
7f60f3c9c000-7f60f3d9c000 rw-p 00000000 00:00 0                          [stack:17150]
7f60f3d9c000-7f60f3d9d000 ---p 00000000 00:00 0 
7f60f3d9d000-7f60f3e9d000 rw-p 00000000 00:00 0                          [stack:17149]
7f60f3e9d000-7f60f3e9e000 ---p 00000000 00:00 0 
7f60f3e9e000-7f60f3f9e000 rw-p 00000000 00:00 0                          [stack:17146]
7f60f3f9e000-7f60f3f9f000 ---p 00000000 00:00 0 
7f60f3f9f000-7f60f40b4000 rw-p 00000000 00:00 0                          [stack:17141]
7f60f40b4000-7f60f41f5000 ---p 00000000 00:00 0 
7f60f41f5000-7f60f420a000 rw-p 00000000 00:00 0 
7f60f420a000-7f60f434a000 ---p 00000000 00:00 0 
7f60f434a000-7f60f4374000 rw-p 00000000 00:00 0 
7f60f4374000-7f60f43f5000 ---p 00000000 00:00 0 
7f60f43f5000-7f60f440b000 rw-p 00000000 00:00 0 
7f60f440b000-7f60f47b6000 ---p 00000000 00:00 0 
7f60f47b6000-7f60f4cd6000 rwxp 00000000 00:00 0 
7f60f4cd6000-7f61037b6000 ---p 00000000 00:00 0 
7f61037b6000-7f61037d0000 r-xp 00000000 08:0a 3938310                    /home/kamalnrf/Software/jdk1.8.0_92/jre/lib/amd64/libzip.so
7f61037d0000-7f61039d0000 ---p 0001a000 08:0a 3938310                    /home/kamalnrf/Software/jdk1.8.0_92/jre/lib/amd64/libzip.so
7f61039d0000-7f61039d1000 rw-p 0001a000 08:0a 3938310                    /home/kamalnrf/Software/jdk1.8.0_92/jre/lib/amd64/libzip.so
7f61039d1000-7f61039dc000 r-xp 00000000 08:0a 4849681                    /lib/x86_64-linux-gnu/libnss_files-2.19.so
7f61039dc000-7f6103bdb000 ---p 0000b000 08:0a 4849681                    /lib/x86_64-linux-gnu/libnss_files-2.19.so
7f6103bdb000-7f6103bdc000 r--p 0000a000 08:0a 4849681                    /lib/x86_64-linux-gnu/libnss_files-2.19.so
7f6103bdc000-7f6103bdd000 rw-p 0000b000 08:0a 4849681                    /lib/x86_64-linux-gnu/libnss_files-2.19.so
7f6103bdd000-7f6103be7000 r-xp 00000000 08:0a 4849683                    /lib/x86_64-linux-gnu/libnss_nis-2.19.so
7f6103be7000-7f6103de6000 ---p 0000a000 08:0a 4849683                    /lib/x86_64-linux-gnu/libnss_nis-2.19.so
7f6103de6000-7f6103de7000 r--p 00009000 08:0a 4849683                    /lib/x86_64-linux-gnu/libnss_nis-2.19.so
7f6103de7000-7f6103de8000 rw-p 0000a000 08:0a 4849683                    /lib/x86_64-linux-gnu/libnss_nis-2.19.so
7f6103de8000-7f6103dfd000 r-xp 00000000 08:0a 4849678                    /lib/x86_64-linux-gnu/libnsl-2.19.so
7f6103dfd000-7f6103ffc000 ---p 00015000 08:0a 4849678                    /lib/x86_64-linux-gnu/libnsl-2.19.so
7f6103ffc000-7f6103ffd000 r--p 00014000 08:0a 4849678                    /lib/x86_64-linux-gnu/libnsl-2.19.so
7f6103ffd000-7f6103ffe000 rw-p 00015000 08:0a 4849678                    /lib/x86_64-linux-gnu/libnsl-2.19.so
7f6103ffe000-7f6104000000 rw-p 00000000 00:00 0 
7f6104000000-7f6104390000 rw-p 00000000 00:00 0 
7f6104390000-7f6108000000 ---p 00000000 00:00 0 
7f610800d000-7f6108083000 rw-p 00000000 00:00 0 
7f6108083000-7f610808a000 r-xp 00000000 08:0a 4849679                    /lib/x86_64-linux-gnu/libnss_compat-2.19.so
7f610808a000-7f6108289000 ---p 00007000 08:0a 4849679                    /lib/x86_64-linux-gnu/libnss_compat-2.19.so
7f6108289000-7f610828a000 r--p 00006000 08:0a 4849679                    /lib/x86_64-linux-gnu/libnss_compat-2.19.so
7f610828a000-7f610828b000 rw-p 00007000 08:0a 4849679                    /lib/x86_64-linux-gnu/libnss_compat-2.19.so
7f610828b000-7f61082b5000 r-xp 00000000 08:0a 3938305                    /home/kamalnrf/Software/jdk1.8.0_92/jre/lib/amd64/libjava.so
7f61082b5000-7f61084b5000 ---p 0002a000 08:0a 3938305                    /home/kamalnrf/Software/jdk1.8.0_92/jre/lib/amd64/libjava.so
7f61084b5000-7f61084b7000 rw-p 0002a000 08:0a 3938305                    /home/kamalnrf/Software/jdk1.8.0_92/jre/lib/amd64/libjava.so
7f61084b7000-7f61084c4000 r-xp 00000000 08:0a 3938309                    /home/kamalnrf/Software/jdk1.8.0_92/jre/lib/amd64/libverify.so
7f61084c4000-7f61086c4000 ---p 0000d000 08:0a 3938309                    /home/kamalnrf/Software/jdk1.8.0_92/jre/lib/amd64/libverify.so
7f61086c4000-7f61086c6000 rw-p 0000d000 08:0a 3938309                    /home/kamalnrf/Software/jdk1.8.0_92/jre/lib/amd64/libverify.so
7f61086c6000-7f61086cd000 r-xp 00000000 08:0a 4849687                    /lib/x86_64-linux-gnu/librt-2.19.so
7f61086cd000-7f61088cc000 ---p 00007000 08:0a 4849687                    /lib/x86_64-linux-gnu/librt-2.19.so
7f61088cc000-7f61088cd000 r--p 00006000 08:0a 4849687                    /lib/x86_64-linux-gnu/librt-2.19.so
7f61088cd000-7f61088ce000 rw-p 00007000 08:0a 4849687                    /lib/x86_64-linux-gnu/librt-2.19.so
7f61088ce000-7f61089ce000 r-xp 00000000 08:0a 4849676                    /lib/x86_64-linux-gnu/libm-2.19.so
7f61089ce000-7f6108bcd000 ---p 00100000 08:0a 4849676                    /lib/x86_64-linux-gnu/libm-2.19.so
7f6108bcd000-7f6108bce000 r--p 000ff000 08:0a 4849676                    /lib/x86_64-linux-gnu/libm-2.19.so
7f6108bce000-7f6108bcf000 rw-p 00100000 08:0a 4849676                    /lib/x86_64-linux-gnu/libm-2.19.so
7f6108bcf000-7f6109892000 r-xp 00000000 08:0a 4232394                    /home/kamalnrf/Software/jdk1.8.0_92/jre/lib/amd64/server/libjvm.so
7f6109892000-7f6109a91000 ---p 00cc3000 08:0a 4232394                    /home/kamalnrf/Software/jdk1.8.0_92/jre/lib/amd64/server/libjvm.so
7f6109a91000-7f6109b6a000 rw-p 00cc2000 08:0a 4232394                    /home/kamalnrf/Software/jdk1.8.0_92/jre/lib/amd64/server/libjvm.so
7f6109b6a000-7f6109bb5000 rw-p 00000000 00:00 0 
7f6109bb5000-7f6109d57000 r-xp 00000000 08:0a 4849672                    /lib/x86_64-linux-gnu/libc-2.19.so
7f6109d57000-7f6109f56000 ---p 001a2000 08:0a 4849672                    /lib/x86_64-linux-gnu/libc-2.19.so
7f6109f56000-7f6109f5a000 r--p 001a1000 08:0a 4849672                    /lib/x86_64-linux-gnu/libc-2.19.so
7f6109f5a000-7f6109f5c000 rw-p 001a5000 08:0a 4849672                    /lib/x86_64-linux-gnu/libc-2.19.so
7f6109f5c000-7f6109f60000 rw-p 00000000 00:00 0 
7f6109f60000-7f6109f63000 r-xp 00000000 08:0a 4849675                    /lib/x86_64-linux-gnu/libdl-2.19.so
7f6109f63000-7f610a162000 ---p 00003000 08:0a 4849675                    /lib/x86_64-linux-gnu/libdl-2.19.so
7f610a162000-7f610a163000 r--p 00002000 08:0a 4849675                    /lib/x86_64-linux-gnu/libdl-2.19.so
7f610a163000-7f610a164000 rw-p 00003000 08:0a 4849675                    /lib/x86_64-linux-gnu/libdl-2.19.so
7f610a164000-7f610a179000 r-xp 00000000 08:0a 4341209                    /home/kamalnrf/Software/jdk1.8.0_92/lib/amd64/jli/libjli.so
7f610a179000-7f610a379000 ---p 00015000 08:0a 4341209                    /home/kamalnrf/Software/jdk1.8.0_92/lib/amd64/jli/libjli.so
7f610a379000-7f610a37a000 rw-p 00015000 08:0a 4341209                    /home/kamalnrf/Software/jdk1.8.0_92/lib/amd64/jli/libjli.so
7f610a37a000-7f610a392000 r-xp 00000000 08:0a 4849667                    /lib/x86_64-linux-gnu/libpthread-2.19.so
7f610a392000-7f610a591000 ---p 00018000 08:0a 4849667                    /lib/x86_64-linux-gnu/libpthread-2.19.so
7f610a591000-7f610a592000 r--p 00017000 08:0a 4849667                    /lib/x86_64-linux-gnu/libpthread-2.19.so
7f610a592000-7f610a593000 rw-p 00018000 08:0a 4849667                    /lib/x86_64-linux-gnu/libpthread-2.19.so
7f610a593000-7f610a597000 rw-p 00000000 00:00 0 
7f610a597000-7f610a5b7000 r-xp 00000000 08:0a 4849669                    /lib/x86_64-linux-gnu/ld-2.19.so
7f610a5b9000-7f610a68b000 rw-p 00000000 00:00 0 
7f610a68b000-7f610a68e000 ---p 00000000 00:00 0 
7f610a68e000-7f610a790000 rw-p 00000000 00:00 0                          [stack:17138]
7f610a796000-7f610a7ab000 rw-p 00000000 00:00 0 
7f610a7ab000-7f610a7b3000 rw-s 00000000 08:0a 4462492                    /tmp/hsperfdata_kamalnrf/17132
7f610a7b3000-7f610a7b4000 rw-p 00000000 00:00 0 
7f610a7b4000-7f610a7b5000 ---p 00000000 00:00 0 
7f610a7b5000-7f610a7b7000 rw-p 00000000 00:00 0 
7f610a7b7000-7f610a7b8000 r--p 00020000 08:0a 4849669                    /lib/x86_64-linux-gnu/ld-2.19.so
7f610a7b8000-7f610a7b9000 rw-p 00021000 08:0a 4849669                    /lib/x86_64-linux-gnu/ld-2.19.so
7f610a7b9000-7f610a7ba000 rw-p 00000000 00:00 0 
7ffe8c06c000-7ffe8c08d000 rw-p 00000000 00:00 0                          [stack]
7ffe8c104000-7ffe8c106000 r-xp 00000000 00:00 0                          [vdso]
7ffe8c106000-7ffe8c108000 r--p 00000000 00:00 0                          [vvar]
ffffffffff600000-ffffffffff601000 r-xp 00000000 00:00 0                  [vsyscall]

VM Arguments:
jvm_args: -Djava.awt.headless=true -Xmx1024M -Dfile.encoding=UTF-8 -Duser.country=IN -Duser.language=en -Duser.variant 
java_command: com.android.dx.command.Main --dex --force-jumbo --num-threads=4 --multi-dex --output /home/kamalnrf/Projects/AndroidApplications/Broacast/app/build/intermediates/transforms/dex/debug/folders/1000/10/com.android.support-support-v4-24.0.0_c86590c301f21c856665e0067536fefdda85bcdd /home/kamalnrf/Projects/AndroidApplications/Broacast/app/build/intermediates/exploded-aar/com.android.support/support-v4/24.0.0/jars/classes.jar
java_class_path (initial): /home/kamalnrf/Software/DevlopmentKit/android-sdk-linux/build-tools/24.0.0/lib/dx.jar
Launcher Type: SUN_STANDARD

Environment Variables:
JAVA_HOME=/home/kamalnrf/Software/DevlopmentKit/usr/java/jdk1.8.0_91
PATH=/usr/local/bin:/usr/bin:/bin:/usr/local/games:/usr/games:/home/kamalnrf/bin:/usr/local/java/jdk1.8.0_92/bin
LD_LIBRARY_PATH=./Software/IDE/android-studio/bin:
SHELL=/bin/bash
DISPLAY=:0

Signal Handlers:
SIGSEGV: [libjvm.so+0xabdee0], sa_mask[0]=11111111011111111101111111111110, sa_flags=SA_RESTART|SA_SIGINFO
SIGBUS: [libjvm.so+0xabdee0], sa_mask[0]=11111111011111111101111111111110, sa_flags=SA_RESTART|SA_SIGINFO
SIGFPE: [libjvm.so+0x91a580], sa_mask[0]=11111111011111111101111111111110, sa_flags=SA_RESTART|SA_SIGINFO
SIGPIPE: [libjvm.so+0x91a580], sa_mask[0]=11111111011111111101111111111110, sa_flags=SA_RESTART|SA_SIGINFO
SIGXFSZ: [libjvm.so+0x91a580], sa_mask[0]=11111111011111111101111111111110, sa_flags=SA_RESTART|SA_SIGINFO
SIGILL: [libjvm.so+0x91a580], sa_mask[0]=11111111011111111101111111111110, sa_flags=SA_RESTART|SA_SIGINFO
SIGUSR1: SIG_DFL, sa_mask[0]=00000000000000000000000000000000, sa_flags=none
SIGUSR2: [libjvm.so+0x91bbb0], sa_mask[0]=00100000000000000000000000000000, sa_flags=SA_RESTART|SA_SIGINFO
SIGHUP: [libjvm.so+0x91cfb0], sa_mask[0]=11111111011111111101111111111110, sa_flags=SA_RESTART|SA_SIGINFO
SIGINT: [libjvm.so+0x91cfb0], sa_mask[0]=11111111011111111101111111111110, sa_flags=SA_RESTART|SA_SIGINFO
SIGTERM: [libjvm.so+0x91cfb0], sa_mask[0]=11111111011111111101111111111110, sa_flags=SA_RESTART|SA_SIGINFO
SIGQUIT: [libjvm.so+0x91cfb0], sa_mask[0]=11111111011111111101111111111110, sa_flags=SA_RESTART|SA_SIGINFO


---------------  S Y S T E M  ---------------

OS:PRETTY_NAME="Debian GNU/Linux 8 (jessie)"
NAME="Debian GNU/Linux"
VERSION_ID="8"
VERSION="8 (jessie)"
ID=debian
HOME_URL="http://www.debian.org/"
SUPPORT_URL="http://www.debian.org/support"
BUG_REPORT_URL="https://bugs.debian.org/"

uname:Linux 3.16.0-4-amd64 #1 SMP Debian 3.16.7-ckt25-2 (2016-04-08) x86_64
libc:glibc 2.19 NPTL 2.19 
rlimit: STACK 8192k, CORE 0k, NPROC 15083, NOFILE 65536, AS infinity
load average:3.46 1.26 0.78

/proc/meminfo:
MemTotal:        3948420 kB
MemFree:           90220 kB
MemAvailable:      33020 kB
Buffers:             804 kB
Cached:           457836 kB
SwapCached:            0 kB
Active:          3266812 kB
Inactive:         429268 kB
Active(anon):    3253196 kB
Inactive(anon):   418060 kB
Active(file):      13616 kB
Inactive(file):    11208 kB
Unevictable:         360 kB
Mlocked:             360 kB
SwapTotal:             0 kB
SwapFree:              0 kB
Dirty:               368 kB
Writeback:           184 kB
AnonPages:       3238116 kB
Mapped:           294096 kB
Shmem:            433500 kB
Slab:              73748 kB
SReclaimable:      29700 kB
SUnreclaim:        44048 kB
KernelStack:       10800 kB
PageTables:        40844 kB
NFS_Unstable:          0 kB
Bounce:                0 kB
WritebackTmp:          0 kB
CommitLimit:     1974208 kB
Committed_AS:    8027244 kB
VmallocTotal:   34359738367 kB
VmallocUsed:      543544 kB
VmallocChunk:   34359131560 kB
HardwareCorrupted:     0 kB
AnonHugePages:         0 kB
HugePages_Total:       0
HugePages_Free:        0
HugePages_Rsvd:        0
HugePages_Surp:        0
Hugepagesize:       2048 kB
DirectMap4k:       82688 kB
DirectMap2M:     2953216 kB
DirectMap1G:     1048576 kB


CPU:total 4 (2 cores per cpu, 2 threads per core) family 6 model 69 stepping 1, cmov, cx8, fxsr, mmx, sse, sse2, sse3, ssse3, sse4.1, sse4.2, popcnt, avx, avx2, aes, clmul, erms, lzcnt, ht, tsc, tscinvbit, bmi1, bmi2

/proc/cpuinfo:
processor	: 0
vendor_id	: GenuineIntel
cpu family	: 6
model		: 69
model name	: Intel(R) Core(TM) i5-4210U CPU @ 1.70GHz
stepping	: 1
microcode	: 0x17
cpu MHz		: 2654.156
cache size	: 3072 KB
physical id	: 0
siblings	: 4
core id		: 0
cpu cores	: 2
apicid		: 0
initial apicid	: 0
fpu		: yes
fpu_exception	: yes
cpuid level	: 13
wp		: yes
flags		: fpu vme de pse tsc msr pae mce cx8 apic sep mtrr pge mca cmov pat pse36 clflush dts acpi mmx fxsr sse sse2 ss ht tm pbe syscall nx pdpe1gb rdtscp lm constant_tsc arch_perfmon pebs bts rep_good nopl xtopology nonstop_tsc aperfmperf eagerfpu pni pclmulqdq dtes64 monitor ds_cpl vmx est tm2 ssse3 fma cx16 xtpr pdcm pcid sse4_1 sse4_2 movbe popcnt tsc_deadline_timer aes xsave avx f16c rdrand lahf_lm abm ida arat epb xsaveopt pln pts dtherm tpr_shadow vnmi flexpriority ept vpid fsgsbase tsc_adjust bmi1 avx2 smep bmi2 erms invpcid
bogomips	: 4789.06
clflush size	: 64
cache_alignment	: 64
address sizes	: 39 bits physical, 48 bits virtual
power management:

processor	: 1
vendor_id	: GenuineIntel
cpu family	: 6
model		: 69
model name	: Intel(R) Core(TM) i5-4210U CPU @ 1.70GHz
stepping	: 1
microcode	: 0x17
cpu MHz		: 2622.843
cache size	: 3072 KB
physical id	: 0
siblings	: 4
core id		: 0
cpu cores	: 2
apicid		: 1
initial apicid	: 1
fpu		: yes
fpu_exception	: yes
cpuid level	: 13
wp		: yes
flags		: fpu vme de pse tsc msr pae mce cx8 apic sep mtrr pge mca cmov pat pse36 clflush dts acpi mmx fxsr sse sse2 ss ht tm pbe syscall nx pdpe1gb rdtscp lm constant_tsc arch_perfmon pebs bts rep_good nopl xtopology nonstop_tsc aperfmperf eagerfpu pni pclmulqdq dtes64 monitor ds_cpl vmx est tm2 ssse3 fma cx16 xtpr pdcm pcid sse4_1 sse4_2 movbe popcnt tsc_deadline_timer aes xsave avx f16c rdrand lahf_lm abm ida arat epb xsaveopt pln pts dtherm tpr_shadow vnmi flexpriority ept vpid fsgsbase tsc_adjust bmi1 avx2 smep bmi2 erms invpcid
bogomips	: 4789.06
clflush size	: 64
cache_alignment	: 64
address sizes	: 39 bits physical, 48 bits virtual
power management:

processor	: 2
vendor_id	: GenuineIntel
cpu family	: 6
model		: 69
model name	: Intel(R) Core(TM) i5-4210U CPU @ 1.70GHz
stepping	: 1
microcode	: 0x17
cpu MHz		: 2425.406
cache size	: 3072 KB
physical id	: 0
siblings	: 4
core id		: 1
cpu cores	: 2
apicid		: 2
initial apicid	: 2
fpu		: yes
fpu_exception	: yes
cpuid level	: 13
wp		: yes
flags		: fpu vme de pse tsc msr pae mce cx8 apic sep mtrr pge mca cmov pat pse36 clflush dts acpi mmx fxsr sse sse2 ss ht tm pbe syscall nx pdpe1gb rdtscp lm constant_tsc arch_perfmon pebs bts rep_good nopl xtopology nonstop_tsc aperfmperf eagerfpu pni pclmulqdq dtes64 monitor ds_cpl vmx est tm2 ssse3 fma cx16 xtpr pdcm pcid sse4_1 sse4_2 movbe popcnt tsc_deadline_timer aes xsave avx f16c rdrand lahf_lm abm ida arat epb xsaveopt pln pts dtherm tpr_shadow vnmi flexpriority ept vpid fsgsbase tsc_adjust bmi1 avx2 smep bmi2 erms invpcid
bogomips	: 4789.06
clflush size	: 64
cache_alignment	: 64
address sizes	: 39 bits physical, 48 bits virtual
power management:

processor	: 3
vendor_id	: GenuineIntel
cpu family	: 6
model		: 69
model name	: Intel(R) Core(TM) i5-4210U CPU @ 1.70GHz
stepping	: 1
microcode	: 0x17
cpu MHz		: 940.593
cache size	: 3072 KB
physical id	: 0
siblings	: 4
core id		: 1
cpu cores	: 2
apicid		: 3
initial apicid	: 3
fpu		: yes
fpu_exception	: yes
cpuid level	: 13
wp		: yes
flags		: fpu vme de pse tsc msr pae mce cx8 apic sep mtrr pge mca cmov pat pse36 clflush dts acpi mmx fxsr sse sse2 ss ht tm pbe syscall nx pdpe1gb rdtscp lm constant_tsc arch_perfmon pebs bts rep_good nopl xtopology nonstop_tsc aperfmperf eagerfpu pni pclmulqdq dtes64 monitor ds_cpl vmx est tm2 ssse3 fma cx16 xtpr pdcm pcid sse4_1 sse4_2 movbe popcnt tsc_deadline_timer aes xsave avx f16c rdrand lahf_lm abm ida arat epb xsaveopt pln pts dtherm tpr_shadow vnmi flexpriority ept vpid fsgsbase tsc_adjust bmi1 avx2 smep bmi2 erms invpcid
bogomips	: 4789.06
clflush size	: 64
cache_alignment	: 64
address sizes	: 39 bits physical, 48 bits virtual
power management:



Memory: 4k page, physical 3948420k(90220k free), swap 0k(0k free)

vm_info: Java HotSpot(TM) 64-Bit Server VM (25.92-b14) for linux-amd64 JRE (1.8.0_92-b14), built on Mar 31 2016 21:08:29 by "java_re" with gcc 4.3.0 20080428 (Red Hat 4.3.0-8)

time: Sun Jul  3 19:54:46 2016
elapsed time: 8 seconds (0d 0h 0m 8s)

