#
# There is insufficient memory for the Java Runtime Environment to continue.
# Native memory allocation (mmap) failed to map 85458944 bytes for committing reserved memory.
# Possible reasons:
#   The system is out of physical RAM or swap space
#   In 32 bit mode, the process size limit was hit
# Possible solutions:
#   Reduce memory load on the system
#   Increase physical memory or swap space
#   Check if swap backing store is full
#   Use 64 bit Java on a 64 bit OS
#   Decrease Java heap size (-Xmx/-Xms)
#   Decrease number of Java threads
#   Decrease Java thread stack sizes (-Xss)
#   Set larger code cache with -XX:ReservedCodeCacheSize=
# This output file may be truncated or incomplete.
#
#  Out of Memory Error (os_linux.cpp:2627), pid=16197, tid=0x00007f1cfcbd2700
#
# JRE version: Java(TM) SE Runtime Environment (8.0_92-b14) (build 1.8.0_92-b14)
# Java VM: Java HotSpot(TM) 64-Bit Server VM (25.92-b14 mixed mode linux-amd64 compressed oops)
# Failed to write core dump. Core dumps have been disabled. To enable core dumping, try "ulimit -c unlimited" before starting Java again
#

---------------  T H R E A D  ---------------

Current thread (0x00007f1d14078000):  VMThread [stack: 0x00007f1cfcad2000,0x00007f1cfcbd3000] [id=16206]

Stack: [0x00007f1cfcad2000,0x00007f1cfcbd3000],  sp=0x00007f1cfcbd12a0,  free space=1020k
Native frames: (J=compiled Java code, j=interpreted, Vv=VM code, C=native code)
V  [libjvm.so+0xabd65a]  VMError::report_and_die()+0x2ba
V  [libjvm.so+0x4fb4db]  report_vm_out_of_memory(char const*, int, unsigned long, VMErrorType, char const*)+0x8b
V  [libjvm.so+0x91d713]  os::Linux::commit_memory_impl(char*, unsigned long, bool)+0x103
V  [libjvm.so+0x91dc69]  os::pd_commit_memory(char*, unsigned long, unsigned long, bool)+0x29
V  [libjvm.so+0x917f6a]  os::commit_memory(char*, unsigned long, unsigned long, bool)+0x2a
V  [libjvm.so+0x98c343]  PSVirtualSpace::expand_by(unsigned long)+0x53
V  [libjvm.so+0x98d748]  PSYoungGen::resize_generation(unsigned long, unsigned long)+0xf8
V  [libjvm.so+0x98c8a2]  PSYoungGen::resize(unsigned long, unsigned long)+0x22
V  [libjvm.so+0x989b7b]  PSScavenge::invoke_no_policy()+0xf3b
V  [libjvm.so+0x98a301]  PSScavenge::invoke()+0x41
V  [libjvm.so+0x941410]  ParallelScavengeHeap::failed_mem_allocate(unsigned long)+0x70
V  [libjvm.so+0xabf077]  VM_ParallelGCFailedAllocation::doit()+0x97
V  [libjvm.so+0xac6aa5]  VM_Operation::evaluate()+0x55
V  [libjvm.so+0xac4e7a]  VMThread::evaluate_operation(VM_Operation*)+0xba
V  [libjvm.so+0xac51fe]  VMThread::loop()+0x1ce
V  [libjvm.so+0xac5670]  VMThread::run()+0x70
V  [libjvm.so+0x91fad8]  java_start(Thread*)+0x108

VM_Operation (0x00007f1cf7efcba0): ParallelGCFailedAllocation, mode: safepoint, requested by thread 0x00007f1d1413c000


---------------  P R O C E S S  ---------------

Java Threads: ( => current thread )
  0x00007f1d1413e800 JavaThread "pool-2-thread-4" [_thread_blocked, id=16245, stack(0x00007f1cf7bfc000,0x00007f1cf7cfd000)]
  0x00007f1d1413d000 JavaThread "pool-2-thread-3" [_thread_blocked, id=16244, stack(0x00007f1cf7cfd000,0x00007f1cf7dfe000)]
  0x00007f1d1413c000 JavaThread "pool-2-thread-2" [_thread_blocked, id=16243, stack(0x00007f1cf7dfe000,0x00007f1cf7eff000)]
  0x00007f1d14139000 JavaThread "pool-3-thread-1" [_thread_blocked, id=16242, stack(0x00007f1cf7eff000,0x00007f1cf8000000)]
  0x00007f1d14137000 JavaThread "pool-2-thread-1" [_thread_blocked, id=16241, stack(0x00007f1cfc029000,0x00007f1cfc12a000)]
  0x00007f1d140c0000 JavaThread "Service Thread" daemon [_thread_blocked, id=16229, stack(0x00007f1cfc242000,0x00007f1cfc343000)]
  0x00007f1d140bd000 JavaThread "C1 CompilerThread2" daemon [_thread_blocked, id=16228, stack(0x00007f1cfc343000,0x00007f1cfc444000)]
  0x00007f1d140bb800 JavaThread "C2 CompilerThread1" daemon [_thread_blocked, id=16226, stack(0x00007f1cfc444000,0x00007f1cfc545000)]
  0x00007f1d140b8800 JavaThread "C2 CompilerThread0" daemon [_thread_in_native, id=16223, stack(0x00007f1cfc545000,0x00007f1cfc646000)]
  0x00007f1d140b7000 JavaThread "Signal Dispatcher" daemon [_thread_blocked, id=16222, stack(0x00007f1cfc646000,0x00007f1cfc747000)]
  0x00007f1d14084800 JavaThread "Finalizer" daemon [_thread_blocked, id=16210, stack(0x00007f1cfc8d0000,0x00007f1cfc9d1000)]
  0x00007f1d1407f800 JavaThread "Reference Handler" daemon [_thread_blocked, id=16208, stack(0x00007f1cfc9d1000,0x00007f1cfcad2000)]
  0x00007f1d1400a000 JavaThread "main" [_thread_blocked, id=16201, stack(0x00007f1d1b167000,0x00007f1d1b268000)]

Other Threads:
=>0x00007f1d14078000 VMThread [stack: 0x00007f1cfcad2000,0x00007f1cfcbd3000] [id=16206]
  0x00007f1d140c3000 WatcherThread [stack: 0x00007f1cfc141000,0x00007f1cfc242000] [id=16230]

VM state:at safepoint (normal execution)

VM Mutex/Monitor currently owned by a thread:  ([mutex/lock_event])
[0x00007f1d140066f0] Threads_lock - owner thread: 0x00007f1d14078000
[0x00007f1d14006bf0] Heap_lock - owner thread: 0x00007f1d1413c000

Heap:
 PSYoungGen      total 139776K, used 19950K [0x00000000eab00000, 0x00000000f4c00000, 0x0000000100000000)
  eden space 119808K, 0% used [0x00000000eab00000,0x00000000eab00000,0x00000000f2000000)
  from space 19968K, 99% used [0x00000000f2000000,0x00000000f337b860,0x00000000f3380000)
  to   space 14848K, 0% used [0x00000000f3380000,0x00000000f3380000,0x00000000f4200000)
 ParOldGen       total 42496K, used 35744K [0x00000000c0000000, 0x00000000c2980000, 0x00000000eab00000)
  object space 42496K, 84% used [0x00000000c0000000,0x00000000c22e81f8,0x00000000c2980000)
 Metaspace       used 6393K, capacity 7192K, committed 7424K, reserved 1056768K
  class space    used 614K, capacity 656K, committed 768K, reserved 1048576K

Card table byte_map: [0x00007f1d18114000,0x00007f1d18315000] byte_map_base: 0x00007f1d17b14000

Marking Bits: (ParMarkBitMap*) 0x00007f1d1a6644c0
 Begin Bits: [0x00007f1cfe000000, 0x00007f1cff000000)
 End Bits:   [0x00007f1cff000000, 0x00007f1d00000000)

Polling page: 0x00007f1d1b290000

CodeCache: size=245760Kb used=8557Kb max_used=8578Kb free=237203Kb
 bounds [0x00007f1d05000000, 0x00007f1d05870000, 0x00007f1d14000000]
 total_blobs=2373 nmethods=2104 adapters=182
 compilation: enabled

Compilation events (10 events):
Event: 43.932 Thread 0x00007f1d140bd000 2445       2       com.android.dx.rop.code.Rops::opGetStatic (97 bytes)
Event: 43.933 Thread 0x00007f1d140bd000 nmethod 2445 0x00007f1d05858c50 code [0x00007f1d05858e40, 0x00007f1d058593b8]
Event: 43.933 Thread 0x00007f1d140bd000 2446   !   2       com.android.dx.dex.file.UniformListItem::getAlignment (40 bytes)
Event: 43.933 Thread 0x00007f1d140bd000 nmethod 2446 0x00007f1d058596d0 code [0x00007f1d05859860, 0x00007f1d05859b88]
Event: 43.933 Thread 0x00007f1d140bd000 2447       1       com.android.dx.dex.file.OffsettedItem::getAlignment (5 bytes)
Event: 43.933 Thread 0x00007f1d140bd000 nmethod 2447 0x00007f1d05835310 code [0x00007f1d05835460, 0x00007f1d05835570]
Event: 43.986 Thread 0x00007f1d140bb800 nmethod 2321 0x00007f1d0585f850 code [0x00007f1d0585fd20, 0x00007f1d05862a70]
Event: 43.986 Thread 0x00007f1d140bb800 2430 %     4       com.android.dx.ssa.SsaConverter::placePhiFunctions @ 229 (394 bytes)
Event: 44.000 Thread 0x00007f1d140bd000 2449       2       com.android.dx.rop.cst.CstLiteral32::getLongBits (6 bytes)
Event: 44.001 Thread 0x00007f1d140bd000 nmethod 2449 0x00007f1d05838dd0 code [0x00007f1d05838f20, 0x00007f1d05839070]

GC Heap History (10 events):
Event: 2.956 GC heap after
Heap after GC invocations=4 (full 0):
 PSYoungGen      total 34304K, used 2546K [0x00000000eab00000, 0x00000000ecf00000, 0x0000000100000000)
  eden space 31744K, 0% used [0x00000000eab00000,0x00000000eab00000,0x00000000eca00000)
  from space 2560K, 99% used [0x00000000ecc80000,0x00000000ecefc8e8,0x00000000ecf00000)
  to   space 2560K, 0% used [0x00000000eca00000,0x00000000eca00000,0x00000000ecc80000)
 ParOldGen       total 42496K, used 7486K [0x00000000c0000000, 0x00000000c2980000, 0x00000000eab00000)
  object space 42496K, 17% used [0x00000000c0000000,0x00000000c074f8d8,0x00000000c2980000)
 Metaspace       used 5889K, capacity 6832K, committed 7040K, reserved 1056768K
  class space    used 593K, capacity 616K, committed 640K, reserved 1048576K
}
Event: 3.832 GC heap before
{Heap before GC invocations=5 (full 0):
 PSYoungGen      total 34304K, used 34290K [0x00000000eab00000, 0x00000000ecf00000, 0x0000000100000000)
  eden space 31744K, 100% used [0x00000000eab00000,0x00000000eca00000,0x00000000eca00000)
  from space 2560K, 99% used [0x00000000ecc80000,0x00000000ecefc8e8,0x00000000ecf00000)
  to   space 2560K, 0% used [0x00000000eca00000,0x00000000eca00000,0x00000000ecc80000)
 ParOldGen       total 42496K, used 7486K [0x00000000c0000000, 0x00000000c2980000, 0x00000000eab00000)
  object space 42496K, 17% used [0x00000000c0000000,0x00000000c074f8d8,0x00000000c2980000)
 Metaspace       used 5967K, capacity 6896K, committed 7040K, reserved 1056768K
  class space    used 593K, capacity 616K, committed 640K, reserved 1048576K
Event: 3.902 GC heap after
Heap after GC invocations=5 (full 0):
 PSYoungGen      total 34304K, used 2530K [0x00000000eab00000, 0x00000000efa00000, 0x0000000100000000)
  eden space 31744K, 0% used [0x00000000eab00000,0x00000000eab00000,0x00000000eca00000)
  from space 2560K, 98% used [0x00000000eca00000,0x00000000ecc78a60,0x00000000ecc80000)
  to   space 8704K, 0% used [0x00000000ef180000,0x00000000ef180000,0x00000000efa00000)
 ParOldGen       total 42496K, used 11227K [0x00000000c0000000, 0x00000000c2980000, 0x00000000eab00000)
  object space 42496K, 26% used [0x00000000c0000000,0x00000000c0af6f20,0x00000000c2980000)
 Metaspace       used 5967K, capacity 6896K, committed 7040K, reserved 1056768K
  class space    used 593K, capacity 616K, committed 640K, reserved 1048576K
}
Event: 4.365 GC heap before
{Heap before GC invocations=6 (full 0):
 PSYoungGen      total 34304K, used 34274K [0x00000000eab00000, 0x00000000efa00000, 0x0000000100000000)
  eden space 31744K, 100% used [0x00000000eab00000,0x00000000eca00000,0x00000000eca00000)
  from space 2560K, 98% used [0x00000000eca00000,0x00000000ecc78a60,0x00000000ecc80000)
  to   space 8704K, 0% used [0x00000000ef180000,0x00000000ef180000,0x00000000efa00000)
 ParOldGen       total 42496K, used 11227K [0x00000000c0000000, 0x00000000c2980000, 0x00000000eab00000)
  object space 42496K, 26% used [0x00000000c0000000,0x00000000c0af6f20,0x00000000c2980000)
 Metaspace       used 5992K, capacity 6960K, committed 7040K, reserved 1056768K
  class space    used 593K, capacity 616K, committed 640K, reserved 1048576K
Event: 4.428 GC heap after
Heap after GC invocations=6 (full 0):
 PSYoungGen      total 71168K, used 7560K [0x00000000eab00000, 0x00000000efc00000, 0x0000000100000000)
  eden space 62464K, 0% used [0x00000000eab00000,0x00000000eab00000,0x00000000ee800000)
  from space 8704K, 86% used [0x00000000ef180000,0x00000000ef8e22c8,0x00000000efa00000)
  to   space 9728K, 0% used [0x00000000ee800000,0x00000000ee800000,0x00000000ef180000)
 ParOldGen       total 42496K, used 11227K [0x00000000c0000000, 0x00000000c2980000, 0x00000000eab00000)
  object space 42496K, 26% used [0x00000000c0000000,0x00000000c0af6f20,0x00000000c2980000)
 Metaspace       used 5992K, capacity 6960K, committed 7040K, reserved 1056768K
  class space    used 593K, capacity 616K, committed 640K, reserved 1048576K
}
Event: 5.101 GC heap before
{Heap before GC invocations=7 (full 0):
 PSYoungGen      total 71168K, used 70024K [0x00000000eab00000, 0x00000000efc00000, 0x0000000100000000)
  eden space 62464K, 100% used [0x00000000eab00000,0x00000000ee800000,0x00000000ee800000)
  from space 8704K, 86% used [0x00000000ef180000,0x00000000ef8e22c8,0x00000000efa00000)
  to   space 9728K, 0% used [0x00000000ee800000,0x00000000ee800000,0x00000000ef180000)
 ParOldGen       total 42496K, used 11227K [0x00000000c0000000, 0x00000000c2980000, 0x00000000eab00000)
  object space 42496K, 26% used [0x00000000c0000000,0x00000000c0af6f20,0x00000000c2980000)
 Metaspace       used 6011K, capacity 6960K, committed 7040K, reserved 1056768K
  class space    used 593K, capacity 616K, committed 640K, reserved 1048576K
Event: 5.189 GC heap after
Heap after GC invocations=7 (full 0):
 PSYoungGen      total 72192K, used 9701K [0x00000000eab00000, 0x00000000f4200000, 0x0000000100000000)
  eden space 62464K, 0% used [0x00000000eab00000,0x00000000eab00000,0x00000000ee800000)
  from space 9728K, 99% used [0x00000000ee800000,0x00000000ef1794d8,0x00000000ef180000)
  to   space 14848K, 0% used [0x00000000f3380000,0x00000000f3380000,0x00000000f4200000)
 ParOldGen       total 42496K, used 18492K [0x00000000c0000000, 0x00000000c2980000, 0x00000000eab00000)
  object space 42496K, 43% used [0x00000000c0000000,0x00000000c120f1e0,0x00000000c2980000)
 Metaspace       used 6011K, capacity 6960K, committed 7040K, reserved 1056768K
  class space    used 593K, capacity 616K, committed 640K, reserved 1048576K
}
Event: 5.751 GC heap before
{Heap before GC invocations=8 (full 0):
 PSYoungGen      total 72192K, used 72165K [0x00000000eab00000, 0x00000000f4200000, 0x0000000100000000)
  eden space 62464K, 100% used [0x00000000eab00000,0x00000000ee800000,0x00000000ee800000)
  from space 9728K, 99% used [0x00000000ee800000,0x00000000ef1794d8,0x00000000ef180000)
  to   space 14848K, 0% used [0x00000000f3380000,0x00000000f3380000,0x00000000f4200000)
 ParOldGen       total 42496K, used 18492K [0x00000000c0000000, 0x00000000c2980000, 0x00000000eab00000)
  object space 42496K, 43% used [0x00000000c0000000,0x00000000c120f1e0,0x00000000c2980000)
 Metaspace       used 6085K, capacity 7024K, committed 7296K, reserved 1056768K
  class space    used 594K, capacity 616K, committed 640K, reserved 1048576K
Event: 5.814 GC heap after
Heap after GC invocations=8 (full 0):
 PSYoungGen      total 134656K, used 14816K [0x00000000eab00000, 0x00000000f4c00000, 0x0000000100000000)
  eden space 119808K, 0% used [0x00000000eab00000,0x00000000eab00000,0x00000000f2000000)
  from space 14848K, 99% used [0x00000000f3380000,0x00000000f41f8020,0x00000000f4200000)
  to   space 19968K, 0% used [0x00000000f2000000,0x00000000f2000000,0x00000000f3380000)
 ParOldGen       total 42496K, used 23278K [0x00000000c0000000, 0x00000000c2980000, 0x00000000eab00000)
  object space 42496K, 54% used [0x00000000c0000000,0x00000000c16bb8d8,0x00000000c2980000)
 Metaspace       used 6085K, capacity 7024K, committed 7296K, reserved 1056768K
  class space    used 594K, capacity 616K, committed 640K, reserved 1048576K
}
Event: 44.022 GC heap before
{Heap before GC invocations=9 (full 0):
 PSYoungGen      total 134656K, used 134624K [0x00000000eab00000, 0x00000000f4c00000, 0x0000000100000000)
  eden space 119808K, 100% used [0x00000000eab00000,0x00000000f2000000,0x00000000f2000000)
  from space 14848K, 99% used [0x00000000f3380000,0x00000000f41f8020,0x00000000f4200000)
  to   space 19968K, 0% used [0x00000000f2000000,0x00000000f2000000,0x00000000f3380000)
 ParOldGen       total 42496K, used 23278K [0x00000000c0000000, 0x00000000c2980000, 0x00000000eab00000)
  object space 42496K, 54% used [0x00000000c0000000,0x00000000c16bb8d8,0x00000000c2980000)
 Metaspace       used 6393K, capacity 7192K, committed 7424K, reserved 1056768K
  class space    used 614K, capacity 656K, committed 768K, reserved 1048576K

Deoptimization events (10 events):
Event: 42.489 Thread 0x00007f1d1413e800 Uncommon trap: reason=class_check action=maybe_recompile pc=0x00007f1d05680dd4 method=com.android.dx.ssa.LiteralOpUpgrader.isConstIntZeroOrKnownNull(Lcom/android/dx/rop/code/RegisterSpec;)Z @ 13
Event: 42.489 Thread 0x00007f1d1413e800 Uncommon trap: reason=class_check action=maybe_recompile pc=0x00007f1d05680dd4 method=com.android.dx.ssa.LiteralOpUpgrader.isConstIntZeroOrKnownNull(Lcom/android/dx/rop/code/RegisterSpec;)Z @ 13
Event: 42.503 Thread 0x00007f1d1413c000 Uncommon trap: reason=bimorphic action=maybe_recompile pc=0x00007f1d055d29d8 method=com.android.dx.ssa.LiteralOpUpgrader.tryReplacingWithConstant(Lcom/android/dx/ssa/NormalSsaInsn;)Z @ 62
Event: 42.505 Thread 0x00007f1d1413c000 Uncommon trap: reason=unstable_if action=reinterpret pc=0x00007f1d05680bac method=com.android.dx.ssa.LiteralOpUpgrader$1.visitNonMoveInsn(Lcom/android/dx/ssa/NormalSsaInsn;)V @ 24
Event: 42.509 Thread 0x00007f1d1413c000 Uncommon trap: reason=bimorphic action=maybe_recompile pc=0x00007f1d055d29d8 method=com.android.dx.ssa.LiteralOpUpgrader.tryReplacingWithConstant(Lcom/android/dx/ssa/NormalSsaInsn;)Z @ 62
Event: 43.076 Thread 0x00007f1d1413e800 Uncommon trap: reason=unstable_if action=reinterpret pc=0x00007f1d056b4344 method=com.android.dx.ssa.SsaMethod.getExitBlock()Lcom/android/dx/ssa/SsaBasicBlock; @ 4
Event: 43.076 Thread 0x00007f1d1413e800 Uncommon trap: reason=unstable_if action=reinterpret pc=0x00007f1d05222918 method=com.android.dx.ssa.SsaMethod.getExitBlock()Lcom/android/dx/ssa/SsaBasicBlock; @ 4
Event: 43.077 Thread 0x00007f1d1413e800 Uncommon trap: reason=unstable_if action=reinterpret pc=0x00007f1d057e6508 method=com.android.dx.ssa.SsaMethod.getExitBlock()Lcom/android/dx/ssa/SsaBasicBlock; @ 4
Event: 43.100 Thread 0x00007f1d1413c000 Uncommon trap: reason=unstable_if action=reinterpret pc=0x00007f1d0578658c method=com.android.dx.cf.code.ExecutionStack.push(Lcom/android/dx/rop/type/TypeBearer;)V @ 58
Event: 43.116 Thread 0x00007f1d1413d000 Uncommon trap: reason=unstable_if action=reinterpret pc=0x00007f1d056a49d8 method=java.util.HashMap.getNode(ILjava/lang/Object;)Ljava/util/HashMap$Node; @ 84

Internal exceptions (6 events):
Event: 0.213 Thread 0x00007f1d1400a000 Exception <a 'java/lang/NoSuchMethodError': Method sun.misc.Unsafe.defineClass(Ljava/lang/String;[BII)Ljava/lang/Class; name or signature does not match> (0x00000000eab07cc0) thrown at [/HUDSON/workspace/8-2-build-linux-amd64/jdk8u92/6642/hotspot/src/shar
Event: 0.213 Thread 0x00007f1d1400a000 Exception <a 'java/lang/NoSuchMethodError': Method sun.misc.Unsafe.prefetchRead(Ljava/lang/Object;J)V name or signature does not match> (0x00000000eab07fa8) thrown at [/HUDSON/workspace/8-2-build-linux-amd64/jdk8u92/6642/hotspot/src/share/vm/prims/jni.cpp
Event: 1.798 Thread 0x00007f1d1400a000 Implicit null exception at 0x00007f1d0523dea2 to 0x00007f1d0523dfad
Event: 7.112 Thread 0x00007f1d14137000 Exception <a 'java/lang/ArrayIndexOutOfBoundsException': 18> (0x00000000ecda06c8) thrown at [/HUDSON/workspace/8-2-build-linux-amd64/jdk8u92/6642/hotspot/src/share/vm/interpreter/interpreterRuntime.cpp, line 366]
Event: 7.112 Thread 0x00007f1d14137000 Exception <a 'java/lang/ArrayIndexOutOfBoundsException': 145> (0x00000000ecda2248) thrown at [/HUDSON/workspace/8-2-build-linux-amd64/jdk8u92/6642/hotspot/src/share/vm/interpreter/interpreterRuntime.cpp, line 366]
Event: 7.597 Thread 0x00007f1d14137000 Exception <a 'java/lang/ArrayIndexOutOfBoundsException'> (0x00000000ecda3530) thrown at [/HUDSON/workspace/8-2-build-linux-amd64/jdk8u92/6642/hotspot/src/share/vm/runtime/sharedRuntime.cpp, line 605]

Events (10 events):
Event: 43.634 Thread 0x00007f1d1413c000 DEOPT UNPACKING pc=0x00007f1d05047633 sp=0x00007f1cf7efca88 mode 0
Event: 43.644 Thread 0x00007f1d1413d000 DEOPT PACKING pc=0x00007f1d05360688 sp=0x00007f1cf7dfbb50
Event: 43.644 Thread 0x00007f1d1413d000 DEOPT UNPACKING pc=0x00007f1d05047633 sp=0x00007f1cf7dfb8d8 mode 0
Event: 43.912 Thread 0x00007f1d1413c000 DEOPT PACKING pc=0x00007f1d0534a699 sp=0x00007f1cf7efcef0
Event: 43.912 Thread 0x00007f1d1413c000 DEOPT UNPACKING pc=0x00007f1d05047633 sp=0x00007f1cf7efcc28 mode 0
Event: 43.915 Thread 0x00007f1d1413e800 DEOPT PACKING pc=0x00007f1d05293b6d sp=0x00007f1cf7cfaaf0
Event: 43.915 Thread 0x00007f1d1413e800 DEOPT UNPACKING pc=0x00007f1d05047633 sp=0x00007f1cf7cfa878 mode 0
Event: 43.930 Thread 0x00007f1d1413e800 DEOPT PACKING pc=0x00007f1d05293087 sp=0x00007f1cf7cfac20
Event: 43.930 Thread 0x00007f1d1413e800 DEOPT UNPACKING pc=0x00007f1d05047633 sp=0x00007f1cf7cfa988 mode 0
Event: 44.003 Executing VM operation: ParallelGCFailedAllocation


Dynamic libraries:
00400000-00401000 r-xp 00000000 08:0a 3675388                            /home/kamalnrf/Software/jdk1.8.0_92/bin/java
00600000-00601000 rw-p 00000000 08:0a 3675388                            /home/kamalnrf/Software/jdk1.8.0_92/bin/java
0251d000-0253e000 rw-p 00000000 00:00 0                                  [heap]
c0000000-c2980000 rw-p 00000000 00:00 0 
c2980000-eab00000 ---p 00000000 00:00 0 
eab00000-f4c00000 rw-p 00000000 00:00 0 
f9d80000-100000000 ---p 00000000 00:00 0 
100000000-1000c0000 rw-p 00000000 00:00 0 
1000c0000-140000000 ---p 00000000 00:00 0 
7f1cb0000000-7f1cb0021000 rw-p 00000000 00:00 0 
7f1cb0021000-7f1cb4000000 ---p 00000000 00:00 0 
7f1cb8000000-7f1cb803a000 rw-p 00000000 00:00 0 
7f1cb803a000-7f1cbc000000 ---p 00000000 00:00 0 
7f1cbc000000-7f1cbc021000 rw-p 00000000 00:00 0 
7f1cbc021000-7f1cc0000000 ---p 00000000 00:00 0 
7f1cc0000000-7f1cc0035000 rw-p 00000000 00:00 0 
7f1cc0035000-7f1cc4000000 ---p 00000000 00:00 0 
7f1cc4000000-7f1cc4021000 rw-p 00000000 00:00 0 
7f1cc4021000-7f1cc8000000 ---p 00000000 00:00 0 
7f1cc8000000-7f1cc8021000 rw-p 00000000 00:00 0 
7f1cc8021000-7f1ccc000000 ---p 00000000 00:00 0 
7f1ccc000000-7f1ccc021000 rw-p 00000000 00:00 0 
7f1ccc021000-7f1cd0000000 ---p 00000000 00:00 0 
7f1cd0000000-7f1cd0f70000 rw-p 00000000 00:00 0 
7f1cd0f70000-7f1cd4000000 ---p 00000000 00:00 0 
7f1cd4000000-7f1cd4815000 rw-p 00000000 00:00 0 
7f1cd4815000-7f1cd8000000 ---p 00000000 00:00 0 
7f1cd8000000-7f1cd8021000 rw-p 00000000 00:00 0 
7f1cd8021000-7f1cdc000000 ---p 00000000 00:00 0 
7f1cdc000000-7f1cdd1da000 rw-p 00000000 00:00 0 
7f1cdd1da000-7f1ce0000000 ---p 00000000 00:00 0 
7f1ce0000000-7f1ce0021000 rw-p 00000000 00:00 0 
7f1ce0021000-7f1ce4000000 ---p 00000000 00:00 0 
7f1ce4000000-7f1ce4021000 rw-p 00000000 00:00 0 
7f1ce4021000-7f1ce8000000 ---p 00000000 00:00 0 
7f1ce8000000-7f1ce8021000 rw-p 00000000 00:00 0 
7f1ce8021000-7f1cec000000 ---p 00000000 00:00 0 
7f1cec000000-7f1cec28e000 rw-p 00000000 00:00 0 
7f1cec28e000-7f1cf0000000 ---p 00000000 00:00 0 
7f1cf0000000-7f1cf0021000 rw-p 00000000 00:00 0 
7f1cf0021000-7f1cf4000000 ---p 00000000 00:00 0 
7f1cf7bfc000-7f1cf7bff000 ---p 00000000 00:00 0 
7f1cf7bff000-7f1cf7cfd000 rw-p 00000000 00:00 0                          [stack:16245]
7f1cf7cfd000-7f1cf7d00000 ---p 00000000 00:00 0 
7f1cf7d00000-7f1cf7dfe000 rw-p 00000000 00:00 0                          [stack:16244]
7f1cf7dfe000-7f1cf7e01000 ---p 00000000 00:00 0 
7f1cf7e01000-7f1cf7eff000 rw-p 00000000 00:00 0                          [stack:16243]
7f1cf7eff000-7f1cf7f02000 ---p 00000000 00:00 0 
7f1cf7f02000-7f1cf8000000 rw-p 00000000 00:00 0                          [stack:16242]
7f1cf8000000-7f1cf8021000 rw-p 00000000 00:00 0 
7f1cf8021000-7f1cfc000000 ---p 00000000 00:00 0 
7f1cfc029000-7f1cfc02c000 ---p 00000000 00:00 0 
7f1cfc02c000-7f1cfc12a000 rw-p 00000000 00:00 0                          [stack:16241]
7f1cfc12a000-7f1cfc141000 r--s 00101000 08:0a 3015371                    /home/kamalnrf/Projects/AndroidApplications/Broacast/app/build/intermediates/exploded-aar/com.android.support/support-v4/24.0.0/jars/classes.jar
7f1cfc141000-7f1cfc142000 ---p 00000000 00:00 0 
7f1cfc142000-7f1cfc242000 rw-p 00000000 00:00 0                          [stack:16230]
7f1cfc242000-7f1cfc245000 ---p 00000000 00:00 0 
7f1cfc245000-7f1cfc343000 rw-p 00000000 00:00 0                          [stack:16229]
7f1cfc343000-7f1cfc346000 ---p 00000000 00:00 0 
7f1cfc346000-7f1cfc444000 rw-p 00000000 00:00 0                          [stack:16228]
7f1cfc444000-7f1cfc447000 ---p 00000000 00:00 0 
7f1cfc447000-7f1cfc545000 rw-p 00000000 00:00 0                          [stack:16226]
7f1cfc545000-7f1cfc548000 ---p 00000000 00:00 0 
7f1cfc548000-7f1cfc646000 rw-p 00000000 00:00 0                          [stack:16223]
7f1cfc646000-7f1cfc649000 ---p 00000000 00:00 0 
7f1cfc649000-7f1cfc747000 rw-p 00000000 00:00 0                          [stack:16222]
7f1cfc747000-7f1cfc8d0000 r--p 00000000 08:0a 4198184                    /usr/lib/locale/locale-archive
7f1cfc8d0000-7f1cfc8d3000 ---p 00000000 00:00 0 
7f1cfc8d3000-7f1cfc9d1000 rw-p 00000000 00:00 0                          [stack:16210]
7f1cfc9d1000-7f1cfc9d4000 ---p 00000000 00:00 0 
7f1cfc9d4000-7f1cfcad2000 rw-p 00000000 00:00 0                          [stack:16208]
7f1cfcad2000-7f1cfcad3000 ---p 00000000 00:00 0 
7f1cfcad3000-7f1cfde80000 rw-p 00000000 00:00 0                          [stack:16206]
7f1cfde80000-7f1cfe000000 ---p 00000000 00:00 0 
7f1cfe000000-7f1d00000000 rw-p 00000000 00:00 0 
7f1d00000000-7f1d00021000 rw-p 00000000 00:00 0 
7f1d00021000-7f1d04000000 ---p 00000000 00:00 0 
7f1d04011000-7f1d04398000 rw-p 00000000 00:00 0 
7f1d04398000-7f1d04571000 r--s 03d24000 08:0a 3938259                    /home/kamalnrf/Software/jdk1.8.0_92/jre/lib/rt.jar
7f1d04571000-7f1d047e7000 rw-p 00000000 00:00 0 
7f1d047e7000-7f1d047e8000 ---p 00000000 00:00 0 
7f1d047e8000-7f1d048e8000 rw-p 00000000 00:00 0                          [stack:16205]
7f1d048e8000-7f1d048e9000 ---p 00000000 00:00 0 
7f1d048e9000-7f1d049e9000 rw-p 00000000 00:00 0                          [stack:16204]
7f1d049e9000-7f1d049ea000 ---p 00000000 00:00 0 
7f1d049ea000-7f1d04aff000 rw-p 00000000 00:00 0                          [stack:16203]
7f1d04aff000-7f1d04c40000 ---p 00000000 00:00 0 
7f1d04c40000-7f1d04c62000 rw-p 00000000 00:00 0 
7f1d04c62000-7f1d05000000 ---p 00000000 00:00 0 
7f1d05000000-7f1d05870000 rwxp 00000000 00:00 0 
7f1d05870000-7f1d14000000 ---p 00000000 00:00 0 
7f1d14000000-7f1d14390000 rw-p 00000000 00:00 0 
7f1d14390000-7f1d18000000 ---p 00000000 00:00 0 
7f1d18005000-7f1d18013000 r--s 000e0000 08:0a 1059118                    /home/kamalnrf/Software/DevlopmentKit/android-sdk-linux/build-tools/24.0.0/lib/dx.jar
7f1d18013000-7f1d18014000 ---p 00000000 00:00 0 
7f1d18014000-7f1d18129000 rw-p 00000000 00:00 0                          [stack:16202]
7f1d18129000-7f1d18269000 ---p 00000000 00:00 0 
7f1d18269000-7f1d182ba000 rw-p 00000000 00:00 0 
7f1d182ba000-7f1d18314000 ---p 00000000 00:00 0 
7f1d18314000-7f1d18315000 rw-p 00000000 00:00 0 
7f1d18315000-7f1d1832f000 r-xp 00000000 08:0a 3938310                    /home/kamalnrf/Software/jdk1.8.0_92/jre/lib/amd64/libzip.so
7f1d1832f000-7f1d1852f000 ---p 0001a000 08:0a 3938310                    /home/kamalnrf/Software/jdk1.8.0_92/jre/lib/amd64/libzip.so
7f1d1852f000-7f1d18530000 rw-p 0001a000 08:0a 3938310                    /home/kamalnrf/Software/jdk1.8.0_92/jre/lib/amd64/libzip.so
7f1d18530000-7f1d1853b000 r-xp 00000000 08:0a 4849681                    /lib/x86_64-linux-gnu/libnss_files-2.19.so
7f1d1853b000-7f1d1873a000 ---p 0000b000 08:0a 4849681                    /lib/x86_64-linux-gnu/libnss_files-2.19.so
7f1d1873a000-7f1d1873b000 r--p 0000a000 08:0a 4849681                    /lib/x86_64-linux-gnu/libnss_files-2.19.so
7f1d1873b000-7f1d1873c000 rw-p 0000b000 08:0a 4849681                    /lib/x86_64-linux-gnu/libnss_files-2.19.so
7f1d1873c000-7f1d18746000 r-xp 00000000 08:0a 4849683                    /lib/x86_64-linux-gnu/libnss_nis-2.19.so
7f1d18746000-7f1d18945000 ---p 0000a000 08:0a 4849683                    /lib/x86_64-linux-gnu/libnss_nis-2.19.so
7f1d18945000-7f1d18946000 r--p 00009000 08:0a 4849683                    /lib/x86_64-linux-gnu/libnss_nis-2.19.so
7f1d18946000-7f1d18947000 rw-p 0000a000 08:0a 4849683                    /lib/x86_64-linux-gnu/libnss_nis-2.19.so
7f1d18947000-7f1d1895c000 r-xp 00000000 08:0a 4849678                    /lib/x86_64-linux-gnu/libnsl-2.19.so
7f1d1895c000-7f1d18b5b000 ---p 00015000 08:0a 4849678                    /lib/x86_64-linux-gnu/libnsl-2.19.so
7f1d18b5b000-7f1d18b5c000 r--p 00014000 08:0a 4849678                    /lib/x86_64-linux-gnu/libnsl-2.19.so
7f1d18b5c000-7f1d18b5d000 rw-p 00015000 08:0a 4849678                    /lib/x86_64-linux-gnu/libnsl-2.19.so
7f1d18b5d000-7f1d18b5f000 rw-p 00000000 00:00 0 
7f1d18b5f000-7f1d18b66000 r-xp 00000000 08:0a 4849679                    /lib/x86_64-linux-gnu/libnss_compat-2.19.so
7f1d18b66000-7f1d18d65000 ---p 00007000 08:0a 4849679                    /lib/x86_64-linux-gnu/libnss_compat-2.19.so
7f1d18d65000-7f1d18d66000 r--p 00006000 08:0a 4849679                    /lib/x86_64-linux-gnu/libnss_compat-2.19.so
7f1d18d66000-7f1d18d67000 rw-p 00007000 08:0a 4849679                    /lib/x86_64-linux-gnu/libnss_compat-2.19.so
7f1d18d67000-7f1d18d91000 r-xp 00000000 08:0a 3938305                    /home/kamalnrf/Software/jdk1.8.0_92/jre/lib/amd64/libjava.so
7f1d18d91000-7f1d18f91000 ---p 0002a000 08:0a 3938305                    /home/kamalnrf/Software/jdk1.8.0_92/jre/lib/amd64/libjava.so
7f1d18f91000-7f1d18f93000 rw-p 0002a000 08:0a 3938305                    /home/kamalnrf/Software/jdk1.8.0_92/jre/lib/amd64/libjava.so
7f1d18f93000-7f1d18fa0000 r-xp 00000000 08:0a 3938309                    /home/kamalnrf/Software/jdk1.8.0_92/jre/lib/amd64/libverify.so
7f1d18fa0000-7f1d191a0000 ---p 0000d000 08:0a 3938309                    /home/kamalnrf/Software/jdk1.8.0_92/jre/lib/amd64/libverify.so
7f1d191a0000-7f1d191a2000 rw-p 0000d000 08:0a 3938309                    /home/kamalnrf/Software/jdk1.8.0_92/jre/lib/amd64/libverify.so
7f1d191a2000-7f1d191a9000 r-xp 00000000 08:0a 4849687                    /lib/x86_64-linux-gnu/librt-2.19.so
7f1d191a9000-7f1d193a8000 ---p 00007000 08:0a 4849687                    /lib/x86_64-linux-gnu/librt-2.19.so
7f1d193a8000-7f1d193a9000 r--p 00006000 08:0a 4849687                    /lib/x86_64-linux-gnu/librt-2.19.so
7f1d193a9000-7f1d193aa000 rw-p 00007000 08:0a 4849687                    /lib/x86_64-linux-gnu/librt-2.19.so
7f1d193aa000-7f1d194aa000 r-xp 00000000 08:0a 4849676                    /lib/x86_64-linux-gnu/libm-2.19.so
7f1d194aa000-7f1d196a9000 ---p 00100000 08:0a 4849676                    /lib/x86_64-linux-gnu/libm-2.19.so
7f1d196a9000-7f1d196aa000 r--p 000ff000 08:0a 4849676                    /lib/x86_64-linux-gnu/libm-2.19.so
7f1d196aa000-7f1d196ab000 rw-p 00100000 08:0a 4849676                    /lib/x86_64-linux-gnu/libm-2.19.so
7f1d196ab000-7f1d1a36e000 r-xp 00000000 08:0a 4232394                    /home/kamalnrf/Software/jdk1.8.0_92/jre/lib/amd64/server/libjvm.so
7f1d1a36e000-7f1d1a56d000 ---p 00cc3000 08:0a 4232394                    /home/kamalnrf/Software/jdk1.8.0_92/jre/lib/amd64/server/libjvm.so
7f1d1a56d000-7f1d1a646000 rw-p 00cc2000 08:0a 4232394                    /home/kamalnrf/Software/jdk1.8.0_92/jre/lib/amd64/server/libjvm.so
7f1d1a646000-7f1d1a691000 rw-p 00000000 00:00 0 
7f1d1a691000-7f1d1a833000 r-xp 00000000 08:0a 4849672                    /lib/x86_64-linux-gnu/libc-2.19.so
7f1d1a833000-7f1d1aa32000 ---p 001a2000 08:0a 4849672                    /lib/x86_64-linux-gnu/libc-2.19.so
7f1d1aa32000-7f1d1aa36000 r--p 001a1000 08:0a 4849672                    /lib/x86_64-linux-gnu/libc-2.19.so
7f1d1aa36000-7f1d1aa38000 rw-p 001a5000 08:0a 4849672                    /lib/x86_64-linux-gnu/libc-2.19.so
7f1d1aa38000-7f1d1aa3c000 rw-p 00000000 00:00 0 
7f1d1aa3c000-7f1d1aa3f000 r-xp 00000000 08:0a 4849675                    /lib/x86_64-linux-gnu/libdl-2.19.so
7f1d1aa3f000-7f1d1ac3e000 ---p 00003000 08:0a 4849675                    /lib/x86_64-linux-gnu/libdl-2.19.so
7f1d1ac3e000-7f1d1ac3f000 r--p 00002000 08:0a 4849675                    /lib/x86_64-linux-gnu/libdl-2.19.so
7f1d1ac3f000-7f1d1ac40000 rw-p 00003000 08:0a 4849675                    /lib/x86_64-linux-gnu/libdl-2.19.so
7f1d1ac40000-7f1d1ac55000 r-xp 00000000 08:0a 4341209                    /home/kamalnrf/Software/jdk1.8.0_92/lib/amd64/jli/libjli.so
7f1d1ac55000-7f1d1ae55000 ---p 00015000 08:0a 4341209                    /home/kamalnrf/Software/jdk1.8.0_92/lib/amd64/jli/libjli.so
7f1d1ae55000-7f1d1ae56000 rw-p 00015000 08:0a 4341209                    /home/kamalnrf/Software/jdk1.8.0_92/lib/amd64/jli/libjli.so
7f1d1ae56000-7f1d1ae6e000 r-xp 00000000 08:0a 4849667                    /lib/x86_64-linux-gnu/libpthread-2.19.so
7f1d1ae6e000-7f1d1b06d000 ---p 00018000 08:0a 4849667                    /lib/x86_64-linux-gnu/libpthread-2.19.so
7f1d1b06d000-7f1d1b06e000 r--p 00017000 08:0a 4849667                    /lib/x86_64-linux-gnu/libpthread-2.19.so
7f1d1b06e000-7f1d1b06f000 rw-p 00018000 08:0a 4849667                    /lib/x86_64-linux-gnu/libpthread-2.19.so
7f1d1b06f000-7f1d1b073000 rw-p 00000000 00:00 0 
7f1d1b073000-7f1d1b093000 r-xp 00000000 08:0a 4849669                    /lib/x86_64-linux-gnu/ld-2.19.so
7f1d1b095000-7f1d1b167000 rw-p 00000000 00:00 0 
7f1d1b167000-7f1d1b16a000 ---p 00000000 00:00 0 
7f1d1b16a000-7f1d1b26c000 rw-p 00000000 00:00 0                          [stack:16201]
7f1d1b272000-7f1d1b287000 rw-p 00000000 00:00 0 
7f1d1b287000-7f1d1b28f000 rw-s 00000000 08:0a 4462477                    /tmp/hsperfdata_kamalnrf/16197
7f1d1b28f000-7f1d1b290000 rw-p 00000000 00:00 0 
7f1d1b290000-7f1d1b291000 ---p 00000000 00:00 0 
7f1d1b291000-7f1d1b293000 rw-p 00000000 00:00 0 
7f1d1b293000-7f1d1b294000 r--p 00020000 08:0a 4849669                    /lib/x86_64-linux-gnu/ld-2.19.so
7f1d1b294000-7f1d1b295000 rw-p 00021000 08:0a 4849669                    /lib/x86_64-linux-gnu/ld-2.19.so
7f1d1b295000-7f1d1b296000 rw-p 00000000 00:00 0 
7fff7d58f000-7fff7d5b0000 rw-p 00000000 00:00 0                          [stack]
7fff7d5b7000-7fff7d5b9000 r-xp 00000000 00:00 0                          [vdso]
7fff7d5b9000-7fff7d5bb000 r--p 00000000 00:00 0                          [vvar]
ffffffffff600000-ffffffffff601000 r-xp 00000000 00:00 0                  [vsyscall]

VM Arguments:
jvm_args: -Djava.awt.headless=true -Xmx1024M -Dfile.encoding=UTF-8 -Duser.country=IN -Duser.language=en -Duser.variant 
java_command: com.android.dx.command.Main --dex --force-jumbo --num-threads=4 --multi-dex --output /home/kamalnrf/Projects/AndroidApplications/Broacast/app/build/intermediates/transforms/dex/debug/folders/1000/10/com.android.support-support-v4-24.0.0_c86590c301f21c856665e0067536fefdda85bcdd /home/kamalnrf/Projects/AndroidApplications/Broacast/app/build/intermediates/exploded-aar/com.android.support/support-v4/24.0.0/jars/classes.jar
java_class_path (initial): /home/kamalnrf/Software/DevlopmentKit/android-sdk-linux/build-tools/24.0.0/lib/dx.jar
Launcher Type: SUN_STANDARD

Environment Variables:
JAVA_HOME=/home/kamalnrf/Software/DevlopmentKit/usr/java/jdk1.8.0_91
PATH=/usr/local/bin:/usr/bin:/bin:/usr/local/games:/usr/games:/home/kamalnrf/bin:/usr/local/java/jdk1.8.0_92/bin
LD_LIBRARY_PATH=./Software/IDE/android-studio/bin:
SHELL=/bin/bash
DISPLAY=:0

Signal Handlers:
SIGSEGV: [libjvm.so+0xabdee0], sa_mask[0]=11111111011111111101111111111110, sa_flags=SA_RESTART|SA_SIGINFO
SIGBUS: [libjvm.so+0xabdee0], sa_mask[0]=11111111011111111101111111111110, sa_flags=SA_RESTART|SA_SIGINFO
SIGFPE: [libjvm.so+0x91a580], sa_mask[0]=11111111011111111101111111111110, sa_flags=SA_RESTART|SA_SIGINFO
SIGPIPE: [libjvm.so+0x91a580], sa_mask[0]=11111111011111111101111111111110, sa_flags=SA_RESTART|SA_SIGINFO
SIGXFSZ: [libjvm.so+0x91a580], sa_mask[0]=11111111011111111101111111111110, sa_flags=SA_RESTART|SA_SIGINFO
SIGILL: [libjvm.so+0x91a580], sa_mask[0]=11111111011111111101111111111110, sa_flags=SA_RESTART|SA_SIGINFO
SIGUSR1: SIG_DFL, sa_mask[0]=00000000000000000000000000000000, sa_flags=none
SIGUSR2: [libjvm.so+0x91bbb0], sa_mask[0]=00100000000000000000000000000000, sa_flags=SA_RESTART|SA_SIGINFO
SIGHUP: [libjvm.so+0x91cfb0], sa_mask[0]=11111111011111111101111111111110, sa_flags=SA_RESTART|SA_SIGINFO
SIGINT: [libjvm.so+0x91cfb0], sa_mask[0]=11111111011111111101111111111110, sa_flags=SA_RESTART|SA_SIGINFO
SIGTERM: [libjvm.so+0x91cfb0], sa_mask[0]=11111111011111111101111111111110, sa_flags=SA_RESTART|SA_SIGINFO
SIGQUIT: [libjvm.so+0x91cfb0], sa_mask[0]=11111111011111111101111111111110, sa_flags=SA_RESTART|SA_SIGINFO


---------------  S Y S T E M  ---------------

OS:PRETTY_NAME="Debian GNU/Linux 8 (jessie)"
NAME="Debian GNU/Linux"
VERSION_ID="8"
VERSION="8 (jessie)"
ID=debian
HOME_URL="http://www.debian.org/"
SUPPORT_URL="http://www.debian.org/support"
BUG_REPORT_URL="https://bugs.debian.org/"

uname:Linux 3.16.0-4-amd64 #1 SMP Debian 3.16.7-ckt25-2 (2016-04-08) x86_64
libc:glibc 2.19 NPTL 2.19 
rlimit: STACK 8192k, CORE 0k, NPROC 15083, NOFILE 65536, AS infinity
load average:15.82 11.73 8.73

/proc/meminfo:
MemTotal:        3948420 kB
MemFree:          124004 kB
MemAvailable:      67924 kB
Buffers:            1504 kB
Cached:           262008 kB
SwapCached:            0 kB
Active:          3460640 kB
Inactive:         215456 kB
Active(anon):    3447880 kB
Inactive(anon):   200312 kB
Active(file):      12760 kB
Inactive(file):    15144 kB
Unevictable:         376 kB
Mlocked:             376 kB
SwapTotal:             0 kB
SwapFree:              0 kB
Dirty:               508 kB
Writeback:            16 kB
AnonPages:       3413188 kB
Mapped:            80284 kB
Shmem:            235388 kB
Slab:              70156 kB
SReclaimable:      28864 kB
SUnreclaim:        41292 kB
KernelStack:       10736 kB
PageTables:        37080 kB
NFS_Unstable:          0 kB
Bounce:                0 kB
WritebackTmp:          0 kB
CommitLimit:     1974208 kB
Committed_AS:    7746904 kB
VmallocTotal:   34359738367 kB
VmallocUsed:      543544 kB
VmallocChunk:   34359133360 kB
HardwareCorrupted:     0 kB
AnonHugePages:         0 kB
HugePages_Total:       0
HugePages_Free:        0
HugePages_Rsvd:        0
HugePages_Surp:        0
Hugepagesize:       2048 kB
DirectMap4k:       74496 kB
DirectMap2M:     4009984 kB
DirectMap1G:           0 kB


CPU:total 4 (2 cores per cpu, 2 threads per core) family 6 model 69 stepping 1, cmov, cx8, fxsr, mmx, sse, sse2, sse3, ssse3, sse4.1, sse4.2, popcnt, avx, avx2, aes, clmul, erms, lzcnt, ht, tsc, tscinvbit, bmi1, bmi2

/proc/cpuinfo:
processor	: 0
vendor_id	: GenuineIntel
cpu family	: 6
model		: 69
model name	: Intel(R) Core(TM) i5-4210U CPU @ 1.70GHz
stepping	: 1
microcode	: 0x17
cpu MHz		: 2399.718
cache size	: 3072 KB
physical id	: 0
siblings	: 4
core id		: 0
cpu cores	: 2
apicid		: 0
initial apicid	: 0
fpu		: yes
fpu_exception	: yes
cpuid level	: 13
wp		: yes
flags		: fpu vme de pse tsc msr pae mce cx8 apic sep mtrr pge mca cmov pat pse36 clflush dts acpi mmx fxsr sse sse2 ss ht tm pbe syscall nx pdpe1gb rdtscp lm constant_tsc arch_perfmon pebs bts rep_good nopl xtopology nonstop_tsc aperfmperf eagerfpu pni pclmulqdq dtes64 monitor ds_cpl vmx est tm2 ssse3 fma cx16 xtpr pdcm pcid sse4_1 sse4_2 movbe popcnt tsc_deadline_timer aes xsave avx f16c rdrand lahf_lm abm ida arat epb xsaveopt pln pts dtherm tpr_shadow vnmi flexpriority ept vpid fsgsbase tsc_adjust bmi1 avx2 smep bmi2 erms invpcid
bogomips	: 4788.65
clflush size	: 64
cache_alignment	: 64
address sizes	: 39 bits physical, 48 bits virtual
power management:

processor	: 1
vendor_id	: GenuineIntel
cpu family	: 6
model		: 69
model name	: Intel(R) Core(TM) i5-4210U CPU @ 1.70GHz
stepping	: 1
microcode	: 0x17
cpu MHz		: 2400.000
cache size	: 3072 KB
physical id	: 0
siblings	: 4
core id		: 0
cpu cores	: 2
apicid		: 1
initial apicid	: 1
fpu		: yes
fpu_exception	: yes
cpuid level	: 13
wp		: yes
flags		: fpu vme de pse tsc msr pae mce cx8 apic sep mtrr pge mca cmov pat pse36 clflush dts acpi mmx fxsr sse sse2 ss ht tm pbe syscall nx pdpe1gb rdtscp lm constant_tsc arch_perfmon pebs bts rep_good nopl xtopology nonstop_tsc aperfmperf eagerfpu pni pclmulqdq dtes64 monitor ds_cpl vmx est tm2 ssse3 fma cx16 xtpr pdcm pcid sse4_1 sse4_2 movbe popcnt tsc_deadline_timer aes xsave avx f16c rdrand lahf_lm abm ida arat epb xsaveopt pln pts dtherm tpr_shadow vnmi flexpriority ept vpid fsgsbase tsc_adjust bmi1 avx2 smep bmi2 erms invpcid
bogomips	: 4788.65
clflush size	: 64
cache_alignment	: 64
address sizes	: 39 bits physical, 48 bits virtual
power management:

processor	: 2
vendor_id	: GenuineIntel
cpu family	: 6
model		: 69
model name	: Intel(R) Core(TM) i5-4210U CPU @ 1.70GHz
stepping	: 1
microcode	: 0x17
cpu MHz		: 2402.625
cache size	: 3072 KB
physical id	: 0
siblings	: 4
core id		: 1
cpu cores	: 2
apicid		: 2
initial apicid	: 2
fpu		: yes
fpu_exception	: yes
cpuid level	: 13
wp		: yes
flags		: fpu vme de pse tsc msr pae mce cx8 apic sep mtrr pge mca cmov pat pse36 clflush dts acpi mmx fxsr sse sse2 ss ht tm pbe syscall nx pdpe1gb rdtscp lm constant_tsc arch_perfmon pebs bts rep_good nopl xtopology nonstop_tsc aperfmperf eagerfpu pni pclmulqdq dtes64 monitor ds_cpl vmx est tm2 ssse3 fma cx16 xtpr pdcm pcid sse4_1 sse4_2 movbe popcnt tsc_deadline_timer aes xsave avx f16c rdrand lahf_lm abm ida arat epb xsaveopt pln pts dtherm tpr_shadow vnmi flexpriority ept vpid fsgsbase tsc_adjust bmi1 avx2 smep bmi2 erms invpcid
bogomips	: 4788.65
clflush size	: 64
cache_alignment	: 64
address sizes	: 39 bits physical, 48 bits virtual
power management:

processor	: 3
vendor_id	: GenuineIntel
cpu family	: 6
model		: 69
model name	: Intel(R) Core(TM) i5-4210U CPU @ 1.70GHz
stepping	: 1
microcode	: 0x17
cpu MHz		: 2610.843
cache size	: 3072 KB
physical id	: 0
siblings	: 4
core id		: 1
cpu cores	: 2
apicid		: 3
initial apicid	: 3
fpu		: yes
fpu_exception	: yes
cpuid level	: 13
wp		: yes
flags		: fpu vme de pse tsc msr pae mce cx8 apic sep mtrr pge mca cmov pat pse36 clflush dts acpi mmx fxsr sse sse2 ss ht tm pbe syscall nx pdpe1gb rdtscp lm constant_tsc arch_perfmon pebs bts rep_good nopl xtopology nonstop_tsc aperfmperf eagerfpu pni pclmulqdq dtes64 monitor ds_cpl vmx est tm2 ssse3 fma cx16 xtpr pdcm pcid sse4_1 sse4_2 movbe popcnt tsc_deadline_timer aes xsave avx f16c rdrand lahf_lm abm ida arat epb xsaveopt pln pts dtherm tpr_shadow vnmi flexpriority ept vpid fsgsbase tsc_adjust bmi1 avx2 smep bmi2 erms invpcid
bogomips	: 4788.65
clflush size	: 64
cache_alignment	: 64
address sizes	: 39 bits physical, 48 bits virtual
power management:



Memory: 4k page, physical 3948420k(124004k free), swap 0k(0k free)

vm_info: Java HotSpot(TM) 64-Bit Server VM (25.92-b14) for linux-amd64 JRE (1.8.0_92-b14), built on Mar 31 2016 21:08:29 by "java_re" with gcc 4.3.0 20080428 (Red Hat 4.3.0-8)

time: Mon Jul  4 16:52:17 2016
elapsed time: 47 seconds (0d 0h 0m 47s)

