#
# There is insufficient memory for the Java Runtime Environment to continue.
# Native memory allocation (mmap) failed to map 85983232 bytes for committing reserved memory.
# Possible reasons:
#   The system is out of physical RAM or swap space
#   In 32 bit mode, the process size limit was hit
# Possible solutions:
#   Reduce memory load on the system
#   Increase physical memory or swap space
#   Check if swap backing store is full
#   Use 64 bit Java on a 64 bit OS
#   Decrease Java heap size (-Xmx/-Xms)
#   Decrease number of Java threads
#   Decrease Java thread stack sizes (-Xss)
#   Set larger code cache with -XX:ReservedCodeCacheSize=
# This output file may be truncated or incomplete.
#
#  Out of Memory Error (os_linux.cpp:2627), pid=9151, tid=0x00007ffac8df5700
#
# JRE version: Java(TM) SE Runtime Environment (8.0_92-b14) (build 1.8.0_92-b14)
# Java VM: Java HotSpot(TM) 64-Bit Server VM (25.92-b14 mixed mode linux-amd64 compressed oops)
# Failed to write core dump. Core dumps have been disabled. To enable core dumping, try "ulimit -c unlimited" before starting Java again
#

---------------  T H R E A D  ---------------

Current thread (0x00007ffae0078000):  VMThread [stack: 0x00007ffac8cf5000,0x00007ffac8df6000] [id=9160]

Stack: [0x00007ffac8cf5000,0x00007ffac8df6000],  sp=0x00007ffac8df41a0,  free space=1020k
Native frames: (J=compiled Java code, j=interpreted, Vv=VM code, C=native code)
V  [libjvm.so+0xabd65a]  VMError::report_and_die()+0x2ba
V  [libjvm.so+0x4fb4db]  report_vm_out_of_memory(char const*, int, unsigned long, VMErrorType, char const*)+0x8b
V  [libjvm.so+0x91d713]  os::Linux::commit_memory_impl(char*, unsigned long, bool)+0x103
V  [libjvm.so+0x91dc69]  os::pd_commit_memory(char*, unsigned long, unsigned long, bool)+0x29
V  [libjvm.so+0x917f6a]  os::commit_memory(char*, unsigned long, unsigned long, bool)+0x2a
V  [libjvm.so+0x98c343]  PSVirtualSpace::expand_by(unsigned long)+0x53
V  [libjvm.so+0x98d748]  PSYoungGen::resize_generation(unsigned long, unsigned long)+0xf8
V  [libjvm.so+0x98c8a2]  PSYoungGen::resize(unsigned long, unsigned long)+0x22
V  [libjvm.so+0x989b7b]  PSScavenge::invoke_no_policy()+0xf3b
V  [libjvm.so+0x98a301]  PSScavenge::invoke()+0x41
V  [libjvm.so+0x941410]  ParallelScavengeHeap::failed_mem_allocate(unsigned long)+0x70
V  [libjvm.so+0xabf077]  VM_ParallelGCFailedAllocation::doit()+0x97
V  [libjvm.so+0xac6aa5]  VM_Operation::evaluate()+0x55
V  [libjvm.so+0xac4e7a]  VMThread::evaluate_operation(VM_Operation*)+0xba
V  [libjvm.so+0xac51fe]  VMThread::loop()+0x1ce
V  [libjvm.so+0xac5670]  VMThread::run()+0x70
V  [libjvm.so+0x91fad8]  java_start(Thread*)+0x108

VM_Operation (0x00007ffac8148d60): ParallelGCFailedAllocation, mode: safepoint, requested by thread 0x00007ffae0155000


---------------  P R O C E S S  ---------------

Java Threads: ( => current thread )
  0x00007ffae0157800 JavaThread "pool-1-thread-4" [_thread_blocked, id=9192, stack(0x00007ffac3dfe000,0x00007ffac3eff000)]
  0x00007ffae0156000 JavaThread "pool-1-thread-3" [_thread_blocked, id=9191, stack(0x00007ffac3eff000,0x00007ffac4000000)]
  0x00007ffae0155000 JavaThread "pool-1-thread-2" [_thread_blocked, id=9190, stack(0x00007ffac804a000,0x00007ffac814b000)]
  0x00007ffae0149000 JavaThread "pool-2-thread-1" [_thread_blocked, id=9187, stack(0x00007ffac814b000,0x00007ffac824c000)]
  0x00007ffae0147000 JavaThread "pool-1-thread-1" [_thread_blocked, id=9184, stack(0x00007ffac824c000,0x00007ffac834d000)]
  0x00007ffae00c0800 JavaThread "Service Thread" daemon [_thread_blocked, id=9167, stack(0x00007ffac8465000,0x00007ffac8566000)]
  0x00007ffae00bd000 JavaThread "C1 CompilerThread2" daemon [_thread_blocked, id=9166, stack(0x00007ffac8566000,0x00007ffac8667000)]
  0x00007ffae00bb800 JavaThread "C2 CompilerThread1" daemon [_thread_blocked, id=9165, stack(0x00007ffac8667000,0x00007ffac8768000)]
  0x00007ffae00b8800 JavaThread "C2 CompilerThread0" daemon [_thread_blocked, id=9164, stack(0x00007ffac8768000,0x00007ffac8869000)]
  0x00007ffae00b7000 JavaThread "Signal Dispatcher" daemon [_thread_blocked, id=9163, stack(0x00007ffac8869000,0x00007ffac896a000)]
  0x00007ffae0084800 JavaThread "Finalizer" daemon [_thread_blocked, id=9162, stack(0x00007ffac8af3000,0x00007ffac8bf4000)]
  0x00007ffae007f800 JavaThread "Reference Handler" daemon [_thread_blocked, id=9161, stack(0x00007ffac8bf4000,0x00007ffac8cf5000)]
  0x00007ffae000a000 JavaThread "main" [_thread_blocked, id=9153, stack(0x00007ffae738a000,0x00007ffae748b000)]

Other Threads:
=>0x00007ffae0078000 VMThread [stack: 0x00007ffac8cf5000,0x00007ffac8df6000] [id=9160]
  0x00007ffae00c3800 WatcherThread [stack: 0x00007ffac8364000,0x00007ffac8465000] [id=9168]

VM state:at safepoint (normal execution)

VM Mutex/Monitor currently owned by a thread:  ([mutex/lock_event])
[0x00007ffae00066b0] Threads_lock - owner thread: 0x00007ffae0078000
[0x00007ffae0006bb0] Heap_lock - owner thread: 0x00007ffae0155000

Heap:
 PSYoungGen      total 138752K, used 19945K [0x00000000eab00000, 0x00000000f4b00000, 0x0000000100000000)
  eden space 118784K, 0% used [0x00000000eab00000,0x00000000eab00000,0x00000000f1f00000)
  from space 19968K, 99% used [0x00000000f1f00000,0x00000000f327a498,0x00000000f3280000)
  to   space 14848K, 0% used [0x00000000f3280000,0x00000000f3280000,0x00000000f4100000)
 ParOldGen       total 42496K, used 36444K [0x00000000c0000000, 0x00000000c2980000, 0x00000000eab00000)
  object space 42496K, 85% used [0x00000000c0000000,0x00000000c2397250,0x00000000c2980000)
 Metaspace       used 6408K, capacity 7192K, committed 7424K, reserved 1056768K
  class space    used 615K, capacity 656K, committed 768K, reserved 1048576K

Card table byte_map: [0x00007ffad0dff000,0x00007ffad1000000] byte_map_base: 0x00007ffad07ff000

Marking Bits: (ParMarkBitMap*) 0x00007ffae68874c0
 Begin Bits: [0x00007ffaca000000, 0x00007ffacb000000)
 End Bits:   [0x00007ffacb000000, 0x00007ffacc000000)

Polling page: 0x00007ffae74b3000

CodeCache: size=245760Kb used=7529Kb max_used=7529Kb free=238230Kb
 bounds [0x00007ffad1000000, 0x00007ffad1760000, 0x00007ffae0000000]
 total_blobs=2278 nmethods=2009 adapters=182
 compilation: enabled

Compilation events (10 events):
Event: 7.873 Thread 0x00007ffae00bd000 nmethod 2348 0x00007ffad175d310 code [0x00007ffad175d480, 0x00007ffad175d610]
Event: 7.873 Thread 0x00007ffae00bd000 2349       2       java.util.concurrent.atomic.AtomicInteger::getAndDecrement (12 bytes)
Event: 7.873 Thread 0x00007ffae00bd000 nmethod 2349 0x00007ffad175d6d0 code [0x00007ffad175d820, 0x00007ffad175d970]
Event: 7.873 Thread 0x00007ffae00bd000 2350       2       java.util.concurrent.FutureTask::report (37 bytes)
Event: 7.873 Thread 0x00007ffae00bd000 nmethod 2350 0x00007ffad175d9d0 code [0x00007ffad175db60, 0x00007ffad175de18]
Event: 7.873 Thread 0x00007ffae00bd000 2351   !   2       com.android.dx.dex.file.ClassDefsSection::add (75 bytes)
Event: 7.874 Thread 0x00007ffae00bd000 nmethod 2351 0x00007ffad175df90 code [0x00007ffad175e180, 0x00007ffad175e7b8]
Event: 7.874 Thread 0x00007ffae00bd000 2341       2       java.util.concurrent.locks.AbstractQueuedSynchronizer$ConditionObject::addConditionWaiter (64 bytes)
Event: 7.874 Thread 0x00007ffae00bd000 nmethod 2341 0x00007ffad175ed10 code [0x00007ffad175ee80, 0x00007ffad175f128]
Event: 7.886 Thread 0x00007ffae00bd000 2360       2       com.android.dx.dex.file.AnnotationUtils::makeEnclosingClass (35 bytes)

GC Heap History (10 events):
Event: 3.465 GC heap after
Heap after GC invocations=4 (full 0):
 PSYoungGen      total 34304K, used 2536K [0x00000000eab00000, 0x00000000ecf00000, 0x0000000100000000)
  eden space 31744K, 0% used [0x00000000eab00000,0x00000000eab00000,0x00000000eca00000)
  from space 2560K, 99% used [0x00000000ecc80000,0x00000000ecefa2c8,0x00000000ecf00000)
  to   space 2560K, 0% used [0x00000000eca00000,0x00000000eca00000,0x00000000ecc80000)
 ParOldGen       total 42496K, used 7864K [0x00000000c0000000, 0x00000000c2980000, 0x00000000eab00000)
  object space 42496K, 18% used [0x00000000c0000000,0x00000000c07ae018,0x00000000c2980000)
 Metaspace       used 5815K, capacity 6768K, committed 7040K, reserved 1056768K
  class space    used 594K, capacity 616K, committed 640K, reserved 1048576K
}
Event: 4.345 GC heap before
{Heap before GC invocations=5 (full 0):
 PSYoungGen      total 34304K, used 34280K [0x00000000eab00000, 0x00000000ecf00000, 0x0000000100000000)
  eden space 31744K, 100% used [0x00000000eab00000,0x00000000eca00000,0x00000000eca00000)
  from space 2560K, 99% used [0x00000000ecc80000,0x00000000ecefa2c8,0x00000000ecf00000)
  to   space 2560K, 0% used [0x00000000eca00000,0x00000000eca00000,0x00000000ecc80000)
 ParOldGen       total 42496K, used 7864K [0x00000000c0000000, 0x00000000c2980000, 0x00000000eab00000)
  object space 42496K, 18% used [0x00000000c0000000,0x00000000c07ae018,0x00000000c2980000)
 Metaspace       used 5916K, capacity 6896K, committed 7040K, reserved 1056768K
  class space    used 594K, capacity 616K, committed 640K, reserved 1048576K
Event: 4.414 GC heap after
Heap after GC invocations=5 (full 0):
 PSYoungGen      total 34304K, used 2536K [0x00000000eab00000, 0x00000000efa00000, 0x0000000100000000)
  eden space 31744K, 0% used [0x00000000eab00000,0x00000000eab00000,0x00000000eca00000)
  from space 2560K, 99% used [0x00000000eca00000,0x00000000ecc7a2a8,0x00000000ecc80000)
  to   space 8704K, 0% used [0x00000000ef180000,0x00000000ef180000,0x00000000efa00000)
 ParOldGen       total 42496K, used 11859K [0x00000000c0000000, 0x00000000c2980000, 0x00000000eab00000)
  object space 42496K, 27% used [0x00000000c0000000,0x00000000c0b94e38,0x00000000c2980000)
 Metaspace       used 5916K, capacity 6896K, committed 7040K, reserved 1056768K
  class space    used 594K, capacity 616K, committed 640K, reserved 1048576K
}
Event: 5.159 GC heap before
{Heap before GC invocations=6 (full 0):
 PSYoungGen      total 34304K, used 34280K [0x00000000eab00000, 0x00000000efa00000, 0x0000000100000000)
  eden space 31744K, 100% used [0x00000000eab00000,0x00000000eca00000,0x00000000eca00000)
  from space 2560K, 99% used [0x00000000eca00000,0x00000000ecc7a2a8,0x00000000ecc80000)
  to   space 8704K, 0% used [0x00000000ef180000,0x00000000ef180000,0x00000000efa00000)
 ParOldGen       total 42496K, used 11859K [0x00000000c0000000, 0x00000000c2980000, 0x00000000eab00000)
  object space 42496K, 27% used [0x00000000c0000000,0x00000000c0b94e38,0x00000000c2980000)
 Metaspace       used 6035K, capacity 6960K, committed 7040K, reserved 1056768K
  class space    used 595K, capacity 616K, committed 640K, reserved 1048576K
Event: 5.201 GC heap after
Heap after GC invocations=6 (full 0):
 PSYoungGen      total 70656K, used 7656K [0x00000000eab00000, 0x00000000efd00000, 0x0000000100000000)
  eden space 61952K, 0% used [0x00000000eab00000,0x00000000eab00000,0x00000000ee780000)
  from space 8704K, 87% used [0x00000000ef180000,0x00000000ef8fa2a8,0x00000000efa00000)
  to   space 10240K, 0% used [0x00000000ee780000,0x00000000ee780000,0x00000000ef180000)
 ParOldGen       total 42496K, used 11859K [0x00000000c0000000, 0x00000000c2980000, 0x00000000eab00000)
  object space 42496K, 27% used [0x00000000c0000000,0x00000000c0b94e38,0x00000000c2980000)
 Metaspace       used 6035K, capacity 6960K, committed 7040K, reserved 1056768K
  class space    used 595K, capacity 616K, committed 640K, reserved 1048576K
}
Event: 5.736 GC heap before
{Heap before GC invocations=7 (full 0):
 PSYoungGen      total 70656K, used 69608K [0x00000000eab00000, 0x00000000efd00000, 0x0000000100000000)
  eden space 61952K, 100% used [0x00000000eab00000,0x00000000ee780000,0x00000000ee780000)
  from space 8704K, 87% used [0x00000000ef180000,0x00000000ef8fa2a8,0x00000000efa00000)
  to   space 10240K, 0% used [0x00000000ee780000,0x00000000ee780000,0x00000000ef180000)
 ParOldGen       total 42496K, used 11859K [0x00000000c0000000, 0x00000000c2980000, 0x00000000eab00000)
  object space 42496K, 27% used [0x00000000c0000000,0x00000000c0b94e38,0x00000000c2980000)
 Metaspace       used 6062K, capacity 7024K, committed 7296K, reserved 1056768K
  class space    used 595K, capacity 616K, committed 640K, reserved 1048576K
Event: 5.876 GC heap after
Heap after GC invocations=7 (full 0):
 PSYoungGen      total 72192K, used 10229K [0x00000000eab00000, 0x00000000f4100000, 0x0000000100000000)
  eden space 61952K, 0% used [0x00000000eab00000,0x00000000eab00000,0x00000000ee780000)
  from space 10240K, 99% used [0x00000000ee780000,0x00000000ef17d4e8,0x00000000ef180000)
  to   space 14848K, 0% used [0x00000000f3280000,0x00000000f3280000,0x00000000f4100000)
 ParOldGen       total 42496K, used 18141K [0x00000000c0000000, 0x00000000c2980000, 0x00000000eab00000)
  object space 42496K, 42% used [0x00000000c0000000,0x00000000c11b7738,0x00000000c2980000)
 Metaspace       used 6062K, capacity 7024K, committed 7296K, reserved 1056768K
  class space    used 595K, capacity 616K, committed 640K, reserved 1048576K
}
Event: 6.725 GC heap before
{Heap before GC invocations=8 (full 0):
 PSYoungGen      total 72192K, used 72181K [0x00000000eab00000, 0x00000000f4100000, 0x0000000100000000)
  eden space 61952K, 100% used [0x00000000eab00000,0x00000000ee780000,0x00000000ee780000)
  from space 10240K, 99% used [0x00000000ee780000,0x00000000ef17d4e8,0x00000000ef180000)
  to   space 14848K, 0% used [0x00000000f3280000,0x00000000f3280000,0x00000000f4100000)
 ParOldGen       total 42496K, used 18141K [0x00000000c0000000, 0x00000000c2980000, 0x00000000eab00000)
  object space 42496K, 42% used [0x00000000c0000000,0x00000000c11b7738,0x00000000c2980000)
 Metaspace       used 6162K, capacity 7088K, committed 7296K, reserved 1056768K
  class space    used 595K, capacity 616K, committed 640K, reserved 1048576K
Event: 6.827 GC heap after
Heap after GC invocations=8 (full 0):
 PSYoungGen      total 133632K, used 14832K [0x00000000eab00000, 0x00000000f4b00000, 0x0000000100000000)
  eden space 118784K, 0% used [0x00000000eab00000,0x00000000eab00000,0x00000000f1f00000)
  from space 14848K, 99% used [0x00000000f3280000,0x00000000f40fc030,0x00000000f4100000)
  to   space 19968K, 0% used [0x00000000f1f00000,0x00000000f1f00000,0x00000000f3280000)
 ParOldGen       total 42496K, used 23852K [0x00000000c0000000, 0x00000000c2980000, 0x00000000eab00000)
  object space 42496K, 56% used [0x00000000c0000000,0x00000000c174b018,0x00000000c2980000)
 Metaspace       used 6162K, capacity 7088K, committed 7296K, reserved 1056768K
  class space    used 595K, capacity 616K, committed 640K, reserved 1048576K
}
Event: 7.907 GC heap before
{Heap before GC invocations=9 (full 0):
 PSYoungGen      total 133632K, used 133616K [0x00000000eab00000, 0x00000000f4b00000, 0x0000000100000000)
  eden space 118784K, 100% used [0x00000000eab00000,0x00000000f1f00000,0x00000000f1f00000)
  from space 14848K, 99% used [0x00000000f3280000,0x00000000f40fc030,0x00000000f4100000)
  to   space 19968K, 0% used [0x00000000f1f00000,0x00000000f1f00000,0x00000000f3280000)
 ParOldGen       total 42496K, used 23852K [0x00000000c0000000, 0x00000000c2980000, 0x00000000eab00000)
  object space 42496K, 56% used [0x00000000c0000000,0x00000000c174b018,0x00000000c2980000)
 Metaspace       used 6408K, capacity 7192K, committed 7424K, reserved 1056768K
  class space    used 615K, capacity 656K, committed 768K, reserved 1048576K

Deoptimization events (10 events):
Event: 7.034 Thread 0x00007ffae0147000 Uncommon trap: reason=unstable_if action=reinterpret pc=0x00007ffad12a7818 method=java.util.HashMap.putVal(ILjava/lang/Object;Ljava/lang/Object;ZZ)Ljava/lang/Object; @ 162
Event: 7.060 Thread 0x00007ffae0147000 Uncommon trap: reason=unstable_if action=reinterpret pc=0x00007ffad1490d34 method=java.util.HashMap.getNode(ILjava/lang/Object;)Ljava/util/HashMap$Node; @ 84
Event: 7.387 Thread 0x00007ffae0156000 Uncommon trap: reason=bimorphic action=maybe_recompile pc=0x00007ffad16c9da8 method=com.android.dx.cf.code.BytecodeArray.parseInstruction(ILcom/android/dx/cf/code/BytecodeArray$Visitor;)I @ 1161
Event: 7.387 Thread 0x00007ffae0156000 Uncommon trap: reason=bimorphic action=maybe_recompile pc=0x00007ffad16c9da8 method=com.android.dx.cf.code.BytecodeArray.parseInstruction(ILcom/android/dx/cf/code/BytecodeArray$Visitor;)I @ 1161
Event: 7.401 Thread 0x00007ffae0147000 Uncommon trap: reason=unstable_if action=reinterpret pc=0x00007ffad150dbb0 method=java.util.HashMap.putVal(ILjava/lang/Object;Ljava/lang/Object;ZZ)Ljava/lang/Object; @ 109
Event: 7.425 Thread 0x00007ffae0156000 Uncommon trap: reason=unstable_if action=reinterpret pc=0x00007ffad1617260 method=com.android.dx.ssa.SCCP.simulateStmt(Lcom/android/dx/ssa/SsaInsn;)V @ 53
Event: 7.474 Thread 0x00007ffae0156000 Uncommon trap: reason=bimorphic action=maybe_recompile pc=0x00007ffad16c9fd4 method=com.android.dx.cf.code.BytecodeArray.parseInstruction(ILcom/android/dx/cf/code/BytecodeArray$Visitor;)I @ 1357
Event: 7.475 Thread 0x00007ffae0156000 Uncommon trap: reason=bimorphic action=maybe_recompile pc=0x00007ffad16c9fd4 method=com.android.dx.cf.code.BytecodeArray.parseInstruction(ILcom/android/dx/cf/code/BytecodeArray$Visitor;)I @ 1357
Event: 7.633 Thread 0x00007ffae0156000 Uncommon trap: reason=unstable_if action=reinterpret pc=0x00007ffad14a63dc method=com.android.dx.ssa.SsaMethod.getExitBlock()Lcom/android/dx/ssa/SsaBasicBlock; @ 4
Event: 7.634 Thread 0x00007ffae0156000 Uncommon trap: reason=unstable_if action=reinterpret pc=0x00007ffad1219bd8 method=com.android.dx.ssa.SsaMethod.getExitBlock()Lcom/android/dx/ssa/SsaBasicBlock; @ 4

Internal exceptions (6 events):
Event: 0.148 Thread 0x00007ffae000a000 Exception <a 'java/lang/NoSuchMethodError': Method sun.misc.Unsafe.defineClass(Ljava/lang/String;[BII)Ljava/lang/Class; name or signature does not match> (0x00000000eab07cc0) thrown at [/HUDSON/workspace/8-2-build-linux-amd64/jdk8u92/6642/hotspot/src/shar
Event: 0.149 Thread 0x00007ffae000a000 Exception <a 'java/lang/NoSuchMethodError': Method sun.misc.Unsafe.prefetchRead(Ljava/lang/Object;J)V name or signature does not match> (0x00000000eab07fa8) thrown at [/HUDSON/workspace/8-2-build-linux-amd64/jdk8u92/6642/hotspot/src/share/vm/prims/jni.cpp
Event: 3.845 Thread 0x00007ffae0156000 Implicit null exception at 0x00007ffad12b9cf5 to 0x00007ffad12bd051
Event: 7.058 Thread 0x00007ffae0147000 Exception <a 'java/lang/ArrayIndexOutOfBoundsException': 18> (0x00000000ecae6270) thrown at [/HUDSON/workspace/8-2-build-linux-amd64/jdk8u92/6642/hotspot/src/share/vm/interpreter/interpreterRuntime.cpp, line 366]
Event: 7.059 Thread 0x00007ffae0147000 Exception <a 'java/lang/ArrayIndexOutOfBoundsException': 145> (0x00000000ecae7df0) thrown at [/HUDSON/workspace/8-2-build-linux-amd64/jdk8u92/6642/hotspot/src/share/vm/interpreter/interpreterRuntime.cpp, line 366]
Event: 7.060 Thread 0x00007ffae0147000 Exception <a 'java/lang/ArrayIndexOutOfBoundsException': 40> (0x00000000ecae90d8) thrown at [/HUDSON/workspace/8-2-build-linux-amd64/jdk8u92/6642/hotspot/src/share/vm/interpreter/interpreterRuntime.cpp, line 366]

Events (10 events):
Event: 7.850 Thread 0x00007ffae0157800 DEOPT UNPACKING pc=0x00007ffad1047633 sp=0x00007ffac3efc8f8 mode 0
Event: 7.859 Thread 0x00007ffae0157800 DEOPT PACKING pc=0x00007ffad17385a7 sp=0x00007ffac3efcad0
Event: 7.859 Thread 0x00007ffae0157800 DEOPT UNPACKING pc=0x00007ffad1047633 sp=0x00007ffac3efc8d0 mode 0
Event: 7.859 Thread 0x00007ffae0157800 DEOPT PACKING pc=0x00007ffad13853ec sp=0x00007ffac3efcdb0
Event: 7.859 Thread 0x00007ffae0157800 DEOPT UNPACKING pc=0x00007ffad1047633 sp=0x00007ffac3efcab0 mode 0
Event: 7.876 Thread 0x00007ffae0155000 DEOPT PACKING pc=0x00007ffad127ed0d sp=0x00007ffac8148f90
Event: 7.876 Thread 0x00007ffae0155000 DEOPT UNPACKING pc=0x00007ffad1047633 sp=0x00007ffac8148d20 mode 0
Event: 7.883 Thread 0x00007ffae0156000 DEOPT PACKING pc=0x00007ffad17383bd sp=0x00007ffac3ffd9a0
Event: 7.883 Thread 0x00007ffae0156000 DEOPT UNPACKING pc=0x00007ffad1047633 sp=0x00007ffac3ffd7a0 mode 0
Event: 7.889 Executing VM operation: ParallelGCFailedAllocation


Dynamic libraries:
00400000-00401000 r-xp 00000000 08:0a 3675388                            /home/kamalnrf/Software/jdk1.8.0_92/bin/java
00600000-00601000 rw-p 00000000 08:0a 3675388                            /home/kamalnrf/Software/jdk1.8.0_92/bin/java
018be000-018df000 rw-p 00000000 00:00 0                                  [heap]
c0000000-c2980000 rw-p 00000000 00:00 0 
c2980000-eab00000 ---p 00000000 00:00 0 
eab00000-f4b00000 rw-p 00000000 00:00 0 
f9d00000-100000000 ---p 00000000 00:00 0 
100000000-1000c0000 rw-p 00000000 00:00 0 
1000c0000-140000000 ---p 00000000 00:00 0 
7ffa7c000000-7ffa7c021000 rw-p 00000000 00:00 0 
7ffa7c021000-7ffa80000000 ---p 00000000 00:00 0 
7ffa84000000-7ffa84026000 rw-p 00000000 00:00 0 
7ffa84026000-7ffa88000000 ---p 00000000 00:00 0 
7ffa88000000-7ffa88021000 rw-p 00000000 00:00 0 
7ffa88021000-7ffa8c000000 ---p 00000000 00:00 0 
7ffa8c000000-7ffa8c030000 rw-p 00000000 00:00 0 
7ffa8c030000-7ffa90000000 ---p 00000000 00:00 0 
7ffa90000000-7ffa90021000 rw-p 00000000 00:00 0 
7ffa90021000-7ffa94000000 ---p 00000000 00:00 0 
7ffa94000000-7ffa94021000 rw-p 00000000 00:00 0 
7ffa94021000-7ffa98000000 ---p 00000000 00:00 0 
7ffa98000000-7ffa98021000 rw-p 00000000 00:00 0 
7ffa98021000-7ffa9c000000 ---p 00000000 00:00 0 
7ffa9c000000-7ffa9c8e7000 rw-p 00000000 00:00 0 
7ffa9c8e7000-7ffaa0000000 ---p 00000000 00:00 0 
7ffaa0000000-7ffaa0934000 rw-p 00000000 00:00 0 
7ffaa0934000-7ffaa4000000 ---p 00000000 00:00 0 
7ffaa4000000-7ffaa4021000 rw-p 00000000 00:00 0 
7ffaa4021000-7ffaa8000000 ---p 00000000 00:00 0 
7ffaa8000000-7ffaa8a9f000 rw-p 00000000 00:00 0 
7ffaa8a9f000-7ffaac000000 ---p 00000000 00:00 0 
7ffaac000000-7ffaac021000 rw-p 00000000 00:00 0 
7ffaac021000-7ffab0000000 ---p 00000000 00:00 0 
7ffab0000000-7ffab0021000 rw-p 00000000 00:00 0 
7ffab0021000-7ffab4000000 ---p 00000000 00:00 0 
7ffab4000000-7ffab4021000 rw-p 00000000 00:00 0 
7ffab4021000-7ffab8000000 ---p 00000000 00:00 0 
7ffab8000000-7ffab828c000 rw-p 00000000 00:00 0 
7ffab828c000-7ffabc000000 ---p 00000000 00:00 0 
7ffabc000000-7ffabc021000 rw-p 00000000 00:00 0 
7ffabc021000-7ffac0000000 ---p 00000000 00:00 0 
7ffac3dfe000-7ffac3e01000 ---p 00000000 00:00 0 
7ffac3e01000-7ffac3eff000 rw-p 00000000 00:00 0                          [stack:9192]
7ffac3eff000-7ffac3f02000 ---p 00000000 00:00 0 
7ffac3f02000-7ffac4000000 rw-p 00000000 00:00 0                          [stack:9191]
7ffac4000000-7ffac4021000 rw-p 00000000 00:00 0 
7ffac4021000-7ffac8000000 ---p 00000000 00:00 0 
7ffac804a000-7ffac804d000 ---p 00000000 00:00 0 
7ffac804d000-7ffac814b000 rw-p 00000000 00:00 0                          [stack:9190]
7ffac814b000-7ffac814e000 ---p 00000000 00:00 0 
7ffac814e000-7ffac824c000 rw-p 00000000 00:00 0                          [stack:9187]
7ffac824c000-7ffac824f000 ---p 00000000 00:00 0 
7ffac824f000-7ffac834d000 rw-p 00000000 00:00 0                          [stack:9184]
7ffac834d000-7ffac8364000 r--s 00101000 08:0a 3015714                    /home/kamalnrf/Projects/AndroidApplications/Broacast/app/build/intermediates/exploded-aar/com.android.support/support-v4/24.0.0/jars/classes.jar
7ffac8364000-7ffac8365000 ---p 00000000 00:00 0 
7ffac8365000-7ffac8465000 rw-p 00000000 00:00 0                          [stack:9168]
7ffac8465000-7ffac8468000 ---p 00000000 00:00 0 
7ffac8468000-7ffac8566000 rw-p 00000000 00:00 0                          [stack:9167]
7ffac8566000-7ffac8569000 ---p 00000000 00:00 0 
7ffac8569000-7ffac8667000 rw-p 00000000 00:00 0                          [stack:9166]
7ffac8667000-7ffac866a000 ---p 00000000 00:00 0 
7ffac866a000-7ffac8768000 rw-p 00000000 00:00 0                          [stack:9165]
7ffac8768000-7ffac876b000 ---p 00000000 00:00 0 
7ffac876b000-7ffac8869000 rw-p 00000000 00:00 0                          [stack:9164]
7ffac8869000-7ffac886c000 ---p 00000000 00:00 0 
7ffac886c000-7ffac896a000 rw-p 00000000 00:00 0                          [stack:9163]
7ffac896a000-7ffac8af3000 r--p 00000000 08:0a 4198184                    /usr/lib/locale/locale-archive
7ffac8af3000-7ffac8af6000 ---p 00000000 00:00 0 
7ffac8af6000-7ffac8bf4000 rw-p 00000000 00:00 0                          [stack:9162]
7ffac8bf4000-7ffac8bf7000 ---p 00000000 00:00 0 
7ffac8bf7000-7ffac8cf5000 rw-p 00000000 00:00 0                          [stack:9161]
7ffac8cf5000-7ffac8cf6000 ---p 00000000 00:00 0 
7ffac8cf6000-7ffac9e80000 rw-p 00000000 00:00 0                          [stack:9160]
7ffac9e80000-7ffaca000000 ---p 00000000 00:00 0 
7ffaca000000-7ffacc000000 rw-p 00000000 00:00 0 
7ffacc000000-7ffacc021000 rw-p 00000000 00:00 0 
7ffacc021000-7ffad0000000 ---p 00000000 00:00 0 
7ffad0015000-7ffad0023000 r--s 000e0000 08:0a 1059118                    /home/kamalnrf/Software/DevlopmentKit/android-sdk-linux/build-tools/24.0.0/lib/dx.jar
7ffad0023000-7ffad05ac000 rw-p 00000000 00:00 0 
7ffad05ac000-7ffad0785000 r--s 03d24000 08:0a 3938259                    /home/kamalnrf/Software/jdk1.8.0_92/jre/lib/rt.jar
7ffad0785000-7ffad09fb000 rw-p 00000000 00:00 0 
7ffad09fb000-7ffad09fc000 ---p 00000000 00:00 0 
7ffad09fc000-7ffad0afc000 rw-p 00000000 00:00 0                          [stack:9159]
7ffad0afc000-7ffad0afd000 ---p 00000000 00:00 0 
7ffad0afd000-7ffad0bfd000 rw-p 00000000 00:00 0                          [stack:9158]
7ffad0bfd000-7ffad0bfe000 ---p 00000000 00:00 0 
7ffad0bfe000-7ffad0cfe000 rw-p 00000000 00:00 0                          [stack:9157]
7ffad0cfe000-7ffad0cff000 ---p 00000000 00:00 0 
7ffad0cff000-7ffad0e14000 rw-p 00000000 00:00 0                          [stack:9156]
7ffad0e14000-7ffad0f54000 ---p 00000000 00:00 0 
7ffad0f54000-7ffad0fa5000 rw-p 00000000 00:00 0 
7ffad0fa5000-7ffad0fff000 ---p 00000000 00:00 0 
7ffad0fff000-7ffad1000000 rw-p 00000000 00:00 0 
7ffad1000000-7ffad1760000 rwxp 00000000 00:00 0 
7ffad1760000-7ffae0000000 ---p 00000000 00:00 0 
7ffae0000000-7ffae0394000 rw-p 00000000 00:00 0 
7ffae0394000-7ffae4000000 ---p 00000000 00:00 0 
7ffae4001000-7ffae4037000 rw-p 00000000 00:00 0 
7ffae4037000-7ffae4178000 ---p 00000000 00:00 0 
7ffae4178000-7ffae4196000 rw-p 00000000 00:00 0 
7ffae4196000-7ffae4538000 ---p 00000000 00:00 0 
7ffae4538000-7ffae4552000 r-xp 00000000 08:0a 3938310                    /home/kamalnrf/Software/jdk1.8.0_92/jre/lib/amd64/libzip.so
7ffae4552000-7ffae4752000 ---p 0001a000 08:0a 3938310                    /home/kamalnrf/Software/jdk1.8.0_92/jre/lib/amd64/libzip.so
7ffae4752000-7ffae4753000 rw-p 0001a000 08:0a 3938310                    /home/kamalnrf/Software/jdk1.8.0_92/jre/lib/amd64/libzip.so
7ffae4753000-7ffae475e000 r-xp 00000000 08:0a 4849681                    /lib/x86_64-linux-gnu/libnss_files-2.19.so
7ffae475e000-7ffae495d000 ---p 0000b000 08:0a 4849681                    /lib/x86_64-linux-gnu/libnss_files-2.19.so
7ffae495d000-7ffae495e000 r--p 0000a000 08:0a 4849681                    /lib/x86_64-linux-gnu/libnss_files-2.19.so
7ffae495e000-7ffae495f000 rw-p 0000b000 08:0a 4849681                    /lib/x86_64-linux-gnu/libnss_files-2.19.so
7ffae495f000-7ffae4969000 r-xp 00000000 08:0a 4849683                    /lib/x86_64-linux-gnu/libnss_nis-2.19.so
7ffae4969000-7ffae4b68000 ---p 0000a000 08:0a 4849683                    /lib/x86_64-linux-gnu/libnss_nis-2.19.so
7ffae4b68000-7ffae4b69000 r--p 00009000 08:0a 4849683                    /lib/x86_64-linux-gnu/libnss_nis-2.19.so
7ffae4b69000-7ffae4b6a000 rw-p 0000a000 08:0a 4849683                    /lib/x86_64-linux-gnu/libnss_nis-2.19.so
7ffae4b6a000-7ffae4b7f000 r-xp 00000000 08:0a 4849678                    /lib/x86_64-linux-gnu/libnsl-2.19.so
7ffae4b7f000-7ffae4d7e000 ---p 00015000 08:0a 4849678                    /lib/x86_64-linux-gnu/libnsl-2.19.so
7ffae4d7e000-7ffae4d7f000 r--p 00014000 08:0a 4849678                    /lib/x86_64-linux-gnu/libnsl-2.19.so
7ffae4d7f000-7ffae4d80000 rw-p 00015000 08:0a 4849678                    /lib/x86_64-linux-gnu/libnsl-2.19.so
7ffae4d80000-7ffae4d82000 rw-p 00000000 00:00 0 
7ffae4d82000-7ffae4d89000 r-xp 00000000 08:0a 4849679                    /lib/x86_64-linux-gnu/libnss_compat-2.19.so
7ffae4d89000-7ffae4f88000 ---p 00007000 08:0a 4849679                    /lib/x86_64-linux-gnu/libnss_compat-2.19.so
7ffae4f88000-7ffae4f89000 r--p 00006000 08:0a 4849679                    /lib/x86_64-linux-gnu/libnss_compat-2.19.so
7ffae4f89000-7ffae4f8a000 rw-p 00007000 08:0a 4849679                    /lib/x86_64-linux-gnu/libnss_compat-2.19.so
7ffae4f8a000-7ffae4fb4000 r-xp 00000000 08:0a 3938305                    /home/kamalnrf/Software/jdk1.8.0_92/jre/lib/amd64/libjava.so
7ffae4fb4000-7ffae51b4000 ---p 0002a000 08:0a 3938305                    /home/kamalnrf/Software/jdk1.8.0_92/jre/lib/amd64/libjava.so
7ffae51b4000-7ffae51b6000 rw-p 0002a000 08:0a 3938305                    /home/kamalnrf/Software/jdk1.8.0_92/jre/lib/amd64/libjava.so
7ffae51b6000-7ffae51c3000 r-xp 00000000 08:0a 3938309                    /home/kamalnrf/Software/jdk1.8.0_92/jre/lib/amd64/libverify.so
7ffae51c3000-7ffae53c3000 ---p 0000d000 08:0a 3938309                    /home/kamalnrf/Software/jdk1.8.0_92/jre/lib/amd64/libverify.so
7ffae53c3000-7ffae53c5000 rw-p 0000d000 08:0a 3938309                    /home/kamalnrf/Software/jdk1.8.0_92/jre/lib/amd64/libverify.so
7ffae53c5000-7ffae53cc000 r-xp 00000000 08:0a 4849687                    /lib/x86_64-linux-gnu/librt-2.19.so
7ffae53cc000-7ffae55cb000 ---p 00007000 08:0a 4849687                    /lib/x86_64-linux-gnu/librt-2.19.so
7ffae55cb000-7ffae55cc000 r--p 00006000 08:0a 4849687                    /lib/x86_64-linux-gnu/librt-2.19.so
7ffae55cc000-7ffae55cd000 rw-p 00007000 08:0a 4849687                    /lib/x86_64-linux-gnu/librt-2.19.so
7ffae55cd000-7ffae56cd000 r-xp 00000000 08:0a 4849676                    /lib/x86_64-linux-gnu/libm-2.19.so
7ffae56cd000-7ffae58cc000 ---p 00100000 08:0a 4849676                    /lib/x86_64-linux-gnu/libm-2.19.so
7ffae58cc000-7ffae58cd000 r--p 000ff000 08:0a 4849676                    /lib/x86_64-linux-gnu/libm-2.19.so
7ffae58cd000-7ffae58ce000 rw-p 00100000 08:0a 4849676                    /lib/x86_64-linux-gnu/libm-2.19.so
7ffae58ce000-7ffae6591000 r-xp 00000000 08:0a 4232394                    /home/kamalnrf/Software/jdk1.8.0_92/jre/lib/amd64/server/libjvm.so
7ffae6591000-7ffae6790000 ---p 00cc3000 08:0a 4232394                    /home/kamalnrf/Software/jdk1.8.0_92/jre/lib/amd64/server/libjvm.so
7ffae6790000-7ffae6869000 rw-p 00cc2000 08:0a 4232394                    /home/kamalnrf/Software/jdk1.8.0_92/jre/lib/amd64/server/libjvm.so
7ffae6869000-7ffae68b4000 rw-p 00000000 00:00 0 
7ffae68b4000-7ffae6a56000 r-xp 00000000 08:0a 4849672                    /lib/x86_64-linux-gnu/libc-2.19.so
7ffae6a56000-7ffae6c55000 ---p 001a2000 08:0a 4849672                    /lib/x86_64-linux-gnu/libc-2.19.so
7ffae6c55000-7ffae6c59000 r--p 001a1000 08:0a 4849672                    /lib/x86_64-linux-gnu/libc-2.19.so
7ffae6c59000-7ffae6c5b000 rw-p 001a5000 08:0a 4849672                    /lib/x86_64-linux-gnu/libc-2.19.so
7ffae6c5b000-7ffae6c5f000 rw-p 00000000 00:00 0 
7ffae6c5f000-7ffae6c62000 r-xp 00000000 08:0a 4849675                    /lib/x86_64-linux-gnu/libdl-2.19.so
7ffae6c62000-7ffae6e61000 ---p 00003000 08:0a 4849675                    /lib/x86_64-linux-gnu/libdl-2.19.so
7ffae6e61000-7ffae6e62000 r--p 00002000 08:0a 4849675                    /lib/x86_64-linux-gnu/libdl-2.19.so
7ffae6e62000-7ffae6e63000 rw-p 00003000 08:0a 4849675                    /lib/x86_64-linux-gnu/libdl-2.19.so
7ffae6e63000-7ffae6e78000 r-xp 00000000 08:0a 4341209                    /home/kamalnrf/Software/jdk1.8.0_92/lib/amd64/jli/libjli.so
7ffae6e78000-7ffae7078000 ---p 00015000 08:0a 4341209                    /home/kamalnrf/Software/jdk1.8.0_92/lib/amd64/jli/libjli.so
7ffae7078000-7ffae7079000 rw-p 00015000 08:0a 4341209                    /home/kamalnrf/Software/jdk1.8.0_92/lib/amd64/jli/libjli.so
7ffae7079000-7ffae7091000 r-xp 00000000 08:0a 4849667                    /lib/x86_64-linux-gnu/libpthread-2.19.so
7ffae7091000-7ffae7290000 ---p 00018000 08:0a 4849667                    /lib/x86_64-linux-gnu/libpthread-2.19.so
7ffae7290000-7ffae7291000 r--p 00017000 08:0a 4849667                    /lib/x86_64-linux-gnu/libpthread-2.19.so
7ffae7291000-7ffae7292000 rw-p 00018000 08:0a 4849667                    /lib/x86_64-linux-gnu/libpthread-2.19.so
7ffae7292000-7ffae7296000 rw-p 00000000 00:00 0 
7ffae7296000-7ffae72b6000 r-xp 00000000 08:0a 4849669                    /lib/x86_64-linux-gnu/ld-2.19.so
7ffae72b8000-7ffae738a000 rw-p 00000000 00:00 0 
7ffae738a000-7ffae738d000 ---p 00000000 00:00 0 
7ffae738d000-7ffae748f000 rw-p 00000000 00:00 0                          [stack:9153]
7ffae7495000-7ffae74aa000 rw-p 00000000 00:00 0 
7ffae74aa000-7ffae74b2000 rw-s 00000000 08:0a 4462449                    /tmp/hsperfdata_kamalnrf/9151
7ffae74b2000-7ffae74b3000 rw-p 00000000 00:00 0 
7ffae74b3000-7ffae74b4000 ---p 00000000 00:00 0 
7ffae74b4000-7ffae74b6000 rw-p 00000000 00:00 0 
7ffae74b6000-7ffae74b7000 r--p 00020000 08:0a 4849669                    /lib/x86_64-linux-gnu/ld-2.19.so
7ffae74b7000-7ffae74b8000 rw-p 00021000 08:0a 4849669                    /lib/x86_64-linux-gnu/ld-2.19.so
7ffae74b8000-7ffae74b9000 rw-p 00000000 00:00 0 
7fff9d007000-7fff9d028000 rw-p 00000000 00:00 0                          [stack]
7fff9d1c7000-7fff9d1c9000 r-xp 00000000 00:00 0                          [vdso]
7fff9d1c9000-7fff9d1cb000 r--p 00000000 00:00 0                          [vvar]
ffffffffff600000-ffffffffff601000 r-xp 00000000 00:00 0                  [vsyscall]

VM Arguments:
jvm_args: -Djava.awt.headless=true -Xmx1024M -Dfile.encoding=UTF-8 -Duser.country=IN -Duser.language=en -Duser.variant 
java_command: com.android.dx.command.Main --dex --num-threads=4 --output /home/kamalnrf/Projects/AndroidApplications/Broacast/app/build/intermediates/pre-dexed/release/com.android.support-support-v4-24.0.0_c86590c301f21c856665e0067536fefdda85bcdd.jar /home/kamalnrf/Projects/AndroidApplications/Broacast/app/build/intermediates/exploded-aar/com.android.support/support-v4/24.0.0/jars/classes.jar
java_class_path (initial): /home/kamalnrf/Software/DevlopmentKit/android-sdk-linux/build-tools/24.0.0/lib/dx.jar
Launcher Type: SUN_STANDARD

Environment Variables:
JAVA_HOME=/home/kamalnrf/Software/DevlopmentKit/usr/java/jdk1.8.0_91
PATH=/usr/local/bin:/usr/bin:/bin:/usr/local/games:/usr/games:/home/kamalnrf/bin:/usr/local/java/jdk1.8.0_92/bin
LD_LIBRARY_PATH=./Software/IDE/android-studio/bin:
SHELL=/bin/bash
DISPLAY=:0

Signal Handlers:
SIGSEGV: [libjvm.so+0xabdee0], sa_mask[0]=11111111011111111101111111111110, sa_flags=SA_RESTART|SA_SIGINFO
SIGBUS: [libjvm.so+0xabdee0], sa_mask[0]=11111111011111111101111111111110, sa_flags=SA_RESTART|SA_SIGINFO
SIGFPE: [libjvm.so+0x91a580], sa_mask[0]=11111111011111111101111111111110, sa_flags=SA_RESTART|SA_SIGINFO
SIGPIPE: [libjvm.so+0x91a580], sa_mask[0]=11111111011111111101111111111110, sa_flags=SA_RESTART|SA_SIGINFO
SIGXFSZ: [libjvm.so+0x91a580], sa_mask[0]=11111111011111111101111111111110, sa_flags=SA_RESTART|SA_SIGINFO
SIGILL: [libjvm.so+0x91a580], sa_mask[0]=11111111011111111101111111111110, sa_flags=SA_RESTART|SA_SIGINFO
SIGUSR1: SIG_DFL, sa_mask[0]=00000000000000000000000000000000, sa_flags=none
SIGUSR2: [libjvm.so+0x91bbb0], sa_mask[0]=00100000000000000000000000000000, sa_flags=SA_RESTART|SA_SIGINFO
SIGHUP: [libjvm.so+0x91cfb0], sa_mask[0]=11111111011111111101111111111110, sa_flags=SA_RESTART|SA_SIGINFO
SIGINT: [libjvm.so+0x91cfb0], sa_mask[0]=11111111011111111101111111111110, sa_flags=SA_RESTART|SA_SIGINFO
SIGTERM: [libjvm.so+0x91cfb0], sa_mask[0]=11111111011111111101111111111110, sa_flags=SA_RESTART|SA_SIGINFO
SIGQUIT: [libjvm.so+0x91cfb0], sa_mask[0]=11111111011111111101111111111110, sa_flags=SA_RESTART|SA_SIGINFO


---------------  S Y S T E M  ---------------

OS:PRETTY_NAME="Debian GNU/Linux 8 (jessie)"
NAME="Debian GNU/Linux"
VERSION_ID="8"
VERSION="8 (jessie)"
ID=debian
HOME_URL="http://www.debian.org/"
SUPPORT_URL="http://www.debian.org/support"
BUG_REPORT_URL="https://bugs.debian.org/"

uname:Linux 3.16.0-4-amd64 #1 SMP Debian 3.16.7-ckt25-2 (2016-04-08) x86_64
libc:glibc 2.19 NPTL 2.19 
rlimit: STACK 8192k, CORE 0k, NPROC 15083, NOFILE 65536, AS infinity
load average:15.40 7.44 4.09

/proc/meminfo:
MemTotal:        3948420 kB
MemFree:          149224 kB
MemAvailable:     103008 kB
Buffers:            1000 kB
Cached:           215156 kB
SwapCached:            0 kB
Active:          3443248 kB
Inactive:         210988 kB
Active(anon):    3440340 kB
Inactive(anon):   168056 kB
Active(file):       2908 kB
Inactive(file):    42932 kB
Unevictable:          32 kB
Mlocked:              32 kB
SwapTotal:             0 kB
SwapFree:              0 kB
Dirty:               124 kB
Writeback:             0 kB
AnonPages:       3438656 kB
Mapped:            57144 kB
Shmem:            169792 kB
Slab:              71148 kB
SReclaimable:      30652 kB
SUnreclaim:        40496 kB
KernelStack:       10368 kB
PageTables:        33740 kB
NFS_Unstable:          0 kB
Bounce:                0 kB
WritebackTmp:          0 kB
CommitLimit:     1974208 kB
Committed_AS:    7111776 kB
VmallocTotal:   34359738367 kB
VmallocUsed:      543496 kB
VmallocChunk:   34359185884 kB
HardwareCorrupted:     0 kB
AnonHugePages:         0 kB
HugePages_Total:       0
HugePages_Free:        0
HugePages_Rsvd:        0
HugePages_Surp:        0
Hugepagesize:       2048 kB
DirectMap4k:       58112 kB
DirectMap2M:     1929216 kB
DirectMap1G:     2097152 kB


CPU:total 4 (2 cores per cpu, 2 threads per core) family 6 model 69 stepping 1, cmov, cx8, fxsr, mmx, sse, sse2, sse3, ssse3, sse4.1, sse4.2, popcnt, avx, avx2, aes, clmul, erms, lzcnt, ht, tsc, tscinvbit, bmi1, bmi2

/proc/cpuinfo:
processor	: 0
vendor_id	: GenuineIntel
cpu family	: 6
model		: 69
model name	: Intel(R) Core(TM) i5-4210U CPU @ 1.70GHz
stepping	: 1
microcode	: 0x17
cpu MHz		: 2400.000
cache size	: 3072 KB
physical id	: 0
siblings	: 4
core id		: 0
cpu cores	: 2
apicid		: 0
initial apicid	: 0
fpu		: yes
fpu_exception	: yes
cpuid level	: 13
wp		: yes
flags		: fpu vme de pse tsc msr pae mce cx8 apic sep mtrr pge mca cmov pat pse36 clflush dts acpi mmx fxsr sse sse2 ss ht tm pbe syscall nx pdpe1gb rdtscp lm constant_tsc arch_perfmon pebs bts rep_good nopl xtopology nonstop_tsc aperfmperf eagerfpu pni pclmulqdq dtes64 monitor ds_cpl vmx est tm2 ssse3 fma cx16 xtpr pdcm pcid sse4_1 sse4_2 movbe popcnt tsc_deadline_timer aes xsave avx f16c rdrand lahf_lm abm ida arat epb xsaveopt pln pts dtherm tpr_shadow vnmi flexpriority ept vpid fsgsbase tsc_adjust bmi1 avx2 smep bmi2 erms invpcid
bogomips	: 4788.62
clflush size	: 64
cache_alignment	: 64
address sizes	: 39 bits physical, 48 bits virtual
power management:

processor	: 1
vendor_id	: GenuineIntel
cpu family	: 6
model		: 69
model name	: Intel(R) Core(TM) i5-4210U CPU @ 1.70GHz
stepping	: 1
microcode	: 0x17
cpu MHz		: 2400.000
cache size	: 3072 KB
physical id	: 0
siblings	: 4
core id		: 0
cpu cores	: 2
apicid		: 1
initial apicid	: 1
fpu		: yes
fpu_exception	: yes
cpuid level	: 13
wp		: yes
flags		: fpu vme de pse tsc msr pae mce cx8 apic sep mtrr pge mca cmov pat pse36 clflush dts acpi mmx fxsr sse sse2 ss ht tm pbe syscall nx pdpe1gb rdtscp lm constant_tsc arch_perfmon pebs bts rep_good nopl xtopology nonstop_tsc aperfmperf eagerfpu pni pclmulqdq dtes64 monitor ds_cpl vmx est tm2 ssse3 fma cx16 xtpr pdcm pcid sse4_1 sse4_2 movbe popcnt tsc_deadline_timer aes xsave avx f16c rdrand lahf_lm abm ida arat epb xsaveopt pln pts dtherm tpr_shadow vnmi flexpriority ept vpid fsgsbase tsc_adjust bmi1 avx2 smep bmi2 erms invpcid
bogomips	: 4788.62
clflush size	: 64
cache_alignment	: 64
address sizes	: 39 bits physical, 48 bits virtual
power management:

processor	: 2
vendor_id	: GenuineIntel
cpu family	: 6
model		: 69
model name	: Intel(R) Core(TM) i5-4210U CPU @ 1.70GHz
stepping	: 1
microcode	: 0x17
cpu MHz		: 2400.000
cache size	: 3072 KB
physical id	: 0
siblings	: 4
core id		: 1
cpu cores	: 2
apicid		: 2
initial apicid	: 2
fpu		: yes
fpu_exception	: yes
cpuid level	: 13
wp		: yes
flags		: fpu vme de pse tsc msr pae mce cx8 apic sep mtrr pge mca cmov pat pse36 clflush dts acpi mmx fxsr sse sse2 ss ht tm pbe syscall nx pdpe1gb rdtscp lm constant_tsc arch_perfmon pebs bts rep_good nopl xtopology nonstop_tsc aperfmperf eagerfpu pni pclmulqdq dtes64 monitor ds_cpl vmx est tm2 ssse3 fma cx16 xtpr pdcm pcid sse4_1 sse4_2 movbe popcnt tsc_deadline_timer aes xsave avx f16c rdrand lahf_lm abm ida arat epb xsaveopt pln pts dtherm tpr_shadow vnmi flexpriority ept vpid fsgsbase tsc_adjust bmi1 avx2 smep bmi2 erms invpcid
bogomips	: 4788.62
clflush size	: 64
cache_alignment	: 64
address sizes	: 39 bits physical, 48 bits virtual
power management:

processor	: 3
vendor_id	: GenuineIntel
cpu family	: 6
model		: 69
model name	: Intel(R) Core(TM) i5-4210U CPU @ 1.70GHz
stepping	: 1
microcode	: 0x17
cpu MHz		: 2400.000
cache size	: 3072 KB
physical id	: 0
siblings	: 4
core id		: 1
cpu cores	: 2
apicid		: 3
initial apicid	: 3
fpu		: yes
fpu_exception	: yes
cpuid level	: 13
wp		: yes
flags		: fpu vme de pse tsc msr pae mce cx8 apic sep mtrr pge mca cmov pat pse36 clflush dts acpi mmx fxsr sse sse2 ss ht tm pbe syscall nx pdpe1gb rdtscp lm constant_tsc arch_perfmon pebs bts rep_good nopl xtopology nonstop_tsc aperfmperf eagerfpu pni pclmulqdq dtes64 monitor ds_cpl vmx est tm2 ssse3 fma cx16 xtpr pdcm pcid sse4_1 sse4_2 movbe popcnt tsc_deadline_timer aes xsave avx f16c rdrand lahf_lm abm ida arat epb xsaveopt pln pts dtherm tpr_shadow vnmi flexpriority ept vpid fsgsbase tsc_adjust bmi1 avx2 smep bmi2 erms invpcid
bogomips	: 4788.62
clflush size	: 64
cache_alignment	: 64
address sizes	: 39 bits physical, 48 bits virtual
power management:



Memory: 4k page, physical 3948420k(149224k free), swap 0k(0k free)

vm_info: Java HotSpot(TM) 64-Bit Server VM (25.92-b14) for linux-amd64 JRE (1.8.0_92-b14), built on Mar 31 2016 21:08:29 by "java_re" with gcc 4.3.0 20080428 (Red Hat 4.3.0-8)

time: Thu Jul  7 03:44:51 2016
elapsed time: 14 seconds (0d 0h 0m 14s)

