#
# There is insufficient memory for the Java Runtime Environment to continue.
# Native memory allocation (mmap) failed to map 80740352 bytes for committing reserved memory.
# Possible reasons:
#   The system is out of physical RAM or swap space
#   In 32 bit mode, the process size limit was hit
# Possible solutions:
#   Reduce memory load on the system
#   Increase physical memory or swap space
#   Check if swap backing store is full
#   Use 64 bit Java on a 64 bit OS
#   Decrease Java heap size (-Xmx/-Xms)
#   Decrease number of Java threads
#   Decrease Java thread stack sizes (-Xss)
#   Set larger code cache with -XX:ReservedCodeCacheSize=
# This output file may be truncated or incomplete.
#
#  Out of Memory Error (os_linux.cpp:2627), pid=16177, tid=0x00007f77c7dfd700
#
# JRE version: Java(TM) SE Runtime Environment (8.0_92-b14) (build 1.8.0_92-b14)
# Java VM: Java HotSpot(TM) 64-Bit Server VM (25.92-b14 mixed mode linux-amd64 compressed oops)
# Failed to write core dump. Core dumps have been disabled. To enable core dumping, try "ulimit -c unlimited" before starting Java again
#

---------------  T H R E A D  ---------------

Current thread (0x00007f77e0078000):  VMThread [stack: 0x00007f77c7cfd000,0x00007f77c7dfe000] [id=16186]

Stack: [0x00007f77c7cfd000,0x00007f77c7dfe000],  sp=0x00007f77c7dfc0a0,  free space=1020k
Native frames: (J=compiled Java code, j=interpreted, Vv=VM code, C=native code)
V  [libjvm.so+0xabd65a]  VMError::report_and_die()+0x2ba
V  [libjvm.so+0x4fb4db]  report_vm_out_of_memory(char const*, int, unsigned long, VMErrorType, char const*)+0x8b
V  [libjvm.so+0x91d713]  os::Linux::commit_memory_impl(char*, unsigned long, bool)+0x103
V  [libjvm.so+0x91dc69]  os::pd_commit_memory(char*, unsigned long, unsigned long, bool)+0x29
V  [libjvm.so+0x917f6a]  os::commit_memory(char*, unsigned long, unsigned long, bool)+0x2a
V  [libjvm.so+0x98c343]  PSVirtualSpace::expand_by(unsigned long)+0x53
V  [libjvm.so+0x98d748]  PSYoungGen::resize_generation(unsigned long, unsigned long)+0xf8
V  [libjvm.so+0x98c8a2]  PSYoungGen::resize(unsigned long, unsigned long)+0x22
V  [libjvm.so+0x989b7b]  PSScavenge::invoke_no_policy()+0xf3b
V  [libjvm.so+0x98a301]  PSScavenge::invoke()+0x41
V  [libjvm.so+0x941410]  ParallelScavengeHeap::failed_mem_allocate(unsigned long)+0x70
V  [libjvm.so+0xabf077]  VM_ParallelGCFailedAllocation::doit()+0x97
V  [libjvm.so+0xac6aa5]  VM_Operation::evaluate()+0x55
V  [libjvm.so+0xac4e7a]  VMThread::evaluate_operation(VM_Operation*)+0xba
V  [libjvm.so+0xac51fe]  VMThread::loop()+0x1ce
V  [libjvm.so+0xac5670]  VMThread::run()+0x70
V  [libjvm.so+0x91fad8]  java_start(Thread*)+0x108

VM_Operation (0x00007f77e651cbb0): ParallelGCFailedAllocation, mode: safepoint, requested by thread 0x00007f77e000a000


---------------  P R O C E S S  ---------------

Java Threads: ( => current thread )
  0x00007f77e000a000 JavaThread "Unknown thread" [_thread_blocked, id=16181, stack(0x00007f77e641d000,0x00007f77e651e000)]
  0x00007f77e00d2000 JavaThread "Service Thread" daemon [_thread_blocked, id=16194, stack(0x00007f77c746d000,0x00007f77c756e000)]
  0x00007f77e00bd800 JavaThread "C1 CompilerThread2" daemon [_thread_blocked, id=16193, stack(0x00007f77c756e000,0x00007f77c766f000)]
  0x00007f77e00bb800 JavaThread "C2 CompilerThread1" daemon [_thread_blocked, id=16192, stack(0x00007f77c766f000,0x00007f77c7770000)]
  0x00007f77e00b8800 JavaThread "C2 CompilerThread0" daemon [_thread_blocked, id=16191, stack(0x00007f77c7770000,0x00007f77c7871000)]
  0x00007f77e00b7000 JavaThread "Signal Dispatcher" daemon [_thread_blocked, id=16189, stack(0x00007f77c7871000,0x00007f77c7972000)]
  0x00007f77e0084800 JavaThread "Finalizer" daemon [_thread_blocked, id=16188, stack(0x00007f77c7afb000,0x00007f77c7bfc000)]
  0x00007f77e007f800 JavaThread "Reference Handler" daemon [_thread_blocked, id=16187, stack(0x00007f77c7bfc000,0x00007f77c7cfd000)]

Other Threads:
=>0x00007f77e0078000 VMThread [stack: 0x00007f77c7cfd000,0x00007f77c7dfe000] [id=16186]
  0x00007f77e00ed000 WatcherThread [stack: 0x00007f77c736c000,0x00007f77c746d000] [id=16195]

VM state:at safepoint (normal execution)

VM Mutex/Monitor currently owned by a thread:  ([mutex/lock_event])
[0x00007f77e0006710] Threads_lock - owner thread: 0x00007f77e0078000
[0x00007f77e0006c10] Heap_lock - owner thread: 0x00007f77e000a000

Heap:
 PSYoungGen      total 66048K, used 2547K [0x00000000eab00000, 0x00000000eee00000, 0x0000000100000000)
  eden space 63488K, 0% used [0x00000000eab00000,0x00000000eab00000,0x00000000ee900000)
  from space 2560K, 99% used [0x00000000ee900000,0x00000000eeb7cf30,0x00000000eeb80000)
  to   space 2560K, 0% used [0x00000000eeb80000,0x00000000eeb80000,0x00000000eee00000)
 ParOldGen       total 42496K, used 19241K [0x00000000c0000000, 0x00000000c2980000, 0x00000000eab00000)
  object space 42496K, 45% used [0x00000000c0000000,0x00000000c12ca790,0x00000000c2980000)
 Metaspace       used 6739K, capacity 7416K, committed 7680K, reserved 1056768K
  class space    used 650K, capacity 688K, committed 768K, reserved 1048576K

Card table byte_map: [0x00007f77cffed000,0x00007f77d01ee000] byte_map_base: 0x00007f77cf9ed000

Marking Bits: (ParMarkBitMap*) 0x00007f77e591a4c0
 Begin Bits: [0x00007f77cda93000, 0x00007f77cea93000)
 End Bits:   [0x00007f77cea93000, 0x00007f77cfa93000)

Polling page: 0x00007f77e6546000

CodeCache: size=245760Kb used=6255Kb max_used=6255Kb free=239505Kb
 bounds [0x00007f77d05ae000, 0x00007f77d0bce000, 0x00007f77df5ae000]
 total_blobs=1994 nmethods=1712 adapters=195
 compilation: enabled

Compilation events (10 events):
Event: 6.232 Thread 0x00007f77e00bd800 1899       2       java.lang.Integer::reverseBytes (26 bytes)
Event: 6.232 Thread 0x00007f77e00bd800 nmethod 1899 0x00007f77d0bc8c90 code [0x00007f77d0bc8de0, 0x00007f77d0bc8f30]
Event: 6.234 Thread 0x00007f77e00bd800 1900       2       sun.security.provider.SHA::implCompress (491 bytes)
Event: 6.235 Thread 0x00007f77e00bd800 nmethod 1900 0x00007f77d0bc8f90 code [0x00007f77d0bc9160, 0x00007f77d0bc98c8]
Event: 6.235 Thread 0x00007f77e00bd800 1901 %     3       sun.security.provider.SHA::implCompress @ 12 (491 bytes)
Event: 6.236 Thread 0x00007f77e00bd800 nmethod 1901% 0x00007f77d0bca150 code [0x00007f77d0bca340, 0x00007f77d0bcacc8]
Event: 6.241 Thread 0x00007f77e00bd800 1902       3       sun.security.provider.SHA::implCompress (491 bytes)
Event: 6.242 Thread 0x00007f77e00bd800 nmethod 1902 0x00007f77d0bcb650 code [0x00007f77d0bcb840, 0x00007f77d0bcc128]
Event: 6.242 Thread 0x00007f77e00bd800 1904       2       sun.security.provider.ByteArrayAccess::b2iBig64 (614 bytes)
Event: 6.243 Thread 0x00007f77e00bd800 nmethod 1904 0x00007f77d0bcc990 code [0x00007f77d0bccb20, 0x00007f77d0bcd268]

GC Heap History (9 events):
Event: 1.584 GC heap before
{Heap before GC invocations=1 (full 0):
 PSYoungGen      total 18432K, used 15872K [0x00000000eab00000, 0x00000000ebf80000, 0x0000000100000000)
  eden space 15872K, 100% used [0x00000000eab00000,0x00000000eba80000,0x00000000eba80000)
  from space 2560K, 0% used [0x00000000ebd00000,0x00000000ebd00000,0x00000000ebf80000)
  to   space 2560K, 0% used [0x00000000eba80000,0x00000000eba80000,0x00000000ebd00000)
 ParOldGen       total 42496K, used 0K [0x00000000c0000000, 0x00000000c2980000, 0x00000000eab00000)
  object space 42496K, 0% used [0x00000000c0000000,0x00000000c0000000,0x00000000c2980000)
 Metaspace       used 5561K, capacity 6640K, committed 6784K, reserved 1056768K
  class space    used 584K, capacity 616K, committed 640K, reserved 1048576K
Event: 1.602 GC heap after
Heap after GC invocations=1 (full 0):
 PSYoungGen      total 18432K, used 2554K [0x00000000eab00000, 0x00000000ecf00000, 0x0000000100000000)
  eden space 15872K, 0% used [0x00000000eab00000,0x00000000eab00000,0x00000000eba80000)
  from space 2560K, 99% used [0x00000000eba80000,0x00000000ebcfea98,0x00000000ebd00000)
  to   space 2560K, 0% used [0x00000000ecc80000,0x00000000ecc80000,0x00000000ecf00000)
 ParOldGen       total 42496K, used 1322K [0x00000000c0000000, 0x00000000c2980000, 0x00000000eab00000)
  object space 42496K, 3% used [0x00000000c0000000,0x00000000c014a9d8,0x00000000c2980000)
 Metaspace       used 5561K, capacity 6640K, committed 6784K, reserved 1056768K
  class space    used 584K, capacity 616K, committed 640K, reserved 1048576K
}
Event: 2.107 GC heap before
{Heap before GC invocations=2 (full 0):
 PSYoungGen      total 18432K, used 18426K [0x00000000eab00000, 0x00000000ecf00000, 0x0000000100000000)
  eden space 15872K, 100% used [0x00000000eab00000,0x00000000eba80000,0x00000000eba80000)
  from space 2560K, 99% used [0x00000000eba80000,0x00000000ebcfea98,0x00000000ebd00000)
  to   space 2560K, 0% used [0x00000000ecc80000,0x00000000ecc80000,0x00000000ecf00000)
 ParOldGen       total 42496K, used 1322K [0x00000000c0000000, 0x00000000c2980000, 0x00000000eab00000)
  object space 42496K, 3% used [0x00000000c0000000,0x00000000c014a9d8,0x00000000c2980000)
 Metaspace       used 5768K, capacity 6768K, committed 7040K, reserved 1056768K
  class space    used 590K, capacity 616K, committed 640K, reserved 1048576K
Event: 2.131 GC heap after
Heap after GC invocations=2 (full 0):
 PSYoungGen      total 34304K, used 2545K [0x00000000eab00000, 0x00000000ecf00000, 0x0000000100000000)
  eden space 31744K, 0% used [0x00000000eab00000,0x00000000eab00000,0x00000000eca00000)
  from space 2560K, 99% used [0x00000000ecc80000,0x00000000ecefc4c8,0x00000000ecf00000)
  to   space 2560K, 0% used [0x00000000eca00000,0x00000000eca00000,0x00000000ecc80000)
 ParOldGen       total 42496K, used 3477K [0x00000000c0000000, 0x00000000c2980000, 0x00000000eab00000)
  object space 42496K, 8% used [0x00000000c0000000,0x00000000c0365448,0x00000000c2980000)
 Metaspace       used 5768K, capacity 6768K, committed 7040K, reserved 1056768K
  class space    used 590K, capacity 616K, committed 640K, reserved 1048576K
}
Event: 2.791 GC heap before
{Heap before GC invocations=3 (full 0):
 PSYoungGen      total 34304K, used 34289K [0x00000000eab00000, 0x00000000ecf00000, 0x0000000100000000)
  eden space 31744K, 100% used [0x00000000eab00000,0x00000000eca00000,0x00000000eca00000)
  from space 2560K, 99% used [0x00000000ecc80000,0x00000000ecefc4c8,0x00000000ecf00000)
  to   space 2560K, 0% used [0x00000000eca00000,0x00000000eca00000,0x00000000ecc80000)
 ParOldGen       total 42496K, used 3477K [0x00000000c0000000, 0x00000000c2980000, 0x00000000eab00000)
  object space 42496K, 8% used [0x00000000c0000000,0x00000000c0365448,0x00000000c2980000)
 Metaspace       used 5844K, capacity 6832K, committed 7040K, reserved 1056768K
  class space    used 592K, capacity 616K, committed 640K, reserved 1048576K
Event: 2.826 GC heap after
Heap after GC invocations=3 (full 0):
 PSYoungGen      total 34304K, used 2542K [0x00000000eab00000, 0x00000000eee00000, 0x0000000100000000)
  eden space 31744K, 0% used [0x00000000eab00000,0x00000000eab00000,0x00000000eca00000)
  from space 2560K, 99% used [0x00000000eca00000,0x00000000ecc7bbe0,0x00000000ecc80000)
  to   space 2560K, 0% used [0x00000000eeb80000,0x00000000eeb80000,0x00000000eee00000)
 ParOldGen       total 42496K, used 8294K [0x00000000c0000000, 0x00000000c2980000, 0x00000000eab00000)
  object space 42496K, 19% used [0x00000000c0000000,0x00000000c08199e0,0x00000000c2980000)
 Metaspace       used 5844K, capacity 6832K, committed 7040K, reserved 1056768K
  class space    used 592K, capacity 616K, committed 640K, reserved 1048576K
}
Event: 3.401 GC heap before
{Heap before GC invocations=4 (full 0):
 PSYoungGen      total 34304K, used 34286K [0x00000000eab00000, 0x00000000eee00000, 0x0000000100000000)
  eden space 31744K, 100% used [0x00000000eab00000,0x00000000eca00000,0x00000000eca00000)
  from space 2560K, 99% used [0x00000000eca00000,0x00000000ecc7bbe0,0x00000000ecc80000)
  to   space 2560K, 0% used [0x00000000eeb80000,0x00000000eeb80000,0x00000000eee00000)
 ParOldGen       total 42496K, used 8294K [0x00000000c0000000, 0x00000000c2980000, 0x00000000eab00000)
  object space 42496K, 19% used [0x00000000c0000000,0x00000000c08199e0,0x00000000c2980000)
 Metaspace       used 5859K, capacity 6832K, committed 7040K, reserved 1056768K
  class space    used 592K, capacity 616K, committed 640K, reserved 1048576K
Event: 3.471 GC heap after
Heap after GC invocations=4 (full 0):
 PSYoungGen      total 66048K, used 2542K [0x00000000eab00000, 0x00000000eee00000, 0x0000000100000000)
  eden space 63488K, 0% used [0x00000000eab00000,0x00000000eab00000,0x00000000ee900000)
  from space 2560K, 99% used [0x00000000eeb80000,0x00000000eedfbbe0,0x00000000eee00000)
  to   space 2560K, 0% used [0x00000000ee900000,0x00000000ee900000,0x00000000eeb80000)
 ParOldGen       total 42496K, used 12934K [0x00000000c0000000, 0x00000000c2980000, 0x00000000eab00000)
  object space 42496K, 30% used [0x00000000c0000000,0x00000000c0ca1b98,0x00000000c2980000)
 Metaspace       used 5859K, capacity 6832K, committed 7040K, reserved 1056768K
  class space    used 592K, capacity 616K, committed 640K, reserved 1048576K
}
Event: 6.483 GC heap before
{Heap before GC invocations=5 (full 0):
 PSYoungGen      total 66048K, used 66030K [0x00000000eab00000, 0x00000000eee00000, 0x0000000100000000)
  eden space 63488K, 100% used [0x00000000eab00000,0x00000000ee900000,0x00000000ee900000)
  from space 2560K, 99% used [0x00000000eeb80000,0x00000000eedfbbe0,0x00000000eee00000)
  to   space 2560K, 0% used [0x00000000ee900000,0x00000000ee900000,0x00000000eeb80000)
 ParOldGen       total 42496K, used 12934K [0x00000000c0000000, 0x00000000c2980000, 0x00000000eab00000)
  object space 42496K, 30% used [0x00000000c0000000,0x00000000c0ca1b98,0x00000000c2980000)
 Metaspace       used 6739K, capacity 7416K, committed 7680K, reserved 1056768K
  class space    used 650K, capacity 688K, committed 768K, reserved 1048576K

Deoptimization events (10 events):
Event: 4.411 Thread 0x00007f77e016d800 Uncommon trap: reason=class_check action=maybe_recompile pc=0x00007f77d0a570bc method=java.util.Arrays.hashCode([Ljava/lang/Object;)I @ 43
Event: 4.411 Thread 0x00007f77e016d800 Uncommon trap: reason=class_check action=maybe_recompile pc=0x00007f77d0a570bc method=java.util.Arrays.hashCode([Ljava/lang/Object;)I @ 43
Event: 4.411 Thread 0x00007f77e016d800 Uncommon trap: reason=class_check action=maybe_recompile pc=0x00007f77d0a570bc method=java.util.Arrays.hashCode([Ljava/lang/Object;)I @ 43
Event: 4.411 Thread 0x00007f77e016d800 Uncommon trap: reason=class_check action=maybe_recompile pc=0x00007f77d0a0e334 method=java.util.Arrays.hashCode([Ljava/lang/Object;)I @ 43
Event: 5.247 Thread 0x00007f77e016d800 Uncommon trap: reason=class_check action=maybe_recompile pc=0x00007f77d08fcdec method=java.util.Arrays.equals([Ljava/lang/Object;[Ljava/lang/Object;)Z @ 62
Event: 5.248 Thread 0x00007f77e016d800 Uncommon trap: reason=unstable_if action=reinterpret pc=0x00007f77d08fce24 method=java.util.Arrays.equals([Ljava/lang/Object;[Ljava/lang/Object;)Z @ 23
Event: 5.451 Thread 0x00007f77e016d800 Uncommon trap: reason=unstable_if action=reinterpret pc=0x00007f77d0b1a4dc method=java.util.TreeMap.put(Ljava/lang/Object;Ljava/lang/Object;)Ljava/lang/Object; @ 163
Event: 5.823 Thread 0x00007f77e016d800 Uncommon trap: reason=unstable_if action=reinterpret pc=0x00007f77d0a7a89c method=java.lang.Long.numberOfTrailingZeros(J)I @ 3
Event: 6.138 Thread 0x00007f77e016d800 Uncommon trap: reason=unstable_if action=reinterpret pc=0x00007f77d0a27be4 method=java.util.Arrays.copyOf([Ljava/lang/Object;ILjava/lang/Class;)[Ljava/lang/Object; @ 3
Event: 6.139 Thread 0x00007f77e016d800 Uncommon trap: reason=unstable_if action=reinterpret pc=0x00007f77d07490ac method=java.lang.String.replace(CC)Ljava/lang/String; @ 2

Internal exceptions (5 events):
Event: 0.225 Thread 0x00007f77e000a000 Exception <a 'java/lang/NoSuchMethodError': Method sun.misc.Unsafe.defineClass(Ljava/lang/String;[BII)Ljava/lang/Class; name or signature does not match> (0x00000000eab07cc0) thrown at [/HUDSON/workspace/8-2-build-linux-amd64/jdk8u92/6642/hotspot/src/shar
Event: 0.225 Thread 0x00007f77e000a000 Exception <a 'java/lang/NoSuchMethodError': Method sun.misc.Unsafe.prefetchRead(Ljava/lang/Object;J)V name or signature does not match> (0x00000000eab07fa8) thrown at [/HUDSON/workspace/8-2-build-linux-amd64/jdk8u92/6642/hotspot/src/share/vm/prims/jni.cpp
Event: 2.378 Thread 0x00007f77e016e800 Implicit null exception at 0x00007f77d088e993 to 0x00007f77d0890fe1
Event: 3.260 Thread 0x00007f77e015c000 Implicit null exception at 0x00007f77d0865250 to 0x00007f77d08674fd
Event: 4.000 Thread 0x00007f77e016e800 Implicit null exception at 0x00007f77d0924b0d to 0x00007f77d0924ce9

Events (10 events):
Event: 6.239 Thread 0x00007f77e016d800 DEOPT PACKING pc=0x00007f77d0bc96a0 sp=0x00007f77c71681e0
Event: 6.239 Thread 0x00007f77e016d800 DEOPT UNPACKING pc=0x00007f77d05f5633 sp=0x00007f77c7167f18 mode 0
Event: 6.240 Thread 0x00007f77e016d800 DEOPT PACKING pc=0x00007f77d0bc96a0 sp=0x00007f77c71681e0
Event: 6.240 Thread 0x00007f77e016d800 DEOPT UNPACKING pc=0x00007f77d05f5633 sp=0x00007f77c7167f18 mode 0
Event: 6.268 loading class java/util/zip/Adler32
Event: 6.481 loading class java/util/zip/Adler32 done
Event: 6.482 Thread 0x00007f77e016d800 Thread exited: 0x00007f77e016d800
Event: 6.483 Thread 0x00007f77e000a000 Thread exited: 0x00007f77e000a000
Event: 6.483 Thread 0x00007f77e000a000 Thread added: 0x00007f77e000a000
Event: 6.483 Executing VM operation: ParallelGCFailedAllocation


Dynamic libraries:
00400000-00401000 r-xp 00000000 08:0a 3675388                            /home/kamalnrf/Software/jdk1.8.0_92/bin/java
00600000-00601000 rw-p 00000000 08:0a 3675388                            /home/kamalnrf/Software/jdk1.8.0_92/bin/java
01016000-01037000 rw-p 00000000 00:00 0                                  [heap]
c0000000-c2980000 rw-p 00000000 00:00 0 
c2980000-eab00000 ---p 00000000 00:00 0 
eab00000-eee00000 rw-p 00000000 00:00 0 
f3b00000-100000000 ---p 00000000 00:00 0 
100000000-1000c0000 rw-p 00000000 00:00 0 
1000c0000-140000000 ---p 00000000 00:00 0 
7f7778000000-7f7778025000 rw-p 00000000 00:00 0 
7f7778025000-7f777c000000 ---p 00000000 00:00 0 
7f7780000000-7f7780021000 rw-p 00000000 00:00 0 
7f7780021000-7f7784000000 ---p 00000000 00:00 0 
7f7784000000-7f7784021000 rw-p 00000000 00:00 0 
7f7784021000-7f7788000000 ---p 00000000 00:00 0 
7f7788000000-7f7788029000 rw-p 00000000 00:00 0 
7f7788029000-7f778c000000 ---p 00000000 00:00 0 
7f778c000000-7f778c022000 rw-p 00000000 00:00 0 
7f778c022000-7f7790000000 ---p 00000000 00:00 0 
7f7790000000-7f7790021000 rw-p 00000000 00:00 0 
7f7790021000-7f7794000000 ---p 00000000 00:00 0 
7f7794000000-7f7794021000 rw-p 00000000 00:00 0 
7f7794021000-7f7798000000 ---p 00000000 00:00 0 
7f7798000000-7f7798a2f000 rw-p 00000000 00:00 0 
7f7798a2f000-7f779c000000 ---p 00000000 00:00 0 
7f779c000000-7f779c9f8000 rw-p 00000000 00:00 0 
7f779c9f8000-7f77a0000000 ---p 00000000 00:00 0 
7f77a0000000-7f77a0021000 rw-p 00000000 00:00 0 
7f77a0021000-7f77a4000000 ---p 00000000 00:00 0 
7f77a4000000-7f77a4728000 rw-p 00000000 00:00 0 
7f77a4728000-7f77a8000000 ---p 00000000 00:00 0 
7f77a8000000-7f77a8021000 rw-p 00000000 00:00 0 
7f77a8021000-7f77ac000000 ---p 00000000 00:00 0 
7f77ac000000-7f77ac021000 rw-p 00000000 00:00 0 
7f77ac021000-7f77b0000000 ---p 00000000 00:00 0 
7f77b0000000-7f77b0021000 rw-p 00000000 00:00 0 
7f77b0021000-7f77b4000000 ---p 00000000 00:00 0 
7f77b4000000-7f77b428c000 rw-p 00000000 00:00 0 
7f77b428c000-7f77b8000000 ---p 00000000 00:00 0 
7f77b8000000-7f77b8021000 rw-p 00000000 00:00 0 
7f77b8021000-7f77bc000000 ---p 00000000 00:00 0 
7f77c0000000-7f77c0021000 rw-p 00000000 00:00 0 
7f77c0021000-7f77c4000000 ---p 00000000 00:00 0 
7f77c6e67000-7f77c6e6a000 ---p 00000000 00:00 0 
7f77c6e6a000-7f77c6f68000 rw-p 00000000 00:00 0 
7f77c6f68000-7f77c6f6b000 ---p 00000000 00:00 0 
7f77c6f6b000-7f77c7069000 rw-p 00000000 00:00 0 
7f77c7069000-7f77c706c000 ---p 00000000 00:00 0 
7f77c706c000-7f77c716a000 rw-p 00000000 00:00 0 
7f77c716a000-7f77c716d000 ---p 00000000 00:00 0 
7f77c716d000-7f77c726b000 rw-p 00000000 00:00 0 
7f77c726b000-7f77c726e000 ---p 00000000 00:00 0 
7f77c726e000-7f77c736c000 rw-p 00000000 00:00 0 
7f77c736c000-7f77c736d000 ---p 00000000 00:00 0 
7f77c736d000-7f77c746d000 rw-p 00000000 00:00 0                          [stack:16195]
7f77c746d000-7f77c7470000 ---p 00000000 00:00 0 
7f77c7470000-7f77c756e000 rw-p 00000000 00:00 0                          [stack:16194]
7f77c756e000-7f77c7571000 ---p 00000000 00:00 0 
7f77c7571000-7f77c766f000 rw-p 00000000 00:00 0                          [stack:16193]
7f77c766f000-7f77c7672000 ---p 00000000 00:00 0 
7f77c7672000-7f77c7770000 rw-p 00000000 00:00 0                          [stack:16192]
7f77c7770000-7f77c7773000 ---p 00000000 00:00 0 
7f77c7773000-7f77c7871000 rw-p 00000000 00:00 0                          [stack:16191]
7f77c7871000-7f77c7874000 ---p 00000000 00:00 0 
7f77c7874000-7f77c7972000 rw-p 00000000 00:00 0                          [stack:16189]
7f77c7972000-7f77c7afb000 r--p 00000000 08:0a 4198184                    /usr/lib/locale/locale-archive
7f77c7afb000-7f77c7afe000 ---p 00000000 00:00 0 
7f77c7afe000-7f77c7bfc000 rw-p 00000000 00:00 0                          [stack:16188]
7f77c7bfc000-7f77c7bff000 ---p 00000000 00:00 0 
7f77c7bff000-7f77c7cfd000 rw-p 00000000 00:00 0                          [stack:16187]
7f77c7cfd000-7f77c7cfe000 ---p 00000000 00:00 0 
7f77c7cfe000-7f77c8000000 rw-p 00000000 00:00 0                          [stack:16186]
7f77c8000000-7f77c8021000 rw-p 00000000 00:00 0 
7f77c8021000-7f77cc000000 ---p 00000000 00:00 0 
7f77cc092000-7f77cce44000 rw-p 00000000 00:00 0 
7f77cce44000-7f77cd01d000 r--s 03d24000 08:0a 3938259                    /home/kamalnrf/Software/jdk1.8.0_92/jre/lib/rt.jar
7f77cd01d000-7f77cd753000 rw-p 00000000 00:00 0 
7f77cd753000-7f77cd893000 ---p 00000000 00:00 0 
7f77cd893000-7f77cfa93000 rw-p 00000000 00:00 0 
7f77cfa93000-7f77cfa94000 ---p 00000000 00:00 0 
7f77cfa94000-7f77cfb94000 rw-p 00000000 00:00 0                          [stack:16185]
7f77cfb94000-7f77cfb95000 ---p 00000000 00:00 0 
7f77cfb95000-7f77cfc95000 rw-p 00000000 00:00 0                          [stack:16184]
7f77cfc95000-7f77cfc96000 ---p 00000000 00:00 0 
7f77cfc96000-7f77cfd96000 rw-p 00000000 00:00 0                          [stack:16183]
7f77cfd96000-7f77cfd97000 ---p 00000000 00:00 0 
7f77cfd97000-7f77cfeac000 rw-p 00000000 00:00 0                          [stack:16182]
7f77cfeac000-7f77cffed000 ---p 00000000 00:00 0 
7f77cffed000-7f77d0002000 rw-p 00000000 00:00 0 
7f77d0002000-7f77d0142000 ---p 00000000 00:00 0 
7f77d0142000-7f77d0164000 rw-p 00000000 00:00 0 
7f77d0164000-7f77d01ed000 ---p 00000000 00:00 0 
7f77d01ed000-7f77d0207000 rw-p 00000000 00:00 0 
7f77d0207000-7f77d05ae000 ---p 00000000 00:00 0 
7f77d05ae000-7f77d0bce000 rwxp 00000000 00:00 0 
7f77d0bce000-7f77df5ae000 ---p 00000000 00:00 0 
7f77df5ae000-7f77df5c8000 r-xp 00000000 08:0a 3938310                    /home/kamalnrf/Software/jdk1.8.0_92/jre/lib/amd64/libzip.so
7f77df5c8000-7f77df7c8000 ---p 0001a000 08:0a 3938310                    /home/kamalnrf/Software/jdk1.8.0_92/jre/lib/amd64/libzip.so
7f77df7c8000-7f77df7c9000 rw-p 0001a000 08:0a 3938310                    /home/kamalnrf/Software/jdk1.8.0_92/jre/lib/amd64/libzip.so
7f77df7c9000-7f77df7d4000 r-xp 00000000 08:0a 4849681                    /lib/x86_64-linux-gnu/libnss_files-2.19.so
7f77df7d4000-7f77df9d3000 ---p 0000b000 08:0a 4849681                    /lib/x86_64-linux-gnu/libnss_files-2.19.so
7f77df9d3000-7f77df9d4000 r--p 0000a000 08:0a 4849681                    /lib/x86_64-linux-gnu/libnss_files-2.19.so
7f77df9d4000-7f77df9d5000 rw-p 0000b000 08:0a 4849681                    /lib/x86_64-linux-gnu/libnss_files-2.19.so
7f77df9d5000-7f77df9df000 r-xp 00000000 08:0a 4849683                    /lib/x86_64-linux-gnu/libnss_nis-2.19.so
7f77df9df000-7f77dfbde000 ---p 0000a000 08:0a 4849683                    /lib/x86_64-linux-gnu/libnss_nis-2.19.so
7f77dfbde000-7f77dfbdf000 r--p 00009000 08:0a 4849683                    /lib/x86_64-linux-gnu/libnss_nis-2.19.so
7f77dfbdf000-7f77dfbe0000 rw-p 0000a000 08:0a 4849683                    /lib/x86_64-linux-gnu/libnss_nis-2.19.so
7f77dfbe0000-7f77dfbf5000 r-xp 00000000 08:0a 4849678                    /lib/x86_64-linux-gnu/libnsl-2.19.so
7f77dfbf5000-7f77dfdf4000 ---p 00015000 08:0a 4849678                    /lib/x86_64-linux-gnu/libnsl-2.19.so
7f77dfdf4000-7f77dfdf5000 r--p 00014000 08:0a 4849678                    /lib/x86_64-linux-gnu/libnsl-2.19.so
7f77dfdf5000-7f77dfdf6000 rw-p 00015000 08:0a 4849678                    /lib/x86_64-linux-gnu/libnsl-2.19.so
7f77dfdf6000-7f77dfdf8000 rw-p 00000000 00:00 0 
7f77dfdf8000-7f77dfdff000 r-xp 00000000 08:0a 4849679                    /lib/x86_64-linux-gnu/libnss_compat-2.19.so
7f77dfdff000-7f77dfffe000 ---p 00007000 08:0a 4849679                    /lib/x86_64-linux-gnu/libnss_compat-2.19.so
7f77dfffe000-7f77dffff000 r--p 00006000 08:0a 4849679                    /lib/x86_64-linux-gnu/libnss_compat-2.19.so
7f77dffff000-7f77e0000000 rw-p 00007000 08:0a 4849679                    /lib/x86_64-linux-gnu/libnss_compat-2.19.so
7f77e0000000-7f77e03bc000 rw-p 00000000 00:00 0 
7f77e03bc000-7f77e4000000 ---p 00000000 00:00 0 
7f77e400f000-7f77e401d000 r--s 000e0000 08:0a 1059118                    /home/kamalnrf/Software/DevlopmentKit/android-sdk-linux/build-tools/24.0.0/lib/dx.jar
7f77e401d000-7f77e4047000 r-xp 00000000 08:0a 3938305                    /home/kamalnrf/Software/jdk1.8.0_92/jre/lib/amd64/libjava.so
7f77e4047000-7f77e4247000 ---p 0002a000 08:0a 3938305                    /home/kamalnrf/Software/jdk1.8.0_92/jre/lib/amd64/libjava.so
7f77e4247000-7f77e4249000 rw-p 0002a000 08:0a 3938305                    /home/kamalnrf/Software/jdk1.8.0_92/jre/lib/amd64/libjava.so
7f77e4249000-7f77e4256000 r-xp 00000000 08:0a 3938309                    /home/kamalnrf/Software/jdk1.8.0_92/jre/lib/amd64/libverify.so
7f77e4256000-7f77e4456000 ---p 0000d000 08:0a 3938309                    /home/kamalnrf/Software/jdk1.8.0_92/jre/lib/amd64/libverify.so
7f77e4456000-7f77e4458000 rw-p 0000d000 08:0a 3938309                    /home/kamalnrf/Software/jdk1.8.0_92/jre/lib/amd64/libverify.so
7f77e4458000-7f77e445f000 r-xp 00000000 08:0a 4849687                    /lib/x86_64-linux-gnu/librt-2.19.so
7f77e445f000-7f77e465e000 ---p 00007000 08:0a 4849687                    /lib/x86_64-linux-gnu/librt-2.19.so
7f77e465e000-7f77e465f000 r--p 00006000 08:0a 4849687                    /lib/x86_64-linux-gnu/librt-2.19.so
7f77e465f000-7f77e4660000 rw-p 00007000 08:0a 4849687                    /lib/x86_64-linux-gnu/librt-2.19.so
7f77e4660000-7f77e4760000 r-xp 00000000 08:0a 4849676                    /lib/x86_64-linux-gnu/libm-2.19.so
7f77e4760000-7f77e495f000 ---p 00100000 08:0a 4849676                    /lib/x86_64-linux-gnu/libm-2.19.so
7f77e495f000-7f77e4960000 r--p 000ff000 08:0a 4849676                    /lib/x86_64-linux-gnu/libm-2.19.so
7f77e4960000-7f77e4961000 rw-p 00100000 08:0a 4849676                    /lib/x86_64-linux-gnu/libm-2.19.so
7f77e4961000-7f77e5624000 r-xp 00000000 08:0a 4232394                    /home/kamalnrf/Software/jdk1.8.0_92/jre/lib/amd64/server/libjvm.so
7f77e5624000-7f77e5823000 ---p 00cc3000 08:0a 4232394                    /home/kamalnrf/Software/jdk1.8.0_92/jre/lib/amd64/server/libjvm.so
7f77e5823000-7f77e58fc000 rw-p 00cc2000 08:0a 4232394                    /home/kamalnrf/Software/jdk1.8.0_92/jre/lib/amd64/server/libjvm.so
7f77e58fc000-7f77e5947000 rw-p 00000000 00:00 0 
7f77e5947000-7f77e5ae9000 r-xp 00000000 08:0a 4849672                    /lib/x86_64-linux-gnu/libc-2.19.so
7f77e5ae9000-7f77e5ce8000 ---p 001a2000 08:0a 4849672                    /lib/x86_64-linux-gnu/libc-2.19.so
7f77e5ce8000-7f77e5cec000 r--p 001a1000 08:0a 4849672                    /lib/x86_64-linux-gnu/libc-2.19.so
7f77e5cec000-7f77e5cee000 rw-p 001a5000 08:0a 4849672                    /lib/x86_64-linux-gnu/libc-2.19.so
7f77e5cee000-7f77e5cf2000 rw-p 00000000 00:00 0 
7f77e5cf2000-7f77e5cf5000 r-xp 00000000 08:0a 4849675                    /lib/x86_64-linux-gnu/libdl-2.19.so
7f77e5cf5000-7f77e5ef4000 ---p 00003000 08:0a 4849675                    /lib/x86_64-linux-gnu/libdl-2.19.so
7f77e5ef4000-7f77e5ef5000 r--p 00002000 08:0a 4849675                    /lib/x86_64-linux-gnu/libdl-2.19.so
7f77e5ef5000-7f77e5ef6000 rw-p 00003000 08:0a 4849675                    /lib/x86_64-linux-gnu/libdl-2.19.so
7f77e5ef6000-7f77e5f0b000 r-xp 00000000 08:0a 4341209                    /home/kamalnrf/Software/jdk1.8.0_92/lib/amd64/jli/libjli.so
7f77e5f0b000-7f77e610b000 ---p 00015000 08:0a 4341209                    /home/kamalnrf/Software/jdk1.8.0_92/lib/amd64/jli/libjli.so
7f77e610b000-7f77e610c000 rw-p 00015000 08:0a 4341209                    /home/kamalnrf/Software/jdk1.8.0_92/lib/amd64/jli/libjli.so
7f77e610c000-7f77e6124000 r-xp 00000000 08:0a 4849667                    /lib/x86_64-linux-gnu/libpthread-2.19.so
7f77e6124000-7f77e6323000 ---p 00018000 08:0a 4849667                    /lib/x86_64-linux-gnu/libpthread-2.19.so
7f77e6323000-7f77e6324000 r--p 00017000 08:0a 4849667                    /lib/x86_64-linux-gnu/libpthread-2.19.so
7f77e6324000-7f77e6325000 rw-p 00018000 08:0a 4849667                    /lib/x86_64-linux-gnu/libpthread-2.19.so
7f77e6325000-7f77e6329000 rw-p 00000000 00:00 0 
7f77e6329000-7f77e6349000 r-xp 00000000 08:0a 4849669                    /lib/x86_64-linux-gnu/ld-2.19.so
7f77e634b000-7f77e641d000 rw-p 00000000 00:00 0 
7f77e641d000-7f77e6420000 ---p 00000000 00:00 0 
7f77e6420000-7f77e6522000 rw-p 00000000 00:00 0                          [stack:16181]
7f77e6524000-7f77e6525000 rw-p 00000000 00:00 0 
7f77e6525000-7f77e6529000 r--s 00097000 08:0a 3938264                    /home/kamalnrf/Software/jdk1.8.0_92/jre/lib/jsse.jar
7f77e6529000-7f77e653d000 rw-p 00000000 00:00 0 
7f77e653d000-7f77e6545000 rw-s 00000000 08:0a 4462475                    /tmp/hsperfdata_kamalnrf/16177
7f77e6545000-7f77e6546000 rw-p 00000000 00:00 0 
7f77e6546000-7f77e6547000 ---p 00000000 00:00 0 
7f77e6547000-7f77e6549000 rw-p 00000000 00:00 0 
7f77e6549000-7f77e654a000 r--p 00020000 08:0a 4849669                    /lib/x86_64-linux-gnu/ld-2.19.so
7f77e654a000-7f77e654b000 rw-p 00021000 08:0a 4849669                    /lib/x86_64-linux-gnu/ld-2.19.so
7f77e654b000-7f77e654c000 rw-p 00000000 00:00 0 
7fffeac0a000-7fffeac2b000 rw-p 00000000 00:00 0                          [stack]
7fffead46000-7fffead48000 r-xp 00000000 00:00 0                          [vdso]
7fffead48000-7fffead4a000 r--p 00000000 00:00 0                          [vvar]
ffffffffff600000-ffffffffff601000 r-xp 00000000 00:00 0                  [vsyscall]

VM Arguments:
jvm_args: -Djava.awt.headless=true -Xmx1024M -Dfile.encoding=UTF-8 -Duser.country=IN -Duser.language=en -Duser.variant 
java_command: com.android.dx.command.Main --dex --force-jumbo --num-threads=4 --multi-dex --output /home/kamalnrf/Projects/AndroidApplications/Broacast/app/build/intermediates/transforms/dex/debug/folders/1000/10/com.android.support-design-24.0.0-beta1_e0aa64db28c3413f40ee55429a8f388bbfd027da /home/kamalnrf/Projects/AndroidApplications/Broacast/app/build/intermediates/exploded-aar/com.android.support/design/24.0.0-beta1/jars/classes.jar
java_class_path (initial): /home/kamalnrf/Software/DevlopmentKit/android-sdk-linux/build-tools/24.0.0/lib/dx.jar
Launcher Type: SUN_STANDARD

Environment Variables:
JAVA_HOME=/home/kamalnrf/Software/DevlopmentKit/usr/java/jdk1.8.0_91
PATH=/usr/local/bin:/usr/bin:/bin:/usr/local/games:/usr/games:/home/kamalnrf/bin:/usr/local/java/jdk1.8.0_92/bin
LD_LIBRARY_PATH=./Software/IDE/android-studio/bin:
SHELL=/bin/bash
DISPLAY=:0

Signal Handlers:
SIGSEGV: [libjvm.so+0xabdee0], sa_mask[0]=11111111011111111101111111111110, sa_flags=SA_RESTART|SA_SIGINFO
SIGBUS: [libjvm.so+0xabdee0], sa_mask[0]=11111111011111111101111111111110, sa_flags=SA_RESTART|SA_SIGINFO
SIGFPE: [libjvm.so+0x91a580], sa_mask[0]=11111111011111111101111111111110, sa_flags=SA_RESTART|SA_SIGINFO
SIGPIPE: [libjvm.so+0x91a580], sa_mask[0]=11111111011111111101111111111110, sa_flags=SA_RESTART|SA_SIGINFO
SIGXFSZ: [libjvm.so+0x91a580], sa_mask[0]=11111111011111111101111111111110, sa_flags=SA_RESTART|SA_SIGINFO
SIGILL: [libjvm.so+0x91a580], sa_mask[0]=11111111011111111101111111111110, sa_flags=SA_RESTART|SA_SIGINFO
SIGUSR1: SIG_DFL, sa_mask[0]=00000000000000000000000000000000, sa_flags=none
SIGUSR2: [libjvm.so+0x91bbb0], sa_mask[0]=00100000000000000000000000000000, sa_flags=SA_RESTART|SA_SIGINFO
SIGHUP: [libjvm.so+0x91cfb0], sa_mask[0]=11111111011111111101111111111110, sa_flags=SA_RESTART|SA_SIGINFO
SIGINT: [libjvm.so+0x91cfb0], sa_mask[0]=11111111011111111101111111111110, sa_flags=SA_RESTART|SA_SIGINFO
SIGTERM: [libjvm.so+0x91cfb0], sa_mask[0]=11111111011111111101111111111110, sa_flags=SA_RESTART|SA_SIGINFO
SIGQUIT: [libjvm.so+0x91cfb0], sa_mask[0]=11111111011111111101111111111110, sa_flags=SA_RESTART|SA_SIGINFO


---------------  S Y S T E M  ---------------

OS:PRETTY_NAME="Debian GNU/Linux 8 (jessie)"
NAME="Debian GNU/Linux"
VERSION_ID="8"
VERSION="8 (jessie)"
ID=debian
HOME_URL="http://www.debian.org/"
SUPPORT_URL="http://www.debian.org/support"
BUG_REPORT_URL="https://bugs.debian.org/"

uname:Linux 3.16.0-4-amd64 #1 SMP Debian 3.16.7-ckt25-2 (2016-04-08) x86_64
libc:glibc 2.19 NPTL 2.19 
rlimit: STACK 8192k, CORE 0k, NPROC 15083, NOFILE 65536, AS infinity
load average:3.20 8.99 7.74

/proc/meminfo:
MemTotal:        3948420 kB
MemFree:           91072 kB
MemAvailable:      40812 kB
Buffers:            1708 kB
Cached:           272036 kB
SwapCached:            0 kB
Active:          3486272 kB
Inactive:         218704 kB
Active(anon):    3466564 kB
Inactive(anon):   200400 kB
Active(file):      19708 kB
Inactive(file):    18304 kB
Unevictable:         376 kB
Mlocked:             376 kB
SwapTotal:             0 kB
SwapFree:              0 kB
Dirty:                68 kB
Writeback:          9948 kB
AnonPages:       3431868 kB
Mapped:            79884 kB
Shmem:            235312 kB
Slab:              75872 kB
SReclaimable:      30392 kB
SUnreclaim:        45480 kB
KernelStack:       10592 kB
PageTables:        36928 kB
NFS_Unstable:          0 kB
Bounce:                0 kB
WritebackTmp:          0 kB
CommitLimit:     1974208 kB
Committed_AS:    7640724 kB
VmallocTotal:   34359738367 kB
VmallocUsed:      543544 kB
VmallocChunk:   34359133360 kB
HardwareCorrupted:     0 kB
AnonHugePages:         0 kB
HugePages_Total:       0
HugePages_Free:        0
HugePages_Rsvd:        0
HugePages_Surp:        0
Hugepagesize:       2048 kB
DirectMap4k:       74496 kB
DirectMap2M:     4009984 kB
DirectMap1G:           0 kB


CPU:total 4 (2 cores per cpu, 2 threads per core) family 6 model 69 stepping 1, cmov, cx8, fxsr, mmx, sse, sse2, sse3, ssse3, sse4.1, sse4.2, popcnt, avx, avx2, aes, clmul, erms, lzcnt, ht, tsc, tscinvbit, bmi1, bmi2

/proc/cpuinfo:
processor	: 0
vendor_id	: GenuineIntel
cpu family	: 6
model		: 69
model name	: Intel(R) Core(TM) i5-4210U CPU @ 1.70GHz
stepping	: 1
microcode	: 0x17
cpu MHz		: 2602.312
cache size	: 3072 KB
physical id	: 0
siblings	: 4
core id		: 0
cpu cores	: 2
apicid		: 0
initial apicid	: 0
fpu		: yes
fpu_exception	: yes
cpuid level	: 13
wp		: yes
flags		: fpu vme de pse tsc msr pae mce cx8 apic sep mtrr pge mca cmov pat pse36 clflush dts acpi mmx fxsr sse sse2 ss ht tm pbe syscall nx pdpe1gb rdtscp lm constant_tsc arch_perfmon pebs bts rep_good nopl xtopology nonstop_tsc aperfmperf eagerfpu pni pclmulqdq dtes64 monitor ds_cpl vmx est tm2 ssse3 fma cx16 xtpr pdcm pcid sse4_1 sse4_2 movbe popcnt tsc_deadline_timer aes xsave avx f16c rdrand lahf_lm abm ida arat epb xsaveopt pln pts dtherm tpr_shadow vnmi flexpriority ept vpid fsgsbase tsc_adjust bmi1 avx2 smep bmi2 erms invpcid
bogomips	: 4788.65
clflush size	: 64
cache_alignment	: 64
address sizes	: 39 bits physical, 48 bits virtual
power management:

processor	: 1
vendor_id	: GenuineIntel
cpu family	: 6
model		: 69
model name	: Intel(R) Core(TM) i5-4210U CPU @ 1.70GHz
stepping	: 1
microcode	: 0x17
cpu MHz		: 1873.125
cache size	: 3072 KB
physical id	: 0
siblings	: 4
core id		: 0
cpu cores	: 2
apicid		: 1
initial apicid	: 1
fpu		: yes
fpu_exception	: yes
cpuid level	: 13
wp		: yes
flags		: fpu vme de pse tsc msr pae mce cx8 apic sep mtrr pge mca cmov pat pse36 clflush dts acpi mmx fxsr sse sse2 ss ht tm pbe syscall nx pdpe1gb rdtscp lm constant_tsc arch_perfmon pebs bts rep_good nopl xtopology nonstop_tsc aperfmperf eagerfpu pni pclmulqdq dtes64 monitor ds_cpl vmx est tm2 ssse3 fma cx16 xtpr pdcm pcid sse4_1 sse4_2 movbe popcnt tsc_deadline_timer aes xsave avx f16c rdrand lahf_lm abm ida arat epb xsaveopt pln pts dtherm tpr_shadow vnmi flexpriority ept vpid fsgsbase tsc_adjust bmi1 avx2 smep bmi2 erms invpcid
bogomips	: 4788.65
clflush size	: 64
cache_alignment	: 64
address sizes	: 39 bits physical, 48 bits virtual
power management:

processor	: 2
vendor_id	: GenuineIntel
cpu family	: 6
model		: 69
model name	: Intel(R) Core(TM) i5-4210U CPU @ 1.70GHz
stepping	: 1
microcode	: 0x17
cpu MHz		: 2395.875
cache size	: 3072 KB
physical id	: 0
siblings	: 4
core id		: 1
cpu cores	: 2
apicid		: 2
initial apicid	: 2
fpu		: yes
fpu_exception	: yes
cpuid level	: 13
wp		: yes
flags		: fpu vme de pse tsc msr pae mce cx8 apic sep mtrr pge mca cmov pat pse36 clflush dts acpi mmx fxsr sse sse2 ss ht tm pbe syscall nx pdpe1gb rdtscp lm constant_tsc arch_perfmon pebs bts rep_good nopl xtopology nonstop_tsc aperfmperf eagerfpu pni pclmulqdq dtes64 monitor ds_cpl vmx est tm2 ssse3 fma cx16 xtpr pdcm pcid sse4_1 sse4_2 movbe popcnt tsc_deadline_timer aes xsave avx f16c rdrand lahf_lm abm ida arat epb xsaveopt pln pts dtherm tpr_shadow vnmi flexpriority ept vpid fsgsbase tsc_adjust bmi1 avx2 smep bmi2 erms invpcid
bogomips	: 4788.65
clflush size	: 64
cache_alignment	: 64
address sizes	: 39 bits physical, 48 bits virtual
power management:

processor	: 3
vendor_id	: GenuineIntel
cpu family	: 6
model		: 69
model name	: Intel(R) Core(TM) i5-4210U CPU @ 1.70GHz
stepping	: 1
microcode	: 0x17
cpu MHz		: 1865.812
cache size	: 3072 KB
physical id	: 0
siblings	: 4
core id		: 1
cpu cores	: 2
apicid		: 3
initial apicid	: 3
fpu		: yes
fpu_exception	: yes
cpuid level	: 13
wp		: yes
flags		: fpu vme de pse tsc msr pae mce cx8 apic sep mtrr pge mca cmov pat pse36 clflush dts acpi mmx fxsr sse sse2 ss ht tm pbe syscall nx pdpe1gb rdtscp lm constant_tsc arch_perfmon pebs bts rep_good nopl xtopology nonstop_tsc aperfmperf eagerfpu pni pclmulqdq dtes64 monitor ds_cpl vmx est tm2 ssse3 fma cx16 xtpr pdcm pcid sse4_1 sse4_2 movbe popcnt tsc_deadline_timer aes xsave avx f16c rdrand lahf_lm abm ida arat epb xsaveopt pln pts dtherm tpr_shadow vnmi flexpriority ept vpid fsgsbase tsc_adjust bmi1 avx2 smep bmi2 erms invpcid
bogomips	: 4788.65
clflush size	: 64
cache_alignment	: 64
address sizes	: 39 bits physical, 48 bits virtual
power management:



Memory: 4k page, physical 3948420k(91072k free), swap 0k(0k free)

vm_info: Java HotSpot(TM) 64-Bit Server VM (25.92-b14) for linux-amd64 JRE (1.8.0_92-b14), built on Mar 31 2016 21:08:29 by "java_re" with gcc 4.3.0 20080428 (Red Hat 4.3.0-8)

time: Mon Jul  4 16:51:39 2016
elapsed time: 9 seconds (0d 0h 0m 9s)

