#
# There is insufficient memory for the Java Runtime Environment to continue.
# Native memory allocation (mmap) failed to map 72876032 bytes for committing reserved memory.
# Possible reasons:
#   The system is out of physical RAM or swap space
#   In 32 bit mode, the process size limit was hit
# Possible solutions:
#   Reduce memory load on the system
#   Increase physical memory or swap space
#   Check if swap backing store is full
#   Use 64 bit Java on a 64 bit OS
#   Decrease Java heap size (-Xmx/-Xms)
#   Decrease number of Java threads
#   Decrease Java thread stack sizes (-Xss)
#   Set larger code cache with -XX:ReservedCodeCacheSize=
# This output file may be truncated or incomplete.
#
#  Out of Memory Error (os_linux.cpp:2627), pid=5162, tid=0x00007f6a18b79700
#
# JRE version: Java(TM) SE Runtime Environment (8.0_92-b14) (build 1.8.0_92-b14)
# Java VM: Java HotSpot(TM) 64-Bit Server VM (25.92-b14 mixed mode linux-amd64 compressed oops)
# Failed to write core dump. Core dumps have been disabled. To enable core dumping, try "ulimit -c unlimited" before starting Java again
#

---------------  T H R E A D  ---------------

Current thread (0x00007f6a2c078000):  VMThread [stack: 0x00007f6a18a79000,0x00007f6a18b7a000] [id=5175]

Stack: [0x00007f6a18a79000,0x00007f6a18b7a000],  sp=0x00007f6a18b780a0,  free space=1020k
Native frames: (J=compiled Java code, j=interpreted, Vv=VM code, C=native code)
V  [libjvm.so+0xabd65a]  VMError::report_and_die()+0x2ba
V  [libjvm.so+0x4fb4db]  report_vm_out_of_memory(char const*, int, unsigned long, VMErrorType, char const*)+0x8b
V  [libjvm.so+0x91d713]  os::Linux::commit_memory_impl(char*, unsigned long, bool)+0x103
V  [libjvm.so+0x91dc69]  os::pd_commit_memory(char*, unsigned long, unsigned long, bool)+0x29
V  [libjvm.so+0x917f6a]  os::commit_memory(char*, unsigned long, unsigned long, bool)+0x2a
V  [libjvm.so+0x98c343]  PSVirtualSpace::expand_by(unsigned long)+0x53
V  [libjvm.so+0x97cc00]  PSOldGen::expand(unsigned long)+0x170
V  [libjvm.so+0x97ce0b]  PSOldGen::resize(unsigned long)+0x1cb
V  [libjvm.so+0x984b11]  PSParallelCompact::invoke_no_policy(bool)+0x991
V  [libjvm.so+0x98a46d]  PSScavenge::invoke()+0x1ad
V  [libjvm.so+0x941410]  ParallelScavengeHeap::failed_mem_allocate(unsigned long)+0x70
V  [libjvm.so+0xabf077]  VM_ParallelGCFailedAllocation::doit()+0x97
V  [libjvm.so+0xac6aa5]  VM_Operation::evaluate()+0x55
V  [libjvm.so+0xac4e7a]  VMThread::evaluate_operation(VM_Operation*)+0xba
V  [libjvm.so+0xac51fe]  VMThread::loop()+0x1ce
V  [libjvm.so+0xac5670]  VMThread::run()+0x70
V  [libjvm.so+0x91fad8]  java_start(Thread*)+0x108

VM_Operation (0x00007f6a13dfbbb0): ParallelGCFailedAllocation, mode: safepoint, requested by thread 0x00007f6a2c161000


---------------  P R O C E S S  ---------------

Java Threads: ( => current thread )
  0x00007f6a2c164800 JavaThread "pool-2-thread-4" [_thread_blocked, id=5215, stack(0x00007f6a13afb000,0x00007f6a13bfc000)]
  0x00007f6a2c162800 JavaThread "pool-2-thread-3" [_thread_blocked, id=5214, stack(0x00007f6a13bfc000,0x00007f6a13cfd000)]
  0x00007f6a2c161000 JavaThread "pool-2-thread-2" [_thread_blocked, id=5213, stack(0x00007f6a13cfd000,0x00007f6a13dfe000)]
  0x00007f6a2c15c000 JavaThread "pool-3-thread-1" [_thread_blocked, id=5212, stack(0x00007f6a13dfe000,0x00007f6a13eff000)]
  0x00007f6a2c159800 JavaThread "pool-2-thread-1" [_thread_blocked, id=5209, stack(0x00007f6a13eff000,0x00007f6a14000000)]
  0x00007f6a2c0da000 JavaThread "Service Thread" daemon [_thread_blocked, id=5184, stack(0x00007f6a181e9000,0x00007f6a182ea000)]
  0x00007f6a2c0bd800 JavaThread "C1 CompilerThread2" daemon [_thread_blocked, id=5183, stack(0x00007f6a182ea000,0x00007f6a183eb000)]
  0x00007f6a2c0bb800 JavaThread "C2 CompilerThread1" daemon [_thread_blocked, id=5182, stack(0x00007f6a183eb000,0x00007f6a184ec000)]
  0x00007f6a2c0b8800 JavaThread "C2 CompilerThread0" daemon [_thread_blocked, id=5181, stack(0x00007f6a184ec000,0x00007f6a185ed000)]
  0x00007f6a2c0b7000 JavaThread "Signal Dispatcher" daemon [_thread_blocked, id=5180, stack(0x00007f6a185ed000,0x00007f6a186ee000)]
  0x00007f6a2c084800 JavaThread "Finalizer" daemon [_thread_blocked, id=5177, stack(0x00007f6a18877000,0x00007f6a18978000)]
  0x00007f6a2c07f800 JavaThread "Reference Handler" daemon [_thread_blocked, id=5176, stack(0x00007f6a18978000,0x00007f6a18a79000)]
  0x00007f6a2c00a000 JavaThread "main" [_thread_blocked, id=5164, stack(0x00007f6a33109000,0x00007f6a3320a000)]

Other Threads:
=>0x00007f6a2c078000 VMThread [stack: 0x00007f6a18a79000,0x00007f6a18b7a000] [id=5175]
  0x00007f6a2c0dd800 WatcherThread [stack: 0x00007f6a180e8000,0x00007f6a181e9000] [id=5185]

VM state:at safepoint (normal execution)

VM Mutex/Monitor currently owned by a thread:  ([mutex/lock_event])
[0x00007f6a2c0060b0] ExpandHeap_lock - owner thread: 0x00007f6a2c078000
[0x00007f6a2c006730] Threads_lock - owner thread: 0x00007f6a2c078000
[0x00007f6a2c006c30] Heap_lock - owner thread: 0x00007f6a2c161000

Heap:
 PSYoungGen      total 175104K, used 10683K [0x00000000eab00000, 0x00000000fa700000, 0x0000000100000000)
  eden space 142336K, 0% used [0x00000000eab00000,0x00000000eab00000,0x00000000f3600000)
  from space 32768K, 32% used [0x00000000f8700000,0x00000000f916ee68,0x00000000fa700000)
  to   space 47104K, 0% used [0x00000000f4b00000,0x00000000f4b00000,0x00000000f7900000)
 ParOldGen       total 88064K, used 87602K [0x00000000c0000000, 0x00000000c5600000, 0x00000000eab00000)
  object space 88064K, 99% used [0x00000000c0000000,0x00000000c558cad8,0x00000000c5600000)
 Metaspace       used 6434K, capacity 7256K, committed 7424K, reserved 1056768K
  class space    used 612K, capacity 656K, committed 768K, reserved 1048576K

Card table byte_map: [0x00007f6a300b6000,0x00007f6a302b7000] byte_map_base: 0x00007f6a2fab6000

Marking Bits: (ParMarkBitMap*) 0x00007f6a326064c0
 Begin Bits: [0x00007f6a1a6e6000, 0x00007f6a1b6e6000)
 End Bits:   [0x00007f6a1b6e6000, 0x00007f6a1c6e6000)

Polling page: 0x00007f6a33232000

CodeCache: size=245760Kb used=8054Kb max_used=8060Kb free=237705Kb
 bounds [0x00007f6a1d000000, 0x00007f6a1d7f0000, 0x00007f6a2c000000]
 total_blobs=2306 nmethods=2037 adapters=182
 compilation: enabled

Compilation events (10 events):
Event: 14.835 Thread 0x00007f6a2c0bd800 2346       2       com.android.dx.cf.code.SwitchList::getTarget (9 bytes)
Event: 14.835 Thread 0x00007f6a2c0bd800 nmethod 2346 0x00007f6a1d7d52d0 code [0x00007f6a1d7d5440, 0x00007f6a1d7d55a8]
Event: 14.870 Thread 0x00007f6a2c0b8800 nmethod 2184 0x00007f6a1d7e14d0 code [0x00007f6a1d7e17a0, 0x00007f6a1d7e2a50]
Event: 14.870 Thread 0x00007f6a2c0b8800 1863       4       java.util.ArrayList::remove (77 bytes)
Event: 14.901 Thread 0x00007f6a2c0b8800 nmethod 1863 0x00007f6a1d7d1c10 code [0x00007f6a1d7d1d80, 0x00007f6a1d7d2158]
Event: 14.901 Thread 0x00007f6a2c0b8800 1648       4       com.android.dx.ssa.MoveParamCombiner$1::visitNonMoveInsn (213 bytes)
Event: 15.041 Thread 0x00007f6a2c0bd800 2350 %     3       com.android.dx.rop.code.InsnList::contentEquals @ 23 (54 bytes)
Event: 15.042 Thread 0x00007f6a2c0bd800 nmethod 2350% 0x00007f6a1d7d0b90 code [0x00007f6a1d7d0d80, 0x00007f6a1d7d1888]
Event: 15.086 Thread 0x00007f6a2c0bd800 2351       3       com.android.dx.rop.code.InsnList::contentEquals (54 bytes)
Event: 15.086 Thread 0x00007f6a2c0bd800 nmethod 2351 0x00007f6a1d7d4310 code [0x00007f6a1d7d4500, 0x00007f6a1d7d4f88]

GC Heap History (10 events):
Event: 5.344 GC heap after
Heap after GC invocations=7 (full 0):
 PSYoungGen      total 72704K, used 10224K [0x00000000eab00000, 0x00000000f4200000, 0x0000000100000000)
  eden space 62464K, 0% used [0x00000000eab00000,0x00000000eab00000,0x00000000ee800000)
  from space 10240K, 99% used [0x00000000ee800000,0x00000000ef1fc020,0x00000000ef200000)
  to   space 14848K, 0% used [0x00000000f3380000,0x00000000f3380000,0x00000000f4200000)
 ParOldGen       total 42496K, used 16430K [0x00000000c0000000, 0x00000000c2980000, 0x00000000eab00000)
  object space 42496K, 38% used [0x00000000c0000000,0x00000000c100bb00,0x00000000c2980000)
 Metaspace       used 6031K, capacity 6936K, committed 7168K, reserved 1056768K
  class space    used 612K, capacity 656K, committed 768K, reserved 1048576K
}
Event: 6.078 GC heap before
{Heap before GC invocations=8 (full 0):
 PSYoungGen      total 72704K, used 72688K [0x00000000eab00000, 0x00000000f4200000, 0x0000000100000000)
  eden space 62464K, 100% used [0x00000000eab00000,0x00000000ee800000,0x00000000ee800000)
  from space 10240K, 99% used [0x00000000ee800000,0x00000000ef1fc020,0x00000000ef200000)
  to   space 14848K, 0% used [0x00000000f3380000,0x00000000f3380000,0x00000000f4200000)
 ParOldGen       total 42496K, used 16430K [0x00000000c0000000, 0x00000000c2980000, 0x00000000eab00000)
  object space 42496K, 38% used [0x00000000c0000000,0x00000000c100bb00,0x00000000c2980000)
 Metaspace       used 6114K, capacity 7064K, committed 7424K, reserved 1056768K
  class space    used 612K, capacity 656K, committed 768K, reserved 1048576K
Event: 6.185 GC heap after
Heap after GC invocations=8 (full 0):
 PSYoungGen      total 135168K, used 14833K [0x00000000eab00000, 0x00000000f4b00000, 0x0000000100000000)
  eden space 120320K, 0% used [0x00000000eab00000,0x00000000eab00000,0x00000000f2080000)
  from space 14848K, 99% used [0x00000000f3380000,0x00000000f41fc5f8,0x00000000f4200000)
  to   space 19456K, 0% used [0x00000000f2080000,0x00000000f2080000,0x00000000f3380000)
 ParOldGen       total 42496K, used 20651K [0x00000000c0000000, 0x00000000c2980000, 0x00000000eab00000)
  object space 42496K, 48% used [0x00000000c0000000,0x00000000c142ad98,0x00000000c2980000)
 Metaspace       used 6114K, capacity 7064K, committed 7424K, reserved 1056768K
  class space    used 612K, capacity 656K, committed 768K, reserved 1048576K
}
Event: 9.311 GC heap before
{Heap before GC invocations=9 (full 0):
 PSYoungGen      total 135168K, used 135153K [0x00000000eab00000, 0x00000000f4b00000, 0x0000000100000000)
  eden space 120320K, 100% used [0x00000000eab00000,0x00000000f2080000,0x00000000f2080000)
  from space 14848K, 99% used [0x00000000f3380000,0x00000000f41fc5f8,0x00000000f4200000)
  to   space 19456K, 0% used [0x00000000f2080000,0x00000000f2080000,0x00000000f3380000)
 ParOldGen       total 42496K, used 20651K [0x00000000c0000000, 0x00000000c2980000, 0x00000000eab00000)
  object space 42496K, 48% used [0x00000000c0000000,0x00000000c142ad98,0x00000000c2980000)
 Metaspace       used 6403K, capacity 7192K, committed 7424K, reserved 1056768K
  class space    used 612K, capacity 656K, committed 768K, reserved 1048576K
Event: 9.639 GC heap after
Heap after GC invocations=9 (full 0):
 PSYoungGen      total 139776K, used 19453K [0x00000000eab00000, 0x00000000fa700000, 0x0000000100000000)
  eden space 120320K, 0% used [0x00000000eab00000,0x00000000eab00000,0x00000000f2080000)
  from space 19456K, 99% used [0x00000000f2080000,0x00000000f337f458,0x00000000f3380000)
  to   space 32768K, 0% used [0x00000000f8700000,0x00000000f8700000,0x00000000fa700000)
 ParOldGen       total 46080K, used 45773K [0x00000000c0000000, 0x00000000c2d00000, 0x00000000eab00000)
  object space 46080K, 99% used [0x00000000c0000000,0x00000000c2cb3730,0x00000000c2d00000)
 Metaspace       used 6403K, capacity 7192K, committed 7424K, reserved 1056768K
  class space    used 612K, capacity 656K, committed 768K, reserved 1048576K
}
Event: 9.639 GC heap before
{Heap before GC invocations=10 (full 1):
 PSYoungGen      total 139776K, used 19453K [0x00000000eab00000, 0x00000000fa700000, 0x0000000100000000)
  eden space 120320K, 0% used [0x00000000eab00000,0x00000000eab00000,0x00000000f2080000)
  from space 19456K, 99% used [0x00000000f2080000,0x00000000f337f458,0x00000000f3380000)
  to   space 32768K, 0% used [0x00000000f8700000,0x00000000f8700000,0x00000000fa700000)
 ParOldGen       total 46080K, used 45773K [0x00000000c0000000, 0x00000000c2d00000, 0x00000000eab00000)
  object space 46080K, 99% used [0x00000000c0000000,0x00000000c2cb3730,0x00000000c2d00000)
 Metaspace       used 6403K, capacity 7192K, committed 7424K, reserved 1056768K
  class space    used 612K, capacity 656K, committed 768K, reserved 1048576K
Event: 11.628 GC heap after
Heap after GC invocations=10 (full 1):
 PSYoungGen      total 139776K, used 15839K [0x00000000eab00000, 0x00000000fa700000, 0x0000000100000000)
  eden space 120320K, 0% used [0x00000000eab00000,0x00000000eab00000,0x00000000f2080000)
  from space 19456K, 81% used [0x00000000f2080000,0x00000000f2ff7ca0,0x00000000f3380000)
  to   space 32768K, 0% used [0x00000000f8700000,0x00000000f8700000,0x00000000fa700000)
 ParOldGen       total 88064K, used 45962K [0x00000000c0000000, 0x00000000c5600000, 0x00000000eab00000)
  object space 88064K, 52% used [0x00000000c0000000,0x00000000c2ce2b88,0x00000000c5600000)
 Metaspace       used 6403K, capacity 7192K, committed 7424K, reserved 1056768K
  class space    used 612K, capacity 656K, committed 768K, reserved 1048576K
}
Event: 15.121 GC heap before
{Heap before GC invocations=11 (full 1):
 PSYoungGen      total 139776K, used 136159K [0x00000000eab00000, 0x00000000fa700000, 0x0000000100000000)
  eden space 120320K, 100% used [0x00000000eab00000,0x00000000f2080000,0x00000000f2080000)
  from space 19456K, 81% used [0x00000000f2080000,0x00000000f2ff7ca0,0x00000000f3380000)
  to   space 32768K, 0% used [0x00000000f8700000,0x00000000f8700000,0x00000000fa700000)
 ParOldGen       total 88064K, used 45962K [0x00000000c0000000, 0x00000000c5600000, 0x00000000eab00000)
  object space 88064K, 52% used [0x00000000c0000000,0x00000000c2ce2b88,0x00000000c5600000)
 Metaspace       used 6434K, capacity 7256K, committed 7424K, reserved 1056768K
  class space    used 612K, capacity 656K, committed 768K, reserved 1048576K
Event: 15.326 GC heap after
Heap after GC invocations=11 (full 1):
 PSYoungGen      total 175104K, used 32741K [0x00000000eab00000, 0x00000000fa700000, 0x0000000100000000)
  eden space 142336K, 0% used [0x00000000eab00000,0x00000000eab00000,0x00000000f3600000)
  from space 32768K, 99% used [0x00000000f8700000,0x00000000fa6f9698,0x00000000fa700000)
  to   space 47104K, 0% used [0x00000000f4b00000,0x00000000f4b00000,0x00000000f7900000)
 ParOldGen       total 88064K, used 69281K [0x00000000c0000000, 0x00000000c5600000, 0x00000000eab00000)
  object space 88064K, 78% used [0x00000000c0000000,0x00000000c43a8660,0x00000000c5600000)
 Metaspace       used 6434K, capacity 7256K, committed 7424K, reserved 1056768K
  class space    used 612K, capacity 656K, committed 768K, reserved 1048576K
}
Event: 15.326 GC heap before
{Heap before GC invocations=12 (full 2):
 PSYoungGen      total 175104K, used 32741K [0x00000000eab00000, 0x00000000fa700000, 0x0000000100000000)
  eden space 142336K, 0% used [0x00000000eab00000,0x00000000eab00000,0x00000000f3600000)
  from space 32768K, 99% used [0x00000000f8700000,0x00000000fa6f9698,0x00000000fa700000)
  to   space 47104K, 0% used [0x00000000f4b00000,0x00000000f4b00000,0x00000000f7900000)
 ParOldGen       total 88064K, used 69281K [0x00000000c0000000, 0x00000000c5600000, 0x00000000eab00000)
  object space 88064K, 78% used [0x00000000c0000000,0x00000000c43a8660,0x00000000c5600000)
 Metaspace       used 6434K, capacity 7256K, committed 7424K, reserved 1056768K
  class space    used 612K, capacity 656K, committed 768K, reserved 1048576K

Deoptimization events (10 events):
Event: 2.380 Thread 0x00007f6a2c161000 Uncommon trap: reason=class_check action=maybe_recompile pc=0x00007f6a1d29321c method=com.android.dx.ssa.NormalSsaInsn.accept(Lcom/android/dx/ssa/SsaInsn$Visitor;)V @ 9
Event: 2.997 Thread 0x00007f6a2c162800 Uncommon trap: reason=class_check action=maybe_recompile pc=0x00007f6a1d2ed7cc method=com.android.dx.ssa.NormalSsaInsn.accept(Lcom/android/dx/ssa/SsaInsn$Visitor;)V @ 9
Event: 3.389 Thread 0x00007f6a2c159800 Uncommon trap: reason=bimorphic action=maybe_recompile pc=0x00007f6a1d20a124 method=java.util.HashMap.getNode(ILjava/lang/Object;)Ljava/util/HashMap$Node; @ 126
Event: 3.415 Thread 0x00007f6a2c164800 Uncommon trap: reason=bimorphic action=maybe_recompile pc=0x00007f6a1d20a124 method=java.util.HashMap.getNode(ILjava/lang/Object;)Ljava/util/HashMap$Node; @ 126
Event: 4.195 Thread 0x00007f6a2c162800 Uncommon trap: reason=unstable_if action=reinterpret pc=0x00007f6a1d3256e4 method=java.util.HashMap.putVal(ILjava/lang/Object;Ljava/lang/Object;ZZ)Ljava/lang/Object; @ 162
Event: 4.217 Thread 0x00007f6a2c162800 Uncommon trap: reason=unstable_if action=reinterpret pc=0x00007f6a1d20a10c method=java.util.HashMap.getNode(ILjava/lang/Object;)Ljava/util/HashMap$Node; @ 84
Event: 4.218 Thread 0x00007f6a2c162800 Uncommon trap: reason=unstable_if action=reinterpret pc=0x00007f6a1d241fa4 method=java.util.HashMap.getNode(ILjava/lang/Object;)Ljava/util/HashMap$Node; @ 84
Event: 8.145 Thread 0x00007f6a2c00a000 Uncommon trap: reason=unstable_if action=reinterpret pc=0x00007f6a1d52a010 method=com.android.dx.ssa.SCCP.simulateStmt(Lcom/android/dx/ssa/SsaInsn;)V @ 59
Event: 9.164 Thread 0x00007f6a2c00a000 Uncommon trap: reason=unstable_if action=reinterpret pc=0x00007f6a1d5d7ac4 method=java.util.HashMap.putVal(ILjava/lang/Object;Ljava/lang/Object;ZZ)Ljava/lang/Object; @ 109
Event: 11.876 Thread 0x00007f6a2c00a000 Uncommon trap: reason=unstable_if action=reinterpret pc=0x00007f6a1d68b4d8 method=com.android.dx.cf.code.ByteCatchList.typeNotFound(Lcom/android/dx/cf/code/ByteCatchList$Item;[Lcom/android/dx/cf/code/ByteCatchList$Item;I)Z @ 34

Internal exceptions (5 events):
Event: 0.127 Thread 0x00007f6a2c00a000 Exception <a 'java/lang/NoSuchMethodError': Method sun.misc.Unsafe.defineClass(Ljava/lang/String;[BII)Ljava/lang/Class; name or signature does not match> (0x00000000eab07cc0) thrown at [/HUDSON/workspace/8-2-build-linux-amd64/jdk8u92/6642/hotspot/src/shar
Event: 0.127 Thread 0x00007f6a2c00a000 Exception <a 'java/lang/NoSuchMethodError': Method sun.misc.Unsafe.prefetchRead(Ljava/lang/Object;J)V name or signature does not match> (0x00000000eab07fa8) thrown at [/HUDSON/workspace/8-2-build-linux-amd64/jdk8u92/6642/hotspot/src/share/vm/prims/jni.cpp
Event: 4.196 Thread 0x00007f6a2c162800 Exception <a 'java/lang/ArrayIndexOutOfBoundsException': 18> (0x00000000eab45650) thrown at [/HUDSON/workspace/8-2-build-linux-amd64/jdk8u92/6642/hotspot/src/share/vm/interpreter/interpreterRuntime.cpp, line 366]
Event: 4.197 Thread 0x00007f6a2c162800 Exception <a 'java/lang/ArrayIndexOutOfBoundsException': 145> (0x00000000eab471d0) thrown at [/HUDSON/workspace/8-2-build-linux-amd64/jdk8u92/6642/hotspot/src/share/vm/interpreter/interpreterRuntime.cpp, line 366]
Event: 4.208 Thread 0x00007f6a2c162800 Exception <a 'java/lang/ArrayIndexOutOfBoundsException': 40> (0x00000000eab484d0) thrown at [/HUDSON/workspace/8-2-build-linux-amd64/jdk8u92/6642/hotspot/src/share/vm/interpreter/interpreterRuntime.cpp, line 366]

Events (10 events):
Event: 13.337 Thread 0x00007f6a2c00a000 DEOPT UNPACKING pc=0x00007f6a1d047633 sp=0x00007f6a332076f8 mode 0
Event: 13.515 Thread 0x00007f6a2c00a000 DEOPT PACKING pc=0x00007f6a1d645fdf sp=0x00007f6a33208290
Event: 13.515 Thread 0x00007f6a2c00a000 DEOPT UNPACKING pc=0x00007f6a1d047633 sp=0x00007f6a33207f78 mode 0
Event: 14.004 Thread 0x00007f6a2c00a000 DEOPT PACKING pc=0x00007f6a1d46c875 sp=0x00007f6a332070b0
Event: 14.004 Thread 0x00007f6a2c00a000 DEOPT UNPACKING pc=0x00007f6a1d047633 sp=0x00007f6a33206e40 mode 0
Event: 14.289 Thread 0x00007f6a2c00a000 DEOPT PACKING pc=0x00007f6a1d600282 sp=0x00007f6a33207c80
Event: 14.289 Thread 0x00007f6a2c00a000 DEOPT UNPACKING pc=0x00007f6a1d047633 sp=0x00007f6a33207ab0 mode 0
Event: 14.327 Thread 0x00007f6a2c00a000 DEOPT PACKING pc=0x00007f6a1d6029c1 sp=0x00007f6a33207b80
Event: 14.327 Thread 0x00007f6a2c00a000 DEOPT UNPACKING pc=0x00007f6a1d047633 sp=0x00007f6a33207960 mode 0
Event: 15.096 Executing VM operation: ParallelGCFailedAllocation


Dynamic libraries:
00400000-00401000 r-xp 00000000 08:0a 3675388                            /home/kamalnrf/Software/jdk1.8.0_92/bin/java
00600000-00601000 rw-p 00000000 08:0a 3675388                            /home/kamalnrf/Software/jdk1.8.0_92/bin/java
010fa000-0111b000 rw-p 00000000 00:00 0                                  [heap]
c0000000-c5600000 rw-p 00000000 00:00 0 
c9b80000-eab00000 ---p 00000000 00:00 0 
eab00000-fa700000 rw-p 00000000 00:00 0 
fa700000-100000000 ---p 00000000 00:00 0 
100000000-1000c0000 rw-p 00000000 00:00 0 
1000c0000-140000000 ---p 00000000 00:00 0 
7f69cc000000-7f69cc021000 rw-p 00000000 00:00 0 
7f69cc021000-7f69d0000000 ---p 00000000 00:00 0 
7f69d0000000-7f69d0027000 rw-p 00000000 00:00 0 
7f69d0027000-7f69d4000000 ---p 00000000 00:00 0 
7f69d4000000-7f69d4021000 rw-p 00000000 00:00 0 
7f69d4021000-7f69d8000000 ---p 00000000 00:00 0 
7f69d8000000-7f69d8025000 rw-p 00000000 00:00 0 
7f69d8025000-7f69dc000000 ---p 00000000 00:00 0 
7f69dc000000-7f69dc021000 rw-p 00000000 00:00 0 
7f69dc021000-7f69e0000000 ---p 00000000 00:00 0 
7f69e0000000-7f69e0029000 rw-p 00000000 00:00 0 
7f69e0029000-7f69e4000000 ---p 00000000 00:00 0 
7f69e4000000-7f69e48b9000 rw-p 00000000 00:00 0 
7f69e48b9000-7f69e8000000 ---p 00000000 00:00 0 
7f69e8000000-7f69e8021000 rw-p 00000000 00:00 0 
7f69e8021000-7f69ec000000 ---p 00000000 00:00 0 
7f69ec000000-7f69eccda000 rw-p 00000000 00:00 0 
7f69eccda000-7f69f0000000 ---p 00000000 00:00 0 
7f69f0000000-7f69f0df5000 rw-p 00000000 00:00 0 
7f69f0df5000-7f69f4000000 ---p 00000000 00:00 0 
7f69f4000000-7f69f4021000 rw-p 00000000 00:00 0 
7f69f4021000-7f69f8000000 ---p 00000000 00:00 0 
7f69f8000000-7f69f8021000 rw-p 00000000 00:00 0 
7f69f8021000-7f69fc000000 ---p 00000000 00:00 0 
7f69fc000000-7f69fc2c5000 rw-p 00000000 00:00 0 
7f69fc2c5000-7f6a00000000 ---p 00000000 00:00 0 
7f6a00000000-7f6a00021000 rw-p 00000000 00:00 0 
7f6a00021000-7f6a04000000 ---p 00000000 00:00 0 
7f6a04000000-7f6a04021000 rw-p 00000000 00:00 0 
7f6a04021000-7f6a08000000 ---p 00000000 00:00 0 
7f6a08000000-7f6a08021000 rw-p 00000000 00:00 0 
7f6a08021000-7f6a0c000000 ---p 00000000 00:00 0 
7f6a0c000000-7f6a0c021000 rw-p 00000000 00:00 0 
7f6a0c021000-7f6a10000000 ---p 00000000 00:00 0 
7f6a13afb000-7f6a13afe000 ---p 00000000 00:00 0 
7f6a13afe000-7f6a13bfc000 rw-p 00000000 00:00 0                          [stack:5215]
7f6a13bfc000-7f6a13bff000 ---p 00000000 00:00 0 
7f6a13bff000-7f6a13cfd000 rw-p 00000000 00:00 0                          [stack:5214]
7f6a13cfd000-7f6a13d00000 ---p 00000000 00:00 0 
7f6a13d00000-7f6a13dfe000 rw-p 00000000 00:00 0                          [stack:5213]
7f6a13dfe000-7f6a13e01000 ---p 00000000 00:00 0 
7f6a13e01000-7f6a13eff000 rw-p 00000000 00:00 0                          [stack:5212]
7f6a13eff000-7f6a13f02000 ---p 00000000 00:00 0 
7f6a13f02000-7f6a14000000 rw-p 00000000 00:00 0                          [stack:5209]
7f6a14000000-7f6a14021000 rw-p 00000000 00:00 0 
7f6a14021000-7f6a18000000 ---p 00000000 00:00 0 
7f6a180d0000-7f6a180e8000 r--s 000f5000 08:0a 3015721                    /home/kamalnrf/Projects/AndroidApplications/Broacast/app/build/intermediates/exploded-aar/com.google.android.gms/play-services-ads/8.4.0/jars/classes.jar
7f6a180e8000-7f6a180e9000 ---p 00000000 00:00 0 
7f6a180e9000-7f6a181e9000 rw-p 00000000 00:00 0                          [stack:5185]
7f6a181e9000-7f6a181ec000 ---p 00000000 00:00 0 
7f6a181ec000-7f6a182ea000 rw-p 00000000 00:00 0                          [stack:5184]
7f6a182ea000-7f6a182ed000 ---p 00000000 00:00 0 
7f6a182ed000-7f6a183eb000 rw-p 00000000 00:00 0                          [stack:5183]
7f6a183eb000-7f6a183ee000 ---p 00000000 00:00 0 
7f6a183ee000-7f6a184ec000 rw-p 00000000 00:00 0                          [stack:5182]
7f6a184ec000-7f6a184ef000 ---p 00000000 00:00 0 
7f6a184ef000-7f6a185ed000 rw-p 00000000 00:00 0                          [stack:5181]
7f6a185ed000-7f6a185f0000 ---p 00000000 00:00 0 
7f6a185f0000-7f6a186ee000 rw-p 00000000 00:00 0                          [stack:5180]
7f6a186ee000-7f6a18877000 r--p 00000000 08:0a 4198184                    /usr/lib/locale/locale-archive
7f6a18877000-7f6a1887a000 ---p 00000000 00:00 0 
7f6a1887a000-7f6a18978000 rw-p 00000000 00:00 0                          [stack:5177]
7f6a18978000-7f6a1897b000 ---p 00000000 00:00 0 
7f6a1897b000-7f6a18a79000 rw-p 00000000 00:00 0                          [stack:5176]
7f6a18a79000-7f6a18a7a000 ---p 00000000 00:00 0 
7f6a18a7a000-7f6a19b0d000 rw-p 00000000 00:00 0                          [stack:5175]
7f6a19b0d000-7f6a19ce6000 r--s 03d24000 08:0a 3938259                    /home/kamalnrf/Software/jdk1.8.0_92/jre/lib/rt.jar
7f6a19ce6000-7f6a1a366000 rw-p 00000000 00:00 0 
7f6a1a366000-7f6a1a4e6000 ---p 00000000 00:00 0 
7f6a1a4e6000-7f6a1c6e6000 rw-p 00000000 00:00 0 
7f6a1c6e6000-7f6a1c6e7000 ---p 00000000 00:00 0 
7f6a1c6e7000-7f6a1c7e7000 rw-p 00000000 00:00 0                          [stack:5171]
7f6a1c7e7000-7f6a1c7e8000 ---p 00000000 00:00 0 
7f6a1c7e8000-7f6a1c8e8000 rw-p 00000000 00:00 0                          [stack:5169]
7f6a1c8e8000-7f6a1c8e9000 ---p 00000000 00:00 0 
7f6a1c8e9000-7f6a1c9e9000 rw-p 00000000 00:00 0                          [stack:5168]
7f6a1c9e9000-7f6a1c9ea000 ---p 00000000 00:00 0 
7f6a1c9ea000-7f6a1cb15000 rw-p 00000000 00:00 0                          [stack:5167]
7f6a1cb15000-7f6a1cc40000 ---p 00000000 00:00 0 
7f6a1cc40000-7f6a1cc60000 rw-p 00000000 00:00 0 
7f6a1cc60000-7f6a1d000000 ---p 00000000 00:00 0 
7f6a1d000000-7f6a1d7f0000 rwxp 00000000 00:00 0 
7f6a1d7f0000-7f6a2c000000 ---p 00000000 00:00 0 
7f6a2c000000-7f6a2c3a8000 rw-p 00000000 00:00 0 
7f6a2c3a8000-7f6a30000000 ---p 00000000 00:00 0 
7f6a30011000-7f6a3001f000 r--s 000e0000 08:0a 1059118                    /home/kamalnrf/Software/DevlopmentKit/android-sdk-linux/build-tools/24.0.0/lib/dx.jar
7f6a3001f000-7f6a300e1000 rw-p 00000000 00:00 0 
7f6a300e1000-7f6a3020b000 ---p 00000000 00:00 0 
7f6a3020b000-7f6a3028a000 rw-p 00000000 00:00 0 
7f6a3028a000-7f6a302b6000 ---p 00000000 00:00 0 
7f6a302b6000-7f6a302b7000 rw-p 00000000 00:00 0 
7f6a302b7000-7f6a302d1000 r-xp 00000000 08:0a 3938310                    /home/kamalnrf/Software/jdk1.8.0_92/jre/lib/amd64/libzip.so
7f6a302d1000-7f6a304d1000 ---p 0001a000 08:0a 3938310                    /home/kamalnrf/Software/jdk1.8.0_92/jre/lib/amd64/libzip.so
7f6a304d1000-7f6a304d2000 rw-p 0001a000 08:0a 3938310                    /home/kamalnrf/Software/jdk1.8.0_92/jre/lib/amd64/libzip.so
7f6a304d2000-7f6a304dd000 r-xp 00000000 08:0a 4849681                    /lib/x86_64-linux-gnu/libnss_files-2.19.so
7f6a304dd000-7f6a306dc000 ---p 0000b000 08:0a 4849681                    /lib/x86_64-linux-gnu/libnss_files-2.19.so
7f6a306dc000-7f6a306dd000 r--p 0000a000 08:0a 4849681                    /lib/x86_64-linux-gnu/libnss_files-2.19.so
7f6a306dd000-7f6a306de000 rw-p 0000b000 08:0a 4849681                    /lib/x86_64-linux-gnu/libnss_files-2.19.so
7f6a306de000-7f6a306e8000 r-xp 00000000 08:0a 4849683                    /lib/x86_64-linux-gnu/libnss_nis-2.19.so
7f6a306e8000-7f6a308e7000 ---p 0000a000 08:0a 4849683                    /lib/x86_64-linux-gnu/libnss_nis-2.19.so
7f6a308e7000-7f6a308e8000 r--p 00009000 08:0a 4849683                    /lib/x86_64-linux-gnu/libnss_nis-2.19.so
7f6a308e8000-7f6a308e9000 rw-p 0000a000 08:0a 4849683                    /lib/x86_64-linux-gnu/libnss_nis-2.19.so
7f6a308e9000-7f6a308fe000 r-xp 00000000 08:0a 4849678                    /lib/x86_64-linux-gnu/libnsl-2.19.so
7f6a308fe000-7f6a30afd000 ---p 00015000 08:0a 4849678                    /lib/x86_64-linux-gnu/libnsl-2.19.so
7f6a30afd000-7f6a30afe000 r--p 00014000 08:0a 4849678                    /lib/x86_64-linux-gnu/libnsl-2.19.so
7f6a30afe000-7f6a30aff000 rw-p 00015000 08:0a 4849678                    /lib/x86_64-linux-gnu/libnsl-2.19.so
7f6a30aff000-7f6a30b01000 rw-p 00000000 00:00 0 
7f6a30b01000-7f6a30b08000 r-xp 00000000 08:0a 4849679                    /lib/x86_64-linux-gnu/libnss_compat-2.19.so
7f6a30b08000-7f6a30d07000 ---p 00007000 08:0a 4849679                    /lib/x86_64-linux-gnu/libnss_compat-2.19.so
7f6a30d07000-7f6a30d08000 r--p 00006000 08:0a 4849679                    /lib/x86_64-linux-gnu/libnss_compat-2.19.so
7f6a30d08000-7f6a30d09000 rw-p 00007000 08:0a 4849679                    /lib/x86_64-linux-gnu/libnss_compat-2.19.so
7f6a30d09000-7f6a30d33000 r-xp 00000000 08:0a 3938305                    /home/kamalnrf/Software/jdk1.8.0_92/jre/lib/amd64/libjava.so
7f6a30d33000-7f6a30f33000 ---p 0002a000 08:0a 3938305                    /home/kamalnrf/Software/jdk1.8.0_92/jre/lib/amd64/libjava.so
7f6a30f33000-7f6a30f35000 rw-p 0002a000 08:0a 3938305                    /home/kamalnrf/Software/jdk1.8.0_92/jre/lib/amd64/libjava.so
7f6a30f35000-7f6a30f42000 r-xp 00000000 08:0a 3938309                    /home/kamalnrf/Software/jdk1.8.0_92/jre/lib/amd64/libverify.so
7f6a30f42000-7f6a31142000 ---p 0000d000 08:0a 3938309                    /home/kamalnrf/Software/jdk1.8.0_92/jre/lib/amd64/libverify.so
7f6a31142000-7f6a31144000 rw-p 0000d000 08:0a 3938309                    /home/kamalnrf/Software/jdk1.8.0_92/jre/lib/amd64/libverify.so
7f6a31144000-7f6a3114b000 r-xp 00000000 08:0a 4849687                    /lib/x86_64-linux-gnu/librt-2.19.so
7f6a3114b000-7f6a3134a000 ---p 00007000 08:0a 4849687                    /lib/x86_64-linux-gnu/librt-2.19.so
7f6a3134a000-7f6a3134b000 r--p 00006000 08:0a 4849687                    /lib/x86_64-linux-gnu/librt-2.19.so
7f6a3134b000-7f6a3134c000 rw-p 00007000 08:0a 4849687                    /lib/x86_64-linux-gnu/librt-2.19.so
7f6a3134c000-7f6a3144c000 r-xp 00000000 08:0a 4849676                    /lib/x86_64-linux-gnu/libm-2.19.so
7f6a3144c000-7f6a3164b000 ---p 00100000 08:0a 4849676                    /lib/x86_64-linux-gnu/libm-2.19.so
7f6a3164b000-7f6a3164c000 r--p 000ff000 08:0a 4849676                    /lib/x86_64-linux-gnu/libm-2.19.so
7f6a3164c000-7f6a3164d000 rw-p 00100000 08:0a 4849676                    /lib/x86_64-linux-gnu/libm-2.19.so
7f6a3164d000-7f6a32310000 r-xp 00000000 08:0a 4232394                    /home/kamalnrf/Software/jdk1.8.0_92/jre/lib/amd64/server/libjvm.so
7f6a32310000-7f6a3250f000 ---p 00cc3000 08:0a 4232394                    /home/kamalnrf/Software/jdk1.8.0_92/jre/lib/amd64/server/libjvm.so
7f6a3250f000-7f6a325e8000 rw-p 00cc2000 08:0a 4232394                    /home/kamalnrf/Software/jdk1.8.0_92/jre/lib/amd64/server/libjvm.so
7f6a325e8000-7f6a32633000 rw-p 00000000 00:00 0 
7f6a32633000-7f6a327d5000 r-xp 00000000 08:0a 4849672                    /lib/x86_64-linux-gnu/libc-2.19.so
7f6a327d5000-7f6a329d4000 ---p 001a2000 08:0a 4849672                    /lib/x86_64-linux-gnu/libc-2.19.so
7f6a329d4000-7f6a329d8000 r--p 001a1000 08:0a 4849672                    /lib/x86_64-linux-gnu/libc-2.19.so
7f6a329d8000-7f6a329da000 rw-p 001a5000 08:0a 4849672                    /lib/x86_64-linux-gnu/libc-2.19.so
7f6a329da000-7f6a329de000 rw-p 00000000 00:00 0 
7f6a329de000-7f6a329e1000 r-xp 00000000 08:0a 4849675                    /lib/x86_64-linux-gnu/libdl-2.19.so
7f6a329e1000-7f6a32be0000 ---p 00003000 08:0a 4849675                    /lib/x86_64-linux-gnu/libdl-2.19.so
7f6a32be0000-7f6a32be1000 r--p 00002000 08:0a 4849675                    /lib/x86_64-linux-gnu/libdl-2.19.so
7f6a32be1000-7f6a32be2000 rw-p 00003000 08:0a 4849675                    /lib/x86_64-linux-gnu/libdl-2.19.so
7f6a32be2000-7f6a32bf7000 r-xp 00000000 08:0a 4341209                    /home/kamalnrf/Software/jdk1.8.0_92/lib/amd64/jli/libjli.so
7f6a32bf7000-7f6a32df7000 ---p 00015000 08:0a 4341209                    /home/kamalnrf/Software/jdk1.8.0_92/lib/amd64/jli/libjli.so
7f6a32df7000-7f6a32df8000 rw-p 00015000 08:0a 4341209                    /home/kamalnrf/Software/jdk1.8.0_92/lib/amd64/jli/libjli.so
7f6a32df8000-7f6a32e10000 r-xp 00000000 08:0a 4849667                    /lib/x86_64-linux-gnu/libpthread-2.19.so
7f6a32e10000-7f6a3300f000 ---p 00018000 08:0a 4849667                    /lib/x86_64-linux-gnu/libpthread-2.19.so
7f6a3300f000-7f6a33010000 r--p 00017000 08:0a 4849667                    /lib/x86_64-linux-gnu/libpthread-2.19.so
7f6a33010000-7f6a33011000 rw-p 00018000 08:0a 4849667                    /lib/x86_64-linux-gnu/libpthread-2.19.so
7f6a33011000-7f6a33015000 rw-p 00000000 00:00 0 
7f6a33015000-7f6a33035000 r-xp 00000000 08:0a 4849669                    /lib/x86_64-linux-gnu/ld-2.19.so
7f6a33037000-7f6a33109000 rw-p 00000000 00:00 0 
7f6a33109000-7f6a3310c000 ---p 00000000 00:00 0 
7f6a3310c000-7f6a3320e000 rw-p 00000000 00:00 0                          [stack:5164]
7f6a33214000-7f6a33229000 rw-p 00000000 00:00 0 
7f6a33229000-7f6a33231000 rw-s 00000000 08:0a 4462488                    /tmp/hsperfdata_kamalnrf/5162
7f6a33231000-7f6a33232000 rw-p 00000000 00:00 0 
7f6a33232000-7f6a33233000 ---p 00000000 00:00 0 
7f6a33233000-7f6a33235000 rw-p 00000000 00:00 0 
7f6a33235000-7f6a33236000 r--p 00020000 08:0a 4849669                    /lib/x86_64-linux-gnu/ld-2.19.so
7f6a33236000-7f6a33237000 rw-p 00021000 08:0a 4849669                    /lib/x86_64-linux-gnu/ld-2.19.so
7f6a33237000-7f6a33238000 rw-p 00000000 00:00 0 
7ffe2f2c8000-7ffe2f2e9000 rw-p 00000000 00:00 0                          [stack]
7ffe2f382000-7ffe2f384000 r-xp 00000000 00:00 0                          [vdso]
7ffe2f384000-7ffe2f386000 r--p 00000000 00:00 0                          [vvar]
ffffffffff600000-ffffffffff601000 r-xp 00000000 00:00 0                  [vsyscall]

VM Arguments:
jvm_args: -Djava.awt.headless=true -Xmx1024M -Dfile.encoding=UTF-8 -Duser.country=IN -Duser.language=en -Duser.variant 
java_command: com.android.dx.command.Main --dex --force-jumbo --num-threads=4 --multi-dex --output /home/kamalnrf/Projects/AndroidApplications/Broacast/app/build/intermediates/transforms/dex/debug/folders/1000/10/com.google.android.gms-play-services-ads-8.4.0_5430b10d4bd375acd7593443caee588034d44972 /home/kamalnrf/Projects/AndroidApplications/Broacast/app/build/intermediates/exploded-aar/com.google.android.gms/play-services-ads/8.4.0/jars/classes.jar
java_class_path (initial): /home/kamalnrf/Software/DevlopmentKit/android-sdk-linux/build-tools/24.0.0/lib/dx.jar
Launcher Type: SUN_STANDARD

Environment Variables:
JAVA_HOME=/home/kamalnrf/Software/DevlopmentKit/usr/java/jdk1.8.0_91
PATH=/usr/local/bin:/usr/bin:/bin:/usr/local/games:/usr/games:/home/kamalnrf/bin:/usr/local/java/jdk1.8.0_92/bin
LD_LIBRARY_PATH=./Software/IDE/android-studio/bin:
SHELL=/bin/bash
DISPLAY=:0

Signal Handlers:
SIGSEGV: [libjvm.so+0xabdee0], sa_mask[0]=11111111011111111101111111111110, sa_flags=SA_RESTART|SA_SIGINFO
SIGBUS: [libjvm.so+0xabdee0], sa_mask[0]=11111111011111111101111111111110, sa_flags=SA_RESTART|SA_SIGINFO
SIGFPE: [libjvm.so+0x91a580], sa_mask[0]=11111111011111111101111111111110, sa_flags=SA_RESTART|SA_SIGINFO
SIGPIPE: [libjvm.so+0x91a580], sa_mask[0]=11111111011111111101111111111110, sa_flags=SA_RESTART|SA_SIGINFO
SIGXFSZ: [libjvm.so+0x91a580], sa_mask[0]=11111111011111111101111111111110, sa_flags=SA_RESTART|SA_SIGINFO
SIGILL: [libjvm.so+0x91a580], sa_mask[0]=11111111011111111101111111111110, sa_flags=SA_RESTART|SA_SIGINFO
SIGUSR1: SIG_DFL, sa_mask[0]=00000000000000000000000000000000, sa_flags=none
SIGUSR2: [libjvm.so+0x91bbb0], sa_mask[0]=00100000000000000000000000000000, sa_flags=SA_RESTART|SA_SIGINFO
SIGHUP: [libjvm.so+0x91cfb0], sa_mask[0]=11111111011111111101111111111110, sa_flags=SA_RESTART|SA_SIGINFO
SIGINT: [libjvm.so+0x91cfb0], sa_mask[0]=11111111011111111101111111111110, sa_flags=SA_RESTART|SA_SIGINFO
SIGTERM: [libjvm.so+0x91cfb0], sa_mask[0]=11111111011111111101111111111110, sa_flags=SA_RESTART|SA_SIGINFO
SIGQUIT: [libjvm.so+0x91cfb0], sa_mask[0]=11111111011111111101111111111110, sa_flags=SA_RESTART|SA_SIGINFO


---------------  S Y S T E M  ---------------

OS:PRETTY_NAME="Debian GNU/Linux 8 (jessie)"
NAME="Debian GNU/Linux"
VERSION_ID="8"
VERSION="8 (jessie)"
ID=debian
HOME_URL="http://www.debian.org/"
SUPPORT_URL="http://www.debian.org/support"
BUG_REPORT_URL="https://bugs.debian.org/"

uname:Linux 3.16.0-4-amd64 #1 SMP Debian 3.16.7-ckt25-2 (2016-04-08) x86_64
libc:glibc 2.19 NPTL 2.19 
rlimit: STACK 8192k, CORE 0k, NPROC 15083, NOFILE 65536, AS infinity
load average:15.25 6.64 3.39

/proc/meminfo:
MemTotal:        3948420 kB
MemFree:          664616 kB
MemAvailable:     621436 kB
Buffers:            1368 kB
Cached:           181300 kB
SwapCached:            0 kB
Active:          2977664 kB
Inactive:         171068 kB
Active(anon):    2968532 kB
Inactive(anon):   125228 kB
Active(file):       9132 kB
Inactive(file):    45840 kB
Unevictable:          16 kB
Mlocked:              16 kB
SwapTotal:             0 kB
SwapFree:              0 kB
Dirty:                44 kB
Writeback:           196 kB
AnonPages:       2966712 kB
Mapped:            43344 kB
Shmem:            127260 kB
Slab:              66760 kB
SReclaimable:      27592 kB
SUnreclaim:        39168 kB
KernelStack:        8768 kB
PageTables:        27860 kB
NFS_Unstable:          0 kB
Bounce:                0 kB
WritebackTmp:          0 kB
CommitLimit:     1974208 kB
Committed_AS:    5706772 kB
VmallocTotal:   34359738367 kB
VmallocUsed:      543496 kB
VmallocChunk:   34359184348 kB
HardwareCorrupted:     0 kB
AnonHugePages:         0 kB
HugePages_Total:       0
HugePages_Free:        0
HugePages_Rsvd:        0
HugePages_Surp:        0
Hugepagesize:       2048 kB
DirectMap4k:       58112 kB
DirectMap2M:     1929216 kB
DirectMap1G:     2097152 kB


CPU:total 4 (2 cores per cpu, 2 threads per core) family 6 model 69 stepping 1, cmov, cx8, fxsr, mmx, sse, sse2, sse3, ssse3, sse4.1, sse4.2, popcnt, avx, avx2, aes, clmul, erms, lzcnt, ht, tsc, tscinvbit, bmi1, bmi2

/proc/cpuinfo:
processor	: 0
vendor_id	: GenuineIntel
cpu family	: 6
model		: 69
model name	: Intel(R) Core(TM) i5-4210U CPU @ 1.70GHz
stepping	: 1
microcode	: 0x17
cpu MHz		: 1933.031
cache size	: 3072 KB
physical id	: 0
siblings	: 4
core id		: 0
cpu cores	: 2
apicid		: 0
initial apicid	: 0
fpu		: yes
fpu_exception	: yes
cpuid level	: 13
wp		: yes
flags		: fpu vme de pse tsc msr pae mce cx8 apic sep mtrr pge mca cmov pat pse36 clflush dts acpi mmx fxsr sse sse2 ss ht tm pbe syscall nx pdpe1gb rdtscp lm constant_tsc arch_perfmon pebs bts rep_good nopl xtopology nonstop_tsc aperfmperf eagerfpu pni pclmulqdq dtes64 monitor ds_cpl vmx est tm2 ssse3 fma cx16 xtpr pdcm pcid sse4_1 sse4_2 movbe popcnt tsc_deadline_timer aes xsave avx f16c rdrand lahf_lm abm ida arat epb xsaveopt pln pts dtherm tpr_shadow vnmi flexpriority ept vpid fsgsbase tsc_adjust bmi1 avx2 smep bmi2 erms invpcid
bogomips	: 4788.85
clflush size	: 64
cache_alignment	: 64
address sizes	: 39 bits physical, 48 bits virtual
power management:

processor	: 1
vendor_id	: GenuineIntel
cpu family	: 6
model		: 69
model name	: Intel(R) Core(TM) i5-4210U CPU @ 1.70GHz
stepping	: 1
microcode	: 0x17
cpu MHz		: 2315.906
cache size	: 3072 KB
physical id	: 0
siblings	: 4
core id		: 0
cpu cores	: 2
apicid		: 1
initial apicid	: 1
fpu		: yes
fpu_exception	: yes
cpuid level	: 13
wp		: yes
flags		: fpu vme de pse tsc msr pae mce cx8 apic sep mtrr pge mca cmov pat pse36 clflush dts acpi mmx fxsr sse sse2 ss ht tm pbe syscall nx pdpe1gb rdtscp lm constant_tsc arch_perfmon pebs bts rep_good nopl xtopology nonstop_tsc aperfmperf eagerfpu pni pclmulqdq dtes64 monitor ds_cpl vmx est tm2 ssse3 fma cx16 xtpr pdcm pcid sse4_1 sse4_2 movbe popcnt tsc_deadline_timer aes xsave avx f16c rdrand lahf_lm abm ida arat epb xsaveopt pln pts dtherm tpr_shadow vnmi flexpriority ept vpid fsgsbase tsc_adjust bmi1 avx2 smep bmi2 erms invpcid
bogomips	: 4788.85
clflush size	: 64
cache_alignment	: 64
address sizes	: 39 bits physical, 48 bits virtual
power management:

processor	: 2
vendor_id	: GenuineIntel
cpu family	: 6
model		: 69
model name	: Intel(R) Core(TM) i5-4210U CPU @ 1.70GHz
stepping	: 1
microcode	: 0x17
cpu MHz		: 2054.625
cache size	: 3072 KB
physical id	: 0
siblings	: 4
core id		: 1
cpu cores	: 2
apicid		: 2
initial apicid	: 2
fpu		: yes
fpu_exception	: yes
cpuid level	: 13
wp		: yes
flags		: fpu vme de pse tsc msr pae mce cx8 apic sep mtrr pge mca cmov pat pse36 clflush dts acpi mmx fxsr sse sse2 ss ht tm pbe syscall nx pdpe1gb rdtscp lm constant_tsc arch_perfmon pebs bts rep_good nopl xtopology nonstop_tsc aperfmperf eagerfpu pni pclmulqdq dtes64 monitor ds_cpl vmx est tm2 ssse3 fma cx16 xtpr pdcm pcid sse4_1 sse4_2 movbe popcnt tsc_deadline_timer aes xsave avx f16c rdrand lahf_lm abm ida arat epb xsaveopt pln pts dtherm tpr_shadow vnmi flexpriority ept vpid fsgsbase tsc_adjust bmi1 avx2 smep bmi2 erms invpcid
bogomips	: 4788.85
clflush size	: 64
cache_alignment	: 64
address sizes	: 39 bits physical, 48 bits virtual
power management:

processor	: 3
vendor_id	: GenuineIntel
cpu family	: 6
model		: 69
model name	: Intel(R) Core(TM) i5-4210U CPU @ 1.70GHz
stepping	: 1
microcode	: 0x17
cpu MHz		: 1737.000
cache size	: 3072 KB
physical id	: 0
siblings	: 4
core id		: 1
cpu cores	: 2
apicid		: 3
initial apicid	: 3
fpu		: yes
fpu_exception	: yes
cpuid level	: 13
wp		: yes
flags		: fpu vme de pse tsc msr pae mce cx8 apic sep mtrr pge mca cmov pat pse36 clflush dts acpi mmx fxsr sse sse2 ss ht tm pbe syscall nx pdpe1gb rdtscp lm constant_tsc arch_perfmon pebs bts rep_good nopl xtopology nonstop_tsc aperfmperf eagerfpu pni pclmulqdq dtes64 monitor ds_cpl vmx est tm2 ssse3 fma cx16 xtpr pdcm pcid sse4_1 sse4_2 movbe popcnt tsc_deadline_timer aes xsave avx f16c rdrand lahf_lm abm ida arat epb xsaveopt pln pts dtherm tpr_shadow vnmi flexpriority ept vpid fsgsbase tsc_adjust bmi1 avx2 smep bmi2 erms invpcid
bogomips	: 4788.85
clflush size	: 64
cache_alignment	: 64
address sizes	: 39 bits physical, 48 bits virtual
power management:



Memory: 4k page, physical 3948420k(664616k free), swap 0k(0k free)

vm_info: Java HotSpot(TM) 64-Bit Server VM (25.92-b14) for linux-amd64 JRE (1.8.0_92-b14), built on Mar 31 2016 21:08:29 by "java_re" with gcc 4.3.0 20080428 (Red Hat 4.3.0-8)

time: Fri Jul  8 01:48:40 2016
elapsed time: 32 seconds (0d 0h 0m 32s)

