#
# There is insufficient memory for the Java Runtime Environment to continue.
# Native memory allocation (mmap) failed to map 72351744 bytes for committing reserved memory.
# Possible reasons:
#   The system is out of physical RAM or swap space
#   In 32 bit mode, the process size limit was hit
# Possible solutions:
#   Reduce memory load on the system
#   Increase physical memory or swap space
#   Check if swap backing store is full
#   Use 64 bit Java on a 64 bit OS
#   Decrease Java heap size (-Xmx/-Xms)
#   Decrease number of Java threads
#   Decrease Java thread stack sizes (-Xss)
#   Set larger code cache with -XX:ReservedCodeCacheSize=
# This output file may be truncated or incomplete.
#
#  Out of Memory Error (os_linux.cpp:2627), pid=22911, tid=0x00007f83e92f2700
#
# JRE version: Java(TM) SE Runtime Environment (8.0_92-b14) (build 1.8.0_92-b14)
# Java VM: Java HotSpot(TM) 64-Bit Server VM (25.92-b14 mixed mode linux-amd64 compressed oops)
# Failed to write core dump. Core dumps have been disabled. To enable core dumping, try "ulimit -c unlimited" before starting Java again
#

---------------  T H R E A D  ---------------

Current thread (0x00007f8400078000):  VMThread [stack: 0x00007f83e91f2000,0x00007f83e92f3000] [id=22924]

Stack: [0x00007f83e91f2000,0x00007f83e92f3000],  sp=0x00007f83e92f1220,  free space=1020k
Native frames: (J=compiled Java code, j=interpreted, Vv=VM code, C=native code)
V  [libjvm.so+0xabd65a]  VMError::report_and_die()+0x2ba
V  [libjvm.so+0x4fb4db]  report_vm_out_of_memory(char const*, int, unsigned long, VMErrorType, char const*)+0x8b
V  [libjvm.so+0x91d713]  os::Linux::commit_memory_impl(char*, unsigned long, bool)+0x103
V  [libjvm.so+0x91dc69]  os::pd_commit_memory(char*, unsigned long, unsigned long, bool)+0x29
V  [libjvm.so+0x917f6a]  os::commit_memory(char*, unsigned long, unsigned long, bool)+0x2a
V  [libjvm.so+0x98c343]  PSVirtualSpace::expand_by(unsigned long)+0x53
V  [libjvm.so+0x97cc00]  PSOldGen::expand(unsigned long)+0x170
V  [libjvm.so+0x97ce0b]  PSOldGen::resize(unsigned long)+0x1cb
V  [libjvm.so+0x984b11]  PSParallelCompact::invoke_no_policy(bool)+0x991
V  [libjvm.so+0x98a46d]  PSScavenge::invoke()+0x1ad
V  [libjvm.so+0x941410]  ParallelScavengeHeap::failed_mem_allocate(unsigned long)+0x70
V  [libjvm.so+0xabf077]  VM_ParallelGCFailedAllocation::doit()+0x97
V  [libjvm.so+0xac6aa5]  VM_Operation::evaluate()+0x55
V  [libjvm.so+0xac4e7a]  VMThread::evaluate_operation(VM_Operation*)+0xba
V  [libjvm.so+0xac51fe]  VMThread::loop()+0x1ce
V  [libjvm.so+0xac5670]  VMThread::run()+0x70
V  [libjvm.so+0x91fad8]  java_start(Thread*)+0x108

VM_Operation (0x00007f83e885ee50): ParallelGCFailedAllocation, mode: safepoint, requested by thread 0x00007f8400140000


---------------  P R O C E S S  ---------------

Java Threads: ( => current thread )
  0x00007f8400151000 JavaThread "pool-1-thread-4" [_thread_blocked, id=22950, stack(0x00007f83e835c000,0x00007f83e845d000)]
  0x00007f8400144800 JavaThread "pool-1-thread-3" [_thread_blocked, id=22949, stack(0x00007f83e845d000,0x00007f83e855e000)]
  0x00007f8400143800 JavaThread "pool-1-thread-2" [_thread_blocked, id=22948, stack(0x00007f83e855e000,0x00007f83e865f000)]
  0x00007f8400142000 JavaThread "pool-2-thread-1" [_thread_blocked, id=22947, stack(0x00007f83e865f000,0x00007f83e8760000)]
  0x00007f8400140000 JavaThread "pool-1-thread-1" [_thread_blocked, id=22945, stack(0x00007f83e8760000,0x00007f83e8861000)]
  0x00007f84000c0000 JavaThread "Service Thread" daemon [_thread_blocked, id=22936, stack(0x00007f83e8962000,0x00007f83e8a63000)]
  0x00007f84000bd000 JavaThread "C1 CompilerThread2" daemon [_thread_blocked, id=22934, stack(0x00007f83e8a63000,0x00007f83e8b64000)]
  0x00007f84000bb800 JavaThread "C2 CompilerThread1" daemon [_thread_blocked, id=22933, stack(0x00007f83e8b64000,0x00007f83e8c65000)]
  0x00007f84000b8800 JavaThread "C2 CompilerThread0" daemon [_thread_blocked, id=22931, stack(0x00007f83e8c65000,0x00007f83e8d66000)]
  0x00007f84000b7000 JavaThread "Signal Dispatcher" daemon [_thread_blocked, id=22930, stack(0x00007f83e8d66000,0x00007f83e8e67000)]
  0x00007f8400084800 JavaThread "Finalizer" daemon [_thread_blocked, id=22928, stack(0x00007f83e8ff0000,0x00007f83e90f1000)]
  0x00007f840007f800 JavaThread "Reference Handler" daemon [_thread_blocked, id=22926, stack(0x00007f83e90f1000,0x00007f83e91f2000)]
  0x00007f840000a000 JavaThread "main" [_thread_blocked, id=22915, stack(0x00007f8407892000,0x00007f8407993000)]

Other Threads:
=>0x00007f8400078000 VMThread [stack: 0x00007f83e91f2000,0x00007f83e92f3000] [id=22924]
  0x00007f84000c3000 WatcherThread [stack: 0x00007f83e8861000,0x00007f83e8962000] [id=22938]

VM state:at safepoint (normal execution)

VM Mutex/Monitor currently owned by a thread:  ([mutex/lock_event])
[0x00007f8400006050] ExpandHeap_lock - owner thread: 0x00007f8400078000
[0x00007f84000066d0] Threads_lock - owner thread: 0x00007f8400078000
[0x00007f8400006bd0] Heap_lock - owner thread: 0x00007f8400140000

Heap:
 PSYoungGen      total 232960K, used 0K [0x00000000eab00000, 0x0000000100000000, 0x0000000100000000)
  eden space 116736K, 0% used [0x00000000eab00000,0x00000000eab00000,0x00000000f1d00000)
  from space 116224K, 0% used [0x00000000f8e80000,0x00000000f8e80000,0x0000000100000000)
  to   space 116224K, 0% used [0x00000000f1d00000,0x00000000f1d00000,0x00000000f8e80000)
 ParOldGen       total 275456K, used 223875K [0x00000000c0000000, 0x00000000d0d00000, 0x00000000eab00000)
  object space 275456K, 81% used [0x00000000c0000000,0x00000000cdaa0dd0,0x00000000d0d00000)
 Metaspace       used 6440K, capacity 7256K, committed 7424K, reserved 1056768K
  class space    used 612K, capacity 656K, committed 768K, reserved 1048576K

Card table byte_map: [0x00007f840447f000,0x00007f8404680000] byte_map_base: 0x00007f8403e7f000

Marking Bits: (ParMarkBitMap*) 0x00007f8406d8f4c0
 Begin Bits: [0x00007f83ea000000, 0x00007f83eb000000)
 End Bits:   [0x00007f83eb000000, 0x00007f83ec000000)

Polling page: 0x00007f84079bb000

CodeCache: size=245760Kb used=9595Kb max_used=9616Kb free=236164Kb
 bounds [0x00007f83f1000000, 0x00007f83f1970000, 0x00007f8400000000]
 total_blobs=2386 nmethods=2118 adapters=181
 compilation: enabled

Compilation events (10 events):
Event: 32.998 Thread 0x00007f84000bb800 nmethod 2213 0x00007f83f19262d0 code [0x00007f83f1926420, 0x00007f83f1926538]
Event: 32.998 Thread 0x00007f84000bb800 2346       4       com.android.dx.cf.code.ExecutionStack::<init> (34 bytes)
Event: 33.035 Thread 0x00007f84000bb800 nmethod 2346 0x00007f83f1925e90 code [0x00007f83f1925fe0, 0x00007f83f19261f8]
Event: 33.035 Thread 0x00007f84000bb800 2241       4       com.android.dx.cf.code.ExecutionStack::copy (59 bytes)
Event: 33.052 Thread 0x00007f84000bb800 nmethod 2241 0x00007f83f1923ad0 code [0x00007f83f1923c40, 0x00007f83f19240b8]
Event: 33.053 Thread 0x00007f84000bb800 1596       4       com.android.dx.ssa.SsaBasicBlock::<init> (109 bytes)
Event: 33.093 Thread 0x00007f84000bb800 nmethod 1596 0x00007f83f18df390 code [0x00007f83f18df540, 0x00007f83f18dfc18]
Event: 33.093 Thread 0x00007f84000bb800 2238       4       com.android.dx.cf.code.Ropper::mergeAndWorkAsNecessary (102 bytes)
Event: 33.635 Thread 0x00007f84000bb800 nmethod 2238 0x00007f83f19674d0 code [0x00007f83f1967840, 0x00007f83f1969e90]
Event: 33.635 Thread 0x00007f84000bb800 2352 %     4       com.android.dx.ssa.SsaConverter::edgeSplitSuccessors @ 45 (98 bytes)

GC Heap History (10 events):
Event: 25.733 GC heap after
Heap after GC invocations=13 (full 2):
 PSYoungGen      total 259072K, used 90087K [0x00000000eab00000, 0x0000000100000000, 0x0000000100000000)
  eden space 168960K, 0% used [0x00000000eab00000,0x00000000eab00000,0x00000000f5000000)
  from space 90112K, 99% used [0x00000000f5000000,0x00000000fa7f9cf8,0x00000000fa800000)
  to   space 90112K, 0% used [0x00000000fa800000,0x00000000fa800000,0x0000000100000000)
 ParOldGen       total 176640K, used 147657K [0x00000000c0000000, 0x00000000cac80000, 0x00000000eab00000)
  object space 176640K, 83% used [0x00000000c0000000,0x00000000c9032438,0x00000000cac80000)
 Metaspace       used 6433K, capacity 7256K, committed 7424K, reserved 1056768K
  class space    used 611K, capacity 656K, committed 768K, reserved 1048576K
}
Event: 25.733 GC heap before
{Heap before GC invocations=14 (full 3):
 PSYoungGen      total 259072K, used 90087K [0x00000000eab00000, 0x0000000100000000, 0x0000000100000000)
  eden space 168960K, 0% used [0x00000000eab00000,0x00000000eab00000,0x00000000f5000000)
  from space 90112K, 99% used [0x00000000f5000000,0x00000000fa7f9cf8,0x00000000fa800000)
  to   space 90112K, 0% used [0x00000000fa800000,0x00000000fa800000,0x0000000100000000)
 ParOldGen       total 176640K, used 147657K [0x00000000c0000000, 0x00000000cac80000, 0x00000000eab00000)
  object space 176640K, 83% used [0x00000000c0000000,0x00000000c9032438,0x00000000cac80000)
 Metaspace       used 6433K, capacity 7256K, committed 7424K, reserved 1056768K
  class space    used 611K, capacity 656K, committed 768K, reserved 1048576K
Event: 26.864 GC heap after
Heap after GC invocations=14 (full 3):
 PSYoungGen      total 259072K, used 14600K [0x00000000eab00000, 0x0000000100000000, 0x0000000100000000)
  eden space 168960K, 0% used [0x00000000eab00000,0x00000000eab00000,0x00000000f5000000)
  from space 90112K, 16% used [0x00000000f5000000,0x00000000f5e42088,0x00000000fa800000)
  to   space 90112K, 0% used [0x00000000fa800000,0x00000000fa800000,0x0000000100000000)
 ParOldGen       total 275456K, used 176136K [0x00000000c0000000, 0x00000000d0d00000, 0x00000000eab00000)
  object space 275456K, 63% used [0x00000000c0000000,0x00000000cac022b8,0x00000000d0d00000)
 Metaspace       used 6433K, capacity 7256K, committed 7424K, reserved 1056768K
  class space    used 611K, capacity 656K, committed 768K, reserved 1048576K
}
Event: 27.773 GC heap before
{Heap before GC invocations=15 (full 3):
 PSYoungGen      total 259072K, used 183560K [0x00000000eab00000, 0x0000000100000000, 0x0000000100000000)
  eden space 168960K, 100% used [0x00000000eab00000,0x00000000f5000000,0x00000000f5000000)
  from space 90112K, 16% used [0x00000000f5000000,0x00000000f5e42088,0x00000000fa800000)
  to   space 90112K, 0% used [0x00000000fa800000,0x00000000fa800000,0x0000000100000000)
 ParOldGen       total 275456K, used 176136K [0x00000000c0000000, 0x00000000d0d00000, 0x00000000eab00000)
  object space 275456K, 63% used [0x00000000c0000000,0x00000000cac022b8,0x00000000d0d00000)
 Metaspace       used 6434K, capacity 7256K, committed 7424K, reserved 1056768K
  class space    used 611K, capacity 656K, committed 768K, reserved 1048576K
Event: 27.972 GC heap after
Heap after GC invocations=15 (full 3):
 PSYoungGen      total 207872K, used 46828K [0x00000000eab00000, 0x0000000100000000, 0x0000000100000000)
  eden space 117760K, 0% used [0x00000000eab00000,0x00000000eab00000,0x00000000f1e00000)
  from space 90112K, 51% used [0x00000000fa800000,0x00000000fd5bb320,0x0000000100000000)
  to   space 115712K, 0% used [0x00000000f1e00000,0x00000000f1e00000,0x00000000f8f00000)
 ParOldGen       total 275456K, used 188723K [0x00000000c0000000, 0x00000000d0d00000, 0x00000000eab00000)
  object space 275456K, 68% used [0x00000000c0000000,0x00000000cb84cec0,0x00000000d0d00000)
 Metaspace       used 6434K, capacity 7256K, committed 7424K, reserved 1056768K
  class space    used 611K, capacity 656K, committed 768K, reserved 1048576K
}
Event: 33.394 GC heap before
{Heap before GC invocations=16 (full 3):
 PSYoungGen      total 207872K, used 164588K [0x00000000eab00000, 0x0000000100000000, 0x0000000100000000)
  eden space 117760K, 100% used [0x00000000eab00000,0x00000000f1e00000,0x00000000f1e00000)
  from space 90112K, 51% used [0x00000000fa800000,0x00000000fd5bb320,0x0000000100000000)
  to   space 115712K, 0% used [0x00000000f1e00000,0x00000000f1e00000,0x00000000f8f00000)
 ParOldGen       total 275456K, used 188723K [0x00000000c0000000, 0x00000000d0d00000, 0x00000000eab00000)
  object space 275456K, 68% used [0x00000000c0000000,0x00000000cb84cec0,0x00000000d0d00000)
 Metaspace       used 6440K, capacity 7256K, committed 7424K, reserved 1056768K
  class space    used 612K, capacity 656K, committed 768K, reserved 1048576K
Event: 33.619 GC heap after
Heap after GC invocations=16 (full 3):
 PSYoungGen      total 230400K, used 112371K [0x00000000eab00000, 0x0000000100000000, 0x0000000100000000)
  eden space 117760K, 0% used [0x00000000eab00000,0x00000000eab00000,0x00000000f1e00000)
  from space 112640K, 99% used [0x00000000f1e00000,0x00000000f8bbcc90,0x00000000f8c00000)
  to   space 116224K, 0% used [0x00000000f8e80000,0x00000000f8e80000,0x0000000100000000)
 ParOldGen       total 275456K, used 188723K [0x00000000c0000000, 0x00000000d0d00000, 0x00000000eab00000)
  object space 275456K, 68% used [0x00000000c0000000,0x00000000cb84cec0,0x00000000d0d00000)
 Metaspace       used 6440K, capacity 7256K, committed 7424K, reserved 1056768K
  class space    used 612K, capacity 656K, committed 768K, reserved 1048576K
}
Event: 33.919 GC heap before
{Heap before GC invocations=17 (full 3):
 PSYoungGen      total 230400K, used 230131K [0x00000000eab00000, 0x0000000100000000, 0x0000000100000000)
  eden space 117760K, 100% used [0x00000000eab00000,0x00000000f1e00000,0x00000000f1e00000)
  from space 112640K, 99% used [0x00000000f1e00000,0x00000000f8bbcc90,0x00000000f8c00000)
  to   space 116224K, 0% used [0x00000000f8e80000,0x00000000f8e80000,0x0000000100000000)
 ParOldGen       total 275456K, used 188723K [0x00000000c0000000, 0x00000000d0d00000, 0x00000000eab00000)
  object space 275456K, 68% used [0x00000000c0000000,0x00000000cb84cec0,0x00000000d0d00000)
 Metaspace       used 6440K, capacity 7256K, committed 7424K, reserved 1056768K
  class space    used 612K, capacity 656K, committed 768K, reserved 1048576K
Event: 34.194 GC heap after
Heap after GC invocations=17 (full 3):
 PSYoungGen      total 232960K, used 116218K [0x00000000eab00000, 0x0000000100000000, 0x0000000100000000)
  eden space 116736K, 0% used [0x00000000eab00000,0x00000000eab00000,0x00000000f1d00000)
  from space 116224K, 99% used [0x00000000f8e80000,0x00000000ffffeb48,0x0000000100000000)
  to   space 116224K, 0% used [0x00000000f1d00000,0x00000000f1d00000,0x00000000f8e80000)
 ParOldGen       total 275456K, used 235682K [0x00000000c0000000, 0x00000000d0d00000, 0x00000000eab00000)
  object space 275456K, 85% used [0x00000000c0000000,0x00000000ce628b30,0x00000000d0d00000)
 Metaspace       used 6440K, capacity 7256K, committed 7424K, reserved 1056768K
  class space    used 612K, capacity 656K, committed 768K, reserved 1048576K
}
Event: 34.194 GC heap before
{Heap before GC invocations=18 (full 4):
 PSYoungGen      total 232960K, used 116218K [0x00000000eab00000, 0x0000000100000000, 0x0000000100000000)
  eden space 116736K, 0% used [0x00000000eab00000,0x00000000eab00000,0x00000000f1d00000)
  from space 116224K, 99% used [0x00000000f8e80000,0x00000000ffffeb48,0x0000000100000000)
  to   space 116224K, 0% used [0x00000000f1d00000,0x00000000f1d00000,0x00000000f8e80000)
 ParOldGen       total 275456K, used 235682K [0x00000000c0000000, 0x00000000d0d00000, 0x00000000eab00000)
  object space 275456K, 85% used [0x00000000c0000000,0x00000000ce628b30,0x00000000d0d00000)
 Metaspace       used 6440K, capacity 7256K, committed 7424K, reserved 1056768K
  class space    used 612K, capacity 656K, committed 768K, reserved 1048576K

Deoptimization events (10 events):
Event: 18.860 Thread 0x00007f840000a000 Uncommon trap: reason=unstable_if action=reinterpret pc=0x00007f83f17df3ec method=java.util.HashMap.putVal(ILjava/lang/Object;Ljava/lang/Object;ZZ)Ljava/lang/Object; @ 109
Event: 19.665 Thread 0x00007f840000a000 Uncommon trap: reason=bimorphic action=maybe_recompile pc=0x00007f83f16c3fc4 method=com.android.dx.cf.code.BytecodeArray.parseInstruction(ILcom/android/dx/cf/code/BytecodeArray$Visitor;)I @ 1357
Event: 19.665 Thread 0x00007f840000a000 Uncommon trap: reason=bimorphic action=maybe_recompile pc=0x00007f83f16c3fc4 method=com.android.dx.cf.code.BytecodeArray.parseInstruction(ILcom/android/dx/cf/code/BytecodeArray$Visitor;)I @ 1357
Event: 19.896 Thread 0x00007f840000a000 Uncommon trap: reason=unstable_if action=reinterpret pc=0x00007f83f17dbf80 method=com.android.dx.ssa.MoveParamCombiner$1.visitNonMoveInsn(Lcom/android/dx/ssa/NormalSsaInsn;)V @ 27
Event: 19.953 Thread 0x00007f840000a000 Uncommon trap: reason=unstable_if action=reinterpret pc=0x00007f83f1562df8 method=java.util.HashMap.putVal(ILjava/lang/Object;Ljava/lang/Object;ZZ)Ljava/lang/Object; @ 109
Event: 27.279 Thread 0x00007f840000a000 Uncommon trap: reason=class_check action=maybe_recompile pc=0x00007f83f187e3b0 method=com.android.dx.cf.code.BytecodeArray.parseInstruction(ILcom/android/dx/cf/code/BytecodeArray$Visitor;)I @ 2002
Event: 27.279 Thread 0x00007f840000a000 Uncommon trap: reason=class_check action=maybe_recompile pc=0x00007f83f187e3b0 method=com.android.dx.cf.code.BytecodeArray.parseInstruction(ILcom/android/dx/cf/code/BytecodeArray$Visitor;)I @ 2002
Event: 27.280 Thread 0x00007f840000a000 Uncommon trap: reason=class_check action=maybe_recompile pc=0x00007f83f187e3b0 method=com.android.dx.cf.code.BytecodeArray.parseInstruction(ILcom/android/dx/cf/code/BytecodeArray$Visitor;)I @ 2002
Event: 27.280 Thread 0x00007f840000a000 Uncommon trap: reason=class_check action=maybe_recompile pc=0x00007f83f187e3b0 method=com.android.dx.cf.code.BytecodeArray.parseInstruction(ILcom/android/dx/cf/code/BytecodeArray$Visitor;)I @ 2002
Event: 28.046 Thread 0x00007f840000a000 Uncommon trap: reason=unstable_if action=reinterpret pc=0x00007f83f18a8b20 method=com.android.dx.cf.code.Merger.mergeStack(Lcom/android/dx/cf/code/ExecutionStack;Lcom/android/dx/cf/code/ExecutionStack;)Lcom/android/dx/cf/code/ExecutionStack; @ 2

Internal exceptions (5 events):
Event: 0.114 Thread 0x00007f840000a000 Exception <a 'java/lang/NoSuchMethodError': Method sun.misc.Unsafe.defineClass(Ljava/lang/String;[BII)Ljava/lang/Class; name or signature does not match> (0x00000000eab07cc0) thrown at [/HUDSON/workspace/8-2-build-linux-amd64/jdk8u92/6642/hotspot/src/shar
Event: 0.114 Thread 0x00007f840000a000 Exception <a 'java/lang/NoSuchMethodError': Method sun.misc.Unsafe.prefetchRead(Ljava/lang/Object;J)V name or signature does not match> (0x00000000eab07fa8) thrown at [/HUDSON/workspace/8-2-build-linux-amd64/jdk8u92/6642/hotspot/src/share/vm/prims/jni.cpp
Event: 4.788 Thread 0x00007f8400143800 Exception <a 'java/lang/ArrayIndexOutOfBoundsException': 18> (0x00000000ee3dd8a8) thrown at [/HUDSON/workspace/8-2-build-linux-amd64/jdk8u92/6642/hotspot/src/share/vm/interpreter/interpreterRuntime.cpp, line 366]
Event: 4.789 Thread 0x00007f8400143800 Exception <a 'java/lang/ArrayIndexOutOfBoundsException': 145> (0x00000000ee3df428) thrown at [/HUDSON/workspace/8-2-build-linux-amd64/jdk8u92/6642/hotspot/src/share/vm/interpreter/interpreterRuntime.cpp, line 366]
Event: 4.790 Thread 0x00007f8400143800 Exception <a 'java/lang/ArrayIndexOutOfBoundsException': 40> (0x00000000ee3e0710) thrown at [/HUDSON/workspace/8-2-build-linux-amd64/jdk8u92/6642/hotspot/src/share/vm/interpreter/interpreterRuntime.cpp, line 366]

Events (10 events):
Event: 33.707 Thread 0x00007f8400151000 DEOPT UNPACKING pc=0x00007f83f1047633 sp=0x00007f83e845aaa0 mode 0
Event: 33.780 Thread 0x00007f8400143800 DEOPT PACKING pc=0x00007f83f145e6ee sp=0x00007f83e865cdd0
Event: 33.780 Thread 0x00007f8400143800 DEOPT UNPACKING pc=0x00007f83f1047633 sp=0x00007f83e865cc00 mode 0
Event: 33.807 Thread 0x00007f8400143800 DEOPT PACKING pc=0x00007f83f14d30a2 sp=0x00007f83e865cf40
Event: 33.807 Thread 0x00007f8400143800 DEOPT UNPACKING pc=0x00007f83f1047633 sp=0x00007f83e865cda0 mode 0
Event: 33.854 Thread 0x00007f8400140000 DEOPT PACKING pc=0x00007f83f13b56ac sp=0x00007f83e885f010
Event: 33.854 Thread 0x00007f8400140000 DEOPT UNPACKING pc=0x00007f83f1047633 sp=0x00007f83e885ed10 mode 0
Event: 33.901 Thread 0x00007f8400151000 DEOPT PACKING pc=0x00007f83f13a3f11 sp=0x00007f83e845ae20
Event: 33.901 Thread 0x00007f8400151000 DEOPT UNPACKING pc=0x00007f83f1047633 sp=0x00007f83e845abd0 mode 0
Event: 33.904 Executing VM operation: ParallelGCFailedAllocation


Dynamic libraries:
00400000-00401000 r-xp 00000000 08:0a 3675388                            /home/kamalnrf/Software/jdk1.8.0_92/bin/java
00600000-00601000 rw-p 00000000 08:0a 3675388                            /home/kamalnrf/Software/jdk1.8.0_92/bin/java
023c3000-023e4000 rw-p 00000000 00:00 0                                  [heap]
c0000000-d0d00000 rw-p 00000000 00:00 0 
d5200000-eab00000 ---p 00000000 00:00 0 
eab00000-100000000 rw-p 00000000 00:00 0 
100000000-1000c0000 rw-p 00000000 00:00 0 
1000c0000-140000000 ---p 00000000 00:00 0 
7f839c000000-7f839c138000 rw-p 00000000 00:00 0 
7f839c138000-7f83a0000000 ---p 00000000 00:00 0 
7f83a4000000-7f83a4090000 rw-p 00000000 00:00 0 
7f83a4090000-7f83a8000000 ---p 00000000 00:00 0 
7f83a8000000-7f83a8168000 rw-p 00000000 00:00 0 
7f83a8168000-7f83ac000000 ---p 00000000 00:00 0 
7f83ac000000-7f83ac0ca000 rw-p 00000000 00:00 0 
7f83ac0ca000-7f83b0000000 ---p 00000000 00:00 0 
7f83b0000000-7f83b0021000 rw-p 00000000 00:00 0 
7f83b0021000-7f83b4000000 ---p 00000000 00:00 0 
7f83b4000000-7f83b4021000 rw-p 00000000 00:00 0 
7f83b4021000-7f83b8000000 ---p 00000000 00:00 0 
7f83b8000000-7f83b8021000 rw-p 00000000 00:00 0 
7f83b8021000-7f83bc000000 ---p 00000000 00:00 0 
7f83bc000000-7f83bdb4b000 rw-p 00000000 00:00 0 
7f83bdb4b000-7f83c0000000 ---p 00000000 00:00 0 
7f83c0000000-7f83c0993000 rw-p 00000000 00:00 0 
7f83c0993000-7f83c4000000 ---p 00000000 00:00 0 
7f83c4000000-7f83c4021000 rw-p 00000000 00:00 0 
7f83c4021000-7f83c8000000 ---p 00000000 00:00 0 
7f83c8000000-7f83c9e7c000 rw-p 00000000 00:00 0 
7f83c9e7c000-7f83cc000000 ---p 00000000 00:00 0 
7f83cc000000-7f83cc021000 rw-p 00000000 00:00 0 
7f83cc021000-7f83d0000000 ---p 00000000 00:00 0 
7f83d0000000-7f83d0021000 rw-p 00000000 00:00 0 
7f83d0021000-7f83d4000000 ---p 00000000 00:00 0 
7f83d4000000-7f83d4021000 rw-p 00000000 00:00 0 
7f83d4021000-7f83d8000000 ---p 00000000 00:00 0 
7f83d8000000-7f83d828f000 rw-p 00000000 00:00 0 
7f83d828f000-7f83dc000000 ---p 00000000 00:00 0 
7f83dc000000-7f83dc021000 rw-p 00000000 00:00 0 
7f83dc021000-7f83e0000000 ---p 00000000 00:00 0 
7f83e4000000-7f83e4021000 rw-p 00000000 00:00 0 
7f83e4021000-7f83e8000000 ---p 00000000 00:00 0 
7f83e835c000-7f83e835f000 ---p 00000000 00:00 0 
7f83e835f000-7f83e845d000 rw-p 00000000 00:00 0                          [stack:22950]
7f83e845d000-7f83e8460000 ---p 00000000 00:00 0 
7f83e8460000-7f83e855e000 rw-p 00000000 00:00 0                          [stack:22949]
7f83e855e000-7f83e8561000 ---p 00000000 00:00 0 
7f83e8561000-7f83e865f000 rw-p 00000000 00:00 0                          [stack:22948]
7f83e865f000-7f83e8662000 ---p 00000000 00:00 0 
7f83e8662000-7f83e8760000 rw-p 00000000 00:00 0                          [stack:22947]
7f83e8760000-7f83e8763000 ---p 00000000 00:00 0 
7f83e8763000-7f83e8861000 rw-p 00000000 00:00 0                          [stack:22945]
7f83e8861000-7f83e8862000 ---p 00000000 00:00 0 
7f83e8862000-7f83e8962000 rw-p 00000000 00:00 0                          [stack:22938]
7f83e8962000-7f83e8965000 ---p 00000000 00:00 0 
7f83e8965000-7f83e8a63000 rw-p 00000000 00:00 0                          [stack:22936]
7f83e8a63000-7f83e8a66000 ---p 00000000 00:00 0 
7f83e8a66000-7f83e8b64000 rw-p 00000000 00:00 0                          [stack:22934]
7f83e8b64000-7f83e8b67000 ---p 00000000 00:00 0 
7f83e8b67000-7f83e8c65000 rw-p 00000000 00:00 0                          [stack:22933]
7f83e8c65000-7f83e8c68000 ---p 00000000 00:00 0 
7f83e8c68000-7f83e8d66000 rw-p 00000000 00:00 0                          [stack:22931]
7f83e8d66000-7f83e8d69000 ---p 00000000 00:00 0 
7f83e8d69000-7f83e8e67000 rw-p 00000000 00:00 0                          [stack:22930]
7f83e8e67000-7f83e8ff0000 r--p 00000000 08:0a 4198184                    /usr/lib/locale/locale-archive
7f83e8ff0000-7f83e8ff3000 ---p 00000000 00:00 0 
7f83e8ff3000-7f83e90f1000 rw-p 00000000 00:00 0                          [stack:22928]
7f83e90f1000-7f83e90f4000 ---p 00000000 00:00 0 
7f83e90f4000-7f83e91f2000 rw-p 00000000 00:00 0                          [stack:22926]
7f83e91f2000-7f83e91f3000 ---p 00000000 00:00 0 
7f83e91f3000-7f83ec000000 rw-p 00000000 00:00 0                          [stack:22924]
7f83ec000000-7f83ec021000 rw-p 00000000 00:00 0 
7f83ec021000-7f83f0000000 ---p 00000000 00:00 0 
7f83f001c000-7f83f002a000 r--s 000e0000 08:0a 1059118                    /home/kamalnrf/Software/DevlopmentKit/android-sdk-linux/build-tools/24.0.0/lib/dx.jar
7f83f002a000-7f83f02b0000 rw-p 00000000 00:00 0 
7f83f02b0000-7f83f0489000 r--s 03d24000 08:0a 3938259                    /home/kamalnrf/Software/jdk1.8.0_92/jre/lib/rt.jar
7f83f0489000-7f83f0b7f000 rw-p 00000000 00:00 0 
7f83f0b7f000-7f83f0cff000 ---p 00000000 00:00 0 
7f83f0cff000-7f83f0eff000 rw-p 00000000 00:00 0 
7f83f0eff000-7f83f0f00000 ---p 00000000 00:00 0 
7f83f0f00000-7f83f1000000 rw-p 00000000 00:00 0                          [stack:22923]
7f83f1000000-7f83f1970000 rwxp 00000000 00:00 0 
7f83f1970000-7f8400000000 ---p 00000000 00:00 0 
7f8400000000-7f840048b000 rw-p 00000000 00:00 0 
7f840048b000-7f8404000000 ---p 00000000 00:00 0 
7f8404005000-7f8404026000 rw-p 00000000 00:00 0 
7f8404026000-7f8404027000 ---p 00000000 00:00 0 
7f8404027000-7f8404127000 rw-p 00000000 00:00 0                          [stack:22922]
7f8404127000-7f8404128000 ---p 00000000 00:00 0 
7f8404128000-7f8404228000 rw-p 00000000 00:00 0                          [stack:22920]
7f8404228000-7f8404229000 ---p 00000000 00:00 0 
7f8404229000-7f84043b0000 rw-p 00000000 00:00 0                          [stack:22919]
7f84043b0000-7f840447f000 ---p 00000000 00:00 0 
7f840447f000-7f8404506000 rw-p 00000000 00:00 0 
7f8404506000-7f84045d4000 ---p 00000000 00:00 0 
7f84045d4000-7f840467f000 rw-p 00000000 00:00 0 
7f840467f000-7f84046a6000 rw-p 00000000 00:00 0 
7f84046a6000-7f8404a40000 ---p 00000000 00:00 0 
7f8404a40000-7f8404a5a000 r-xp 00000000 08:0a 3938310                    /home/kamalnrf/Software/jdk1.8.0_92/jre/lib/amd64/libzip.so
7f8404a5a000-7f8404c5a000 ---p 0001a000 08:0a 3938310                    /home/kamalnrf/Software/jdk1.8.0_92/jre/lib/amd64/libzip.so
7f8404c5a000-7f8404c5b000 rw-p 0001a000 08:0a 3938310                    /home/kamalnrf/Software/jdk1.8.0_92/jre/lib/amd64/libzip.so
7f8404c5b000-7f8404c66000 r-xp 00000000 08:0a 4849681                    /lib/x86_64-linux-gnu/libnss_files-2.19.so
7f8404c66000-7f8404e65000 ---p 0000b000 08:0a 4849681                    /lib/x86_64-linux-gnu/libnss_files-2.19.so
7f8404e65000-7f8404e66000 r--p 0000a000 08:0a 4849681                    /lib/x86_64-linux-gnu/libnss_files-2.19.so
7f8404e66000-7f8404e67000 rw-p 0000b000 08:0a 4849681                    /lib/x86_64-linux-gnu/libnss_files-2.19.so
7f8404e67000-7f8404e71000 r-xp 00000000 08:0a 4849683                    /lib/x86_64-linux-gnu/libnss_nis-2.19.so
7f8404e71000-7f8405070000 ---p 0000a000 08:0a 4849683                    /lib/x86_64-linux-gnu/libnss_nis-2.19.so
7f8405070000-7f8405071000 r--p 00009000 08:0a 4849683                    /lib/x86_64-linux-gnu/libnss_nis-2.19.so
7f8405071000-7f8405072000 rw-p 0000a000 08:0a 4849683                    /lib/x86_64-linux-gnu/libnss_nis-2.19.so
7f8405072000-7f8405087000 r-xp 00000000 08:0a 4849678                    /lib/x86_64-linux-gnu/libnsl-2.19.so
7f8405087000-7f8405286000 ---p 00015000 08:0a 4849678                    /lib/x86_64-linux-gnu/libnsl-2.19.so
7f8405286000-7f8405287000 r--p 00014000 08:0a 4849678                    /lib/x86_64-linux-gnu/libnsl-2.19.so
7f8405287000-7f8405288000 rw-p 00015000 08:0a 4849678                    /lib/x86_64-linux-gnu/libnsl-2.19.so
7f8405288000-7f840528a000 rw-p 00000000 00:00 0 
7f840528a000-7f8405291000 r-xp 00000000 08:0a 4849679                    /lib/x86_64-linux-gnu/libnss_compat-2.19.so
7f8405291000-7f8405490000 ---p 00007000 08:0a 4849679                    /lib/x86_64-linux-gnu/libnss_compat-2.19.so
7f8405490000-7f8405491000 r--p 00006000 08:0a 4849679                    /lib/x86_64-linux-gnu/libnss_compat-2.19.so
7f8405491000-7f8405492000 rw-p 00007000 08:0a 4849679                    /lib/x86_64-linux-gnu/libnss_compat-2.19.so
7f8405492000-7f84054bc000 r-xp 00000000 08:0a 3938305                    /home/kamalnrf/Software/jdk1.8.0_92/jre/lib/amd64/libjava.so
7f84054bc000-7f84056bc000 ---p 0002a000 08:0a 3938305                    /home/kamalnrf/Software/jdk1.8.0_92/jre/lib/amd64/libjava.so
7f84056bc000-7f84056be000 rw-p 0002a000 08:0a 3938305                    /home/kamalnrf/Software/jdk1.8.0_92/jre/lib/amd64/libjava.so
7f84056be000-7f84056cb000 r-xp 00000000 08:0a 3938309                    /home/kamalnrf/Software/jdk1.8.0_92/jre/lib/amd64/libverify.so
7f84056cb000-7f84058cb000 ---p 0000d000 08:0a 3938309                    /home/kamalnrf/Software/jdk1.8.0_92/jre/lib/amd64/libverify.so
7f84058cb000-7f84058cd000 rw-p 0000d000 08:0a 3938309                    /home/kamalnrf/Software/jdk1.8.0_92/jre/lib/amd64/libverify.so
7f84058cd000-7f84058d4000 r-xp 00000000 08:0a 4849687                    /lib/x86_64-linux-gnu/librt-2.19.so
7f84058d4000-7f8405ad3000 ---p 00007000 08:0a 4849687                    /lib/x86_64-linux-gnu/librt-2.19.so
7f8405ad3000-7f8405ad4000 r--p 00006000 08:0a 4849687                    /lib/x86_64-linux-gnu/librt-2.19.so
7f8405ad4000-7f8405ad5000 rw-p 00007000 08:0a 4849687                    /lib/x86_64-linux-gnu/librt-2.19.so
7f8405ad5000-7f8405bd5000 r-xp 00000000 08:0a 4849676                    /lib/x86_64-linux-gnu/libm-2.19.so
7f8405bd5000-7f8405dd4000 ---p 00100000 08:0a 4849676                    /lib/x86_64-linux-gnu/libm-2.19.so
7f8405dd4000-7f8405dd5000 r--p 000ff000 08:0a 4849676                    /lib/x86_64-linux-gnu/libm-2.19.so
7f8405dd5000-7f8405dd6000 rw-p 00100000 08:0a 4849676                    /lib/x86_64-linux-gnu/libm-2.19.so
7f8405dd6000-7f8406a99000 r-xp 00000000 08:0a 4232394                    /home/kamalnrf/Software/jdk1.8.0_92/jre/lib/amd64/server/libjvm.so
7f8406a99000-7f8406c98000 ---p 00cc3000 08:0a 4232394                    /home/kamalnrf/Software/jdk1.8.0_92/jre/lib/amd64/server/libjvm.so
7f8406c98000-7f8406d71000 rw-p 00cc2000 08:0a 4232394                    /home/kamalnrf/Software/jdk1.8.0_92/jre/lib/amd64/server/libjvm.so
7f8406d71000-7f8406dbc000 rw-p 00000000 00:00 0 
7f8406dbc000-7f8406f5e000 r-xp 00000000 08:0a 4849672                    /lib/x86_64-linux-gnu/libc-2.19.so
7f8406f5e000-7f840715d000 ---p 001a2000 08:0a 4849672                    /lib/x86_64-linux-gnu/libc-2.19.so
7f840715d000-7f8407161000 r--p 001a1000 08:0a 4849672                    /lib/x86_64-linux-gnu/libc-2.19.so
7f8407161000-7f8407163000 rw-p 001a5000 08:0a 4849672                    /lib/x86_64-linux-gnu/libc-2.19.so
7f8407163000-7f8407167000 rw-p 00000000 00:00 0 
7f8407167000-7f840716a000 r-xp 00000000 08:0a 4849675                    /lib/x86_64-linux-gnu/libdl-2.19.so
7f840716a000-7f8407369000 ---p 00003000 08:0a 4849675                    /lib/x86_64-linux-gnu/libdl-2.19.so
7f8407369000-7f840736a000 r--p 00002000 08:0a 4849675                    /lib/x86_64-linux-gnu/libdl-2.19.so
7f840736a000-7f840736b000 rw-p 00003000 08:0a 4849675                    /lib/x86_64-linux-gnu/libdl-2.19.so
7f840736b000-7f8407380000 r-xp 00000000 08:0a 4341209                    /home/kamalnrf/Software/jdk1.8.0_92/lib/amd64/jli/libjli.so
7f8407380000-7f8407580000 ---p 00015000 08:0a 4341209                    /home/kamalnrf/Software/jdk1.8.0_92/lib/amd64/jli/libjli.so
7f8407580000-7f8407581000 rw-p 00015000 08:0a 4341209                    /home/kamalnrf/Software/jdk1.8.0_92/lib/amd64/jli/libjli.so
7f8407581000-7f8407599000 r-xp 00000000 08:0a 4849667                    /lib/x86_64-linux-gnu/libpthread-2.19.so
7f8407599000-7f8407798000 ---p 00018000 08:0a 4849667                    /lib/x86_64-linux-gnu/libpthread-2.19.so
7f8407798000-7f8407799000 r--p 00017000 08:0a 4849667                    /lib/x86_64-linux-gnu/libpthread-2.19.so
7f8407799000-7f840779a000 rw-p 00018000 08:0a 4849667                    /lib/x86_64-linux-gnu/libpthread-2.19.so
7f840779a000-7f840779e000 rw-p 00000000 00:00 0 
7f840779e000-7f84077be000 r-xp 00000000 08:0a 4849669                    /lib/x86_64-linux-gnu/ld-2.19.so
7f84077c0000-7f8407892000 rw-p 00000000 00:00 0 
7f8407892000-7f8407895000 ---p 00000000 00:00 0 
7f8407895000-7f8407997000 rw-p 00000000 00:00 0                          [stack:22915]
7f840799d000-7f84079b2000 rw-p 00000000 00:00 0 
7f84079b2000-7f84079ba000 rw-s 00000000 08:0a 4465436                    /tmp/hsperfdata_kamalnrf/22911
7f84079ba000-7f84079bb000 rw-p 00000000 00:00 0 
7f84079bb000-7f84079bc000 ---p 00000000 00:00 0 
7f84079bc000-7f84079be000 rw-p 00000000 00:00 0 
7f84079be000-7f84079bf000 r--p 00020000 08:0a 4849669                    /lib/x86_64-linux-gnu/ld-2.19.so
7f84079bf000-7f84079c0000 rw-p 00021000 08:0a 4849669                    /lib/x86_64-linux-gnu/ld-2.19.so
7f84079c0000-7f84079c1000 rw-p 00000000 00:00 0 
7ffd0b007000-7ffd0b028000 rw-p 00000000 00:00 0                          [stack]
7ffd0b07c000-7ffd0b07e000 r-xp 00000000 00:00 0                          [vdso]
7ffd0b07e000-7ffd0b080000 r--p 00000000 00:00 0                          [vvar]
ffffffffff600000-ffffffffff601000 r-xp 00000000 00:00 0                  [vsyscall]

VM Arguments:
jvm_args: -Djava.awt.headless=true -Xmx1024M -Dfile.encoding=UTF-8 -Duser.country=IN -Duser.language=en -Duser.variant 
java_command: com.android.dx.command.Main --dex --num-threads=4 --output /home/kamalnrf/Projects/AndroidApplications/Broacast/app/build/intermediates/pre-dexed/release/com.google.android.gms-play-services-ads-9.2.0_dac62e995f45620b1e4052f8c46cdc2cba2fa2d6.jar /home/kamalnrf/Projects/AndroidApplications/Broacast/app/build/intermediates/exploded-aar/com.google.android.gms/play-services-ads/9.2.0/jars/classes.jar
java_class_path (initial): /home/kamalnrf/Software/DevlopmentKit/android-sdk-linux/build-tools/24.0.0/lib/dx.jar
Launcher Type: SUN_STANDARD

Environment Variables:
JAVA_HOME=/home/kamalnrf/Software/DevlopmentKit/usr/java/jdk1.8.0_91
PATH=/usr/local/bin:/usr/bin:/bin:/usr/local/games:/usr/games:/home/kamalnrf/bin:/usr/local/java/jdk1.8.0_92/bin
LD_LIBRARY_PATH=./Software/IDE/android-studio/bin:
SHELL=/bin/bash
DISPLAY=:0

Signal Handlers:
SIGSEGV: [libjvm.so+0xabdee0], sa_mask[0]=11111111011111111101111111111110, sa_flags=SA_RESTART|SA_SIGINFO
SIGBUS: [libjvm.so+0xabdee0], sa_mask[0]=11111111011111111101111111111110, sa_flags=SA_RESTART|SA_SIGINFO
SIGFPE: [libjvm.so+0x91a580], sa_mask[0]=11111111011111111101111111111110, sa_flags=SA_RESTART|SA_SIGINFO
SIGPIPE: [libjvm.so+0x91a580], sa_mask[0]=11111111011111111101111111111110, sa_flags=SA_RESTART|SA_SIGINFO
SIGXFSZ: [libjvm.so+0x91a580], sa_mask[0]=11111111011111111101111111111110, sa_flags=SA_RESTART|SA_SIGINFO
SIGILL: [libjvm.so+0x91a580], sa_mask[0]=11111111011111111101111111111110, sa_flags=SA_RESTART|SA_SIGINFO
SIGUSR1: SIG_DFL, sa_mask[0]=00000000000000000000000000000000, sa_flags=none
SIGUSR2: [libjvm.so+0x91bbb0], sa_mask[0]=00100000000000000000000000000000, sa_flags=SA_RESTART|SA_SIGINFO
SIGHUP: [libjvm.so+0x91cfb0], sa_mask[0]=11111111011111111101111111111110, sa_flags=SA_RESTART|SA_SIGINFO
SIGINT: [libjvm.so+0x91cfb0], sa_mask[0]=11111111011111111101111111111110, sa_flags=SA_RESTART|SA_SIGINFO
SIGTERM: [libjvm.so+0x91cfb0], sa_mask[0]=11111111011111111101111111111110, sa_flags=SA_RESTART|SA_SIGINFO
SIGQUIT: [libjvm.so+0x91cfb0], sa_mask[0]=11111111011111111101111111111110, sa_flags=SA_RESTART|SA_SIGINFO


---------------  S Y S T E M  ---------------

OS:PRETTY_NAME="Debian GNU/Linux 8 (jessie)"
NAME="Debian GNU/Linux"
VERSION_ID="8"
VERSION="8 (jessie)"
ID=debian
HOME_URL="http://www.debian.org/"
SUPPORT_URL="http://www.debian.org/support"
BUG_REPORT_URL="https://bugs.debian.org/"

uname:Linux 3.16.0-4-amd64 #1 SMP Debian 3.16.7-ckt25-2 (2016-04-08) x86_64
libc:glibc 2.19 NPTL 2.19 
rlimit: STACK 8192k, CORE 0k, NPROC 15083, NOFILE 65536, AS infinity
load average:9.65 6.84 6.59

/proc/meminfo:
MemTotal:        3948420 kB
MemFree:          105504 kB
MemAvailable:      54288 kB
Buffers:             880 kB
Cached:           155120 kB
SwapCached:            0 kB
Active:          3560516 kB
Inactive:         136688 kB
Active(anon):    3544072 kB
Inactive(anon):   118796 kB
Active(file):      16444 kB
Inactive(file):    17892 kB
Unevictable:         556 kB
Mlocked:             556 kB
SwapTotal:             0 kB
SwapFree:              0 kB
Dirty:               416 kB
Writeback:             0 kB
AnonPages:       3542244 kB
Mapped:            38056 kB
Shmem:            121196 kB
Slab:              73212 kB
SReclaimable:      32160 kB
SUnreclaim:        41052 kB
KernelStack:        9344 kB
PageTables:        33628 kB
NFS_Unstable:          0 kB
Bounce:                0 kB
WritebackTmp:          0 kB
CommitLimit:     1974208 kB
Committed_AS:    6939020 kB
VmallocTotal:   34359738367 kB
VmallocUsed:      543496 kB
VmallocChunk:   34359185372 kB
HardwareCorrupted:     0 kB
AnonHugePages:         0 kB
HugePages_Total:       0
HugePages_Free:        0
HugePages_Rsvd:        0
HugePages_Surp:        0
Hugepagesize:       2048 kB
DirectMap4k:       99072 kB
DirectMap2M:     2936832 kB
DirectMap1G:     1048576 kB


CPU:total 4 (2 cores per cpu, 2 threads per core) family 6 model 69 stepping 1, cmov, cx8, fxsr, mmx, sse, sse2, sse3, ssse3, sse4.1, sse4.2, popcnt, avx, avx2, aes, clmul, erms, lzcnt, ht, tsc, tscinvbit, bmi1, bmi2

/proc/cpuinfo:
processor	: 0
vendor_id	: GenuineIntel
cpu family	: 6
model		: 69
model name	: Intel(R) Core(TM) i5-4210U CPU @ 1.70GHz
stepping	: 1
microcode	: 0x17
cpu MHz		: 916.875
cache size	: 3072 KB
physical id	: 0
siblings	: 4
core id		: 0
cpu cores	: 2
apicid		: 0
initial apicid	: 0
fpu		: yes
fpu_exception	: yes
cpuid level	: 13
wp		: yes
flags		: fpu vme de pse tsc msr pae mce cx8 apic sep mtrr pge mca cmov pat pse36 clflush dts acpi mmx fxsr sse sse2 ss ht tm pbe syscall nx pdpe1gb rdtscp lm constant_tsc arch_perfmon pebs bts rep_good nopl xtopology nonstop_tsc aperfmperf eagerfpu pni pclmulqdq dtes64 monitor ds_cpl vmx est tm2 ssse3 fma cx16 xtpr pdcm pcid sse4_1 sse4_2 movbe popcnt tsc_deadline_timer aes xsave avx f16c rdrand lahf_lm abm ida arat epb xsaveopt pln pts dtherm tpr_shadow vnmi flexpriority ept vpid fsgsbase tsc_adjust bmi1 avx2 smep bmi2 erms invpcid
bogomips	: 4788.73
clflush size	: 64
cache_alignment	: 64
address sizes	: 39 bits physical, 48 bits virtual
power management:

processor	: 1
vendor_id	: GenuineIntel
cpu family	: 6
model		: 69
model name	: Intel(R) Core(TM) i5-4210U CPU @ 1.70GHz
stepping	: 1
microcode	: 0x17
cpu MHz		: 1445.625
cache size	: 3072 KB
physical id	: 0
siblings	: 4
core id		: 0
cpu cores	: 2
apicid		: 1
initial apicid	: 1
fpu		: yes
fpu_exception	: yes
cpuid level	: 13
wp		: yes
flags		: fpu vme de pse tsc msr pae mce cx8 apic sep mtrr pge mca cmov pat pse36 clflush dts acpi mmx fxsr sse sse2 ss ht tm pbe syscall nx pdpe1gb rdtscp lm constant_tsc arch_perfmon pebs bts rep_good nopl xtopology nonstop_tsc aperfmperf eagerfpu pni pclmulqdq dtes64 monitor ds_cpl vmx est tm2 ssse3 fma cx16 xtpr pdcm pcid sse4_1 sse4_2 movbe popcnt tsc_deadline_timer aes xsave avx f16c rdrand lahf_lm abm ida arat epb xsaveopt pln pts dtherm tpr_shadow vnmi flexpriority ept vpid fsgsbase tsc_adjust bmi1 avx2 smep bmi2 erms invpcid
bogomips	: 4788.73
clflush size	: 64
cache_alignment	: 64
address sizes	: 39 bits physical, 48 bits virtual
power management:

processor	: 2
vendor_id	: GenuineIntel
cpu family	: 6
model		: 69
model name	: Intel(R) Core(TM) i5-4210U CPU @ 1.70GHz
stepping	: 1
microcode	: 0x17
cpu MHz		: 1597.406
cache size	: 3072 KB
physical id	: 0
siblings	: 4
core id		: 1
cpu cores	: 2
apicid		: 2
initial apicid	: 2
fpu		: yes
fpu_exception	: yes
cpuid level	: 13
wp		: yes
flags		: fpu vme de pse tsc msr pae mce cx8 apic sep mtrr pge mca cmov pat pse36 clflush dts acpi mmx fxsr sse sse2 ss ht tm pbe syscall nx pdpe1gb rdtscp lm constant_tsc arch_perfmon pebs bts rep_good nopl xtopology nonstop_tsc aperfmperf eagerfpu pni pclmulqdq dtes64 monitor ds_cpl vmx est tm2 ssse3 fma cx16 xtpr pdcm pcid sse4_1 sse4_2 movbe popcnt tsc_deadline_timer aes xsave avx f16c rdrand lahf_lm abm ida arat epb xsaveopt pln pts dtherm tpr_shadow vnmi flexpriority ept vpid fsgsbase tsc_adjust bmi1 avx2 smep bmi2 erms invpcid
bogomips	: 4788.73
clflush size	: 64
cache_alignment	: 64
address sizes	: 39 bits physical, 48 bits virtual
power management:

processor	: 3
vendor_id	: GenuineIntel
cpu family	: 6
model		: 69
model name	: Intel(R) Core(TM) i5-4210U CPU @ 1.70GHz
stepping	: 1
microcode	: 0x17
cpu MHz		: 1100.625
cache size	: 3072 KB
physical id	: 0
siblings	: 4
core id		: 1
cpu cores	: 2
apicid		: 3
initial apicid	: 3
fpu		: yes
fpu_exception	: yes
cpuid level	: 13
wp		: yes
flags		: fpu vme de pse tsc msr pae mce cx8 apic sep mtrr pge mca cmov pat pse36 clflush dts acpi mmx fxsr sse sse2 ss ht tm pbe syscall nx pdpe1gb rdtscp lm constant_tsc arch_perfmon pebs bts rep_good nopl xtopology nonstop_tsc aperfmperf eagerfpu pni pclmulqdq dtes64 monitor ds_cpl vmx est tm2 ssse3 fma cx16 xtpr pdcm pcid sse4_1 sse4_2 movbe popcnt tsc_deadline_timer aes xsave avx f16c rdrand lahf_lm abm ida arat epb xsaveopt pln pts dtherm tpr_shadow vnmi flexpriority ept vpid fsgsbase tsc_adjust bmi1 avx2 smep bmi2 erms invpcid
bogomips	: 4788.73
clflush size	: 64
cache_alignment	: 64
address sizes	: 39 bits physical, 48 bits virtual
power management:



Memory: 4k page, physical 3948420k(105504k free), swap 0k(0k free)

vm_info: Java HotSpot(TM) 64-Bit Server VM (25.92-b14) for linux-amd64 JRE (1.8.0_92-b14), built on Mar 31 2016 21:08:29 by "java_re" with gcc 4.3.0 20080428 (Red Hat 4.3.0-8)

time: Wed Jul  6 17:46:07 2016
elapsed time: 36 seconds (0d 0h 0m 36s)

