#
# There is insufficient memory for the Java Runtime Environment to continue.
# Native memory allocation (mmap) failed to map 81264640 bytes for committing reserved memory.
# Possible reasons:
#   The system is out of physical RAM or swap space
#   In 32 bit mode, the process size limit was hit
# Possible solutions:
#   Reduce memory load on the system
#   Increase physical memory or swap space
#   Check if swap backing store is full
#   Use 64 bit Java on a 64 bit OS
#   Decrease Java heap size (-Xmx/-Xms)
#   Decrease number of Java threads
#   Decrease Java thread stack sizes (-Xss)
#   Set larger code cache with -XX:ReservedCodeCacheSize=
# This output file may be truncated or incomplete.
#
#  Out of Memory Error (os_linux.cpp:2627), pid=11141, tid=0x00007fb4cdfff700
#
# JRE version: Java(TM) SE Runtime Environment (8.0_92-b14) (build 1.8.0_92-b14)
# Java VM: Java HotSpot(TM) 64-Bit Server VM (25.92-b14 mixed mode linux-amd64 compressed oops)
# Failed to write core dump. Core dumps have been disabled. To enable core dumping, try "ulimit -c unlimited" before starting Java again
#

---------------  T H R E A D  ---------------

Current thread (0x00007fb4ec078000):  VMThread [stack: 0x00007fb4cdeff000,0x00007fb4ce000000] [id=11153]

Stack: [0x00007fb4cdeff000,0x00007fb4ce000000],  sp=0x00007fb4cdffe320,  free space=1020k
Native frames: (J=compiled Java code, j=interpreted, Vv=VM code, C=native code)
V  [libjvm.so+0xabd65a]  VMError::report_and_die()+0x2ba
V  [libjvm.so+0x4fb4db]  report_vm_out_of_memory(char const*, int, unsigned long, VMErrorType, char const*)+0x8b
V  [libjvm.so+0x91d713]  os::Linux::commit_memory_impl(char*, unsigned long, bool)+0x103
V  [libjvm.so+0x91dc69]  os::pd_commit_memory(char*, unsigned long, unsigned long, bool)+0x29
V  [libjvm.so+0x917f6a]  os::commit_memory(char*, unsigned long, unsigned long, bool)+0x2a
V  [libjvm.so+0x98c343]  PSVirtualSpace::expand_by(unsigned long)+0x53
V  [libjvm.so+0x97cc00]  PSOldGen::expand(unsigned long)+0x170
V  [libjvm.so+0x97ce0b]  PSOldGen::resize(unsigned long)+0x1cb
V  [libjvm.so+0x984b11]  PSParallelCompact::invoke_no_policy(bool)+0x991
V  [libjvm.so+0x98a46d]  PSScavenge::invoke()+0x1ad
V  [libjvm.so+0x941410]  ParallelScavengeHeap::failed_mem_allocate(unsigned long)+0x70
V  [libjvm.so+0xabf077]  VM_ParallelGCFailedAllocation::doit()+0x97
V  [libjvm.so+0xac6aa5]  VM_Operation::evaluate()+0x55
V  [libjvm.so+0xac4e7a]  VMThread::evaluate_operation(VM_Operation*)+0xba
V  [libjvm.so+0xac51fe]  VMThread::loop()+0x1ce
V  [libjvm.so+0xac5670]  VMThread::run()+0x70
V  [libjvm.so+0x91fad8]  java_start(Thread*)+0x108

VM_Operation (0x00007fb4cd268c30): ParallelGCFailedAllocation, mode: safepoint, requested by thread 0x00007fb4ec15f000


---------------  P R O C E S S  ---------------

Java Threads: ( => current thread )
  0x00007fb4ec163000 JavaThread "pool-1-thread-4" [_thread_blocked, id=11171, stack(0x00007fb4cd069000,0x00007fb4cd16a000)]
  0x00007fb4ec15f000 JavaThread "pool-1-thread-3" [_thread_blocked, id=11170, stack(0x00007fb4cd16a000,0x00007fb4cd26b000)]
  0x00007fb4ec15d800 JavaThread "pool-1-thread-2" [_thread_blocked, id=11169, stack(0x00007fb4cd26b000,0x00007fb4cd36c000)]
  0x00007fb4ec152800 JavaThread "pool-2-thread-1" [_thread_blocked, id=11168, stack(0x00007fb4cd36c000,0x00007fb4cd46d000)]
  0x00007fb4ec150800 JavaThread "pool-1-thread-1" [_thread_blocked, id=11167, stack(0x00007fb4cd46d000,0x00007fb4cd56e000)]
  0x00007fb4ec0c0000 JavaThread "Service Thread" daemon [_thread_blocked, id=11160, stack(0x00007fb4cd66f000,0x00007fb4cd770000)]
  0x00007fb4ec0bd000 JavaThread "C1 CompilerThread2" daemon [_thread_blocked, id=11159, stack(0x00007fb4cd770000,0x00007fb4cd871000)]
  0x00007fb4ec0bb800 JavaThread "C2 CompilerThread1" daemon [_thread_blocked, id=11158, stack(0x00007fb4cd871000,0x00007fb4cd972000)]
  0x00007fb4ec0b8800 JavaThread "C2 CompilerThread0" daemon [_thread_blocked, id=11157, stack(0x00007fb4cd972000,0x00007fb4cda73000)]
  0x00007fb4ec0b7000 JavaThread "Signal Dispatcher" daemon [_thread_blocked, id=11156, stack(0x00007fb4cda73000,0x00007fb4cdb74000)]
  0x00007fb4ec084800 JavaThread "Finalizer" daemon [_thread_blocked, id=11155, stack(0x00007fb4cdcfd000,0x00007fb4cddfe000)]
  0x00007fb4ec07f800 JavaThread "Reference Handler" daemon [_thread_blocked, id=11154, stack(0x00007fb4cddfe000,0x00007fb4cdeff000)]
  0x00007fb4ec00a000 JavaThread "main" [_thread_blocked, id=11145, stack(0x00007fb4f4614000,0x00007fb4f4715000)]

Other Threads:
=>0x00007fb4ec078000 VMThread [stack: 0x00007fb4cdeff000,0x00007fb4ce000000] [id=11153]
  0x00007fb4ec0c3000 WatcherThread [stack: 0x00007fb4cd56e000,0x00007fb4cd66f000] [id=11161]

VM state:at safepoint (normal execution)

VM Mutex/Monitor currently owned by a thread:  ([mutex/lock_event])
[0x00007fb4ec006050] ExpandHeap_lock - owner thread: 0x00007fb4ec078000
[0x00007fb4ec0066d0] Threads_lock - owner thread: 0x00007fb4ec078000
[0x00007fb4ec006bd0] Heap_lock - owner thread: 0x00007fb4ec15f000

Heap:
 PSYoungGen      total 139776K, used 8575K [0x00000000eab00000, 0x00000000fb300000, 0x0000000100000000)
  eden space 107520K, 0% used [0x00000000eab00000,0x00000000eab00000,0x00000000f1400000)
  from space 32256K, 26% used [0x00000000f1400000,0x00000000f1c5ff18,0x00000000f3380000)
  to   space 54272K, 0% used [0x00000000f7e00000,0x00000000f7e00000,0x00000000fb300000)
 ParOldGen       total 99840K, used 99795K [0x00000000c0000000, 0x00000000c6180000, 0x00000000eab00000)
  object space 99840K, 99% used [0x00000000c0000000,0x00000000c6174c20,0x00000000c6180000)
 Metaspace       used 6101K, capacity 7000K, committed 7168K, reserved 1056768K
  class space    used 610K, capacity 656K, committed 768K, reserved 1048576K

Card table byte_map: [0x00007fb4f1201000,0x00007fb4f1402000] byte_map_base: 0x00007fb4f0c01000

Marking Bits: (ParMarkBitMap*) 0x00007fb4f3b114c0
 Begin Bits: [0x00007fb4ce000000, 0x00007fb4cf000000)
 End Bits:   [0x00007fb4cf000000, 0x00007fb4d0000000)

Polling page: 0x00007fb4f473d000

CodeCache: size=245760Kb used=5747Kb max_used=5747Kb free=240013Kb
 bounds [0x00007fb4dd000000, 0x00007fb4dd5b0000, 0x00007fb4ec000000]
 total_blobs=1714 nmethods=1447 adapters=181
 compilation: enabled

Compilation events (10 events):
Event: 11.521 Thread 0x00007fb4ec0bd000 1639       3       com.android.dx.ssa.SsaConverter::edgeSplitSuccessors (98 bytes)
Event: 11.523 Thread 0x00007fb4ec0bd000 nmethod 1639 0x00007fb4dd577f90 code [0x00007fb4dd578220, 0x00007fb4dd579028]
Event: 11.634 Thread 0x00007fb4ec0bd000 1642 %     3       com.android.dx.ssa.LocalVariableExtractor::doit @ 18 (59 bytes)
Event: 11.634 Thread 0x00007fb4ec0bd000 nmethod 1642% 0x00007fb4dd523310 code [0x00007fb4dd5234c0, 0x00007fb4dd523a48]
Event: 11.634 Thread 0x00007fb4ec0bd000 1643       3       com.android.dx.ssa.LocalVariableExtractor::doit (59 bytes)
Event: 11.635 Thread 0x00007fb4ec0bd000 nmethod 1643 0x00007fb4dd577690 code [0x00007fb4dd577840, 0x00007fb4dd577d88]
Event: 11.687 Thread 0x00007fb4ec0bd000 1645 %     3       com.android.dx.ssa.DomFront::<init> @ 35 (60 bytes)
Event: 11.687 Thread 0x00007fb4ec0bd000 nmethod 1645% 0x00007fb4dd576b50 code [0x00007fb4dd576d00, 0x00007fb4dd577390]
Event: 11.687 Thread 0x00007fb4ec0bd000 1646       3       com.android.dx.ssa.DomFront::<init> (60 bytes)
Event: 11.688 Thread 0x00007fb4ec0bd000 nmethod 1646 0x00007fb4dd59f750 code [0x00007fb4dd59f900, 0x00007fb4dd59ff50]

GC Heap History (10 events):
Event: 3.970 GC heap after
Heap after GC invocations=4 (full 0):
 PSYoungGen      total 66048K, used 2544K [0x00000000eab00000, 0x00000000eee00000, 0x0000000100000000)
  eden space 63488K, 0% used [0x00000000eab00000,0x00000000eab00000,0x00000000ee900000)
  from space 2560K, 99% used [0x00000000eeb80000,0x00000000eedfc038,0x00000000eee00000)
  to   space 2560K, 0% used [0x00000000ee900000,0x00000000ee900000,0x00000000eeb80000)
 ParOldGen       total 42496K, used 11131K [0x00000000c0000000, 0x00000000c2980000, 0x00000000eab00000)
  object space 42496K, 26% used [0x00000000c0000000,0x00000000c0aded10,0x00000000c2980000)
 Metaspace       used 5876K, capacity 6896K, committed 7040K, reserved 1056768K
  class space    used 589K, capacity 616K, committed 640K, reserved 1048576K
}
Event: 4.905 GC heap before
{Heap before GC invocations=5 (full 0):
 PSYoungGen      total 66048K, used 66032K [0x00000000eab00000, 0x00000000eee00000, 0x0000000100000000)
  eden space 63488K, 100% used [0x00000000eab00000,0x00000000ee900000,0x00000000ee900000)
  from space 2560K, 99% used [0x00000000eeb80000,0x00000000eedfc038,0x00000000eee00000)
  to   space 2560K, 0% used [0x00000000ee900000,0x00000000ee900000,0x00000000eeb80000)
 ParOldGen       total 42496K, used 11131K [0x00000000c0000000, 0x00000000c2980000, 0x00000000eab00000)
  object space 42496K, 26% used [0x00000000c0000000,0x00000000c0aded10,0x00000000c2980000)
 Metaspace       used 6046K, capacity 7000K, committed 7168K, reserved 1056768K
  class space    used 609K, capacity 656K, committed 768K, reserved 1048576K
Event: 4.994 GC heap after
Heap after GC invocations=5 (full 0):
 PSYoungGen      total 66048K, used 2548K [0x00000000eab00000, 0x00000000f4000000, 0x0000000100000000)
  eden space 63488K, 0% used [0x00000000eab00000,0x00000000eab00000,0x00000000ee900000)
  from space 2560K, 99% used [0x00000000ee900000,0x00000000eeb7d0c0,0x00000000eeb80000)
  to   space 12800K, 0% used [0x00000000f3380000,0x00000000f3380000,0x00000000f4000000)
 ParOldGen       total 42496K, used 19983K [0x00000000c0000000, 0x00000000c2980000, 0x00000000eab00000)
  object space 42496K, 47% used [0x00000000c0000000,0x00000000c1383f10,0x00000000c2980000)
 Metaspace       used 6046K, capacity 7000K, committed 7168K, reserved 1056768K
  class space    used 609K, capacity 656K, committed 768K, reserved 1048576K
}
Event: 10.450 GC heap before
{Heap before GC invocations=6 (full 0):
 PSYoungGen      total 66048K, used 66036K [0x00000000eab00000, 0x00000000f4000000, 0x0000000100000000)
  eden space 63488K, 100% used [0x00000000eab00000,0x00000000ee900000,0x00000000ee900000)
  from space 2560K, 99% used [0x00000000ee900000,0x00000000eeb7d0c0,0x00000000eeb80000)
  to   space 12800K, 0% used [0x00000000f3380000,0x00000000f3380000,0x00000000f4000000)
 ParOldGen       total 42496K, used 19983K [0x00000000c0000000, 0x00000000c2980000, 0x00000000eab00000)
  object space 42496K, 47% used [0x00000000c0000000,0x00000000c1383f10,0x00000000c2980000)
 Metaspace       used 6100K, capacity 7000K, committed 7168K, reserved 1056768K
  class space    used 610K, capacity 656K, committed 768K, reserved 1048576K
Event: 10.599 GC heap after
Heap after GC invocations=6 (full 0):
 PSYoungGen      total 120320K, used 12796K [0x00000000eab00000, 0x00000000f6600000, 0x0000000100000000)
  eden space 107520K, 0% used [0x00000000eab00000,0x00000000eab00000,0x00000000f1400000)
  from space 12800K, 99% used [0x00000000f3380000,0x00000000f3fff3e0,0x00000000f4000000)
  to   space 32256K, 0% used [0x00000000f1400000,0x00000000f1400000,0x00000000f3380000)
 ParOldGen       total 50688K, used 50365K [0x00000000c0000000, 0x00000000c3180000, 0x00000000eab00000)
  object space 50688K, 99% used [0x00000000c0000000,0x00000000c312f638,0x00000000c3180000)
 Metaspace       used 6100K, capacity 7000K, committed 7168K, reserved 1056768K
  class space    used 610K, capacity 656K, committed 768K, reserved 1048576K
}
Event: 10.599 GC heap before
{Heap before GC invocations=7 (full 1):
 PSYoungGen      total 120320K, used 12796K [0x00000000eab00000, 0x00000000f6600000, 0x0000000100000000)
  eden space 107520K, 0% used [0x00000000eab00000,0x00000000eab00000,0x00000000f1400000)
  from space 12800K, 99% used [0x00000000f3380000,0x00000000f3fff3e0,0x00000000f4000000)
  to   space 32256K, 0% used [0x00000000f1400000,0x00000000f1400000,0x00000000f3380000)
 ParOldGen       total 50688K, used 50365K [0x00000000c0000000, 0x00000000c3180000, 0x00000000eab00000)
  object space 50688K, 99% used [0x00000000c0000000,0x00000000c312f638,0x00000000c3180000)
 Metaspace       used 6100K, capacity 7000K, committed 7168K, reserved 1056768K
  class space    used 610K, capacity 656K, committed 768K, reserved 1048576K
Event: 11.375 GC heap after
Heap after GC invocations=7 (full 1):
 PSYoungGen      total 120320K, used 9150K [0x00000000eab00000, 0x00000000f6600000, 0x0000000100000000)
  eden space 107520K, 0% used [0x00000000eab00000,0x00000000eab00000,0x00000000f1400000)
  from space 12800K, 71% used [0x00000000f3380000,0x00000000f3c6f980,0x00000000f4000000)
  to   space 32256K, 0% used [0x00000000f1400000,0x00000000f1400000,0x00000000f3380000)
 ParOldGen       total 99840K, used 50647K [0x00000000c0000000, 0x00000000c6180000, 0x00000000eab00000)
  object space 99840K, 50% used [0x00000000c0000000,0x00000000c3175cb8,0x00000000c6180000)
 Metaspace       used 6100K, capacity 7000K, committed 7168K, reserved 1056768K
  class space    used 610K, capacity 656K, committed 768K, reserved 1048576K
}
Event: 11.727 GC heap before
{Heap before GC invocations=8 (full 1):
 PSYoungGen      total 120320K, used 116670K [0x00000000eab00000, 0x00000000f6600000, 0x0000000100000000)
  eden space 107520K, 100% used [0x00000000eab00000,0x00000000f1400000,0x00000000f1400000)
  from space 12800K, 71% used [0x00000000f3380000,0x00000000f3c6f980,0x00000000f4000000)
  to   space 32256K, 0% used [0x00000000f1400000,0x00000000f1400000,0x00000000f3380000)
 ParOldGen       total 99840K, used 50647K [0x00000000c0000000, 0x00000000c6180000, 0x00000000eab00000)
  object space 99840K, 50% used [0x00000000c0000000,0x00000000c3175cb8,0x00000000c6180000)
 Metaspace       used 6101K, capacity 7000K, committed 7168K, reserved 1056768K
  class space    used 610K, capacity 656K, committed 768K, reserved 1048576K
Event: 11.871 GC heap after
Heap after GC invocations=8 (full 1):
 PSYoungGen      total 139776K, used 32250K [0x00000000eab00000, 0x00000000fb300000, 0x0000000100000000)
  eden space 107520K, 0% used [0x00000000eab00000,0x00000000eab00000,0x00000000f1400000)
  from space 32256K, 99% used [0x00000000f1400000,0x00000000f337ebd0,0x00000000f3380000)
  to   space 54272K, 0% used [0x00000000f7e00000,0x00000000f7e00000,0x00000000fb300000)
 ParOldGen       total 99840K, used 80091K [0x00000000c0000000, 0x00000000c6180000, 0x00000000eab00000)
  object space 99840K, 80% used [0x00000000c0000000,0x00000000c4e36c98,0x00000000c6180000)
 Metaspace       used 6101K, capacity 7000K, committed 7168K, reserved 1056768K
  class space    used 610K, capacity 656K, committed 768K, reserved 1048576K
}
Event: 11.871 GC heap before
{Heap before GC invocations=9 (full 2):
 PSYoungGen      total 139776K, used 32250K [0x00000000eab00000, 0x00000000fb300000, 0x0000000100000000)
  eden space 107520K, 0% used [0x00000000eab00000,0x00000000eab00000,0x00000000f1400000)
  from space 32256K, 99% used [0x00000000f1400000,0x00000000f337ebd0,0x00000000f3380000)
  to   space 54272K, 0% used [0x00000000f7e00000,0x00000000f7e00000,0x00000000fb300000)
 ParOldGen       total 99840K, used 80091K [0x00000000c0000000, 0x00000000c6180000, 0x00000000eab00000)
  object space 99840K, 80% used [0x00000000c0000000,0x00000000c4e36c98,0x00000000c6180000)
 Metaspace       used 6101K, capacity 7000K, committed 7168K, reserved 1056768K
  class space    used 610K, capacity 656K, committed 768K, reserved 1048576K

Deoptimization events (10 events):
Event: 3.324 Thread 0x00007fb4ec163000 Uncommon trap: reason=bimorphic action=maybe_recompile pc=0x00007fb4dd23f2f8 method=java.util.HashMap.getNode(ILjava/lang/Object;)Ljava/util/HashMap$Node; @ 126
Event: 3.324 Thread 0x00007fb4ec163000 Uncommon trap: reason=class_check action=maybe_recompile pc=0x00007fb4dd3cc570 method=java.util.HashMap.putVal(ILjava/lang/Object;Ljava/lang/Object;ZZ)Ljava/lang/Object; @ 203
Event: 3.324 Thread 0x00007fb4ec163000 Uncommon trap: reason=bimorphic action=maybe_recompile pc=0x00007fb4dd23f2f8 method=java.util.HashMap.getNode(ILjava/lang/Object;)Ljava/util/HashMap$Node; @ 126
Event: 3.324 Thread 0x00007fb4ec163000 Uncommon trap: reason=bimorphic action=maybe_recompile pc=0x00007fb4dd222edc method=java.util.HashMap.getNode(ILjava/lang/Object;)Ljava/util/HashMap$Node; @ 126
Event: 3.470 Thread 0x00007fb4ec15f000 Uncommon trap: reason=unstable_if action=reinterpret pc=0x00007fb4dd352abc method=com.android.dx.ssa.SsaMethod.updateOneDefinition(Lcom/android/dx/ssa/SsaInsn;Lcom/android/dx/rop/code/RegisterSpec;)V @ 4
Event: 3.493 Thread 0x00007fb4ec150800 Uncommon trap: reason=class_check action=maybe_recompile pc=0x00007fb4dd3cc570 method=java.util.HashMap.putVal(ILjava/lang/Object;Ljava/lang/Object;ZZ)Ljava/lang/Object; @ 203
Event: 3.522 Thread 0x00007fb4ec163000 Uncommon trap: reason=class_check action=maybe_recompile pc=0x00007fb4dd3cc570 method=java.util.HashMap.putVal(ILjava/lang/Object;Ljava/lang/Object;ZZ)Ljava/lang/Object; @ 203
Event: 4.120 Thread 0x00007fb4ec15d800 Uncommon trap: reason=unstable_if action=reinterpret pc=0x00007fb4dd4334ac method=java.util.HashMap.putVal(ILjava/lang/Object;Ljava/lang/Object;ZZ)Ljava/lang/Object; @ 94
Event: 4.780 Thread 0x00007fb4ec15d800 Uncommon trap: reason=unstable_if action=reinterpret pc=0x00007fb4dd2d6df4 method=java.util.HashMap.putVal(ILjava/lang/Object;Ljava/lang/Object;ZZ)Ljava/lang/Object; @ 162
Event: 4.838 Thread 0x00007fb4ec150800 Uncommon trap: reason=unstable_if action=reinterpret pc=0x00007fb4dd433f2c method=java.util.HashMap.getNode(ILjava/lang/Object;)Ljava/util/HashMap$Node; @ 84

Internal exceptions (5 events):
Event: 0.174 Thread 0x00007fb4ec00a000 Exception <a 'java/lang/NoSuchMethodError': Method sun.misc.Unsafe.defineClass(Ljava/lang/String;[BII)Ljava/lang/Class; name or signature does not match> (0x00000000eab07cc0) thrown at [/HUDSON/workspace/8-2-build-linux-amd64/jdk8u92/6642/hotspot/src/shar
Event: 0.174 Thread 0x00007fb4ec00a000 Exception <a 'java/lang/NoSuchMethodError': Method sun.misc.Unsafe.prefetchRead(Ljava/lang/Object;J)V name or signature does not match> (0x00000000eab07fa8) thrown at [/HUDSON/workspace/8-2-build-linux-amd64/jdk8u92/6642/hotspot/src/share/vm/prims/jni.cpp
Event: 4.799 Thread 0x00007fb4ec15d800 Exception <a 'java/lang/ArrayIndexOutOfBoundsException': 18> (0x00000000ee55ddc0) thrown at [/HUDSON/workspace/8-2-build-linux-amd64/jdk8u92/6642/hotspot/src/share/vm/interpreter/interpreterRuntime.cpp, line 366]
Event: 4.799 Thread 0x00007fb4ec15d800 Exception <a 'java/lang/ArrayIndexOutOfBoundsException': 145> (0x00000000ee55f940) thrown at [/HUDSON/workspace/8-2-build-linux-amd64/jdk8u92/6642/hotspot/src/share/vm/interpreter/interpreterRuntime.cpp, line 366]
Event: 4.800 Thread 0x00007fb4ec15d800 Exception <a 'java/lang/ArrayIndexOutOfBoundsException': 40> (0x00000000ee560c28) thrown at [/HUDSON/workspace/8-2-build-linux-amd64/jdk8u92/6642/hotspot/src/share/vm/interpreter/interpreterRuntime.cpp, line 366]

Events (10 events):
Event: 11.636 Thread 0x00007fb4ec163000 DEOPT UNPACKING pc=0x00007fb4dd047633 sp=0x00007fb4cd167c88 mode 0
Event: 11.637 Thread 0x00007fb4ec163000 DEOPT PACKING pc=0x00007fb4dd2813fc sp=0x00007fb4cd167f50
Event: 11.637 Thread 0x00007fb4ec163000 DEOPT UNPACKING pc=0x00007fb4dd047633 sp=0x00007fb4cd167c88 mode 0
Event: 11.639 Thread 0x00007fb4ec163000 DEOPT PACKING pc=0x00007fb4dd2813fc sp=0x00007fb4cd167f50
Event: 11.639 Thread 0x00007fb4ec163000 DEOPT UNPACKING pc=0x00007fb4dd047633 sp=0x00007fb4cd167c88 mode 0
Event: 11.688 Thread 0x00007fb4ec00a000 DEOPT PACKING pc=0x00007fb4dd4b8e2b sp=0x00007fb4f4712860
Event: 11.688 Thread 0x00007fb4ec00a000 DEOPT UNPACKING pc=0x00007fb4dd047633 sp=0x00007fb4f47125b0 mode 0
Event: 11.697 Thread 0x00007fb4ec15f000 DEOPT PACKING pc=0x00007fb4dd3b4d6c sp=0x00007fb4cd268eb0
Event: 11.697 Thread 0x00007fb4ec15f000 DEOPT UNPACKING pc=0x00007fb4dd047633 sp=0x00007fb4cd268bb0 mode 0
Event: 11.719 Executing VM operation: ParallelGCFailedAllocation


Dynamic libraries:
00400000-00401000 r-xp 00000000 08:0a 3675388                            /home/kamalnrf/Software/jdk1.8.0_92/bin/java
00600000-00601000 rw-p 00000000 08:0a 3675388                            /home/kamalnrf/Software/jdk1.8.0_92/bin/java
01ef9000-01f1a000 rw-p 00000000 00:00 0                                  [heap]
c0000000-c6180000 rw-p 00000000 00:00 0 
caf00000-eab00000 ---p 00000000 00:00 0 
eab00000-fb300000 rw-p 00000000 00:00 0 
fb300000-100000000 ---p 00000000 00:00 0 
100000000-1000c0000 rw-p 00000000 00:00 0 
1000c0000-140000000 ---p 00000000 00:00 0 
7fb48c000000-7fb48c06a000 rw-p 00000000 00:00 0 
7fb48c06a000-7fb490000000 ---p 00000000 00:00 0 
7fb494000000-7fb494024000 rw-p 00000000 00:00 0 
7fb494024000-7fb498000000 ---p 00000000 00:00 0 
7fb498000000-7fb498021000 rw-p 00000000 00:00 0 
7fb498021000-7fb49c000000 ---p 00000000 00:00 0 
7fb49c000000-7fb49c021000 rw-p 00000000 00:00 0 
7fb49c021000-7fb4a0000000 ---p 00000000 00:00 0 
7fb4a0000000-7fb4a0021000 rw-p 00000000 00:00 0 
7fb4a0021000-7fb4a4000000 ---p 00000000 00:00 0 
7fb4a4000000-7fb4a4021000 rw-p 00000000 00:00 0 
7fb4a4021000-7fb4a8000000 ---p 00000000 00:00 0 
7fb4a8000000-7fb4a8021000 rw-p 00000000 00:00 0 
7fb4a8021000-7fb4ac000000 ---p 00000000 00:00 0 
7fb4ac000000-7fb4ad029000 rw-p 00000000 00:00 0 
7fb4ad029000-7fb4b0000000 ---p 00000000 00:00 0 
7fb4b0000000-7fb4b07da000 rw-p 00000000 00:00 0 
7fb4b07da000-7fb4b4000000 ---p 00000000 00:00 0 
7fb4b4000000-7fb4b4021000 rw-p 00000000 00:00 0 
7fb4b4021000-7fb4b8000000 ---p 00000000 00:00 0 
7fb4b8000000-7fb4b93a3000 rw-p 00000000 00:00 0 
7fb4b93a3000-7fb4bc000000 ---p 00000000 00:00 0 
7fb4bc000000-7fb4bc021000 rw-p 00000000 00:00 0 
7fb4bc021000-7fb4c0000000 ---p 00000000 00:00 0 
7fb4c0000000-7fb4c0021000 rw-p 00000000 00:00 0 
7fb4c0021000-7fb4c4000000 ---p 00000000 00:00 0 
7fb4c4000000-7fb4c4295000 rw-p 00000000 00:00 0 
7fb4c4295000-7fb4c8000000 ---p 00000000 00:00 0 
7fb4c8000000-7fb4c8021000 rw-p 00000000 00:00 0 
7fb4c8021000-7fb4cc000000 ---p 00000000 00:00 0 
7fb4cd069000-7fb4cd06c000 ---p 00000000 00:00 0 
7fb4cd06c000-7fb4cd16a000 rw-p 00000000 00:00 0                          [stack:11171]
7fb4cd16a000-7fb4cd16d000 ---p 00000000 00:00 0 
7fb4cd16d000-7fb4cd26b000 rw-p 00000000 00:00 0                          [stack:11170]
7fb4cd26b000-7fb4cd26e000 ---p 00000000 00:00 0 
7fb4cd26e000-7fb4cd36c000 rw-p 00000000 00:00 0                          [stack:11169]
7fb4cd36c000-7fb4cd36f000 ---p 00000000 00:00 0 
7fb4cd36f000-7fb4cd46d000 rw-p 00000000 00:00 0                          [stack:11168]
7fb4cd46d000-7fb4cd470000 ---p 00000000 00:00 0 
7fb4cd470000-7fb4cd56e000 rw-p 00000000 00:00 0                          [stack:11167]
7fb4cd56e000-7fb4cd56f000 ---p 00000000 00:00 0 
7fb4cd56f000-7fb4cd66f000 rw-p 00000000 00:00 0                          [stack:11161]
7fb4cd66f000-7fb4cd672000 ---p 00000000 00:00 0 
7fb4cd672000-7fb4cd770000 rw-p 00000000 00:00 0                          [stack:11160]
7fb4cd770000-7fb4cd773000 ---p 00000000 00:00 0 
7fb4cd773000-7fb4cd871000 rw-p 00000000 00:00 0                          [stack:11159]
7fb4cd871000-7fb4cd874000 ---p 00000000 00:00 0 
7fb4cd874000-7fb4cd972000 rw-p 00000000 00:00 0                          [stack:11158]
7fb4cd972000-7fb4cd975000 ---p 00000000 00:00 0 
7fb4cd975000-7fb4cda73000 rw-p 00000000 00:00 0                          [stack:11157]
7fb4cda73000-7fb4cda76000 ---p 00000000 00:00 0 
7fb4cda76000-7fb4cdb74000 rw-p 00000000 00:00 0                          [stack:11156]
7fb4cdb74000-7fb4cdcfd000 r--p 00000000 08:0a 4198184                    /usr/lib/locale/locale-archive
7fb4cdcfd000-7fb4cdd00000 ---p 00000000 00:00 0 
7fb4cdd00000-7fb4cddfe000 rw-p 00000000 00:00 0                          [stack:11155]
7fb4cddfe000-7fb4cde01000 ---p 00000000 00:00 0 
7fb4cde01000-7fb4cdeff000 rw-p 00000000 00:00 0                          [stack:11154]
7fb4cdeff000-7fb4cdf00000 ---p 00000000 00:00 0 
7fb4cdf00000-7fb4d0000000 rw-p 00000000 00:00 0                          [stack:11153]
7fb4d0000000-7fb4d0021000 rw-p 00000000 00:00 0 
7fb4d0021000-7fb4d4000000 ---p 00000000 00:00 0 
7fb4d4000000-7fb4d4021000 rw-p 00000000 00:00 0 
7fb4d4021000-7fb4d8000000 ---p 00000000 00:00 0 
7fb4d8000000-7fb4d8021000 rw-p 00000000 00:00 0 
7fb4d8021000-7fb4dc000000 ---p 00000000 00:00 0 
7fb4dc07d000-7fb4dc08e000 r--s 000bd000 08:0a 3284532                    /home/kamalnrf/Projects/AndroidApplications/Broacast/app/build/intermediates/exploded-aar/com.google.android.gms/play-services-ads/9.2.0/jars/classes.jar
7fb4dc08e000-7fb4dd000000 rw-p 00000000 00:00 0 
7fb4dd000000-7fb4dd5b0000 rwxp 00000000 00:00 0 
7fb4dd5b0000-7fb4ec000000 ---p 00000000 00:00 0 
7fb4ec000000-7fb4ec38c000 rw-p 00000000 00:00 0 
7fb4ec38c000-7fb4f0000000 ---p 00000000 00:00 0 
7fb4f0008000-7fb4f0016000 r--s 000e0000 08:0a 1059118                    /home/kamalnrf/Software/DevlopmentKit/android-sdk-linux/build-tools/24.0.0/lib/dx.jar
7fb4f0016000-7fb4f0058000 rw-p 00000000 00:00 0 
7fb4f0058000-7fb4f0231000 r--s 03d24000 08:0a 3938259                    /home/kamalnrf/Software/jdk1.8.0_92/jre/lib/rt.jar
7fb4f0231000-7fb4f08e7000 rw-p 00000000 00:00 0 
7fb4f08e7000-7fb4f0aa7000 ---p 00000000 00:00 0 
7fb4f0aa7000-7fb4f0ca7000 rw-p 00000000 00:00 0 
7fb4f0ca7000-7fb4f0ca8000 ---p 00000000 00:00 0 
7fb4f0ca8000-7fb4f0da8000 rw-p 00000000 00:00 0                          [stack:11152]
7fb4f0da8000-7fb4f0da9000 ---p 00000000 00:00 0 
7fb4f0da9000-7fb4f0ea9000 rw-p 00000000 00:00 0                          [stack:11151]
7fb4f0ea9000-7fb4f0eaa000 ---p 00000000 00:00 0 
7fb4f0eaa000-7fb4f0faa000 rw-p 00000000 00:00 0                          [stack:11150]
7fb4f0faa000-7fb4f0fab000 ---p 00000000 00:00 0 
7fb4f0fab000-7fb4f10dc000 rw-p 00000000 00:00 0                          [stack:11149]
7fb4f10dc000-7fb4f1201000 ---p 00000000 00:00 0 
7fb4f1201000-7fb4f1232000 rw-p 00000000 00:00 0 
7fb4f1232000-7fb4f1356000 ---p 00000000 00:00 0 
7fb4f1356000-7fb4f13db000 rw-p 00000000 00:00 0 
7fb4f13db000-7fb4f1401000 ---p 00000000 00:00 0 
7fb4f1401000-7fb4f1419000 rw-p 00000000 00:00 0 
7fb4f1419000-7fb4f17c2000 ---p 00000000 00:00 0 
7fb4f17c2000-7fb4f17dc000 r-xp 00000000 08:0a 3938310                    /home/kamalnrf/Software/jdk1.8.0_92/jre/lib/amd64/libzip.so
7fb4f17dc000-7fb4f19dc000 ---p 0001a000 08:0a 3938310                    /home/kamalnrf/Software/jdk1.8.0_92/jre/lib/amd64/libzip.so
7fb4f19dc000-7fb4f19dd000 rw-p 0001a000 08:0a 3938310                    /home/kamalnrf/Software/jdk1.8.0_92/jre/lib/amd64/libzip.so
7fb4f19dd000-7fb4f19e8000 r-xp 00000000 08:0a 4849681                    /lib/x86_64-linux-gnu/libnss_files-2.19.so
7fb4f19e8000-7fb4f1be7000 ---p 0000b000 08:0a 4849681                    /lib/x86_64-linux-gnu/libnss_files-2.19.so
7fb4f1be7000-7fb4f1be8000 r--p 0000a000 08:0a 4849681                    /lib/x86_64-linux-gnu/libnss_files-2.19.so
7fb4f1be8000-7fb4f1be9000 rw-p 0000b000 08:0a 4849681                    /lib/x86_64-linux-gnu/libnss_files-2.19.so
7fb4f1be9000-7fb4f1bf3000 r-xp 00000000 08:0a 4849683                    /lib/x86_64-linux-gnu/libnss_nis-2.19.so
7fb4f1bf3000-7fb4f1df2000 ---p 0000a000 08:0a 4849683                    /lib/x86_64-linux-gnu/libnss_nis-2.19.so
7fb4f1df2000-7fb4f1df3000 r--p 00009000 08:0a 4849683                    /lib/x86_64-linux-gnu/libnss_nis-2.19.so
7fb4f1df3000-7fb4f1df4000 rw-p 0000a000 08:0a 4849683                    /lib/x86_64-linux-gnu/libnss_nis-2.19.so
7fb4f1df4000-7fb4f1e09000 r-xp 00000000 08:0a 4849678                    /lib/x86_64-linux-gnu/libnsl-2.19.so
7fb4f1e09000-7fb4f2008000 ---p 00015000 08:0a 4849678                    /lib/x86_64-linux-gnu/libnsl-2.19.so
7fb4f2008000-7fb4f2009000 r--p 00014000 08:0a 4849678                    /lib/x86_64-linux-gnu/libnsl-2.19.so
7fb4f2009000-7fb4f200a000 rw-p 00015000 08:0a 4849678                    /lib/x86_64-linux-gnu/libnsl-2.19.so
7fb4f200a000-7fb4f200c000 rw-p 00000000 00:00 0 
7fb4f200c000-7fb4f2013000 r-xp 00000000 08:0a 4849679                    /lib/x86_64-linux-gnu/libnss_compat-2.19.so
7fb4f2013000-7fb4f2212000 ---p 00007000 08:0a 4849679                    /lib/x86_64-linux-gnu/libnss_compat-2.19.so
7fb4f2212000-7fb4f2213000 r--p 00006000 08:0a 4849679                    /lib/x86_64-linux-gnu/libnss_compat-2.19.so
7fb4f2213000-7fb4f2214000 rw-p 00007000 08:0a 4849679                    /lib/x86_64-linux-gnu/libnss_compat-2.19.so
7fb4f2214000-7fb4f223e000 r-xp 00000000 08:0a 3938305                    /home/kamalnrf/Software/jdk1.8.0_92/jre/lib/amd64/libjava.so
7fb4f223e000-7fb4f243e000 ---p 0002a000 08:0a 3938305                    /home/kamalnrf/Software/jdk1.8.0_92/jre/lib/amd64/libjava.so
7fb4f243e000-7fb4f2440000 rw-p 0002a000 08:0a 3938305                    /home/kamalnrf/Software/jdk1.8.0_92/jre/lib/amd64/libjava.so
7fb4f2440000-7fb4f244d000 r-xp 00000000 08:0a 3938309                    /home/kamalnrf/Software/jdk1.8.0_92/jre/lib/amd64/libverify.so
7fb4f244d000-7fb4f264d000 ---p 0000d000 08:0a 3938309                    /home/kamalnrf/Software/jdk1.8.0_92/jre/lib/amd64/libverify.so
7fb4f264d000-7fb4f264f000 rw-p 0000d000 08:0a 3938309                    /home/kamalnrf/Software/jdk1.8.0_92/jre/lib/amd64/libverify.so
7fb4f264f000-7fb4f2656000 r-xp 00000000 08:0a 4849687                    /lib/x86_64-linux-gnu/librt-2.19.so
7fb4f2656000-7fb4f2855000 ---p 00007000 08:0a 4849687                    /lib/x86_64-linux-gnu/librt-2.19.so
7fb4f2855000-7fb4f2856000 r--p 00006000 08:0a 4849687                    /lib/x86_64-linux-gnu/librt-2.19.so
7fb4f2856000-7fb4f2857000 rw-p 00007000 08:0a 4849687                    /lib/x86_64-linux-gnu/librt-2.19.so
7fb4f2857000-7fb4f2957000 r-xp 00000000 08:0a 4849676                    /lib/x86_64-linux-gnu/libm-2.19.so
7fb4f2957000-7fb4f2b56000 ---p 00100000 08:0a 4849676                    /lib/x86_64-linux-gnu/libm-2.19.so
7fb4f2b56000-7fb4f2b57000 r--p 000ff000 08:0a 4849676                    /lib/x86_64-linux-gnu/libm-2.19.so
7fb4f2b57000-7fb4f2b58000 rw-p 00100000 08:0a 4849676                    /lib/x86_64-linux-gnu/libm-2.19.so
7fb4f2b58000-7fb4f381b000 r-xp 00000000 08:0a 4232394                    /home/kamalnrf/Software/jdk1.8.0_92/jre/lib/amd64/server/libjvm.so
7fb4f381b000-7fb4f3a1a000 ---p 00cc3000 08:0a 4232394                    /home/kamalnrf/Software/jdk1.8.0_92/jre/lib/amd64/server/libjvm.so
7fb4f3a1a000-7fb4f3af3000 rw-p 00cc2000 08:0a 4232394                    /home/kamalnrf/Software/jdk1.8.0_92/jre/lib/amd64/server/libjvm.so
7fb4f3af3000-7fb4f3b3e000 rw-p 00000000 00:00 0 
7fb4f3b3e000-7fb4f3ce0000 r-xp 00000000 08:0a 4849672                    /lib/x86_64-linux-gnu/libc-2.19.so
7fb4f3ce0000-7fb4f3edf000 ---p 001a2000 08:0a 4849672                    /lib/x86_64-linux-gnu/libc-2.19.so
7fb4f3edf000-7fb4f3ee3000 r--p 001a1000 08:0a 4849672                    /lib/x86_64-linux-gnu/libc-2.19.so
7fb4f3ee3000-7fb4f3ee5000 rw-p 001a5000 08:0a 4849672                    /lib/x86_64-linux-gnu/libc-2.19.so
7fb4f3ee5000-7fb4f3ee9000 rw-p 00000000 00:00 0 
7fb4f3ee9000-7fb4f3eec000 r-xp 00000000 08:0a 4849675                    /lib/x86_64-linux-gnu/libdl-2.19.so
7fb4f3eec000-7fb4f40eb000 ---p 00003000 08:0a 4849675                    /lib/x86_64-linux-gnu/libdl-2.19.so
7fb4f40eb000-7fb4f40ec000 r--p 00002000 08:0a 4849675                    /lib/x86_64-linux-gnu/libdl-2.19.so
7fb4f40ec000-7fb4f40ed000 rw-p 00003000 08:0a 4849675                    /lib/x86_64-linux-gnu/libdl-2.19.so
7fb4f40ed000-7fb4f4102000 r-xp 00000000 08:0a 4341209                    /home/kamalnrf/Software/jdk1.8.0_92/lib/amd64/jli/libjli.so
7fb4f4102000-7fb4f4302000 ---p 00015000 08:0a 4341209                    /home/kamalnrf/Software/jdk1.8.0_92/lib/amd64/jli/libjli.so
7fb4f4302000-7fb4f4303000 rw-p 00015000 08:0a 4341209                    /home/kamalnrf/Software/jdk1.8.0_92/lib/amd64/jli/libjli.so
7fb4f4303000-7fb4f431b000 r-xp 00000000 08:0a 4849667                    /lib/x86_64-linux-gnu/libpthread-2.19.so
7fb4f431b000-7fb4f451a000 ---p 00018000 08:0a 4849667                    /lib/x86_64-linux-gnu/libpthread-2.19.so
7fb4f451a000-7fb4f451b000 r--p 00017000 08:0a 4849667                    /lib/x86_64-linux-gnu/libpthread-2.19.so
7fb4f451b000-7fb4f451c000 rw-p 00018000 08:0a 4849667                    /lib/x86_64-linux-gnu/libpthread-2.19.so
7fb4f451c000-7fb4f4520000 rw-p 00000000 00:00 0 
7fb4f4520000-7fb4f4540000 r-xp 00000000 08:0a 4849669                    /lib/x86_64-linux-gnu/ld-2.19.so
7fb4f4542000-7fb4f4614000 rw-p 00000000 00:00 0 
7fb4f4614000-7fb4f4617000 ---p 00000000 00:00 0 
7fb4f4617000-7fb4f4719000 rw-p 00000000 00:00 0                          [stack:11145]
7fb4f471f000-7fb4f4734000 rw-p 00000000 00:00 0 
7fb4f4734000-7fb4f473c000 rw-s 00000000 08:0a 4462512                    /tmp/hsperfdata_kamalnrf/11141
7fb4f473c000-7fb4f473d000 rw-p 00000000 00:00 0 
7fb4f473d000-7fb4f473e000 ---p 00000000 00:00 0 
7fb4f473e000-7fb4f4740000 rw-p 00000000 00:00 0 
7fb4f4740000-7fb4f4741000 r--p 00020000 08:0a 4849669                    /lib/x86_64-linux-gnu/ld-2.19.so
7fb4f4741000-7fb4f4742000 rw-p 00021000 08:0a 4849669                    /lib/x86_64-linux-gnu/ld-2.19.so
7fb4f4742000-7fb4f4743000 rw-p 00000000 00:00 0 
7fffa9f01000-7fffa9f22000 rw-p 00000000 00:00 0                          [stack]
7fffa9fa4000-7fffa9fa6000 r-xp 00000000 00:00 0                          [vdso]
7fffa9fa6000-7fffa9fa8000 r--p 00000000 00:00 0                          [vvar]
ffffffffff600000-ffffffffff601000 r-xp 00000000 00:00 0                  [vsyscall]

VM Arguments:
jvm_args: -Djava.awt.headless=true -Xmx1024M -Dfile.encoding=UTF-8 -Duser.country=IN -Duser.language=en -Duser.variant 
java_command: com.android.dx.command.Main --dex --num-threads=4 --output /home/kamalnrf/Projects/AndroidApplications/Broacast/app/build/intermediates/pre-dexed/release/com.google.android.gms-play-services-ads-9.2.0_dac62e995f45620b1e4052f8c46cdc2cba2fa2d6.jar /home/kamalnrf/Projects/AndroidApplications/Broacast/app/build/intermediates/exploded-aar/com.google.android.gms/play-services-ads/9.2.0/jars/classes.jar
java_class_path (initial): /home/kamalnrf/Software/DevlopmentKit/android-sdk-linux/build-tools/24.0.0/lib/dx.jar
Launcher Type: SUN_STANDARD

Environment Variables:
JAVA_HOME=/home/kamalnrf/Software/DevlopmentKit/usr/java/jdk1.8.0_91
PATH=/usr/local/bin:/usr/bin:/bin:/usr/local/games:/usr/games:/home/kamalnrf/bin:/usr/local/java/jdk1.8.0_92/bin
LD_LIBRARY_PATH=./Software/IDE/android-studio/bin:
SHELL=/bin/bash
DISPLAY=:0

Signal Handlers:
SIGSEGV: [libjvm.so+0xabdee0], sa_mask[0]=11111111011111111101111111111110, sa_flags=SA_RESTART|SA_SIGINFO
SIGBUS: [libjvm.so+0xabdee0], sa_mask[0]=11111111011111111101111111111110, sa_flags=SA_RESTART|SA_SIGINFO
SIGFPE: [libjvm.so+0x91a580], sa_mask[0]=11111111011111111101111111111110, sa_flags=SA_RESTART|SA_SIGINFO
SIGPIPE: [libjvm.so+0x91a580], sa_mask[0]=11111111011111111101111111111110, sa_flags=SA_RESTART|SA_SIGINFO
SIGXFSZ: [libjvm.so+0x91a580], sa_mask[0]=11111111011111111101111111111110, sa_flags=SA_RESTART|SA_SIGINFO
SIGILL: [libjvm.so+0x91a580], sa_mask[0]=11111111011111111101111111111110, sa_flags=SA_RESTART|SA_SIGINFO
SIGUSR1: SIG_DFL, sa_mask[0]=00000000000000000000000000000000, sa_flags=none
SIGUSR2: [libjvm.so+0x91bbb0], sa_mask[0]=00100000000000000000000000000000, sa_flags=SA_RESTART|SA_SIGINFO
SIGHUP: [libjvm.so+0x91cfb0], sa_mask[0]=11111111011111111101111111111110, sa_flags=SA_RESTART|SA_SIGINFO
SIGINT: [libjvm.so+0x91cfb0], sa_mask[0]=11111111011111111101111111111110, sa_flags=SA_RESTART|SA_SIGINFO
SIGTERM: [libjvm.so+0x91cfb0], sa_mask[0]=11111111011111111101111111111110, sa_flags=SA_RESTART|SA_SIGINFO
SIGQUIT: [libjvm.so+0x91cfb0], sa_mask[0]=11111111011111111101111111111110, sa_flags=SA_RESTART|SA_SIGINFO


---------------  S Y S T E M  ---------------

OS:PRETTY_NAME="Debian GNU/Linux 8 (jessie)"
NAME="Debian GNU/Linux"
VERSION_ID="8"
VERSION="8 (jessie)"
ID=debian
HOME_URL="http://www.debian.org/"
SUPPORT_URL="http://www.debian.org/support"
BUG_REPORT_URL="https://bugs.debian.org/"

uname:Linux 3.16.0-4-amd64 #1 SMP Debian 3.16.7-ckt25-2 (2016-04-08) x86_64
libc:glibc 2.19 NPTL 2.19 
rlimit: STACK 8192k, CORE 0k, NPROC 15083, NOFILE 65536, AS infinity
load average:10.37 3.42 2.84

/proc/meminfo:
MemTotal:        3948420 kB
MemFree:          370152 kB
MemAvailable:     331172 kB
Buffers:             848 kB
Cached:           369316 kB
SwapCached:            0 kB
Active:          3068624 kB
Inactive:         358116 kB
Active(anon):    3063264 kB
Inactive(anon):   307216 kB
Active(file):       5360 kB
Inactive(file):    50900 kB
Unevictable:         540 kB
Mlocked:             540 kB
SwapTotal:             0 kB
SwapFree:              0 kB
Dirty:               852 kB
Writeback:            44 kB
AnonPages:       3057708 kB
Mapped:           187420 kB
Shmem:            313312 kB
Slab:              75892 kB
SReclaimable:      34704 kB
SUnreclaim:        41188 kB
KernelStack:        9536 kB
PageTables:        34900 kB
NFS_Unstable:          0 kB
Bounce:                0 kB
WritebackTmp:          0 kB
CommitLimit:     1974208 kB
Committed_AS:    6841528 kB
VmallocTotal:   34359738367 kB
VmallocUsed:      543496 kB
VmallocChunk:   34359185372 kB
HardwareCorrupted:     0 kB
AnonHugePages:         0 kB
HugePages_Total:       0
HugePages_Free:        0
HugePages_Rsvd:        0
HugePages_Surp:        0
Hugepagesize:       2048 kB
DirectMap4k:       99072 kB
DirectMap2M:     2936832 kB
DirectMap1G:     1048576 kB


CPU:total 4 (2 cores per cpu, 2 threads per core) family 6 model 69 stepping 1, cmov, cx8, fxsr, mmx, sse, sse2, sse3, ssse3, sse4.1, sse4.2, popcnt, avx, avx2, aes, clmul, erms, lzcnt, ht, tsc, tscinvbit, bmi1, bmi2

/proc/cpuinfo:
processor	: 0
vendor_id	: GenuineIntel
cpu family	: 6
model		: 69
model name	: Intel(R) Core(TM) i5-4210U CPU @ 1.70GHz
stepping	: 1
microcode	: 0x17
cpu MHz		: 800.156
cache size	: 3072 KB
physical id	: 0
siblings	: 4
core id		: 0
cpu cores	: 2
apicid		: 0
initial apicid	: 0
fpu		: yes
fpu_exception	: yes
cpuid level	: 13
wp		: yes
flags		: fpu vme de pse tsc msr pae mce cx8 apic sep mtrr pge mca cmov pat pse36 clflush dts acpi mmx fxsr sse sse2 ss ht tm pbe syscall nx pdpe1gb rdtscp lm constant_tsc arch_perfmon pebs bts rep_good nopl xtopology nonstop_tsc aperfmperf eagerfpu pni pclmulqdq dtes64 monitor ds_cpl vmx est tm2 ssse3 fma cx16 xtpr pdcm pcid sse4_1 sse4_2 movbe popcnt tsc_deadline_timer aes xsave avx f16c rdrand lahf_lm abm ida arat epb xsaveopt pln pts dtherm tpr_shadow vnmi flexpriority ept vpid fsgsbase tsc_adjust bmi1 avx2 smep bmi2 erms invpcid
bogomips	: 4788.73
clflush size	: 64
cache_alignment	: 64
address sizes	: 39 bits physical, 48 bits virtual
power management:

processor	: 1
vendor_id	: GenuineIntel
cpu family	: 6
model		: 69
model name	: Intel(R) Core(TM) i5-4210U CPU @ 1.70GHz
stepping	: 1
microcode	: 0x17
cpu MHz		: 800.062
cache size	: 3072 KB
physical id	: 0
siblings	: 4
core id		: 0
cpu cores	: 2
apicid		: 1
initial apicid	: 1
fpu		: yes
fpu_exception	: yes
cpuid level	: 13
wp		: yes
flags		: fpu vme de pse tsc msr pae mce cx8 apic sep mtrr pge mca cmov pat pse36 clflush dts acpi mmx fxsr sse sse2 ss ht tm pbe syscall nx pdpe1gb rdtscp lm constant_tsc arch_perfmon pebs bts rep_good nopl xtopology nonstop_tsc aperfmperf eagerfpu pni pclmulqdq dtes64 monitor ds_cpl vmx est tm2 ssse3 fma cx16 xtpr pdcm pcid sse4_1 sse4_2 movbe popcnt tsc_deadline_timer aes xsave avx f16c rdrand lahf_lm abm ida arat epb xsaveopt pln pts dtherm tpr_shadow vnmi flexpriority ept vpid fsgsbase tsc_adjust bmi1 avx2 smep bmi2 erms invpcid
bogomips	: 4788.73
clflush size	: 64
cache_alignment	: 64
address sizes	: 39 bits physical, 48 bits virtual
power management:

processor	: 2
vendor_id	: GenuineIntel
cpu family	: 6
model		: 69
model name	: Intel(R) Core(TM) i5-4210U CPU @ 1.70GHz
stepping	: 1
microcode	: 0x17
cpu MHz		: 806.437
cache size	: 3072 KB
physical id	: 0
siblings	: 4
core id		: 1
cpu cores	: 2
apicid		: 2
initial apicid	: 2
fpu		: yes
fpu_exception	: yes
cpuid level	: 13
wp		: yes
flags		: fpu vme de pse tsc msr pae mce cx8 apic sep mtrr pge mca cmov pat pse36 clflush dts acpi mmx fxsr sse sse2 ss ht tm pbe syscall nx pdpe1gb rdtscp lm constant_tsc arch_perfmon pebs bts rep_good nopl xtopology nonstop_tsc aperfmperf eagerfpu pni pclmulqdq dtes64 monitor ds_cpl vmx est tm2 ssse3 fma cx16 xtpr pdcm pcid sse4_1 sse4_2 movbe popcnt tsc_deadline_timer aes xsave avx f16c rdrand lahf_lm abm ida arat epb xsaveopt pln pts dtherm tpr_shadow vnmi flexpriority ept vpid fsgsbase tsc_adjust bmi1 avx2 smep bmi2 erms invpcid
bogomips	: 4788.73
clflush size	: 64
cache_alignment	: 64
address sizes	: 39 bits physical, 48 bits virtual
power management:

processor	: 3
vendor_id	: GenuineIntel
cpu family	: 6
model		: 69
model name	: Intel(R) Core(TM) i5-4210U CPU @ 1.70GHz
stepping	: 1
microcode	: 0x17
cpu MHz		: 1099.781
cache size	: 3072 KB
physical id	: 0
siblings	: 4
core id		: 1
cpu cores	: 2
apicid		: 3
initial apicid	: 3
fpu		: yes
fpu_exception	: yes
cpuid level	: 13
wp		: yes
flags		: fpu vme de pse tsc msr pae mce cx8 apic sep mtrr pge mca cmov pat pse36 clflush dts acpi mmx fxsr sse sse2 ss ht tm pbe syscall nx pdpe1gb rdtscp lm constant_tsc arch_perfmon pebs bts rep_good nopl xtopology nonstop_tsc aperfmperf eagerfpu pni pclmulqdq dtes64 monitor ds_cpl vmx est tm2 ssse3 fma cx16 xtpr pdcm pcid sse4_1 sse4_2 movbe popcnt tsc_deadline_timer aes xsave avx f16c rdrand lahf_lm abm ida arat epb xsaveopt pln pts dtherm tpr_shadow vnmi flexpriority ept vpid fsgsbase tsc_adjust bmi1 avx2 smep bmi2 erms invpcid
bogomips	: 4788.73
clflush size	: 64
cache_alignment	: 64
address sizes	: 39 bits physical, 48 bits virtual
power management:



Memory: 4k page, physical 3948420k(370152k free), swap 0k(0k free)

vm_info: Java HotSpot(TM) 64-Bit Server VM (25.92-b14) for linux-amd64 JRE (1.8.0_92-b14), built on Mar 31 2016 21:08:29 by "java_re" with gcc 4.3.0 20080428 (Red Hat 4.3.0-8)

time: Wed Jul  6 16:34:02 2016
elapsed time: 24 seconds (0d 0h 0m 24s)

